160418 20:13:48 innobackupex: Starting the backup operation

IMPORTANT: Please check that the backup run completes successfully.
           At the end of a successful backup run innobackupex
           prints "completed OK!".

160418 20:13:48  version_check Connecting to MySQL server with DSN 'dbi:mysql:;mysql_read_default_group=xtrabackup;port=3306;mysql_socket=/var/run/mysqld/mysqld.sock' as 'root'  (using password: NO).
160418 20:13:48  version_check Connected to MySQL server
160418 20:13:48  version_check Executing a version check against the server...
160418 20:13:48  version_check Done.
160418 20:13:48 Connecting to MySQL server host: localhost, user: root, password: not set, port: 3306, socket: /var/run/mysqld/mysqld.sock
Using server version 5.6.29-76.2
innobackupex version 2.4.2 based on MySQL server 5.7.11 Linux (x86_64) (revision id: 8e86a84)
xtrabackup: uses posix_fadvise().
xtrabackup: cd to /var/lib/mysql
xtrabackup: open files limit requested 0, set to 1024
xtrabackup: using the following InnoDB configuration:
xtrabackup:   innodb_data_home_dir = .
xtrabackup:   innodb_data_file_path = ibdata1:12M:autoextend
xtrabackup:   innodb_log_group_home_dir = .
xtrabackup:   innodb_log_files_in_group = 2
xtrabackup:   innodb_log_file_size = 50331648
InnoDB: Number of pools: 1
160418 20:13:48 >> log scanned up to (8070813042)
xtrabackup: Generating a list of tablespaces
InnoDB: Allocated tablespace ID 1 for mysql/innodb_table_stats, old maximum was 0
160418 20:13:49 [01] Streaming ./ibdata1
160418 20:13:49 >> log scanned up to (8070813042)
160418 20:13:50 [01]        ...done
160418 20:13:50 [01] Streaming ./mysql/innodb_table_stats.ibd
160418 20:13:50 [01]        ...done
160418 20:13:50 [01] Streaming ./mysql/slave_relay_log_info.ibd
160418 20:13:50 [01]        ...done
160418 20:13:50 [01] Streaming ./mysql/slave_worker_info.ibd
160418 20:13:50 [01]        ...done
160418 20:13:50 [01] Streaming ./mysql/slave_master_info.ibd
160418 20:13:50 [01]        ...done
160418 20:13:50 [01] Streaming ./mysql/innodb_index_stats.ibd
160418 20:13:50 [01]        ...done
160418 20:13:50 [01] Streaming ./sbtest/sbtest52.ibd
160418 20:13:50 >> log scanned up to (8070813042)
160418 20:13:51 >> log scanned up to (8070813042)
160418 20:13:52 >> log scanned up to (8070813042)
160418 20:13:53 >> log scanned up to (8070813042)
160418 20:13:54 >> log scanned up to (8070813042)
160418 20:13:55 >> log scanned up to (8070813042)
160418 20:13:56 >> log scanned up to (8070813042)
160418 20:13:57 >> log scanned up to (8070813042)
160418 20:13:58 [01]        ...done
160418 20:13:58 [01] Streaming ./sbtest/sbtest47.ibd
160418 20:13:58 >> log scanned up to (8070813042)
160418 20:13:59 >> log scanned up to (8070813042)
160418 20:14:00 >> log scanned up to (8070813042)
160418 20:14:01 >> log scanned up to (8070813042)
160418 20:14:02 >> log scanned up to (8070813042)
160418 20:14:03 >> log scanned up to (8070813042)
160418 20:14:04 >> log scanned up to (8070813042)
160418 20:14:05 >> log scanned up to (8070813042)
160418 20:14:06 [01]        ...done
160418 20:14:06 [01] Streaming ./sbtest/sbtest9.ibd
160418 20:14:06 >> log scanned up to (8070813042)
160418 20:14:07 >> log scanned up to (8070813042)
160418 20:14:08 >> log scanned up to (8070813042)
160418 20:14:09 >> log scanned up to (8070813042)
160418 20:14:10 >> log scanned up to (8070813042)
160418 20:14:11 >> log scanned up to (8070813042)
160418 20:14:12 >> log scanned up to (8070813042)
160418 20:14:13 >> log scanned up to (8070813042)
160418 20:14:14 [01]        ...done
160418 20:14:14 [01] Streaming ./sbtest/sbtest53.ibd
160418 20:14:14 >> log scanned up to (8070813042)
160418 20:14:15 >> log scanned up to (8070813042)
160418 20:14:16 >> log scanned up to (8070813042)
160418 20:14:17 >> log scanned up to (8070813042)
160418 20:14:18 >> log scanned up to (8070813042)
160418 20:14:19 >> log scanned up to (8070813042)
160418 20:14:20 >> log scanned up to (8070813042)
160418 20:14:21 >> log scanned up to (8070813042)
160418 20:14:22 [01]        ...done
160418 20:14:22 [01] Streaming ./sbtest/sbtest27.ibd
160418 20:14:22 >> log scanned up to (8070813042)
160418 20:14:23 >> log scanned up to (8070813042)
160418 20:14:24 >> log scanned up to (8070813042)
160418 20:14:25 >> log scanned up to (8070813042)
160418 20:14:26 >> log scanned up to (8070813042)
160418 20:14:27 >> log scanned up to (8070813042)
160418 20:14:28 >> log scanned up to (8070813042)
160418 20:14:29 >> log scanned up to (8070813042)
160418 20:14:30 [01]        ...done
160418 20:14:30 [01] Streaming ./sbtest/sbtest50.ibd
160418 20:14:30 >> log scanned up to (8070813042)
160418 20:14:31 >> log scanned up to (8070813042)
160418 20:14:32 >> log scanned up to (8070813042)
160418 20:14:33 >> log scanned up to (8070813042)
160418 20:14:34 >> log scanned up to (8070813042)
160418 20:14:35 >> log scanned up to (8070813042)
160418 20:14:36 >> log scanned up to (8070813042)
160418 20:14:37 >> log scanned up to (8070813042)
160418 20:14:38 [01]        ...done
160418 20:14:38 [01] Streaming ./sbtest/sbtest16.ibd
160418 20:14:38 >> log scanned up to (8070813042)
160418 20:14:39 >> log scanned up to (8070813042)
160418 20:14:40 >> log scanned up to (8070813042)
160418 20:14:41 >> log scanned up to (8070813042)
160418 20:14:42 >> log scanned up to (8070813042)
160418 20:14:43 >> log scanned up to (8070813042)
160418 20:14:44 >> log scanned up to (8070813042)
160418 20:14:45 >> log scanned up to (8070813042)
160418 20:14:46 [01]        ...done
160418 20:14:46 [01] Streaming ./sbtest/sbtest21.ibd
160418 20:14:46 >> log scanned up to (8070813042)
160418 20:14:47 >> log scanned up to (8070813042)
160418 20:14:48 >> log scanned up to (8070813042)
160418 20:14:49 >> log scanned up to (8070813042)
160418 20:14:50 >> log scanned up to (8070813042)
160418 20:14:51 >> log scanned up to (8070813042)
160418 20:14:52 >> log scanned up to (8070813042)
160418 20:14:53 >> log scanned up to (8070813042)
160418 20:14:54 [01]        ...done
160418 20:14:54 [01] Streaming ./sbtest/sbtest48.ibd
160418 20:14:54 >> log scanned up to (8070813042)
160418 20:14:55 >> log scanned up to (8070813042)
160418 20:14:56 >> log scanned up to (8070813042)
160418 20:14:57 >> log scanned up to (8070813042)
160418 20:14:58 >> log scanned up to (8070813042)
160418 20:14:59 >> log scanned up to (8070813042)
160418 20:15:00 >> log scanned up to (8070813042)
160418 20:15:01 >> log scanned up to (8070813042)
160418 20:15:02 [01]        ...done
160418 20:15:02 [01] Streaming ./sbtest/sbtest33.ibd
160418 20:15:02 >> log scanned up to (8070813042)
160418 20:15:03 >> log scanned up to (8070813042)
160418 20:15:04 >> log scanned up to (8070813042)
160418 20:15:05 >> log scanned up to (8070813042)
160418 20:15:06 >> log scanned up to (8070813042)
160418 20:15:07 >> log scanned up to (8070813042)
160418 20:15:08 >> log scanned up to (8070813042)
160418 20:15:09 >> log scanned up to (8070813042)
160418 20:15:10 [01]        ...done
160418 20:15:10 [01] Streaming ./sbtest/sbtest5.ibd
160418 20:15:10 >> log scanned up to (8070813042)
160418 20:15:11 >> log scanned up to (8070813042)
160418 20:15:12 >> log scanned up to (8070813042)
160418 20:15:13 >> log scanned up to (8070813042)
160418 20:15:14 >> log scanned up to (8070813042)
160418 20:15:15 >> log scanned up to (8070813042)
160418 20:15:16 >> log scanned up to (8070813042)
160418 20:15:17 >> log scanned up to (8070813042)
160418 20:15:18 [01]        ...done
160418 20:15:18 [01] Streaming ./sbtest/sbtest43.ibd
160418 20:15:18 >> log scanned up to (8070813042)
160418 20:15:19 >> log scanned up to (8070813042)
160418 20:15:20 >> log scanned up to (8070813042)
160418 20:15:21 >> log scanned up to (8070813042)
160418 20:15:22 >> log scanned up to (8070813042)
160418 20:15:23 >> log scanned up to (8070813042)
160418 20:15:24 >> log scanned up to (8070813042)
160418 20:15:25 >> log scanned up to (8070813042)
160418 20:15:26 [01]        ...done
160418 20:15:26 [01] Streaming ./sbtest/sbtest31.ibd
160418 20:15:26 >> log scanned up to (8070813042)
160418 20:15:27 >> log scanned up to (8070813042)
160418 20:15:28 >> log scanned up to (8070813042)
160418 20:15:29 >> log scanned up to (8070813042)
160418 20:15:30 >> log scanned up to (8070813042)
160418 20:15:31 >> log scanned up to (8070813042)
160418 20:15:32 >> log scanned up to (8070813042)
160418 20:15:33 >> log scanned up to (8070813042)
160418 20:15:34 [01]        ...done
160418 20:15:34 [01] Streaming ./sbtest/sbtest35.ibd
160418 20:15:34 >> log scanned up to (8070813042)
160418 20:15:35 >> log scanned up to (8070813042)
160418 20:15:36 >> log scanned up to (8070813042)
160418 20:15:37 >> log scanned up to (8070813042)
160418 20:15:38 >> log scanned up to (8070813042)
160418 20:15:39 >> log scanned up to (8070813042)
160418 20:15:40 >> log scanned up to (8070813042)
160418 20:15:41 >> log scanned up to (8070813042)
160418 20:15:42 [01]        ...done
160418 20:15:42 [01] Streaming ./sbtest/sbtest26.ibd
160418 20:15:42 >> log scanned up to (8070813042)
160418 20:15:43 >> log scanned up to (8070813042)
160418 20:15:44 >> log scanned up to (8070813042)
160418 20:15:45 >> log scanned up to (8070813042)
160418 20:15:46 >> log scanned up to (8070813042)
160418 20:15:47 >> log scanned up to (8070813042)
160418 20:15:48 >> log scanned up to (8070813042)
160418 20:15:49 >> log scanned up to (8070813042)
160418 20:15:50 [01]        ...done
160418 20:15:50 [01] Streaming ./sbtest/sbtest10.ibd
160418 20:15:50 >> log scanned up to (8070813042)
160418 20:15:51 >> log scanned up to (8070813042)
160418 20:15:52 >> log scanned up to (8070813042)
160418 20:15:53 >> log scanned up to (8070813042)
160418 20:15:54 >> log scanned up to (8070813042)
160418 20:15:55 >> log scanned up to (8070813042)
160418 20:15:56 >> log scanned up to (8070813042)
160418 20:15:57 >> log scanned up to (8070813042)
160418 20:15:58 [01]        ...done
160418 20:15:58 [01] Streaming ./sbtest/sbtest23.ibd
160418 20:15:58 >> log scanned up to (8070813042)
160418 20:15:59 >> log scanned up to (8070813042)
160418 20:16:00 >> log scanned up to (8070813042)
160418 20:16:01 >> log scanned up to (8070813042)
160418 20:16:02 >> log scanned up to (8070813042)
160418 20:16:03 >> log scanned up to (8070813042)
160418 20:16:04 >> log scanned up to (8070813042)
160418 20:16:05 >> log scanned up to (8070813042)
160418 20:16:06 [01]        ...done
160418 20:16:06 [01] Streaming ./sbtest/sbtest32.ibd
160418 20:16:06 >> log scanned up to (8070813042)
160418 20:16:07 >> log scanned up to (8070813042)
160418 20:16:08 >> log scanned up to (8070813042)
160418 20:16:09 >> log scanned up to (8070813042)
160418 20:16:10 >> log scanned up to (8070813042)
160418 20:16:11 >> log scanned up to (8070813042)
160418 20:16:12 >> log scanned up to (8070813042)
160418 20:16:13 >> log scanned up to (8070813042)
160418 20:16:14 [01]        ...done
160418 20:16:14 [01] Streaming ./sbtest/sbtest60.ibd
160418 20:16:14 >> log scanned up to (8070813042)
160418 20:16:15 >> log scanned up to (8070813042)
160418 20:16:16 >> log scanned up to (8070813042)
160418 20:16:17 >> log scanned up to (8070813042)
160418 20:16:18 >> log scanned up to (8070813042)
160418 20:16:19 >> log scanned up to (8070813042)
160418 20:16:20 >> log scanned up to (8070813042)
160418 20:16:21 >> log scanned up to (8070813042)
160418 20:16:22 [01]        ...done
160418 20:16:22 [01] Streaming ./sbtest/sbtest14.ibd
160418 20:16:22 >> log scanned up to (8070813042)
160418 20:16:23 >> log scanned up to (8070813042)
160418 20:16:24 >> log scanned up to (8070813042)
160418 20:16:25 >> log scanned up to (8070813042)
160418 20:16:26 >> log scanned up to (8070813042)
160418 20:16:27 >> log scanned up to (8070813042)
160418 20:16:28 >> log scanned up to (8070813042)
160418 20:16:29 >> log scanned up to (8070813042)
160418 20:16:30 [01]        ...done
160418 20:16:30 [01] Streaming ./sbtest/sbtest51.ibd
160418 20:16:30 >> log scanned up to (8070813042)
160418 20:16:31 >> log scanned up to (8070813042)
160418 20:16:32 >> log scanned up to (8070813042)
160418 20:16:33 >> log scanned up to (8070813042)
160418 20:16:34 >> log scanned up to (8070813042)
160418 20:16:35 >> log scanned up to (8070813042)
160418 20:16:36 >> log scanned up to (8070813042)
160418 20:16:37 >> log scanned up to (8070813042)
160418 20:16:38 [01]        ...done
160418 20:16:38 [01] Streaming ./sbtest/sbtest55.ibd
160418 20:16:38 >> log scanned up to (8070813042)
160418 20:16:39 >> log scanned up to (8070813042)
160418 20:16:40 >> log scanned up to (8070813042)
160418 20:16:41 >> log scanned up to (8070813042)
160418 20:16:42 >> log scanned up to (8070813042)
160418 20:16:43 >> log scanned up to (8070813042)
160418 20:16:44 >> log scanned up to (8070813042)
160418 20:16:45 >> log scanned up to (8070813042)
160418 20:16:46 [01]        ...done
160418 20:16:46 [01] Streaming ./sbtest/sbtest37.ibd
160418 20:16:46 >> log scanned up to (8070813042)
160418 20:16:47 >> log scanned up to (8070813042)
160418 20:16:48 >> log scanned up to (8070813042)
160418 20:16:49 >> log scanned up to (8070813042)
160418 20:16:50 >> log scanned up to (8070813042)
160418 20:16:51 >> log scanned up to (8070813042)
160418 20:16:52 >> log scanned up to (8070813042)
160418 20:16:53 >> log scanned up to (8070813042)
160418 20:16:54 [01]        ...done
160418 20:16:54 [01] Streaming ./sbtest/sbtest46.ibd
160418 20:16:54 >> log scanned up to (8070813042)
160418 20:16:55 >> log scanned up to (8070813042)
160418 20:16:56 >> log scanned up to (8070813042)
160418 20:16:57 >> log scanned up to (8070813042)
160418 20:16:58 >> log scanned up to (8070813042)
160418 20:16:59 >> log scanned up to (8070813042)
160418 20:17:00 >> log scanned up to (8070813042)
160418 20:17:01 >> log scanned up to (8070813042)
160418 20:17:02 [01]        ...done
160418 20:17:02 [01] Streaming ./sbtest/sbtest30.ibd
160418 20:17:02 >> log scanned up to (8070813042)
160418 20:17:03 >> log scanned up to (8070813042)
160418 20:17:04 >> log scanned up to (8070813042)
160418 20:17:05 >> log scanned up to (8070813042)
160418 20:17:06 >> log scanned up to (8070813042)
160418 20:17:07 >> log scanned up to (8070813042)
160418 20:17:08 >> log scanned up to (8070813042)
160418 20:17:09 >> log scanned up to (8070813042)
160418 20:17:10 [01]        ...done
160418 20:17:10 [01] Streaming ./sbtest/sbtest17.ibd
160418 20:17:10 >> log scanned up to (8070813042)
160418 20:17:11 >> log scanned up to (8070813042)
160418 20:17:12 >> log scanned up to (8070813042)
160418 20:17:13 >> log scanned up to (8070813042)
160418 20:17:14 >> log scanned up to (8070813042)
160418 20:17:15 >> log scanned up to (8070813042)
160418 20:17:16 >> log scanned up to (8070813042)
160418 20:17:17 >> log scanned up to (8070813042)
160418 20:17:18 [01]        ...done
160418 20:17:18 [01] Streaming ./sbtest/sbtest42.ibd
160418 20:17:18 >> log scanned up to (8070813042)
160418 20:17:19 >> log scanned up to (8070813042)
160418 20:17:20 >> log scanned up to (8070813042)
160418 20:17:21 >> log scanned up to (8070813042)
160418 20:17:22 >> log scanned up to (8070813042)
160418 20:17:23 >> log scanned up to (8070813042)
160418 20:17:24 >> log scanned up to (8070813042)
160418 20:17:25 >> log scanned up to (8070813042)
160418 20:17:26 [01]        ...done
160418 20:17:26 [01] Streaming ./sbtest/sbtest41.ibd
160418 20:17:26 >> log scanned up to (8070813042)
160418 20:17:27 >> log scanned up to (8070813042)
160418 20:17:28 >> log scanned up to (8070813042)
160418 20:17:29 >> log scanned up to (8070813042)
160418 20:17:30 >> log scanned up to (8070813042)
160418 20:17:31 >> log scanned up to (8070813042)
160418 20:17:32 >> log scanned up to (8070813042)
160418 20:17:33 >> log scanned up to (8070813042)
160418 20:17:34 [01]        ...done
160418 20:17:34 >> log scanned up to (8070813042)
160418 20:17:34 [01] Streaming ./sbtest/sbtest20.ibd
160418 20:17:35 >> log scanned up to (8070813042)
160418 20:17:36 >> log scanned up to (8070813042)
160418 20:17:37 >> log scanned up to (8070813042)
160418 20:17:38 >> log scanned up to (8070813042)
160418 20:17:39 >> log scanned up to (8070813042)
160418 20:17:40 >> log scanned up to (8070813042)
160418 20:17:41 >> log scanned up to (8070813042)
160418 20:17:42 [01]        ...done
160418 20:17:42 >> log scanned up to (8070813042)
160418 20:17:42 [01] Streaming ./sbtest/sbtest34.ibd
160418 20:17:43 >> log scanned up to (8070813042)
160418 20:17:44 >> log scanned up to (8070813042)
160418 20:17:45 >> log scanned up to (8070813042)
160418 20:17:46 >> log scanned up to (8070813042)
160418 20:17:47 >> log scanned up to (8070813042)
160418 20:17:48 >> log scanned up to (8070813042)
160418 20:17:49 >> log scanned up to (8070813042)
160418 20:17:50 [01]        ...done
160418 20:17:50 >> log scanned up to (8070813042)
160418 20:17:50 [01] Streaming ./sbtest/sbtest12.ibd
160418 20:17:51 >> log scanned up to (8070813042)
160418 20:17:52 >> log scanned up to (8070813042)
160418 20:17:53 >> log scanned up to (8070813042)
160418 20:17:54 >> log scanned up to (8070813042)
160418 20:17:55 >> log scanned up to (8070813042)
160418 20:17:56 >> log scanned up to (8070813042)
160418 20:17:57 >> log scanned up to (8070813042)
160418 20:17:58 >> log scanned up to (8070813042)
160418 20:17:58 [01]        ...done
160418 20:17:58 [01] Streaming ./sbtest/sbtest19.ibd
160418 20:17:59 >> log scanned up to (8070813042)
160418 20:18:00 >> log scanned up to (8070813042)
160418 20:18:01 >> log scanned up to (8070813042)
160418 20:18:02 >> log scanned up to (8070813042)
160418 20:18:03 >> log scanned up to (8070813042)
160418 20:18:04 >> log scanned up to (8070813042)
160418 20:18:05 >> log scanned up to (8070813042)
160418 20:18:06 >> log scanned up to (8070813042)
160418 20:18:06 [01]        ...done
160418 20:18:07 [01] Streaming ./sbtest/sbtest29.ibd
160418 20:18:07 >> log scanned up to (8070813042)
160418 20:18:08 >> log scanned up to (8070813042)
160418 20:18:09 >> log scanned up to (8070813042)
160418 20:18:10 >> log scanned up to (8070813042)
160418 20:18:11 >> log scanned up to (8070813042)
160418 20:18:12 >> log scanned up to (8070813042)
160418 20:18:13 >> log scanned up to (8070813042)
160418 20:18:14 >> log scanned up to (8070813042)
160418 20:18:15 [01]        ...done
160418 20:18:15 [01] Streaming ./sbtest/sbtest45.ibd
160418 20:18:15 >> log scanned up to (8070813042)
160418 20:18:16 >> log scanned up to (8070813042)
160418 20:18:17 >> log scanned up to (8070813042)
160418 20:18:18 >> log scanned up to (8070813042)
160418 20:18:19 >> log scanned up to (8070813042)
160418 20:18:20 >> log scanned up to (8070813042)
160418 20:18:21 >> log scanned up to (8070813042)
160418 20:18:22 >> log scanned up to (8070813042)
160418 20:18:23 [01]        ...done
160418 20:18:23 [01] Streaming ./sbtest/sbtest13.ibd
160418 20:18:23 >> log scanned up to (8070813042)
160418 20:18:24 >> log scanned up to (8070813042)
160418 20:18:25 >> log scanned up to (8070813042)
160418 20:18:26 >> log scanned up to (8070813042)
160418 20:18:27 >> log scanned up to (8070813042)
160418 20:18:28 >> log scanned up to (8070813042)
160418 20:18:29 >> log scanned up to (8070813042)
160418 20:18:30 >> log scanned up to (8070813042)
160418 20:18:31 [01]        ...done
160418 20:18:31 [01] Streaming ./sbtest/sbtest11.ibd
160418 20:18:31 >> log scanned up to (8070813042)
160418 20:18:32 >> log scanned up to (8070813042)
160418 20:18:33 >> log scanned up to (8070813042)
160418 20:18:34 >> log scanned up to (8070813042)
160418 20:18:35 >> log scanned up to (8070813042)
160418 20:18:36 >> log scanned up to (8070813042)
160418 20:18:37 >> log scanned up to (8070813042)
160418 20:18:38 >> log scanned up to (8070813042)
160418 20:18:39 [01]        ...done
160418 20:18:39 [01] Streaming ./sbtest/sbtest1.ibd
160418 20:18:39 >> log scanned up to (8070813042)
160418 20:18:40 >> log scanned up to (8070813042)
160418 20:18:41 >> log scanned up to (8070813042)
160418 20:18:42 >> log scanned up to (8070813042)
160418 20:18:43 >> log scanned up to (8070813042)
160418 20:18:44 >> log scanned up to (8070813042)
160418 20:18:45 >> log scanned up to (8070813042)
160418 20:18:46 >> log scanned up to (8070813042)
160418 20:18:47 [01]        ...done
160418 20:18:47 [01] Streaming ./sbtest/sbtest28.ibd
160418 20:18:47 >> log scanned up to (8070813042)
160418 20:18:48 >> log scanned up to (8070813042)
160418 20:18:49 >> log scanned up to (8070813042)
160418 20:18:50 >> log scanned up to (8070813042)
160418 20:18:51 >> log scanned up to (8070813042)
160418 20:18:52 >> log scanned up to (8070813042)
160418 20:18:53 >> log scanned up to (8070813042)
160418 20:18:54 >> log scanned up to (8070813042)
160418 20:18:55 [01]        ...done
160418 20:18:55 [01] Streaming ./sbtest/sbtest25.ibd
160418 20:18:55 >> log scanned up to (8070813042)
160418 20:18:56 >> log scanned up to (8070813042)
160418 20:18:57 >> log scanned up to (8070813042)
160418 20:18:58 >> log scanned up to (8070813042)
160418 20:18:59 >> log scanned up to (8070813042)
160418 20:19:00 >> log scanned up to (8070813042)
160418 20:19:01 >> log scanned up to (8070813042)
160418 20:19:02 >> log scanned up to (8070813042)
160418 20:19:03 [01]        ...done
160418 20:19:03 [01] Streaming ./sbtest/sbtest59.ibd
160418 20:19:03 >> log scanned up to (8070813042)
160418 20:19:04 >> log scanned up to (8070813042)
160418 20:19:05 >> log scanned up to (8070813042)
160418 20:19:06 >> log scanned up to (8070813042)
160418 20:19:07 >> log scanned up to (8070813042)
160418 20:19:08 >> log scanned up to (8070813042)
160418 20:19:09 >> log scanned up to (8070813042)
160418 20:19:10 >> log scanned up to (8070813042)
160418 20:19:11 [01]        ...done
160418 20:19:11 [01] Streaming ./sbtest/sbtest7.ibd
160418 20:19:11 >> log scanned up to (8070813042)
160418 20:19:12 >> log scanned up to (8070813042)
160418 20:19:13 >> log scanned up to (8070813042)
160418 20:19:14 >> log scanned up to (8070813042)
160418 20:19:15 >> log scanned up to (8070813042)
160418 20:19:16 >> log scanned up to (8070813042)
160418 20:19:17 >> log scanned up to (8070813042)
160418 20:19:18 >> log scanned up to (8070813042)
160418 20:19:19 [01]        ...done
160418 20:19:19 [01] Streaming ./sbtest/sbtest40.ibd
160418 20:19:19 >> log scanned up to (8070813042)
160418 20:19:20 >> log scanned up to (8070813042)
160418 20:19:21 >> log scanned up to (8070813042)
160418 20:19:22 >> log scanned up to (8070813042)
160418 20:19:23 >> log scanned up to (8070813042)
160418 20:19:24 >> log scanned up to (8070813042)
160418 20:19:25 >> log scanned up to (8070813042)
160418 20:19:26 >> log scanned up to (8070813042)
160418 20:19:27 [01]        ...done
160418 20:19:27 [01] Streaming ./sbtest/sbtest58.ibd
160418 20:19:27 >> log scanned up to (8070813042)
160418 20:19:28 >> log scanned up to (8070813042)
160418 20:19:29 >> log scanned up to (8070813042)
160418 20:19:30 >> log scanned up to (8070813042)
160418 20:19:31 >> log scanned up to (8070813042)
160418 20:19:32 >> log scanned up to (8070813042)
160418 20:19:33 >> log scanned up to (8070813042)
160418 20:19:34 >> log scanned up to (8070813042)
160418 20:19:35 [01]        ...done
160418 20:19:35 [01] Streaming ./sbtest/sbtest18.ibd
160418 20:19:35 >> log scanned up to (8070813042)
160418 20:19:36 >> log scanned up to (8070813042)
160418 20:19:37 >> log scanned up to (8070813042)
160418 20:19:38 >> log scanned up to (8070813042)
160418 20:19:39 >> log scanned up to (8070813042)
160418 20:19:40 >> log scanned up to (8070813042)
160418 20:19:41 >> log scanned up to (8070813042)
160418 20:19:42 >> log scanned up to (8070813042)
160418 20:19:43 [01]        ...done
160418 20:19:43 [01] Streaming ./sbtest/sbtest4.ibd
160418 20:19:43 >> log scanned up to (8070813042)
160418 20:19:44 >> log scanned up to (8070813042)
160418 20:19:45 >> log scanned up to (8070813042)
160418 20:19:46 >> log scanned up to (8070813042)
160418 20:19:47 >> log scanned up to (8070813042)
160418 20:19:48 >> log scanned up to (8070813042)
160418 20:19:49 >> log scanned up to (8070813042)
160418 20:19:50 >> log scanned up to (8070813042)
160418 20:19:51 [01]        ...done
160418 20:19:51 [01] Streaming ./sbtest/sbtest49.ibd
160418 20:19:51 >> log scanned up to (8070813042)
160418 20:19:52 >> log scanned up to (8070813042)
160418 20:19:53 >> log scanned up to (8070813042)
160418 20:19:54 >> log scanned up to (8070813042)
160418 20:19:55 >> log scanned up to (8070813042)
160418 20:19:56 >> log scanned up to (8070813042)
160418 20:19:57 >> log scanned up to (8070813042)
160418 20:19:58 >> log scanned up to (8070813042)
160418 20:19:59 [01]        ...done
160418 20:19:59 [01] Streaming ./sbtest/sbtest2.ibd
160418 20:19:59 >> log scanned up to (8070813042)
160418 20:20:00 >> log scanned up to (8070813042)
160418 20:20:01 >> log scanned up to (8070813042)
160418 20:20:02 >> log scanned up to (8070813042)
160418 20:20:03 >> log scanned up to (8070813042)
160418 20:20:04 >> log scanned up to (8070813042)
160418 20:20:05 >> log scanned up to (8070813042)
160418 20:20:06 >> log scanned up to (8070813042)
160418 20:20:07 [01]        ...done
160418 20:20:07 [01] Streaming ./sbtest/sbtest8.ibd
160418 20:20:07 >> log scanned up to (8070813042)
160418 20:20:08 >> log scanned up to (8070813042)
160418 20:20:09 >> log scanned up to (8070813042)
160418 20:20:10 >> log scanned up to (8070813042)
160418 20:20:11 >> log scanned up to (8070813042)
160418 20:20:12 >> log scanned up to (8070813042)
160418 20:20:13 >> log scanned up to (8070813042)
160418 20:20:14 >> log scanned up to (8070813042)
160418 20:20:15 >> log scanned up to (8070813042)
160418 20:20:15 [01]        ...done
160418 20:20:15 [01] Streaming ./sbtest/sbtest56.ibd
160418 20:20:16 >> log scanned up to (8070813042)
160418 20:20:17 >> log scanned up to (8070813042)
160418 20:20:18 >> log scanned up to (8070813042)
160418 20:20:19 >> log scanned up to (8070813042)
160418 20:20:20 >> log scanned up to (8070813042)
160418 20:20:21 >> log scanned up to (8070813042)
160418 20:20:22 >> log scanned up to (8070813042)
160418 20:20:23 >> log scanned up to (8070813042)
160418 20:20:23 [01]        ...done
160418 20:20:24 [01] Streaming ./sbtest/sbtest57.ibd
160418 20:20:24 >> log scanned up to (8070813042)
160418 20:20:25 >> log scanned up to (8070813042)
160418 20:20:26 >> log scanned up to (8070813042)
160418 20:20:27 >> log scanned up to (8070813042)
160418 20:20:28 >> log scanned up to (8070813042)
160418 20:20:29 >> log scanned up to (8070813042)
160418 20:20:30 >> log scanned up to (8070813042)
160418 20:20:31 >> log scanned up to (8070813042)
160418 20:20:31 [01]        ...done
160418 20:20:32 [01] Streaming ./sbtest/sbtest39.ibd
160418 20:20:32 >> log scanned up to (8070813042)
160418 20:20:33 >> log scanned up to (8070813042)
160418 20:20:34 >> log scanned up to (8070813042)
160418 20:20:35 >> log scanned up to (8070813042)
160418 20:20:36 >> log scanned up to (8070813042)
160418 20:20:37 >> log scanned up to (8070813042)
160418 20:20:38 >> log scanned up to (8070813042)
160418 20:20:39 >> log scanned up to (8070813042)
160418 20:20:39 [01]        ...done
160418 20:20:40 [01] Streaming ./sbtest/sbtest38.ibd
160418 20:20:40 >> log scanned up to (8070813042)
160418 20:20:41 >> log scanned up to (8070813042)
160418 20:20:42 >> log scanned up to (8070813042)
160418 20:20:43 >> log scanned up to (8070813042)
160418 20:20:44 >> log scanned up to (8070813042)
160418 20:20:45 >> log scanned up to (8070813042)
160418 20:20:46 >> log scanned up to (8070813042)
160418 20:20:47 >> log scanned up to (8070813042)
160418 20:20:48 [01]        ...done
160418 20:20:48 [01] Streaming ./sbtest/sbtest3.ibd
160418 20:20:48 >> log scanned up to (8070813042)
160418 20:20:49 >> log scanned up to (8070813042)
160418 20:20:50 >> log scanned up to (8070813042)
160418 20:20:51 >> log scanned up to (8070813042)
160418 20:20:52 >> log scanned up to (8070813042)
160418 20:20:53 >> log scanned up to (8070813042)
160418 20:20:54 >> log scanned up to (8070813042)
160418 20:20:55 >> log scanned up to (8070813042)
160418 20:20:56 [01]        ...done
160418 20:20:56 [01] Streaming ./sbtest/sbtest24.ibd
160418 20:20:56 >> log scanned up to (8070813042)
160418 20:20:57 >> log scanned up to (8070813042)
160418 20:20:58 >> log scanned up to (8070813042)
160418 20:20:59 >> log scanned up to (8070813042)
160418 20:21:00 >> log scanned up to (8070813042)
160418 20:21:01 >> log scanned up to (8070813042)
160418 20:21:02 >> log scanned up to (8070813042)
160418 20:21:03 >> log scanned up to (8070813042)
160418 20:21:04 [01]        ...done
160418 20:21:04 [01] Streaming ./sbtest/sbtest15.ibd
160418 20:21:04 >> log scanned up to (8070813042)
160418 20:21:05 >> log scanned up to (8070813042)
160418 20:21:06 >> log scanned up to (8070813042)
160418 20:21:07 >> log scanned up to (8070813042)
160418 20:21:08 >> log scanned up to (8070813042)
160418 20:21:09 >> log scanned up to (8070813042)
160418 20:21:10 >> log scanned up to (8070813042)
160418 20:21:11 >> log scanned up to (8070813042)
160418 20:21:12 [01]        ...done
160418 20:21:12 [01] Streaming ./sbtest/sbtest44.ibd
160418 20:21:12 >> log scanned up to (8070813042)
160418 20:21:13 >> log scanned up to (8070813042)
160418 20:21:14 >> log scanned up to (8070813042)
160418 20:21:15 >> log scanned up to (8070813042)
160418 20:21:16 >> log scanned up to (8070813042)
160418 20:21:17 >> log scanned up to (8070813042)
160418 20:21:18 >> log scanned up to (8070813042)
160418 20:21:19 >> log scanned up to (8070813042)
160418 20:21:20 [01]        ...done
160418 20:21:20 [01] Streaming ./sbtest/sbtest6.ibd
160418 20:21:20 >> log scanned up to (8070813042)
160418 20:21:21 >> log scanned up to (8070813042)
160418 20:21:22 >> log scanned up to (8070813042)
160418 20:21:23 >> log scanned up to (8070813042)
160418 20:21:24 >> log scanned up to (8070813042)
160418 20:21:25 >> log scanned up to (8070813042)
160418 20:21:26 >> log scanned up to (8070813042)
160418 20:21:27 >> log scanned up to (8070813042)
160418 20:21:28 [01]        ...done
160418 20:21:28 [01] Streaming ./sbtest/sbtest22.ibd
160418 20:21:28 >> log scanned up to (8070813042)
160418 20:21:29 >> log scanned up to (8070813042)
160418 20:21:30 >> log scanned up to (8070813042)
160418 20:21:31 >> log scanned up to (8070813042)
160418 20:21:32 >> log scanned up to (8070813042)
160418 20:21:33 >> log scanned up to (8070813042)
160418 20:21:34 >> log scanned up to (8070813042)
160418 20:21:35 >> log scanned up to (8070813042)
160418 20:21:36 [01]        ...done
160418 20:21:36 [01] Streaming ./sbtest/sbtest54.ibd
160418 20:21:36 >> log scanned up to (8070813042)
160418 20:21:37 >> log scanned up to (8070813042)
160418 20:21:38 >> log scanned up to (8070813042)
160418 20:21:39 >> log scanned up to (8070813042)
160418 20:21:40 >> log scanned up to (8070813042)
160418 20:21:41 >> log scanned up to (8070813042)
160418 20:21:42 >> log scanned up to (8070813042)
160418 20:21:43 >> log scanned up to (8070813042)
160418 20:21:44 [01]        ...done
160418 20:21:44 [01] Streaming ./sbtest/sbtest36.ibd
160418 20:21:44 >> log scanned up to (8070813042)
160418 20:21:45 >> log scanned up to (8070813042)
160418 20:21:46 >> log scanned up to (8070813042)
160418 20:21:47 >> log scanned up to (8070813042)
160418 20:21:48 >> log scanned up to (8070813042)
160418 20:21:49 >> log scanned up to (8070813042)
160418 20:21:50 >> log scanned up to (8070813042)
160418 20:21:51 >> log scanned up to (8070813042)
160418 20:21:52 [01]        ...done
160418 20:21:52 >> log scanned up to (8070813042)
160418 20:21:53 Executing LOCK TABLES FOR BACKUP...
160418 20:21:53 Starting to backup non-InnoDB tables and files
160418 20:21:53 [01] Streaming ./performance_schema/events_stages_current.frm to <STDOUT>
160418 20:21:53 [01]        ...done
160418 20:21:53 [01] Streaming ./performance_schema/events_waits_summary_by_account_by_event_name.frm to <STDOUT>
160418 20:21:53 [01]        ...done
160418 20:21:53 [01] Streaming ./performance_schema/events_waits_summary_by_thread_by_event_name.frm to <STDOUT>
160418 20:21:53 [01]        ...done
160418 20:21:53 [01] Streaming ./performance_schema/performance_timers.frm to <STDOUT>
160418 20:21:53 [01]        ...done
160418 20:21:53 [01] Streaming ./performance_schema/events_stages_summary_by_host_by_event_name.frm to <STDOUT>
160418 20:21:53 [01]        ...done
160418 20:21:53 [01] Streaming ./performance_schema/socket_summary_by_event_name.frm to <STDOUT>
160418 20:21:53 [01]        ...done
160418 20:21:53 [01] Streaming ./performance_schema/users.frm to <STDOUT>
160418 20:21:53 [01]        ...done
160418 20:21:53 [01] Streaming ./performance_schema/table_io_waits_summary_by_index_usage.frm to <STDOUT>
160418 20:21:53 [01]        ...done
160418 20:21:53 [01] Streaming ./performance_schema/db.opt to <STDOUT>
160418 20:21:53 [01]        ...done
160418 20:21:53 [01] Streaming ./performance_schema/events_waits_history_long.frm to <STDOUT>
160418 20:21:53 [01]        ...done
160418 20:21:53 [01] Streaming ./performance_schema/events_statements_summary_by_account_by_event_name.frm to <STDOUT>
160418 20:21:53 [01]        ...done
160418 20:21:53 [01] Streaming ./performance_schema/events_waits_summary_global_by_event_name.frm to <STDOUT>
160418 20:21:53 [01]        ...done
160418 20:21:53 [01] Streaming ./performance_schema/events_waits_summary_by_user_by_event_name.frm to <STDOUT>
160418 20:21:53 [01]        ...done
160418 20:21:53 [01] Streaming ./performance_schema/events_stages_summary_global_by_event_name.frm to <STDOUT>
160418 20:21:53 [01]        ...done
160418 20:21:53 [01] Streaming ./performance_schema/events_statements_summary_by_user_by_event_name.frm to <STDOUT>
160418 20:21:53 [01]        ...done
160418 20:21:53 [01] Streaming ./performance_schema/events_stages_history_long.frm to <STDOUT>
160418 20:21:53 [01]        ...done
160418 20:21:53 [01] Streaming ./performance_schema/events_statements_summary_by_digest.frm to <STDOUT>
160418 20:21:53 [01]        ...done
160418 20:21:53 [01] Streaming ./performance_schema/file_instances.frm to <STDOUT>
160418 20:21:53 [01]        ...done
160418 20:21:53 [01] Streaming ./performance_schema/setup_actors.frm to <STDOUT>
160418 20:21:53 [01]        ...done
160418 20:21:53 [01] Streaming ./performance_schema/cond_instances.frm to <STDOUT>
160418 20:21:53 [01]        ...done
160418 20:21:53 [01] Streaming ./performance_schema/socket_summary_by_instance.frm to <STDOUT>
160418 20:21:53 [01]        ...done
160418 20:21:53 [01] Streaming ./performance_schema/events_statements_history_long.frm to <STDOUT>
160418 20:21:53 [01]        ...done
160418 20:21:53 [01] Streaming ./performance_schema/host_cache.frm to <STDOUT>
160418 20:21:53 [01]        ...done
160418 20:21:53 [01] Streaming ./performance_schema/setup_objects.frm to <STDOUT>
160418 20:21:53 [01]        ...done
160418 20:21:53 [01] Streaming ./performance_schema/rwlock_instances.frm to <STDOUT>
160418 20:21:53 [01]        ...done
160418 20:21:53 [01] Streaming ./performance_schema/setup_instruments.frm to <STDOUT>
160418 20:21:53 [01]        ...done
160418 20:21:53 [01] Streaming ./performance_schema/session_account_connect_attrs.frm to <STDOUT>
160418 20:21:53 [01]        ...done
160418 20:21:53 [01] Streaming ./performance_schema/events_statements_current.frm to <STDOUT>
160418 20:21:53 [01]        ...done
160418 20:21:53 [01] Streaming ./performance_schema/file_summary_by_event_name.frm to <STDOUT>
160418 20:21:53 [01]        ...done
160418 20:21:53 [01] Streaming ./performance_schema/threads.frm to <STDOUT>
160418 20:21:53 [01]        ...done
160418 20:21:53 [01] Streaming ./performance_schema/session_connect_attrs.frm to <STDOUT>
160418 20:21:53 [01]        ...done
160418 20:21:53 [01] Streaming ./performance_schema/events_stages_history.frm to <STDOUT>
160418 20:21:53 [01]        ...done
160418 20:21:53 [01] Streaming ./performance_schema/events_statements_summary_by_thread_by_event_name.frm to <STDOUT>
160418 20:21:53 [01]        ...done
160418 20:21:53 [01] Streaming ./performance_schema/events_statements_history.frm to <STDOUT>
160418 20:21:53 [01]        ...done
160418 20:21:53 [01] Streaming ./performance_schema/table_lock_waits_summary_by_table.frm to <STDOUT>
160418 20:21:53 [01]        ...done
160418 20:21:53 [01] Streaming ./performance_schema/events_waits_history.frm to <STDOUT>
160418 20:21:53 [01]        ...done
160418 20:21:53 [01] Streaming ./performance_schema/setup_consumers.frm to <STDOUT>
160418 20:21:53 [01]        ...done
160418 20:21:53 [01] Streaming ./performance_schema/events_statements_summary_by_host_by_event_name.frm to <STDOUT>
160418 20:21:53 [01]        ...done
160418 20:21:53 [01] Streaming ./performance_schema/events_waits_summary_by_instance.frm to <STDOUT>
160418 20:21:53 [01]        ...done
160418 20:21:53 [01] Streaming ./performance_schema/hosts.frm to <STDOUT>
160418 20:21:53 [01]        ...done
160418 20:21:53 [01] Streaming ./performance_schema/events_stages_summary_by_thread_by_event_name.frm to <STDOUT>
160418 20:21:53 [01]        ...done
160418 20:21:53 [01] Streaming ./performance_schema/events_statements_summary_global_by_event_name.frm to <STDOUT>
160418 20:21:53 [01]        ...done
160418 20:21:53 [01] Streaming ./performance_schema/file_summary_by_instance.frm to <STDOUT>
160418 20:21:53 [01]        ...done
160418 20:21:53 [01] Streaming ./performance_schema/events_waits_summary_by_host_by_event_name.frm to <STDOUT>
160418 20:21:53 [01]        ...done
160418 20:21:53 [01] Streaming ./performance_schema/mutex_instances.frm to <STDOUT>
160418 20:21:53 [01]        ...done
160418 20:21:53 [01] Streaming ./performance_schema/objects_summary_global_by_type.frm to <STDOUT>
160418 20:21:53 [01]        ...done
160418 20:21:53 [01] Streaming ./performance_schema/events_waits_current.frm to <STDOUT>
160418 20:21:53 [01]        ...done
160418 20:21:53 [01] Streaming ./performance_schema/table_io_waits_summary_by_table.frm to <STDOUT>
160418 20:21:53 [01]        ...done
160418 20:21:53 [01] Streaming ./performance_schema/socket_instances.frm to <STDOUT>
160418 20:21:53 [01]        ...done
160418 20:21:53 [01] Streaming ./performance_schema/events_stages_summary_by_user_by_event_name.frm to <STDOUT>
160418 20:21:53 [01]        ...done
160418 20:21:53 [01] Streaming ./performance_schema/setup_timers.frm to <STDOUT>
160418 20:21:53 [01]        ...done
160418 20:21:53 [01] Streaming ./performance_schema/events_stages_summary_by_account_by_event_name.frm to <STDOUT>
160418 20:21:53 [01]        ...done
160418 20:21:53 [01] Streaming ./performance_schema/accounts.frm to <STDOUT>
160418 20:21:53 [01]        ...done
160418 20:21:53 [01] Streaming ./mysql/event.frm to <STDOUT>
160418 20:21:53 [01]        ...done
160418 20:21:53 [01] Streaming ./mysql/time_zone.frm to <STDOUT>
160418 20:21:53 [01]        ...done
160418 20:21:53 [01] Streaming ./mysql/help_keyword.MYD to <STDOUT>
160418 20:21:53 [01]        ...done
160418 20:21:53 [01] Streaming ./mysql/time_zone_transition_type.MYD to <STDOUT>
160418 20:21:53 [01]        ...done
160418 20:21:53 [01] Streaming ./mysql/help_category.MYI to <STDOUT>
160418 20:21:53 [01]        ...done
160418 20:21:53 [01] Streaming ./mysql/procs_priv.frm to <STDOUT>
160418 20:21:53 [01]        ...done
160418 20:21:53 [01] Streaming ./mysql/tables_priv.frm to <STDOUT>
160418 20:21:53 [01]        ...done
160418 20:21:53 [01] Streaming ./mysql/plugin.frm to <STDOUT>
160418 20:21:53 [01]        ...done
160418 20:21:53 [01] Streaming ./mysql/help_category.frm to <STDOUT>
160418 20:21:53 [01]        ...done
160418 20:21:53 [01] Streaming ./mysql/proxies_priv.frm to <STDOUT>
160418 20:21:53 [01]        ...done
160418 20:21:53 [01] Streaming ./mysql/user.MYI to <STDOUT>
160418 20:21:53 [01]        ...done
160418 20:21:53 [01] Streaming ./mysql/slave_master_info.frm to <STDOUT>
160418 20:21:53 [01]        ...done
160418 20:21:53 [01] Streaming ./mysql/help_topic.MYI to <STDOUT>
160418 20:21:53 [01]        ...done
160418 20:21:53 [01] Streaming ./mysql/db.MYI to <STDOUT>
160418 20:21:53 [01]        ...done
160418 20:21:53 [01] Streaming ./mysql/help_keyword.MYI to <STDOUT>
160418 20:21:53 [01]        ...done
160418 20:21:53 [01] Streaming ./mysql/time_zone_leap_second.MYI to <STDOUT>
160418 20:21:53 [01]        ...done
160418 20:21:53 [01] Streaming ./mysql/help_topic.MYD to <STDOUT>
160418 20:21:53 [01]        ...done
160418 20:21:53 [01] Streaming ./mysql/slave_relay_log_info.frm to <STDOUT>
160418 20:21:53 [01]        ...done
160418 20:21:53 [01] Streaming ./mysql/user.MYD to <STDOUT>
160418 20:21:53 [01]        ...done
160418 20:21:53 [01] Streaming ./mysql/func.MYI to <STDOUT>
160418 20:21:53 [01]        ...done
160418 20:21:53 [01] Streaming ./mysql/help_keyword.frm to <STDOUT>
160418 20:21:53 [01]        ...done
160418 20:21:53 [01] Streaming ./mysql/time_zone_name.MYI to <STDOUT>
160418 20:21:53 [01]        ...done
160418 20:21:53 [01] Streaming ./mysql/time_zone_name.MYD to <STDOUT>
160418 20:21:53 [01]        ...done
160418 20:21:53 [01] Streaming ./mysql/columns_priv.frm to <STDOUT>
160418 20:21:53 [01]        ...done
160418 20:21:53 [01] Streaming ./mysql/time_zone.MYD to <STDOUT>
160418 20:21:53 [01]        ...done
160418 20:21:53 [01] Streaming ./mysql/slow_log.CSM to <STDOUT>
160418 20:21:53 [01]        ...done
160418 20:21:53 [01] Streaming ./mysql/time_zone_leap_second.frm to <STDOUT>
160418 20:21:53 [01]        ...done
160418 20:21:53 [01] Streaming ./mysql/servers.MYI to <STDOUT>
160418 20:21:53 [01]        ...done
160418 20:21:53 [01] Streaming ./mysql/time_zone_transition_type.frm to <STDOUT>
160418 20:21:53 [01]        ...done
160418 20:21:53 [01] Streaming ./mysql/procs_priv.MYI to <STDOUT>
160418 20:21:53 [01]        ...done
160418 20:21:53 [01] Streaming ./mysql/time_zone.MYI to <STDOUT>
160418 20:21:53 [01]        ...done
160418 20:21:53 [01] Streaming ./mysql/innodb_index_stats.frm to <STDOUT>
160418 20:21:53 [01]        ...done
160418 20:21:53 [01] Streaming ./mysql/help_category.MYD to <STDOUT>
160418 20:21:53 [01]        ...done
160418 20:21:53 [01] Streaming ./mysql/time_zone_name.frm to <STDOUT>
160418 20:21:53 [01]        ...done
160418 20:21:53 [01] Streaming ./mysql/proc.MYI to <STDOUT>
160418 20:21:53 [01]        ...done
160418 20:21:53 [01] Streaming ./mysql/plugin.MYD to <STDOUT>
160418 20:21:53 [01]        ...done
160418 20:21:53 [01] Streaming ./mysql/ndb_binlog_index.MYI to <STDOUT>
160418 20:21:53 [01]        ...done
160418 20:21:53 [01] Streaming ./mysql/help_relation.MYD to <STDOUT>
160418 20:21:53 [01]        ...done
160418 20:21:53 [01] Streaming ./mysql/servers.frm to <STDOUT>
160418 20:21:53 [01]        ...done
160418 20:21:53 [01] Streaming ./mysql/slave_worker_info.frm to <STDOUT>
160418 20:21:53 [01]        ...done
160418 20:21:53 [01] Streaming ./mysql/tables_priv.MYI to <STDOUT>
160418 20:21:53 [01]        ...done
160418 20:21:53 [01] Streaming ./mysql/ndb_binlog_index.MYD to <STDOUT>
160418 20:21:53 [01]        ...done
160418 20:21:53 [01] Streaming ./mysql/ndb_binlog_index.frm to <STDOUT>
160418 20:21:53 [01]        ...done
160418 20:21:53 [01] Streaming ./mysql/event.MYD to <STDOUT>
160418 20:21:53 [01]        ...done
160418 20:21:53 [01] Streaming ./mysql/proxies_priv.MYI to <STDOUT>
160418 20:21:53 [01]        ...done
160418 20:21:53 [01] Streaming ./mysql/innodb_table_stats.frm to <STDOUT>
160418 20:21:53 [01]        ...done
160418 20:21:53 [01] Streaming ./mysql/time_zone_transition.MYI to <STDOUT>
160418 20:21:53 [01]        ...done
160418 20:21:53 [01] Streaming ./mysql/slow_log.frm to <STDOUT>
160418 20:21:53 [01]        ...done
160418 20:21:53 [01] Streaming ./mysql/event.MYI to <STDOUT>
160418 20:21:53 [01]        ...done
160418 20:21:53 [01] Streaming ./mysql/time_zone_leap_second.MYD to <STDOUT>
160418 20:21:53 [01]        ...done
160418 20:21:53 [01] Streaming ./mysql/proc.frm to <STDOUT>
160418 20:21:53 [01]        ...done
160418 20:21:53 [01] Streaming ./mysql/db.frm to <STDOUT>
160418 20:21:53 [01]        ...done
160418 20:21:53 [01] Streaming ./mysql/general_log.frm to <STDOUT>
160418 20:21:53 [01]        ...done
160418 20:21:53 [01] Streaming ./mysql/help_topic.frm to <STDOUT>
160418 20:21:53 [01]        ...done
160418 20:21:53 [01] Streaming ./mysql/proxies_priv.MYD to <STDOUT>
160418 20:21:53 [01]        ...done
160418 20:21:53 [01] Streaming ./mysql/help_relation.frm to <STDOUT>
160418 20:21:53 [01]        ...done
160418 20:21:53 [01] Streaming ./mysql/general_log.CSV to <STDOUT>
160418 20:21:53 [01]        ...done
160418 20:21:53 [01] Streaming ./mysql/general_log.CSM to <STDOUT>
160418 20:21:53 [01]        ...done
160418 20:21:53 [01] Streaming ./mysql/proc.MYD to <STDOUT>
160418 20:21:53 [01]        ...done
160418 20:21:53 [01] Streaming ./mysql/slow_log.CSV to <STDOUT>
160418 20:21:53 [01]        ...done
160418 20:21:53 [01] Streaming ./mysql/columns_priv.MYD to <STDOUT>
160418 20:21:53 [01]        ...done
160418 20:21:53 [01] Streaming ./mysql/columns_priv.MYI to <STDOUT>
160418 20:21:53 [01]        ...done
160418 20:21:53 [01] Streaming ./mysql/tables_priv.MYD to <STDOUT>
160418 20:21:53 [01]        ...done
160418 20:21:53 [01] Streaming ./mysql/help_relation.MYI to <STDOUT>
160418 20:21:53 [01]        ...done
160418 20:21:53 [01] Streaming ./mysql/time_zone_transition.MYD to <STDOUT>
160418 20:21:53 [01]        ...done
160418 20:21:53 [01] Streaming ./mysql/servers.MYD to <STDOUT>
160418 20:21:53 [01]        ...done
160418 20:21:53 [01] Streaming ./mysql/user.frm to <STDOUT>
160418 20:21:53 [01]        ...done
160418 20:21:53 [01] Streaming ./mysql/func.frm to <STDOUT>
160418 20:21:53 [01]        ...done
160418 20:21:53 [01] Streaming ./mysql/func.MYD to <STDOUT>
160418 20:21:53 [01]        ...done
160418 20:21:53 [01] Streaming ./mysql/plugin.MYI to <STDOUT>
160418 20:21:53 [01]        ...done
160418 20:21:53 [01] Streaming ./mysql/time_zone_transition_type.MYI to <STDOUT>
160418 20:21:53 [01]        ...done
160418 20:21:53 [01] Streaming ./mysql/db.MYD to <STDOUT>
160418 20:21:53 [01]        ...done
160418 20:21:53 [01] Streaming ./mysql/procs_priv.MYD to <STDOUT>
160418 20:21:53 [01]        ...done
160418 20:21:53 [01] Streaming ./mysql/time_zone_transition.frm to <STDOUT>
160418 20:21:53 [01]        ...done
160418 20:21:53 [00] Streaming test/db.opt
160418 20:21:53 [00]        ...done
160418 20:21:53 [01] Streaming ./sbtest/sbtest38.frm to <STDOUT>
160418 20:21:53 [01]        ...done
160418 20:21:53 [01] Streaming ./sbtest/sbtest37.frm to <STDOUT>
160418 20:21:53 [01]        ...done
160418 20:21:53 [01] Streaming ./sbtest/sbtest1.frm to <STDOUT>
160418 20:21:53 [01]        ...done
160418 20:21:53 [01] Streaming ./sbtest/sbtest22.frm to <STDOUT>
160418 20:21:53 [01]        ...done
160418 20:21:53 [01] Streaming ./sbtest/sbtest8.frm to <STDOUT>
160418 20:21:53 [01]        ...done
160418 20:21:53 [01] Streaming ./sbtest/sbtest43.frm to <STDOUT>
160418 20:21:53 [01]        ...done
160418 20:21:53 [01] Streaming ./sbtest/sbtest51.frm to <STDOUT>
160418 20:21:53 [01]        ...done
160418 20:21:53 [01] Streaming ./sbtest/sbtest52.frm to <STDOUT>
160418 20:21:53 [01]        ...done
160418 20:21:53 [01] Streaming ./sbtest/sbtest47.frm to <STDOUT>
160418 20:21:53 [01]        ...done
160418 20:21:53 [01] Streaming ./sbtest/sbtest2.frm to <STDOUT>
160418 20:21:53 [01]        ...done
160418 20:21:53 [01] Streaming ./sbtest/sbtest12.frm to <STDOUT>
160418 20:21:53 [01]        ...done
160418 20:21:53 [01] Streaming ./sbtest/db.opt to <STDOUT>
160418 20:21:53 [01]        ...done
160418 20:21:53 [01] Streaming ./sbtest/sbtest27.frm to <STDOUT>
160418 20:21:53 [01]        ...done
160418 20:21:53 [01] Streaming ./sbtest/sbtest7.frm to <STDOUT>
160418 20:21:53 [01]        ...done
160418 20:21:53 [01] Streaming ./sbtest/sbtest31.frm to <STDOUT>
160418 20:21:53 [01]        ...done
160418 20:21:53 [01] Streaming ./sbtest/sbtest20.frm to <STDOUT>
160418 20:21:53 [01]        ...done
160418 20:21:53 [01] Streaming ./sbtest/sbtest11.frm to <STDOUT>
160418 20:21:53 [01]        ...done
160418 20:21:53 [01] Streaming ./sbtest/sbtest26.frm to <STDOUT>
160418 20:21:53 [01]        ...done
160418 20:21:53 [01] Streaming ./sbtest/sbtest4.frm to <STDOUT>
160418 20:21:53 [01]        ...done
160418 20:21:53 [01] Streaming ./sbtest/sbtest39.frm to <STDOUT>
160418 20:21:53 [01]        ...done
160418 20:21:53 [01] Streaming ./sbtest/sbtest32.frm to <STDOUT>
160418 20:21:53 [01]        ...done
160418 20:21:53 [01] Streaming ./sbtest/sbtest57.frm to <STDOUT>
160418 20:21:53 [01]        ...done
160418 20:21:53 [01] Streaming ./sbtest/sbtest59.frm to <STDOUT>
160418 20:21:53 [01]        ...done
160418 20:21:53 [01] Streaming ./sbtest/sbtest25.frm to <STDOUT>
160418 20:21:53 [01]        ...done
160418 20:21:53 [01] Streaming ./sbtest/sbtest23.frm to <STDOUT>
160418 20:21:53 [01]        ...done
160418 20:21:53 [01] Streaming ./sbtest/sbtest28.frm to <STDOUT>
160418 20:21:53 [01]        ...done
160418 20:21:53 [01] Streaming ./sbtest/sbtest24.frm to <STDOUT>
160418 20:21:53 [01]        ...done
160418 20:21:53 [01] Streaming ./sbtest/sbtest3.frm to <STDOUT>
160418 20:21:53 [01]        ...done
160418 20:21:53 [01] Streaming ./sbtest/sbtest33.frm to <STDOUT>
160418 20:21:53 [01]        ...done
160418 20:21:53 [01] Streaming ./sbtest/sbtest53.frm to <STDOUT>
160418 20:21:53 [01]        ...done
160418 20:21:53 [01] Streaming ./sbtest/sbtest14.frm to <STDOUT>
160418 20:21:53 [01]        ...done
160418 20:21:53 [01] Streaming ./sbtest/sbtest49.frm to <STDOUT>
160418 20:21:53 [01]        ...done
160418 20:21:53 [01] Streaming ./sbtest/sbtest55.frm to <STDOUT>
160418 20:21:53 [01]        ...done
160418 20:21:53 [01] Streaming ./sbtest/sbtest36.frm to <STDOUT>
160418 20:21:53 [01]        ...done
160418 20:21:53 [01] Streaming ./sbtest/sbtest30.frm to <STDOUT>
160418 20:21:53 [01]        ...done
160418 20:21:53 [01] Streaming ./sbtest/sbtest40.frm to <STDOUT>
160418 20:21:53 [01]        ...done
160418 20:21:53 [01] Streaming ./sbtest/sbtest13.frm to <STDOUT>
160418 20:21:53 [01]        ...done
160418 20:21:53 [01] Streaming ./sbtest/sbtest56.frm to <STDOUT>
160418 20:21:53 [01]        ...done
160418 20:21:53 [01] Streaming ./sbtest/sbtest19.frm to <STDOUT>
160418 20:21:53 [01]        ...done
160418 20:21:53 [01] Streaming ./sbtest/sbtest46.frm to <STDOUT>
160418 20:21:53 [01]        ...done
160418 20:21:53 [01] Streaming ./sbtest/sbtest9.frm to <STDOUT>
160418 20:21:53 [01]        ...done
160418 20:21:53 [01] Streaming ./sbtest/sbtest50.frm to <STDOUT>
160418 20:21:53 [01]        ...done
160418 20:21:53 [01] Streaming ./sbtest/sbtest6.frm to <STDOUT>
160418 20:21:53 [01]        ...done
160418 20:21:53 [01] Streaming ./sbtest/sbtest29.frm to <STDOUT>
160418 20:21:53 [01]        ...done
160418 20:21:53 [01] Streaming ./sbtest/sbtest48.frm to <STDOUT>
160418 20:21:53 [01]        ...done
160418 20:21:53 [01] Streaming ./sbtest/sbtest41.frm to <STDOUT>
160418 20:21:53 [01]        ...done
160418 20:21:53 [01] Streaming ./sbtest/sbtest10.frm to <STDOUT>
160418 20:21:53 [01]        ...done
160418 20:21:53 [01] Streaming ./sbtest/sbtest34.frm to <STDOUT>
160418 20:21:53 [01]        ...done
160418 20:21:53 [01] Streaming ./sbtest/sbtest60.frm to <STDOUT>
160418 20:21:53 [01]        ...done
160418 20:21:53 [01] Streaming ./sbtest/sbtest17.frm to <STDOUT>
160418 20:21:53 [01]        ...done
160418 20:21:53 [01] Streaming ./sbtest/sbtest15.frm to <STDOUT>
160418 20:21:53 [01]        ...done
160418 20:21:53 [01] Streaming ./sbtest/sbtest58.frm to <STDOUT>
160418 20:21:53 [01]        ...done
160418 20:21:53 [01] Streaming ./sbtest/sbtest45.frm to <STDOUT>
160418 20:21:53 [01]        ...done
160418 20:21:53 [01] Streaming ./sbtest/sbtest18.frm to <STDOUT>
160418 20:21:53 [01]        ...done
160418 20:21:53 [01] Streaming ./sbtest/sbtest44.frm to <STDOUT>
160418 20:21:53 [01]        ...done
160418 20:21:53 [01] Streaming ./sbtest/sbtest42.frm to <STDOUT>
160418 20:21:53 [01]        ...done
160418 20:21:53 [01] Streaming ./sbtest/sbtest54.frm to <STDOUT>
160418 20:21:53 [01]        ...done
160418 20:21:53 [01] Streaming ./sbtest/sbtest35.frm to <STDOUT>
160418 20:21:53 [01]        ...done
160418 20:21:53 [01] Streaming ./sbtest/sbtest21.frm to <STDOUT>
160418 20:21:53 [01]        ...done
160418 20:21:53 [01] Streaming ./sbtest/sbtest5.frm to <STDOUT>
160418 20:21:53 [01]        ...done
160418 20:21:53 [01] Streaming ./sbtest/sbtest16.frm to <STDOUT>
160418 20:21:53 [01]        ...done
160418 20:21:53 [01] Streaming ./lost@002bfound/db.opt to <STDOUT>
160418 20:21:53 [01]        ...done
160418 20:21:53 Finished backing up non-InnoDB tables and files
160418 20:21:53 Executing LOCK BINLOG FOR BACKUP...
160418 20:21:53 Executing FLUSH NO_WRITE_TO_BINLOG ENGINE LOGS...
xtrabackup: The latest check point (for incremental): '8070813042'
xtrabackup: Stopping log copying thread.
.160418 20:21:53 >> log scanned up to (8070813042)

160418 20:21:53 Executing UNLOCK BINLOG
160418 20:21:53 Executing UNLOCK TABLES
160418 20:21:53 All tables unlocked
160418 20:21:53 Backup created in directory '/tmp'
160418 20:21:53 [00] Streaming backup-my.cnf
160418 20:21:53 [00]        ...done
160418 20:21:53 [00] Streaming xtrabackup_info
160418 20:21:53 [00]        ...done
xtrabackup: Transaction log of lsn (8070813042) to (8070813042) was copied.
160418 20:21:53 completed OK!
/home/ubuntu
