160418 19:41:18 innobackupex: Starting the backup operation

IMPORTANT: Please check that the backup run completes successfully.
           At the end of a successful backup run innobackupex
           prints "completed OK!".

160418 19:41:18  version_check Connecting to MySQL server with DSN 'dbi:mysql:;mysql_read_default_group=xtrabackup;port=3306;mysql_socket=/var/run/mysqld/mysqld.sock' as 'root'  (using password: NO).
160418 19:41:18  version_check Connected to MySQL server
160418 19:41:18  version_check Executing a version check against the server...
160418 19:41:18  version_check Done.
160418 19:41:18 Connecting to MySQL server host: localhost, user: root, password: not set, port: 3306, socket: /var/run/mysqld/mysqld.sock
Using server version 5.6.29-76.2
innobackupex version 2.4.2 based on MySQL server 5.7.11 Linux (x86_64) (revision id: 8e86a84)
xtrabackup: uses posix_fadvise().
xtrabackup: cd to /var/lib/mysql
xtrabackup: open files limit requested 0, set to 1024
xtrabackup: using the following InnoDB configuration:
xtrabackup:   innodb_data_home_dir = .
xtrabackup:   innodb_data_file_path = ibdata1:12M:autoextend
xtrabackup:   innodb_log_group_home_dir = .
xtrabackup:   innodb_log_files_in_group = 2
xtrabackup:   innodb_log_file_size = 50331648
InnoDB: Number of pools: 1
xtrabackup: warning: the --parallel option does not have any effect when streaming in the 'tar' format. You can use the 'xbstream' format instead.
160418 19:41:18 >> log scanned up to (8070813042)
xtrabackup: Generating a list of tablespaces
InnoDB: Allocated tablespace ID 1 for mysql/innodb_table_stats, old maximum was 0
160418 19:41:19 [01] Streaming ./ibdata1
160418 19:41:19 >> log scanned up to (8070813042)
160418 19:41:20 [01]        ...done
160418 19:41:20 [01] Streaming ./mysql/innodb_table_stats.ibd
160418 19:41:20 [01]        ...done
160418 19:41:20 [01] Streaming ./mysql/slave_relay_log_info.ibd
160418 19:41:20 [01]        ...done
160418 19:41:20 [01] Streaming ./mysql/slave_worker_info.ibd
160418 19:41:20 [01]        ...done
160418 19:41:20 [01] Streaming ./mysql/slave_master_info.ibd
160418 19:41:20 [01]        ...done
160418 19:41:20 [01] Streaming ./mysql/innodb_index_stats.ibd
160418 19:41:20 [01]        ...done
160418 19:41:20 [01] Streaming ./sbtest/sbtest52.ibd
160418 19:41:20 >> log scanned up to (8070813042)
160418 19:41:21 >> log scanned up to (8070813042)
160418 19:41:22 >> log scanned up to (8070813042)
160418 19:41:23 >> log scanned up to (8070813042)
160418 19:41:24 >> log scanned up to (8070813042)
160418 19:41:25 >> log scanned up to (8070813042)
160418 19:41:26 >> log scanned up to (8070813042)
160418 19:41:27 >> log scanned up to (8070813042)
160418 19:41:28 [01]        ...done
160418 19:41:28 [01] Streaming ./sbtest/sbtest47.ibd
160418 19:41:28 >> log scanned up to (8070813042)
160418 19:41:29 >> log scanned up to (8070813042)
160418 19:41:30 >> log scanned up to (8070813042)
160418 19:41:31 >> log scanned up to (8070813042)
160418 19:41:32 >> log scanned up to (8070813042)
160418 19:41:33 >> log scanned up to (8070813042)
160418 19:41:34 >> log scanned up to (8070813042)
160418 19:41:35 [01]        ...done
160418 19:41:35 [01] Streaming ./sbtest/sbtest9.ibd
160418 19:41:35 >> log scanned up to (8070813042)
160418 19:41:36 >> log scanned up to (8070813042)
160418 19:41:37 >> log scanned up to (8070813042)
160418 19:41:38 >> log scanned up to (8070813042)
160418 19:41:39 >> log scanned up to (8070813042)
160418 19:41:40 >> log scanned up to (8070813042)
160418 19:41:41 >> log scanned up to (8070813042)
160418 19:41:42 >> log scanned up to (8070813042)
160418 19:41:43 [01]        ...done
160418 19:41:43 [01] Streaming ./sbtest/sbtest53.ibd
160418 19:41:43 >> log scanned up to (8070813042)
160418 19:41:44 >> log scanned up to (8070813042)
160418 19:41:45 >> log scanned up to (8070813042)
160418 19:41:46 >> log scanned up to (8070813042)
160418 19:41:47 >> log scanned up to (8070813042)
160418 19:41:48 >> log scanned up to (8070813042)
160418 19:41:49 >> log scanned up to (8070813042)
160418 19:41:50 >> log scanned up to (8070813042)
160418 19:41:51 [01]        ...done
160418 19:41:51 [01] Streaming ./sbtest/sbtest27.ibd
160418 19:41:51 >> log scanned up to (8070813042)
160418 19:41:52 >> log scanned up to (8070813042)
160418 19:41:53 >> log scanned up to (8070813042)
160418 19:41:54 >> log scanned up to (8070813042)
160418 19:41:55 >> log scanned up to (8070813042)
160418 19:41:56 >> log scanned up to (8070813042)
160418 19:41:57 >> log scanned up to (8070813042)
160418 19:41:58 >> log scanned up to (8070813042)
160418 19:41:59 [01]        ...done
160418 19:41:59 [01] Streaming ./sbtest/sbtest50.ibd
160418 19:41:59 >> log scanned up to (8070813042)
160418 19:42:00 >> log scanned up to (8070813042)
160418 19:42:01 >> log scanned up to (8070813042)
160418 19:42:02 >> log scanned up to (8070813042)
160418 19:42:03 >> log scanned up to (8070813042)
160418 19:42:04 >> log scanned up to (8070813042)
160418 19:42:05 >> log scanned up to (8070813042)
160418 19:42:06 >> log scanned up to (8070813042)
160418 19:42:07 [01]        ...done
160418 19:42:07 [01] Streaming ./sbtest/sbtest16.ibd
160418 19:42:07 >> log scanned up to (8070813042)
160418 19:42:08 >> log scanned up to (8070813042)
160418 19:42:09 >> log scanned up to (8070813042)
160418 19:42:10 >> log scanned up to (8070813042)
160418 19:42:11 >> log scanned up to (8070813042)
160418 19:42:12 >> log scanned up to (8070813042)
160418 19:42:13 >> log scanned up to (8070813042)
160418 19:42:14 [01]        ...done
160418 19:42:14 [01] Streaming ./sbtest/sbtest21.ibd
160418 19:42:14 >> log scanned up to (8070813042)
160418 19:42:15 >> log scanned up to (8070813042)
160418 19:42:16 >> log scanned up to (8070813042)
160418 19:42:17 >> log scanned up to (8070813042)
160418 19:42:18 >> log scanned up to (8070813042)
160418 19:42:19 >> log scanned up to (8070813042)
160418 19:42:20 >> log scanned up to (8070813042)
160418 19:42:21 >> log scanned up to (8070813042)
160418 19:42:22 [01]        ...done
160418 19:42:22 [01] Streaming ./sbtest/sbtest48.ibd
160418 19:42:22 >> log scanned up to (8070813042)
160418 19:42:23 >> log scanned up to (8070813042)
160418 19:42:24 >> log scanned up to (8070813042)
160418 19:42:25 >> log scanned up to (8070813042)
160418 19:42:26 >> log scanned up to (8070813042)
160418 19:42:27 >> log scanned up to (8070813042)
160418 19:42:28 >> log scanned up to (8070813042)
160418 19:42:29 >> log scanned up to (8070813042)
160418 19:42:30 [01]        ...done
160418 19:42:30 [01] Streaming ./sbtest/sbtest33.ibd
160418 19:42:30 >> log scanned up to (8070813042)
160418 19:42:31 >> log scanned up to (8070813042)
160418 19:42:32 >> log scanned up to (8070813042)
160418 19:42:33 >> log scanned up to (8070813042)
160418 19:42:34 >> log scanned up to (8070813042)
160418 19:42:35 >> log scanned up to (8070813042)
160418 19:42:36 >> log scanned up to (8070813042)
160418 19:42:37 >> log scanned up to (8070813042)
160418 19:42:38 [01]        ...done
160418 19:42:38 [01] Streaming ./sbtest/sbtest5.ibd
160418 19:42:38 >> log scanned up to (8070813042)
160418 19:42:39 >> log scanned up to (8070813042)
160418 19:42:40 >> log scanned up to (8070813042)
160418 19:42:41 >> log scanned up to (8070813042)
160418 19:42:42 >> log scanned up to (8070813042)
160418 19:42:43 >> log scanned up to (8070813042)
160418 19:42:44 >> log scanned up to (8070813042)
160418 19:42:45 >> log scanned up to (8070813042)
160418 19:42:46 [01]        ...done
160418 19:42:46 [01] Streaming ./sbtest/sbtest43.ibd
160418 19:42:46 >> log scanned up to (8070813042)
160418 19:42:47 >> log scanned up to (8070813042)
160418 19:42:48 >> log scanned up to (8070813042)
160418 19:42:49 >> log scanned up to (8070813042)
160418 19:42:50 >> log scanned up to (8070813042)
160418 19:42:51 >> log scanned up to (8070813042)
160418 19:42:52 >> log scanned up to (8070813042)
160418 19:42:53 [01]        ...done
160418 19:42:53 [01] Streaming ./sbtest/sbtest31.ibd
160418 19:42:53 >> log scanned up to (8070813042)
160418 19:42:54 >> log scanned up to (8070813042)
160418 19:42:55 >> log scanned up to (8070813042)
160418 19:42:56 >> log scanned up to (8070813042)
160418 19:42:57 >> log scanned up to (8070813042)
160418 19:42:58 >> log scanned up to (8070813042)
160418 19:42:59 >> log scanned up to (8070813042)
160418 19:43:00 >> log scanned up to (8070813042)
160418 19:43:01 [01]        ...done
160418 19:43:01 [01] Streaming ./sbtest/sbtest35.ibd
160418 19:43:01 >> log scanned up to (8070813042)
160418 19:43:02 >> log scanned up to (8070813042)
160418 19:43:03 >> log scanned up to (8070813042)
160418 19:43:04 >> log scanned up to (8070813042)
160418 19:43:05 >> log scanned up to (8070813042)
160418 19:43:06 >> log scanned up to (8070813042)
160418 19:43:07 >> log scanned up to (8070813042)
160418 19:43:08 >> log scanned up to (8070813042)
160418 19:43:09 [01]        ...done
160418 19:43:09 [01] Streaming ./sbtest/sbtest26.ibd
160418 19:43:09 >> log scanned up to (8070813042)
160418 19:43:10 >> log scanned up to (8070813042)
160418 19:43:11 >> log scanned up to (8070813042)
160418 19:43:12 >> log scanned up to (8070813042)
160418 19:43:13 >> log scanned up to (8070813042)
160418 19:43:14 >> log scanned up to (8070813042)
160418 19:43:15 >> log scanned up to (8070813042)
160418 19:43:16 >> log scanned up to (8070813042)
160418 19:43:17 [01]        ...done
160418 19:43:17 [01] Streaming ./sbtest/sbtest10.ibd
160418 19:43:17 >> log scanned up to (8070813042)
160418 19:43:18 >> log scanned up to (8070813042)
160418 19:43:19 >> log scanned up to (8070813042)
160418 19:43:20 >> log scanned up to (8070813042)
160418 19:43:21 >> log scanned up to (8070813042)
160418 19:43:22 >> log scanned up to (8070813042)
160418 19:43:23 >> log scanned up to (8070813042)
160418 19:43:24 >> log scanned up to (8070813042)
160418 19:43:25 [01]        ...done
160418 19:43:25 [01] Streaming ./sbtest/sbtest23.ibd
160418 19:43:25 >> log scanned up to (8070813042)
160418 19:43:26 >> log scanned up to (8070813042)
160418 19:43:27 >> log scanned up to (8070813042)
160418 19:43:28 >> log scanned up to (8070813042)
160418 19:43:29 >> log scanned up to (8070813042)
160418 19:43:30 >> log scanned up to (8070813042)
160418 19:43:31 >> log scanned up to (8070813042)
160418 19:43:32 >> log scanned up to (8070813042)
160418 19:43:33 [01]        ...done
160418 19:43:33 [01] Streaming ./sbtest/sbtest32.ibd
160418 19:43:33 >> log scanned up to (8070813042)
160418 19:43:34 >> log scanned up to (8070813042)
160418 19:43:35 >> log scanned up to (8070813042)
160418 19:43:36 >> log scanned up to (8070813042)
160418 19:43:37 >> log scanned up to (8070813042)
160418 19:43:38 >> log scanned up to (8070813042)
160418 19:43:39 >> log scanned up to (8070813042)
160418 19:43:40 >> log scanned up to (8070813042)
160418 19:43:41 [01]        ...done
160418 19:43:41 [01] Streaming ./sbtest/sbtest60.ibd
160418 19:43:41 >> log scanned up to (8070813042)
160418 19:43:42 >> log scanned up to (8070813042)
160418 19:43:43 >> log scanned up to (8070813042)
160418 19:43:44 >> log scanned up to (8070813042)
160418 19:43:45 >> log scanned up to (8070813042)
160418 19:43:46 >> log scanned up to (8070813042)
160418 19:43:47 >> log scanned up to (8070813042)
160418 19:43:48 [01]        ...done
160418 19:43:48 [01] Streaming ./sbtest/sbtest14.ibd
160418 19:43:48 >> log scanned up to (8070813042)
160418 19:43:49 >> log scanned up to (8070813042)
160418 19:43:50 >> log scanned up to (8070813042)
160418 19:43:51 >> log scanned up to (8070813042)
160418 19:43:52 >> log scanned up to (8070813042)
160418 19:43:53 >> log scanned up to (8070813042)
160418 19:43:54 >> log scanned up to (8070813042)
160418 19:43:55 >> log scanned up to (8070813042)
160418 19:43:56 [01]        ...done
160418 19:43:56 [01] Streaming ./sbtest/sbtest51.ibd
160418 19:43:56 >> log scanned up to (8070813042)
160418 19:43:57 >> log scanned up to (8070813042)
160418 19:43:58 >> log scanned up to (8070813042)
160418 19:43:59 >> log scanned up to (8070813042)
160418 19:44:00 >> log scanned up to (8070813042)
160418 19:44:01 >> log scanned up to (8070813042)
160418 19:44:02 >> log scanned up to (8070813042)
160418 19:44:03 >> log scanned up to (8070813042)
160418 19:44:04 [01]        ...done
160418 19:44:04 [01] Streaming ./sbtest/sbtest55.ibd
160418 19:44:04 >> log scanned up to (8070813042)
160418 19:44:05 >> log scanned up to (8070813042)
160418 19:44:06 >> log scanned up to (8070813042)
160418 19:44:07 >> log scanned up to (8070813042)
160418 19:44:08 >> log scanned up to (8070813042)
160418 19:44:09 >> log scanned up to (8070813042)
160418 19:44:10 >> log scanned up to (8070813042)
160418 19:44:11 >> log scanned up to (8070813042)
160418 19:44:12 [01]        ...done
160418 19:44:12 [01] Streaming ./sbtest/sbtest37.ibd
160418 19:44:12 >> log scanned up to (8070813042)
160418 19:44:13 >> log scanned up to (8070813042)
160418 19:44:14 >> log scanned up to (8070813042)
160418 19:44:15 >> log scanned up to (8070813042)
160418 19:44:16 >> log scanned up to (8070813042)
160418 19:44:17 >> log scanned up to (8070813042)
160418 19:44:18 >> log scanned up to (8070813042)
160418 19:44:19 >> log scanned up to (8070813042)
160418 19:44:20 [01]        ...done
160418 19:44:20 [01] Streaming ./sbtest/sbtest46.ibd
160418 19:44:20 >> log scanned up to (8070813042)
160418 19:44:21 >> log scanned up to (8070813042)
160418 19:44:22 >> log scanned up to (8070813042)
160418 19:44:23 >> log scanned up to (8070813042)
160418 19:44:24 >> log scanned up to (8070813042)
160418 19:44:25 >> log scanned up to (8070813042)
160418 19:44:26 >> log scanned up to (8070813042)
160418 19:44:27 [01]        ...done
160418 19:44:27 [01] Streaming ./sbtest/sbtest30.ibd
160418 19:44:27 >> log scanned up to (8070813042)
160418 19:44:28 >> log scanned up to (8070813042)
160418 19:44:29 >> log scanned up to (8070813042)
160418 19:44:30 >> log scanned up to (8070813042)
160418 19:44:31 >> log scanned up to (8070813042)
160418 19:44:32 >> log scanned up to (8070813042)
160418 19:44:33 >> log scanned up to (8070813042)
160418 19:44:34 >> log scanned up to (8070813042)
160418 19:44:35 [01]        ...done
160418 19:44:35 [01] Streaming ./sbtest/sbtest17.ibd
160418 19:44:35 >> log scanned up to (8070813042)
160418 19:44:36 >> log scanned up to (8070813042)
160418 19:44:37 >> log scanned up to (8070813042)
160418 19:44:39 >> log scanned up to (8070813042)
160418 19:44:40 >> log scanned up to (8070813042)
160418 19:44:41 >> log scanned up to (8070813042)
160418 19:44:42 >> log scanned up to (8070813042)
160418 19:44:43 >> log scanned up to (8070813042)
160418 19:44:43 [01]        ...done
160418 19:44:43 [01] Streaming ./sbtest/sbtest42.ibd
160418 19:44:44 >> log scanned up to (8070813042)
160418 19:44:45 >> log scanned up to (8070813042)
160418 19:44:46 >> log scanned up to (8070813042)
160418 19:44:47 >> log scanned up to (8070813042)
160418 19:44:48 >> log scanned up to (8070813042)
160418 19:44:49 >> log scanned up to (8070813042)
160418 19:44:50 >> log scanned up to (8070813042)
160418 19:44:51 >> log scanned up to (8070813042)
160418 19:44:51 [01]        ...done
160418 19:44:51 [01] Streaming ./sbtest/sbtest41.ibd
160418 19:44:52 >> log scanned up to (8070813042)
160418 19:44:53 >> log scanned up to (8070813042)
160418 19:44:54 >> log scanned up to (8070813042)
160418 19:44:55 >> log scanned up to (8070813042)
160418 19:44:56 >> log scanned up to (8070813042)
160418 19:44:57 >> log scanned up to (8070813042)
160418 19:44:58 >> log scanned up to (8070813042)
160418 19:44:58 [01]        ...done
160418 19:44:58 [01] Streaming ./sbtest/sbtest20.ibd
160418 19:44:59 >> log scanned up to (8070813042)
160418 19:45:00 >> log scanned up to (8070813042)
160418 19:45:01 >> log scanned up to (8070813042)
160418 19:45:02 >> log scanned up to (8070813042)
160418 19:45:03 >> log scanned up to (8070813042)
160418 19:45:04 >> log scanned up to (8070813042)
160418 19:45:05 >> log scanned up to (8070813042)
160418 19:45:06 >> log scanned up to (8070813042)
160418 19:45:06 [01]        ...done
160418 19:45:06 [01] Streaming ./sbtest/sbtest34.ibd
160418 19:45:07 >> log scanned up to (8070813042)
160418 19:45:08 >> log scanned up to (8070813042)
160418 19:45:09 >> log scanned up to (8070813042)
160418 19:45:10 >> log scanned up to (8070813042)
160418 19:45:11 >> log scanned up to (8070813042)
160418 19:45:12 >> log scanned up to (8070813042)
160418 19:45:13 >> log scanned up to (8070813042)
160418 19:45:14 >> log scanned up to (8070813042)
160418 19:45:14 [01]        ...done
160418 19:45:14 [01] Streaming ./sbtest/sbtest12.ibd
160418 19:45:15 >> log scanned up to (8070813042)
160418 19:45:16 >> log scanned up to (8070813042)
160418 19:45:17 >> log scanned up to (8070813042)
160418 19:45:18 >> log scanned up to (8070813042)
160418 19:45:19 >> log scanned up to (8070813042)
160418 19:45:20 >> log scanned up to (8070813042)
160418 19:45:21 >> log scanned up to (8070813042)
160418 19:45:22 >> log scanned up to (8070813042)
160418 19:45:22 [01]        ...done
160418 19:45:22 [01] Streaming ./sbtest/sbtest19.ibd
160418 19:45:23 >> log scanned up to (8070813042)
160418 19:45:24 >> log scanned up to (8070813042)
160418 19:45:25 >> log scanned up to (8070813042)
160418 19:45:26 >> log scanned up to (8070813042)
160418 19:45:27 >> log scanned up to (8070813042)
160418 19:45:28 >> log scanned up to (8070813042)
160418 19:45:29 >> log scanned up to (8070813042)
160418 19:45:30 >> log scanned up to (8070813042)
160418 19:45:30 [01]        ...done
160418 19:45:30 [01] Streaming ./sbtest/sbtest29.ibd
160418 19:45:31 >> log scanned up to (8070813042)
160418 19:45:32 >> log scanned up to (8070813042)
160418 19:45:33 >> log scanned up to (8070813042)
160418 19:45:34 >> log scanned up to (8070813042)
160418 19:45:35 >> log scanned up to (8070813042)
160418 19:45:36 >> log scanned up to (8070813042)
160418 19:45:37 >> log scanned up to (8070813042)
160418 19:45:37 [01]        ...done
160418 19:45:37 [01] Streaming ./sbtest/sbtest45.ibd
160418 19:45:38 >> log scanned up to (8070813042)
160418 19:45:39 >> log scanned up to (8070813042)
160418 19:45:40 >> log scanned up to (8070813042)
160418 19:45:41 >> log scanned up to (8070813042)
160418 19:45:42 >> log scanned up to (8070813042)
160418 19:45:43 >> log scanned up to (8070813042)
160418 19:45:44 >> log scanned up to (8070813042)
160418 19:45:45 >> log scanned up to (8070813042)
160418 19:45:45 [01]        ...done
160418 19:45:45 [01] Streaming ./sbtest/sbtest13.ibd
160418 19:45:46 >> log scanned up to (8070813042)
160418 19:45:47 >> log scanned up to (8070813042)
160418 19:45:48 >> log scanned up to (8070813042)
160418 19:45:49 >> log scanned up to (8070813042)
160418 19:45:50 >> log scanned up to (8070813042)
160418 19:45:51 >> log scanned up to (8070813042)
160418 19:45:52 >> log scanned up to (8070813042)
160418 19:45:53 >> log scanned up to (8070813042)
160418 19:45:53 [01]        ...done
160418 19:45:53 [01] Streaming ./sbtest/sbtest11.ibd
160418 19:45:54 >> log scanned up to (8070813042)
160418 19:45:55 >> log scanned up to (8070813042)
160418 19:45:56 >> log scanned up to (8070813042)
160418 19:45:57 >> log scanned up to (8070813042)
160418 19:45:58 >> log scanned up to (8070813042)
160418 19:45:59 >> log scanned up to (8070813042)
160418 19:46:00 >> log scanned up to (8070813042)
160418 19:46:01 >> log scanned up to (8070813042)
160418 19:46:01 [01]        ...done
160418 19:46:01 [01] Streaming ./sbtest/sbtest1.ibd
160418 19:46:02 >> log scanned up to (8070813042)
160418 19:46:03 >> log scanned up to (8070813042)
160418 19:46:04 >> log scanned up to (8070813042)
160418 19:46:05 >> log scanned up to (8070813042)
160418 19:46:06 >> log scanned up to (8070813042)
160418 19:46:07 >> log scanned up to (8070813042)
160418 19:46:08 >> log scanned up to (8070813042)
160418 19:46:09 [01]        ...done
160418 19:46:09 [01] Streaming ./sbtest/sbtest28.ibd
160418 19:46:09 >> log scanned up to (8070813042)
160418 19:46:10 >> log scanned up to (8070813042)
160418 19:46:11 >> log scanned up to (8070813042)
160418 19:46:12 >> log scanned up to (8070813042)
160418 19:46:13 >> log scanned up to (8070813042)
160418 19:46:14 >> log scanned up to (8070813042)
160418 19:46:15 >> log scanned up to (8070813042)
160418 19:46:16 >> log scanned up to (8070813042)
160418 19:46:16 [01]        ...done
160418 19:46:16 [01] Streaming ./sbtest/sbtest25.ibd
160418 19:46:17 >> log scanned up to (8070813042)
160418 19:46:18 >> log scanned up to (8070813042)
160418 19:46:19 >> log scanned up to (8070813042)
160418 19:46:20 >> log scanned up to (8070813042)
160418 19:46:21 >> log scanned up to (8070813042)
160418 19:46:22 >> log scanned up to (8070813042)
160418 19:46:23 >> log scanned up to (8070813042)
160418 19:46:24 >> log scanned up to (8070813042)
160418 19:46:24 [01]        ...done
160418 19:46:24 [01] Streaming ./sbtest/sbtest59.ibd
160418 19:46:25 >> log scanned up to (8070813042)
160418 19:46:26 >> log scanned up to (8070813042)
160418 19:46:27 >> log scanned up to (8070813042)
160418 19:46:28 >> log scanned up to (8070813042)
160418 19:46:29 >> log scanned up to (8070813042)
160418 19:46:30 >> log scanned up to (8070813042)
160418 19:46:31 >> log scanned up to (8070813042)
160418 19:46:32 >> log scanned up to (8070813042)
160418 19:46:32 [01]        ...done
160418 19:46:32 [01] Streaming ./sbtest/sbtest7.ibd
160418 19:46:33 >> log scanned up to (8070813042)
160418 19:46:34 >> log scanned up to (8070813042)
160418 19:46:35 >> log scanned up to (8070813042)
160418 19:46:36 >> log scanned up to (8070813042)
160418 19:46:37 >> log scanned up to (8070813042)
160418 19:46:38 >> log scanned up to (8070813042)
160418 19:46:39 >> log scanned up to (8070813042)
160418 19:46:40 >> log scanned up to (8070813042)
160418 19:46:40 [01]        ...done
160418 19:46:40 [01] Streaming ./sbtest/sbtest40.ibd
160418 19:46:41 >> log scanned up to (8070813042)
160418 19:46:42 >> log scanned up to (8070813042)
160418 19:46:43 >> log scanned up to (8070813042)
160418 19:46:44 >> log scanned up to (8070813042)
160418 19:46:45 >> log scanned up to (8070813042)
160418 19:46:46 >> log scanned up to (8070813042)
160418 19:46:47 >> log scanned up to (8070813042)
160418 19:46:47 [01]        ...done
160418 19:46:47 [01] Streaming ./sbtest/sbtest58.ibd
160418 19:46:48 >> log scanned up to (8070813042)
160418 19:46:49 >> log scanned up to (8070813042)
160418 19:46:50 >> log scanned up to (8070813042)
160418 19:46:51 >> log scanned up to (8070813042)
160418 19:46:52 >> log scanned up to (8070813042)
160418 19:46:53 >> log scanned up to (8070813042)
160418 19:46:54 >> log scanned up to (8070813042)
160418 19:46:55 >> log scanned up to (8070813042)
160418 19:46:55 [01]        ...done
160418 19:46:55 [01] Streaming ./sbtest/sbtest18.ibd
160418 19:46:56 >> log scanned up to (8070813042)
160418 19:46:57 >> log scanned up to (8070813042)
160418 19:46:58 >> log scanned up to (8070813042)
160418 19:46:59 >> log scanned up to (8070813042)
160418 19:47:00 >> log scanned up to (8070813042)
160418 19:47:01 >> log scanned up to (8070813042)
160418 19:47:02 >> log scanned up to (8070813042)
160418 19:47:03 >> log scanned up to (8070813042)
160418 19:47:03 [01]        ...done
160418 19:47:03 [01] Streaming ./sbtest/sbtest4.ibd
160418 19:47:04 >> log scanned up to (8070813042)
160418 19:47:05 >> log scanned up to (8070813042)
160418 19:47:06 >> log scanned up to (8070813042)
160418 19:47:07 >> log scanned up to (8070813042)
160418 19:47:08 >> log scanned up to (8070813042)
160418 19:47:09 >> log scanned up to (8070813042)
160418 19:47:10 >> log scanned up to (8070813042)
160418 19:47:11 >> log scanned up to (8070813042)
160418 19:47:11 [01]        ...done
160418 19:47:11 [01] Streaming ./sbtest/sbtest49.ibd
160418 19:47:12 >> log scanned up to (8070813042)
160418 19:47:13 >> log scanned up to (8070813042)
160418 19:47:14 >> log scanned up to (8070813042)
160418 19:47:15 >> log scanned up to (8070813042)
160418 19:47:16 >> log scanned up to (8070813042)
160418 19:47:17 >> log scanned up to (8070813042)
160418 19:47:18 >> log scanned up to (8070813042)
160418 19:47:19 >> log scanned up to (8070813042)
160418 19:47:19 [01]        ...done
160418 19:47:19 [01] Streaming ./sbtest/sbtest2.ibd
160418 19:47:20 >> log scanned up to (8070813042)
160418 19:47:21 >> log scanned up to (8070813042)
160418 19:47:22 >> log scanned up to (8070813042)
160418 19:47:23 >> log scanned up to (8070813042)
160418 19:47:24 >> log scanned up to (8070813042)
160418 19:47:25 >> log scanned up to (8070813042)
160418 19:47:26 >> log scanned up to (8070813042)
160418 19:47:26 [01]        ...done
160418 19:47:26 [01] Streaming ./sbtest/sbtest8.ibd
160418 19:47:27 >> log scanned up to (8070813042)
160418 19:47:28 >> log scanned up to (8070813042)
160418 19:47:29 >> log scanned up to (8070813042)
160418 19:47:30 >> log scanned up to (8070813042)
160418 19:47:31 >> log scanned up to (8070813042)
160418 19:47:32 >> log scanned up to (8070813042)
160418 19:47:33 >> log scanned up to (8070813042)
160418 19:47:34 >> log scanned up to (8070813042)
160418 19:47:34 [01]        ...done
160418 19:47:34 [01] Streaming ./sbtest/sbtest56.ibd
160418 19:47:35 >> log scanned up to (8070813042)
160418 19:47:36 >> log scanned up to (8070813042)
160418 19:47:37 >> log scanned up to (8070813042)
160418 19:47:38 >> log scanned up to (8070813042)
160418 19:47:39 >> log scanned up to (8070813042)
160418 19:47:40 >> log scanned up to (8070813042)
160418 19:47:41 >> log scanned up to (8070813042)
160418 19:47:42 >> log scanned up to (8070813042)
160418 19:47:42 [01]        ...done
160418 19:47:42 [01] Streaming ./sbtest/sbtest57.ibd
160418 19:47:43 >> log scanned up to (8070813042)
160418 19:47:44 >> log scanned up to (8070813042)
160418 19:47:45 >> log scanned up to (8070813042)
160418 19:47:46 >> log scanned up to (8070813042)
160418 19:47:47 >> log scanned up to (8070813042)
160418 19:47:48 >> log scanned up to (8070813042)
160418 19:47:49 >> log scanned up to (8070813042)
160418 19:47:50 >> log scanned up to (8070813042)
160418 19:47:50 [01]        ...done
160418 19:47:50 [01] Streaming ./sbtest/sbtest39.ibd
160418 19:47:51 >> log scanned up to (8070813042)
160418 19:47:52 >> log scanned up to (8070813042)
160418 19:47:53 >> log scanned up to (8070813042)
160418 19:47:54 >> log scanned up to (8070813042)
160418 19:47:55 >> log scanned up to (8070813042)
160418 19:47:56 >> log scanned up to (8070813042)
160418 19:47:57 >> log scanned up to (8070813042)
160418 19:47:57 [01]        ...done
160418 19:47:57 [01] Streaming ./sbtest/sbtest38.ibd
160418 19:47:58 >> log scanned up to (8070813042)
160418 19:47:59 >> log scanned up to (8070813042)
160418 19:48:00 >> log scanned up to (8070813042)
160418 19:48:01 >> log scanned up to (8070813042)
160418 19:48:02 >> log scanned up to (8070813042)
160418 19:48:03 >> log scanned up to (8070813042)
160418 19:48:04 >> log scanned up to (8070813042)
160418 19:48:05 >> log scanned up to (8070813042)
160418 19:48:05 [01]        ...done
160418 19:48:05 [01] Streaming ./sbtest/sbtest3.ibd
160418 19:48:06 >> log scanned up to (8070813042)
160418 19:48:07 >> log scanned up to (8070813042)
160418 19:48:08 >> log scanned up to (8070813042)
160418 19:48:09 >> log scanned up to (8070813042)
160418 19:48:10 >> log scanned up to (8070813042)
160418 19:48:11 >> log scanned up to (8070813042)
160418 19:48:12 >> log scanned up to (8070813042)
160418 19:48:13 >> log scanned up to (8070813042)
160418 19:48:13 [01]        ...done
160418 19:48:13 [01] Streaming ./sbtest/sbtest24.ibd
160418 19:48:14 >> log scanned up to (8070813042)
160418 19:48:15 >> log scanned up to (8070813042)
160418 19:48:16 >> log scanned up to (8070813042)
160418 19:48:17 >> log scanned up to (8070813042)
160418 19:48:18 >> log scanned up to (8070813042)
160418 19:48:19 >> log scanned up to (8070813042)
160418 19:48:20 >> log scanned up to (8070813042)
160418 19:48:21 >> log scanned up to (8070813042)
160418 19:48:21 [01]        ...done
160418 19:48:21 [01] Streaming ./sbtest/sbtest15.ibd
160418 19:48:22 >> log scanned up to (8070813042)
160418 19:48:23 >> log scanned up to (8070813042)
160418 19:48:24 >> log scanned up to (8070813042)
160418 19:48:25 >> log scanned up to (8070813042)
160418 19:48:26 >> log scanned up to (8070813042)
160418 19:48:27 >> log scanned up to (8070813042)
160418 19:48:28 >> log scanned up to (8070813042)
160418 19:48:29 >> log scanned up to (8070813042)
160418 19:48:29 [01]        ...done
160418 19:48:29 [01] Streaming ./sbtest/sbtest44.ibd
160418 19:48:30 >> log scanned up to (8070813042)
160418 19:48:31 >> log scanned up to (8070813042)
160418 19:48:32 >> log scanned up to (8070813042)
160418 19:48:33 >> log scanned up to (8070813042)
160418 19:48:34 >> log scanned up to (8070813042)
160418 19:48:35 >> log scanned up to (8070813042)
160418 19:48:36 >> log scanned up to (8070813042)
160418 19:48:36 [01]        ...done
160418 19:48:36 [01] Streaming ./sbtest/sbtest6.ibd
160418 19:48:37 >> log scanned up to (8070813042)
160418 19:48:38 >> log scanned up to (8070813042)
160418 19:48:39 >> log scanned up to (8070813042)
160418 19:48:40 >> log scanned up to (8070813042)
160418 19:48:41 >> log scanned up to (8070813042)
160418 19:48:42 >> log scanned up to (8070813042)
160418 19:48:43 >> log scanned up to (8070813042)
160418 19:48:44 >> log scanned up to (8070813042)
160418 19:48:44 [01]        ...done
160418 19:48:44 [01] Streaming ./sbtest/sbtest22.ibd
160418 19:48:45 >> log scanned up to (8070813042)
160418 19:48:46 >> log scanned up to (8070813042)
160418 19:48:47 >> log scanned up to (8070813042)
160418 19:48:48 >> log scanned up to (8070813042)
160418 19:48:49 >> log scanned up to (8070813042)
160418 19:48:50 >> log scanned up to (8070813042)
160418 19:48:51 >> log scanned up to (8070813042)
160418 19:48:52 >> log scanned up to (8070813042)
160418 19:48:52 [01]        ...done
160418 19:48:52 [01] Streaming ./sbtest/sbtest54.ibd
160418 19:48:53 >> log scanned up to (8070813042)
160418 19:48:54 >> log scanned up to (8070813042)
160418 19:48:55 >> log scanned up to (8070813042)
160418 19:48:56 >> log scanned up to (8070813042)
160418 19:48:57 >> log scanned up to (8070813042)
160418 19:48:58 >> log scanned up to (8070813042)
160418 19:48:59 >> log scanned up to (8070813042)
160418 19:49:00 >> log scanned up to (8070813042)
160418 19:49:00 [01]        ...done
160418 19:49:00 [01] Streaming ./sbtest/sbtest36.ibd
160418 19:49:01 >> log scanned up to (8070813042)
160418 19:49:02 >> log scanned up to (8070813042)
160418 19:49:03 >> log scanned up to (8070813042)
160418 19:49:04 >> log scanned up to (8070813042)
160418 19:49:05 >> log scanned up to (8070813042)
160418 19:49:06 >> log scanned up to (8070813042)
160418 19:49:07 >> log scanned up to (8070813042)
160418 19:49:08 >> log scanned up to (8070813042)
160418 19:49:08 [01]        ...done
160418 19:49:08 Executing LOCK TABLES FOR BACKUP...
160418 19:49:08 Starting to backup non-InnoDB tables and files
160418 19:49:08 [01] Streaming ./performance_schema/events_stages_current.frm to <STDOUT>
160418 19:49:08 [01]        ...done
160418 19:49:08 [01] Streaming ./performance_schema/events_waits_summary_by_account_by_event_name.frm to <STDOUT>
160418 19:49:08 [01]        ...done
160418 19:49:08 [01] Streaming ./performance_schema/events_waits_summary_by_thread_by_event_name.frm to <STDOUT>
160418 19:49:08 [01]        ...done
160418 19:49:08 [01] Streaming ./performance_schema/performance_timers.frm to <STDOUT>
160418 19:49:08 [01]        ...done
160418 19:49:08 [01] Streaming ./performance_schema/events_stages_summary_by_host_by_event_name.frm to <STDOUT>
160418 19:49:08 [01]        ...done
160418 19:49:08 [01] Streaming ./performance_schema/socket_summary_by_event_name.frm to <STDOUT>
160418 19:49:08 [01]        ...done
160418 19:49:08 [01] Streaming ./performance_schema/users.frm to <STDOUT>
160418 19:49:08 [01]        ...done
160418 19:49:08 [01] Streaming ./performance_schema/table_io_waits_summary_by_index_usage.frm to <STDOUT>
160418 19:49:08 [01]        ...done
160418 19:49:08 [01] Streaming ./performance_schema/db.opt to <STDOUT>
160418 19:49:08 [01]        ...done
160418 19:49:08 [01] Streaming ./performance_schema/events_waits_history_long.frm to <STDOUT>
160418 19:49:08 [01]        ...done
160418 19:49:08 [01] Streaming ./performance_schema/events_statements_summary_by_account_by_event_name.frm to <STDOUT>
160418 19:49:08 [01]        ...done
160418 19:49:08 [01] Streaming ./performance_schema/events_waits_summary_global_by_event_name.frm to <STDOUT>
160418 19:49:08 [01]        ...done
160418 19:49:08 [01] Streaming ./performance_schema/events_waits_summary_by_user_by_event_name.frm to <STDOUT>
160418 19:49:08 [01]        ...done
160418 19:49:08 [01] Streaming ./performance_schema/events_stages_summary_global_by_event_name.frm to <STDOUT>
160418 19:49:08 [01]        ...done
160418 19:49:08 [01] Streaming ./performance_schema/events_statements_summary_by_user_by_event_name.frm to <STDOUT>
160418 19:49:08 [01]        ...done
160418 19:49:08 [01] Streaming ./performance_schema/events_stages_history_long.frm to <STDOUT>
160418 19:49:08 [01]        ...done
160418 19:49:08 [01] Streaming ./performance_schema/events_statements_summary_by_digest.frm to <STDOUT>
160418 19:49:08 [01]        ...done
160418 19:49:08 [01] Streaming ./performance_schema/file_instances.frm to <STDOUT>
160418 19:49:08 [01]        ...done
160418 19:49:08 [01] Streaming ./performance_schema/setup_actors.frm to <STDOUT>
160418 19:49:08 [01]        ...done
160418 19:49:08 [01] Streaming ./performance_schema/cond_instances.frm to <STDOUT>
160418 19:49:08 [01]        ...done
160418 19:49:08 [01] Streaming ./performance_schema/socket_summary_by_instance.frm to <STDOUT>
160418 19:49:08 [01]        ...done
160418 19:49:08 [01] Streaming ./performance_schema/events_statements_history_long.frm to <STDOUT>
160418 19:49:08 [01]        ...done
160418 19:49:08 [01] Streaming ./performance_schema/host_cache.frm to <STDOUT>
160418 19:49:08 [01]        ...done
160418 19:49:08 [01] Streaming ./performance_schema/setup_objects.frm to <STDOUT>
160418 19:49:08 [01]        ...done
160418 19:49:08 [01] Streaming ./performance_schema/rwlock_instances.frm to <STDOUT>
160418 19:49:08 [01]        ...done
160418 19:49:08 [01] Streaming ./performance_schema/setup_instruments.frm to <STDOUT>
160418 19:49:08 [01]        ...done
160418 19:49:08 [01] Streaming ./performance_schema/session_account_connect_attrs.frm to <STDOUT>
160418 19:49:08 [01]        ...done
160418 19:49:08 [01] Streaming ./performance_schema/events_statements_current.frm to <STDOUT>
160418 19:49:08 [01]        ...done
160418 19:49:08 [01] Streaming ./performance_schema/file_summary_by_event_name.frm to <STDOUT>
160418 19:49:08 [01]        ...done
160418 19:49:08 [01] Streaming ./performance_schema/threads.frm to <STDOUT>
160418 19:49:08 [01]        ...done
160418 19:49:08 [01] Streaming ./performance_schema/session_connect_attrs.frm to <STDOUT>
160418 19:49:08 [01]        ...done
160418 19:49:08 [01] Streaming ./performance_schema/events_stages_history.frm to <STDOUT>
160418 19:49:08 [01]        ...done
160418 19:49:08 [01] Streaming ./performance_schema/events_statements_summary_by_thread_by_event_name.frm to <STDOUT>
160418 19:49:08 [01]        ...done
160418 19:49:08 [01] Streaming ./performance_schema/events_statements_history.frm to <STDOUT>
160418 19:49:08 [01]        ...done
160418 19:49:08 [01] Streaming ./performance_schema/table_lock_waits_summary_by_table.frm to <STDOUT>
160418 19:49:08 [01]        ...done
160418 19:49:08 [01] Streaming ./performance_schema/events_waits_history.frm to <STDOUT>
160418 19:49:08 [01]        ...done
160418 19:49:08 [01] Streaming ./performance_schema/setup_consumers.frm to <STDOUT>
160418 19:49:08 [01]        ...done
160418 19:49:08 [01] Streaming ./performance_schema/events_statements_summary_by_host_by_event_name.frm to <STDOUT>
160418 19:49:08 [01]        ...done
160418 19:49:08 [01] Streaming ./performance_schema/events_waits_summary_by_instance.frm to <STDOUT>
160418 19:49:08 [01]        ...done
160418 19:49:08 [01] Streaming ./performance_schema/hosts.frm to <STDOUT>
160418 19:49:08 [01]        ...done
160418 19:49:08 [01] Streaming ./performance_schema/events_stages_summary_by_thread_by_event_name.frm to <STDOUT>
160418 19:49:08 [01]        ...done
160418 19:49:08 [01] Streaming ./performance_schema/events_statements_summary_global_by_event_name.frm to <STDOUT>
160418 19:49:08 [01]        ...done
160418 19:49:08 [01] Streaming ./performance_schema/file_summary_by_instance.frm to <STDOUT>
160418 19:49:08 [01]        ...done
160418 19:49:08 [01] Streaming ./performance_schema/events_waits_summary_by_host_by_event_name.frm to <STDOUT>
160418 19:49:08 [01]        ...done
160418 19:49:08 [01] Streaming ./performance_schema/mutex_instances.frm to <STDOUT>
160418 19:49:08 [01]        ...done
160418 19:49:08 [01] Streaming ./performance_schema/objects_summary_global_by_type.frm to <STDOUT>
160418 19:49:08 [01]        ...done
160418 19:49:08 [01] Streaming ./performance_schema/events_waits_current.frm to <STDOUT>
160418 19:49:08 [01]        ...done
160418 19:49:08 [01] Streaming ./performance_schema/table_io_waits_summary_by_table.frm to <STDOUT>
160418 19:49:08 [01]        ...done
160418 19:49:08 [01] Streaming ./performance_schema/socket_instances.frm to <STDOUT>
160418 19:49:08 [01]        ...done
160418 19:49:08 [01] Streaming ./performance_schema/events_stages_summary_by_user_by_event_name.frm to <STDOUT>
160418 19:49:08 [01]        ...done
160418 19:49:08 [01] Streaming ./performance_schema/setup_timers.frm to <STDOUT>
160418 19:49:08 [01]        ...done
160418 19:49:08 [01] Streaming ./performance_schema/events_stages_summary_by_account_by_event_name.frm to <STDOUT>
160418 19:49:08 [01]        ...done
160418 19:49:08 [01] Streaming ./performance_schema/accounts.frm to <STDOUT>
160418 19:49:08 [01]        ...done
160418 19:49:08 [01] Streaming ./mysql/event.frm to <STDOUT>
160418 19:49:08 [01]        ...done
160418 19:49:08 [01] Streaming ./mysql/time_zone.frm to <STDOUT>
160418 19:49:08 [01]        ...done
160418 19:49:08 [01] Streaming ./mysql/help_keyword.MYD to <STDOUT>
160418 19:49:08 [01]        ...done
160418 19:49:08 [01] Streaming ./mysql/time_zone_transition_type.MYD to <STDOUT>
160418 19:49:08 [01]        ...done
160418 19:49:08 [01] Streaming ./mysql/help_category.MYI to <STDOUT>
160418 19:49:08 [01]        ...done
160418 19:49:08 [01] Streaming ./mysql/procs_priv.frm to <STDOUT>
160418 19:49:08 [01]        ...done
160418 19:49:08 [01] Streaming ./mysql/tables_priv.frm to <STDOUT>
160418 19:49:08 [01]        ...done
160418 19:49:08 [01] Streaming ./mysql/plugin.frm to <STDOUT>
160418 19:49:08 [01]        ...done
160418 19:49:08 [01] Streaming ./mysql/help_category.frm to <STDOUT>
160418 19:49:08 [01]        ...done
160418 19:49:08 [01] Streaming ./mysql/proxies_priv.frm to <STDOUT>
160418 19:49:08 [01]        ...done
160418 19:49:08 [01] Streaming ./mysql/user.MYI to <STDOUT>
160418 19:49:08 [01]        ...done
160418 19:49:08 [01] Streaming ./mysql/slave_master_info.frm to <STDOUT>
160418 19:49:08 [01]        ...done
160418 19:49:08 [01] Streaming ./mysql/help_topic.MYI to <STDOUT>
160418 19:49:08 [01]        ...done
160418 19:49:08 [01] Streaming ./mysql/db.MYI to <STDOUT>
160418 19:49:08 [01]        ...done
160418 19:49:08 [01] Streaming ./mysql/help_keyword.MYI to <STDOUT>
160418 19:49:08 [01]        ...done
160418 19:49:08 [01] Streaming ./mysql/time_zone_leap_second.MYI to <STDOUT>
160418 19:49:08 [01]        ...done
160418 19:49:08 [01] Streaming ./mysql/help_topic.MYD to <STDOUT>
160418 19:49:08 [01]        ...done
160418 19:49:08 [01] Streaming ./mysql/slave_relay_log_info.frm to <STDOUT>
160418 19:49:08 [01]        ...done
160418 19:49:08 [01] Streaming ./mysql/user.MYD to <STDOUT>
160418 19:49:08 [01]        ...done
160418 19:49:08 [01] Streaming ./mysql/func.MYI to <STDOUT>
160418 19:49:08 [01]        ...done
160418 19:49:08 [01] Streaming ./mysql/help_keyword.frm to <STDOUT>
160418 19:49:08 [01]        ...done
160418 19:49:08 [01] Streaming ./mysql/time_zone_name.MYI to <STDOUT>
160418 19:49:08 [01]        ...done
160418 19:49:08 [01] Streaming ./mysql/time_zone_name.MYD to <STDOUT>
160418 19:49:08 [01]        ...done
160418 19:49:08 [01] Streaming ./mysql/columns_priv.frm to <STDOUT>
160418 19:49:08 [01]        ...done
160418 19:49:08 [01] Streaming ./mysql/time_zone.MYD to <STDOUT>
160418 19:49:08 [01]        ...done
160418 19:49:08 [01] Streaming ./mysql/slow_log.CSM to <STDOUT>
160418 19:49:08 [01]        ...done
160418 19:49:08 [01] Streaming ./mysql/time_zone_leap_second.frm to <STDOUT>
160418 19:49:08 [01]        ...done
160418 19:49:08 [01] Streaming ./mysql/servers.MYI to <STDOUT>
160418 19:49:08 [01]        ...done
160418 19:49:08 [01] Streaming ./mysql/time_zone_transition_type.frm to <STDOUT>
160418 19:49:08 [01]        ...done
160418 19:49:08 [01] Streaming ./mysql/procs_priv.MYI to <STDOUT>
160418 19:49:08 [01]        ...done
160418 19:49:08 [01] Streaming ./mysql/time_zone.MYI to <STDOUT>
160418 19:49:08 [01]        ...done
160418 19:49:08 [01] Streaming ./mysql/innodb_index_stats.frm to <STDOUT>
160418 19:49:08 [01]        ...done
160418 19:49:08 [01] Streaming ./mysql/help_category.MYD to <STDOUT>
160418 19:49:08 [01]        ...done
160418 19:49:08 [01] Streaming ./mysql/time_zone_name.frm to <STDOUT>
160418 19:49:08 [01]        ...done
160418 19:49:08 [01] Streaming ./mysql/proc.MYI to <STDOUT>
160418 19:49:08 [01]        ...done
160418 19:49:08 [01] Streaming ./mysql/plugin.MYD to <STDOUT>
160418 19:49:08 [01]        ...done
160418 19:49:08 [01] Streaming ./mysql/ndb_binlog_index.MYI to <STDOUT>
160418 19:49:08 [01]        ...done
160418 19:49:08 [01] Streaming ./mysql/help_relation.MYD to <STDOUT>
160418 19:49:08 [01]        ...done
160418 19:49:08 [01] Streaming ./mysql/servers.frm to <STDOUT>
160418 19:49:08 [01]        ...done
160418 19:49:08 [01] Streaming ./mysql/slave_worker_info.frm to <STDOUT>
160418 19:49:08 [01]        ...done
160418 19:49:08 [01] Streaming ./mysql/tables_priv.MYI to <STDOUT>
160418 19:49:08 [01]        ...done
160418 19:49:08 [01] Streaming ./mysql/ndb_binlog_index.MYD to <STDOUT>
160418 19:49:08 [01]        ...done
160418 19:49:08 [01] Streaming ./mysql/ndb_binlog_index.frm to <STDOUT>
160418 19:49:08 [01]        ...done
160418 19:49:08 [01] Streaming ./mysql/event.MYD to <STDOUT>
160418 19:49:08 [01]        ...done
160418 19:49:08 [01] Streaming ./mysql/proxies_priv.MYI to <STDOUT>
160418 19:49:08 [01]        ...done
160418 19:49:08 [01] Streaming ./mysql/innodb_table_stats.frm to <STDOUT>
160418 19:49:08 [01]        ...done
160418 19:49:08 [01] Streaming ./mysql/time_zone_transition.MYI to <STDOUT>
160418 19:49:08 [01]        ...done
160418 19:49:08 [01] Streaming ./mysql/slow_log.frm to <STDOUT>
160418 19:49:08 [01]        ...done
160418 19:49:08 [01] Streaming ./mysql/event.MYI to <STDOUT>
160418 19:49:08 [01]        ...done
160418 19:49:08 [01] Streaming ./mysql/time_zone_leap_second.MYD to <STDOUT>
160418 19:49:08 [01]        ...done
160418 19:49:08 [01] Streaming ./mysql/proc.frm to <STDOUT>
160418 19:49:08 [01]        ...done
160418 19:49:08 [01] Streaming ./mysql/db.frm to <STDOUT>
160418 19:49:08 [01]        ...done
160418 19:49:08 [01] Streaming ./mysql/general_log.frm to <STDOUT>
160418 19:49:08 [01]        ...done
160418 19:49:08 [01] Streaming ./mysql/help_topic.frm to <STDOUT>
160418 19:49:08 [01]        ...done
160418 19:49:08 [01] Streaming ./mysql/proxies_priv.MYD to <STDOUT>
160418 19:49:08 [01]        ...done
160418 19:49:08 [01] Streaming ./mysql/help_relation.frm to <STDOUT>
160418 19:49:08 [01]        ...done
160418 19:49:08 [01] Streaming ./mysql/general_log.CSV to <STDOUT>
160418 19:49:08 [01]        ...done
160418 19:49:08 [01] Streaming ./mysql/general_log.CSM to <STDOUT>
160418 19:49:08 [01]        ...done
160418 19:49:08 [01] Streaming ./mysql/proc.MYD to <STDOUT>
160418 19:49:08 [01]        ...done
160418 19:49:08 [01] Streaming ./mysql/slow_log.CSV to <STDOUT>
160418 19:49:08 [01]        ...done
160418 19:49:08 [01] Streaming ./mysql/columns_priv.MYD to <STDOUT>
160418 19:49:08 [01]        ...done
160418 19:49:08 [01] Streaming ./mysql/columns_priv.MYI to <STDOUT>
160418 19:49:08 [01]        ...done
160418 19:49:08 [01] Streaming ./mysql/tables_priv.MYD to <STDOUT>
160418 19:49:08 [01]        ...done
160418 19:49:08 [01] Streaming ./mysql/help_relation.MYI to <STDOUT>
160418 19:49:08 [01]        ...done
160418 19:49:08 [01] Streaming ./mysql/time_zone_transition.MYD to <STDOUT>
160418 19:49:08 [01]        ...done
160418 19:49:08 [01] Streaming ./mysql/servers.MYD to <STDOUT>
160418 19:49:08 [01]        ...done
160418 19:49:08 [01] Streaming ./mysql/user.frm to <STDOUT>
160418 19:49:08 [01]        ...done
160418 19:49:08 [01] Streaming ./mysql/func.frm to <STDOUT>
160418 19:49:08 [01]        ...done
160418 19:49:08 [01] Streaming ./mysql/func.MYD to <STDOUT>
160418 19:49:08 [01]        ...done
160418 19:49:08 [01] Streaming ./mysql/plugin.MYI to <STDOUT>
160418 19:49:08 [01]        ...done
160418 19:49:08 [01] Streaming ./mysql/time_zone_transition_type.MYI to <STDOUT>
160418 19:49:08 [01]        ...done
160418 19:49:08 [01] Streaming ./mysql/db.MYD to <STDOUT>
160418 19:49:08 [01]        ...done
160418 19:49:08 [01] Streaming ./mysql/procs_priv.MYD to <STDOUT>
160418 19:49:08 [01]        ...done
160418 19:49:08 [01] Streaming ./mysql/time_zone_transition.frm to <STDOUT>
160418 19:49:08 [01]        ...done
160418 19:49:08 [00] Streaming test/db.opt
160418 19:49:08 [00]        ...done
160418 19:49:08 [01] Streaming ./sbtest/sbtest38.frm to <STDOUT>
160418 19:49:08 [01]        ...done
160418 19:49:08 [01] Streaming ./sbtest/sbtest37.frm to <STDOUT>
160418 19:49:08 [01]        ...done
160418 19:49:08 [01] Streaming ./sbtest/sbtest1.frm to <STDOUT>
160418 19:49:08 [01]        ...done
160418 19:49:08 [01] Streaming ./sbtest/sbtest22.frm to <STDOUT>
160418 19:49:08 [01]        ...done
160418 19:49:08 [01] Streaming ./sbtest/sbtest8.frm to <STDOUT>
160418 19:49:08 [01]        ...done
160418 19:49:08 [01] Streaming ./sbtest/sbtest43.frm to <STDOUT>
160418 19:49:08 [01]        ...done
160418 19:49:08 [01] Streaming ./sbtest/sbtest51.frm to <STDOUT>
160418 19:49:08 [01]        ...done
160418 19:49:08 [01] Streaming ./sbtest/sbtest52.frm to <STDOUT>
160418 19:49:08 [01]        ...done
160418 19:49:08 [01] Streaming ./sbtest/sbtest47.frm to <STDOUT>
160418 19:49:08 [01]        ...done
160418 19:49:08 [01] Streaming ./sbtest/sbtest2.frm to <STDOUT>
160418 19:49:08 [01]        ...done
160418 19:49:08 [01] Streaming ./sbtest/sbtest12.frm to <STDOUT>
160418 19:49:08 [01]        ...done
160418 19:49:08 [01] Streaming ./sbtest/db.opt to <STDOUT>
160418 19:49:08 [01]        ...done
160418 19:49:08 [01] Streaming ./sbtest/sbtest27.frm to <STDOUT>
160418 19:49:08 [01]        ...done
160418 19:49:08 [01] Streaming ./sbtest/sbtest7.frm to <STDOUT>
160418 19:49:08 [01]        ...done
160418 19:49:08 [01] Streaming ./sbtest/sbtest31.frm to <STDOUT>
160418 19:49:08 [01]        ...done
160418 19:49:08 [01] Streaming ./sbtest/sbtest20.frm to <STDOUT>
160418 19:49:08 [01]        ...done
160418 19:49:08 [01] Streaming ./sbtest/sbtest11.frm to <STDOUT>
160418 19:49:08 [01]        ...done
160418 19:49:08 [01] Streaming ./sbtest/sbtest26.frm to <STDOUT>
160418 19:49:08 [01]        ...done
160418 19:49:08 [01] Streaming ./sbtest/sbtest4.frm to <STDOUT>
160418 19:49:08 [01]        ...done
160418 19:49:08 [01] Streaming ./sbtest/sbtest39.frm to <STDOUT>
160418 19:49:08 [01]        ...done
160418 19:49:08 [01] Streaming ./sbtest/sbtest32.frm to <STDOUT>
160418 19:49:08 [01]        ...done
160418 19:49:08 [01] Streaming ./sbtest/sbtest57.frm to <STDOUT>
160418 19:49:08 [01]        ...done
160418 19:49:08 [01] Streaming ./sbtest/sbtest59.frm to <STDOUT>
160418 19:49:08 [01]        ...done
160418 19:49:08 [01] Streaming ./sbtest/sbtest25.frm to <STDOUT>
160418 19:49:08 [01]        ...done
160418 19:49:08 [01] Streaming ./sbtest/sbtest23.frm to <STDOUT>
160418 19:49:08 [01]        ...done
160418 19:49:08 [01] Streaming ./sbtest/sbtest28.frm to <STDOUT>
160418 19:49:08 [01]        ...done
160418 19:49:08 [01] Streaming ./sbtest/sbtest24.frm to <STDOUT>
160418 19:49:08 [01]        ...done
160418 19:49:08 [01] Streaming ./sbtest/sbtest3.frm to <STDOUT>
160418 19:49:08 [01]        ...done
160418 19:49:08 [01] Streaming ./sbtest/sbtest33.frm to <STDOUT>
160418 19:49:08 [01]        ...done
160418 19:49:08 [01] Streaming ./sbtest/sbtest53.frm to <STDOUT>
160418 19:49:08 [01]        ...done
160418 19:49:08 [01] Streaming ./sbtest/sbtest14.frm to <STDOUT>
160418 19:49:08 [01]        ...done
160418 19:49:08 [01] Streaming ./sbtest/sbtest49.frm to <STDOUT>
160418 19:49:08 [01]        ...done
160418 19:49:08 [01] Streaming ./sbtest/sbtest55.frm to <STDOUT>
160418 19:49:08 [01]        ...done
160418 19:49:08 [01] Streaming ./sbtest/sbtest36.frm to <STDOUT>
160418 19:49:08 [01]        ...done
160418 19:49:08 [01] Streaming ./sbtest/sbtest30.frm to <STDOUT>
160418 19:49:08 [01]        ...done
160418 19:49:08 [01] Streaming ./sbtest/sbtest40.frm to <STDOUT>
160418 19:49:08 [01]        ...done
160418 19:49:08 [01] Streaming ./sbtest/sbtest13.frm to <STDOUT>
160418 19:49:08 [01]        ...done
160418 19:49:08 [01] Streaming ./sbtest/sbtest56.frm to <STDOUT>
160418 19:49:08 [01]        ...done
160418 19:49:08 [01] Streaming ./sbtest/sbtest19.frm to <STDOUT>
160418 19:49:08 [01]        ...done
160418 19:49:08 [01] Streaming ./sbtest/sbtest46.frm to <STDOUT>
160418 19:49:08 [01]        ...done
160418 19:49:08 [01] Streaming ./sbtest/sbtest9.frm to <STDOUT>
160418 19:49:08 [01]        ...done
160418 19:49:08 [01] Streaming ./sbtest/sbtest50.frm to <STDOUT>
160418 19:49:08 [01]        ...done
160418 19:49:08 [01] Streaming ./sbtest/sbtest6.frm to <STDOUT>
160418 19:49:08 [01]        ...done
160418 19:49:08 [01] Streaming ./sbtest/sbtest29.frm to <STDOUT>
160418 19:49:08 [01]        ...done
160418 19:49:08 [01] Streaming ./sbtest/sbtest48.frm to <STDOUT>
160418 19:49:08 [01]        ...done
160418 19:49:08 [01] Streaming ./sbtest/sbtest41.frm to <STDOUT>
160418 19:49:08 [01]        ...done
160418 19:49:08 [01] Streaming ./sbtest/sbtest10.frm to <STDOUT>
160418 19:49:08 [01]        ...done
160418 19:49:08 [01] Streaming ./sbtest/sbtest34.frm to <STDOUT>
160418 19:49:08 [01]        ...done
160418 19:49:08 [01] Streaming ./sbtest/sbtest60.frm to <STDOUT>
160418 19:49:08 [01]        ...done
160418 19:49:08 [01] Streaming ./sbtest/sbtest17.frm to <STDOUT>
160418 19:49:08 [01]        ...done
160418 19:49:08 [01] Streaming ./sbtest/sbtest15.frm to <STDOUT>
160418 19:49:08 [01]        ...done
160418 19:49:08 [01] Streaming ./sbtest/sbtest58.frm to <STDOUT>
160418 19:49:08 [01]        ...done
160418 19:49:08 [01] Streaming ./sbtest/sbtest45.frm to <STDOUT>
160418 19:49:08 [01]        ...done
160418 19:49:08 [01] Streaming ./sbtest/sbtest18.frm to <STDOUT>
160418 19:49:08 [01]        ...done
160418 19:49:08 [01] Streaming ./sbtest/sbtest44.frm to <STDOUT>
160418 19:49:08 [01]        ...done
160418 19:49:08 [01] Streaming ./sbtest/sbtest42.frm to <STDOUT>
160418 19:49:08 [01]        ...done
160418 19:49:08 [01] Streaming ./sbtest/sbtest54.frm to <STDOUT>
160418 19:49:08 [01]        ...done
160418 19:49:08 [01] Streaming ./sbtest/sbtest35.frm to <STDOUT>
160418 19:49:08 [01]        ...done
160418 19:49:08 [01] Streaming ./sbtest/sbtest21.frm to <STDOUT>
160418 19:49:08 [01]        ...done
160418 19:49:08 [01] Streaming ./sbtest/sbtest5.frm to <STDOUT>
160418 19:49:08 [01]        ...done
160418 19:49:08 [01] Streaming ./sbtest/sbtest16.frm to <STDOUT>
160418 19:49:08 [01]        ...done
160418 19:49:08 [01] Streaming ./lost@002bfound/db.opt to <STDOUT>
160418 19:49:08 [01]        ...done
160418 19:49:08 Finished backing up non-InnoDB tables and files
160418 19:49:08 Executing LOCK BINLOG FOR BACKUP...
160418 19:49:08 Executing FLUSH NO_WRITE_TO_BINLOG ENGINE LOGS...
xtrabackup: The latest check point (for incremental): '8070813042'
xtrabackup: Stopping log copying thread.
.160418 19:49:08 >> log scanned up to (8070813042)

160418 19:49:08 Executing UNLOCK BINLOG
160418 19:49:08 Executing UNLOCK TABLES
160418 19:49:08 All tables unlocked
160418 19:49:08 Backup created in directory '/tmp'
160418 19:49:08 [00] Streaming backup-my.cnf
160418 19:49:08 [00]        ...done
160418 19:49:08 [00] Streaming xtrabackup_info
160418 19:49:08 [00]        ...done
xtrabackup: Transaction log of lsn (8070813042) to (8070813042) was copied.
160418 19:49:08 completed OK!
/home/ubuntu
