160418 20:43:17 innobackupex: Starting the backup operation

IMPORTANT: Please check that the backup run completes successfully.
           At the end of a successful backup run innobackupex
           prints "completed OK!".

160418 20:43:17  version_check Connecting to MySQL server with DSN 'dbi:mysql:;mysql_read_default_group=xtrabackup;port=3306;mysql_socket=/var/run/mysqld/mysqld.sock' as 'root'  (using password: NO).
160418 20:43:17  version_check Connected to MySQL server
160418 20:43:17  version_check Executing a version check against the server...
160418 20:43:17  version_check Done.
160418 20:43:17 Connecting to MySQL server host: localhost, user: root, password: not set, port: 3306, socket: /var/run/mysqld/mysqld.sock
Using server version 5.6.29-76.2
innobackupex version 2.4.2 based on MySQL server 5.7.11 Linux (x86_64) (revision id: 8e86a84)
xtrabackup: uses posix_fadvise().
xtrabackup: cd to /var/lib/mysql
xtrabackup: open files limit requested 0, set to 1024
xtrabackup: using the following InnoDB configuration:
xtrabackup:   innodb_data_home_dir = .
xtrabackup:   innodb_data_file_path = ibdata1:12M:autoextend
xtrabackup:   innodb_log_group_home_dir = .
xtrabackup:   innodb_log_files_in_group = 2
xtrabackup:   innodb_log_file_size = 50331648
InnoDB: Number of pools: 1
160418 20:43:17 >> log scanned up to (8070813042)
xtrabackup: Generating a list of tablespaces
InnoDB: Allocated tablespace ID 1 for mysql/innodb_table_stats, old maximum was 0
xtrabackup: Starting 2 threads for parallel data files transfer
160418 20:43:17 [02] Streaming ./mysql/innodb_table_stats.ibd
160418 20:43:17 [01] Streaming ./ibdata1
160418 20:43:17 [02]        ...done
160418 20:43:17 [02] Streaming ./mysql/slave_relay_log_info.ibd
160418 20:43:17 [02]        ...done
160418 20:43:17 [02] Streaming ./mysql/slave_worker_info.ibd
160418 20:43:17 [02]        ...done
160418 20:43:17 [02] Streaming ./mysql/slave_master_info.ibd
160418 20:43:17 [02]        ...done
160418 20:43:17 [02] Streaming ./mysql/innodb_index_stats.ibd
160418 20:43:17 [02]        ...done
160418 20:43:17 [02] Streaming ./sbtest/sbtest52.ibd
160418 20:43:18 >> log scanned up to (8070813042)
160418 20:43:19 >> log scanned up to (8070813042)
160418 20:43:20 [01]        ...done
160418 20:43:20 [01] Streaming ./sbtest/sbtest47.ibd
160418 20:43:20 >> log scanned up to (8070813042)
160418 20:43:21 >> log scanned up to (8070813042)
160418 20:43:22 >> log scanned up to (8070813042)
160418 20:43:23 [02]        ...done
160418 20:43:23 [02] Streaming ./sbtest/sbtest9.ibd
160418 20:43:23 >> log scanned up to (8070813042)
160418 20:43:24 >> log scanned up to (8070813042)
160418 20:43:25 >> log scanned up to (8070813042)
160418 20:43:26 >> log scanned up to (8070813042)
160418 20:43:27 [01]        ...done
160418 20:43:27 >> log scanned up to (8070813042)
160418 20:43:27 [01] Streaming ./sbtest/sbtest53.ibd
160418 20:43:28 >> log scanned up to (8070813042)
160418 20:43:29 >> log scanned up to (8070813042)
160418 20:43:30 [02]        ...done
160418 20:43:30 >> log scanned up to (8070813042)
160418 20:43:30 [02] Streaming ./sbtest/sbtest27.ibd
160418 20:43:31 >> log scanned up to (8070813042)
160418 20:43:32 >> log scanned up to (8070813042)
160418 20:43:33 >> log scanned up to (8070813042)
160418 20:43:34 >> log scanned up to (8070813042)
160418 20:43:34 [01]        ...done
160418 20:43:35 [01] Streaming ./sbtest/sbtest50.ibd
160418 20:43:35 >> log scanned up to (8070813042)
160418 20:43:36 >> log scanned up to (8070813042)
160418 20:43:37 >> log scanned up to (8070813042)
160418 20:43:37 [02]        ...done
160418 20:43:38 [02] Streaming ./sbtest/sbtest16.ibd
160418 20:43:38 >> log scanned up to (8070813042)
160418 20:43:39 >> log scanned up to (8070813042)
160418 20:43:40 >> log scanned up to (8070813042)
160418 20:43:41 >> log scanned up to (8070813042)
160418 20:43:42 [01]        ...done
160418 20:43:42 [01] Streaming ./sbtest/sbtest21.ibd
160418 20:43:42 >> log scanned up to (8070813042)
160418 20:43:43 >> log scanned up to (8070813042)
160418 20:43:44 >> log scanned up to (8070813042)
160418 20:43:45 [02]        ...done
160418 20:43:45 [02] Streaming ./sbtest/sbtest48.ibd
160418 20:43:45 >> log scanned up to (8070813042)
160418 20:43:46 >> log scanned up to (8070813042)
160418 20:43:47 >> log scanned up to (8070813042)
160418 20:43:48 >> log scanned up to (8070813042)
160418 20:43:49 [01]        ...done
160418 20:43:49 [01] Streaming ./sbtest/sbtest33.ibd
160418 20:43:49 >> log scanned up to (8070813042)
160418 20:43:50 >> log scanned up to (8070813042)
160418 20:43:51 >> log scanned up to (8070813042)
160418 20:43:52 [02]        ...done
160418 20:43:52 >> log scanned up to (8070813042)
160418 20:43:52 [02] Streaming ./sbtest/sbtest5.ibd
160418 20:43:53 >> log scanned up to (8070813042)
160418 20:43:54 >> log scanned up to (8070813042)
160418 20:43:55 >> log scanned up to (8070813042)
160418 20:43:56 [01]        ...done
160418 20:43:56 >> log scanned up to (8070813042)
160418 20:43:56 [01] Streaming ./sbtest/sbtest43.ibd
160418 20:43:57 >> log scanned up to (8070813042)
160418 20:43:58 >> log scanned up to (8070813042)
160418 20:43:59 [02]        ...done
160418 20:43:59 >> log scanned up to (8070813042)
160418 20:43:59 [02] Streaming ./sbtest/sbtest31.ibd
160418 20:44:00 >> log scanned up to (8070813042)
160418 20:44:01 >> log scanned up to (8070813042)
160418 20:44:02 >> log scanned up to (8070813042)
160418 20:44:03 >> log scanned up to (8070813042)
160418 20:44:03 [01]        ...done
160418 20:44:04 [01] Streaming ./sbtest/sbtest35.ibd
160418 20:44:04 >> log scanned up to (8070813042)
160418 20:44:05 >> log scanned up to (8070813042)
160418 20:44:06 >> log scanned up to (8070813042)
160418 20:44:06 [02]        ...done
160418 20:44:07 [02] Streaming ./sbtest/sbtest26.ibd
160418 20:44:07 >> log scanned up to (8070813042)
160418 20:44:08 >> log scanned up to (8070813042)
160418 20:44:09 >> log scanned up to (8070813042)
160418 20:44:10 >> log scanned up to (8070813042)
160418 20:44:11 [01]        ...done
160418 20:44:11 [01] Streaming ./sbtest/sbtest10.ibd
160418 20:44:11 >> log scanned up to (8070813042)
160418 20:44:12 >> log scanned up to (8070813042)
160418 20:44:13 >> log scanned up to (8070813042)
160418 20:44:14 [02]        ...done
160418 20:44:14 [02] Streaming ./sbtest/sbtest23.ibd
160418 20:44:14 >> log scanned up to (8070813042)
160418 20:44:15 >> log scanned up to (8070813042)
160418 20:44:16 >> log scanned up to (8070813042)
160418 20:44:17 >> log scanned up to (8070813042)
160418 20:44:18 [01]        ...done
160418 20:44:18 >> log scanned up to (8070813042)
160418 20:44:18 [01] Streaming ./sbtest/sbtest32.ibd
160418 20:44:19 >> log scanned up to (8070813042)
160418 20:44:20 >> log scanned up to (8070813042)
160418 20:44:21 [02]        ...done
160418 20:44:21 >> log scanned up to (8070813042)
160418 20:44:21 [02] Streaming ./sbtest/sbtest60.ibd
160418 20:44:22 >> log scanned up to (8070813042)
160418 20:44:23 >> log scanned up to (8070813042)
160418 20:44:24 >> log scanned up to (8070813042)
160418 20:44:25 >> log scanned up to (8070813042)
160418 20:44:25 [01]        ...done
160418 20:44:26 [01] Streaming ./sbtest/sbtest14.ibd
160418 20:44:26 >> log scanned up to (8070813042)
160418 20:44:27 >> log scanned up to (8070813042)
160418 20:44:28 >> log scanned up to (8070813042)
160418 20:44:28 [02]        ...done
160418 20:44:29 [02] Streaming ./sbtest/sbtest51.ibd
160418 20:44:29 >> log scanned up to (8070813042)
160418 20:44:30 >> log scanned up to (8070813042)
160418 20:44:31 >> log scanned up to (8070813042)
160418 20:44:32 >> log scanned up to (8070813042)
160418 20:44:33 [01]        ...done
160418 20:44:33 [01] Streaming ./sbtest/sbtest55.ibd
160418 20:44:33 >> log scanned up to (8070813042)
160418 20:44:34 >> log scanned up to (8070813042)
160418 20:44:35 >> log scanned up to (8070813042)
160418 20:44:36 [02]        ...done
160418 20:44:36 [02] Streaming ./sbtest/sbtest37.ibd
160418 20:44:36 >> log scanned up to (8070813042)
160418 20:44:37 >> log scanned up to (8070813042)
160418 20:44:38 >> log scanned up to (8070813042)
160418 20:44:39 >> log scanned up to (8070813042)
160418 20:44:40 [01]        ...done
160418 20:44:40 [01] Streaming ./sbtest/sbtest46.ibd
160418 20:44:40 >> log scanned up to (8070813042)
160418 20:44:41 >> log scanned up to (8070813042)
160418 20:44:42 >> log scanned up to (8070813042)
160418 20:44:43 [02]        ...done
160418 20:44:43 [02] Streaming ./sbtest/sbtest30.ibd
160418 20:44:43 >> log scanned up to (8070813042)
160418 20:44:44 >> log scanned up to (8070813042)
160418 20:44:45 >> log scanned up to (8070813042)
160418 20:44:46 >> log scanned up to (8070813042)
160418 20:44:47 [01]        ...done
160418 20:44:47 >> log scanned up to (8070813042)
160418 20:44:47 [01] Streaming ./sbtest/sbtest17.ibd
160418 20:44:48 >> log scanned up to (8070813042)
160418 20:44:49 >> log scanned up to (8070813042)
160418 20:44:50 [02]        ...done
160418 20:44:50 >> log scanned up to (8070813042)
160418 20:44:50 [02] Streaming ./sbtest/sbtest42.ibd
160418 20:44:51 >> log scanned up to (8070813042)
160418 20:44:52 >> log scanned up to (8070813042)
160418 20:44:53 >> log scanned up to (8070813042)
160418 20:44:54 >> log scanned up to (8070813042)
160418 20:44:54 [01]        ...done
160418 20:44:55 [01] Streaming ./sbtest/sbtest41.ibd
160418 20:44:55 >> log scanned up to (8070813042)
160418 20:44:56 >> log scanned up to (8070813042)
160418 20:44:57 >> log scanned up to (8070813042)
160418 20:44:58 [02]        ...done
160418 20:44:58 [02] Streaming ./sbtest/sbtest20.ibd
160418 20:44:58 >> log scanned up to (8070813042)
160418 20:44:59 >> log scanned up to (8070813042)
160418 20:45:00 >> log scanned up to (8070813042)
160418 20:45:01 >> log scanned up to (8070813042)
160418 20:45:02 [01]        ...done
160418 20:45:02 [01] Streaming ./sbtest/sbtest34.ibd
160418 20:45:02 >> log scanned up to (8070813042)
160418 20:45:03 >> log scanned up to (8070813042)
160418 20:45:04 >> log scanned up to (8070813042)
160418 20:45:05 [02]        ...done
160418 20:45:05 [02] Streaming ./sbtest/sbtest12.ibd
160418 20:45:05 >> log scanned up to (8070813042)
160418 20:45:06 >> log scanned up to (8070813042)
160418 20:45:07 >> log scanned up to (8070813042)
160418 20:45:08 >> log scanned up to (8070813042)
160418 20:45:09 [01]        ...done
160418 20:45:09 >> log scanned up to (8070813042)
160418 20:45:09 [01] Streaming ./sbtest/sbtest19.ibd
160418 20:45:10 >> log scanned up to (8070813042)
160418 20:45:11 >> log scanned up to (8070813042)
160418 20:45:12 [02]        ...done
160418 20:45:12 >> log scanned up to (8070813042)
160418 20:45:12 [02] Streaming ./sbtest/sbtest29.ibd
160418 20:45:13 >> log scanned up to (8070813042)
160418 20:45:14 >> log scanned up to (8070813042)
160418 20:45:15 >> log scanned up to (8070813042)
160418 20:45:16 >> log scanned up to (8070813042)
160418 20:45:16 [01]        ...done
160418 20:45:17 [01] Streaming ./sbtest/sbtest45.ibd
160418 20:45:17 >> log scanned up to (8070813042)
160418 20:45:18 >> log scanned up to (8070813042)
160418 20:45:19 >> log scanned up to (8070813042)
160418 20:45:19 [02]        ...done
160418 20:45:20 [02] Streaming ./sbtest/sbtest13.ibd
160418 20:45:20 >> log scanned up to (8070813042)
160418 20:45:21 >> log scanned up to (8070813042)
160418 20:45:22 >> log scanned up to (8070813042)
160418 20:45:23 >> log scanned up to (8070813042)
160418 20:45:24 [01]        ...done
160418 20:45:24 [01] Streaming ./sbtest/sbtest11.ibd
160418 20:45:24 >> log scanned up to (8070813042)
160418 20:45:25 >> log scanned up to (8070813042)
160418 20:45:26 >> log scanned up to (8070813042)
160418 20:45:27 [02]        ...done
160418 20:45:27 [02] Streaming ./sbtest/sbtest1.ibd
160418 20:45:27 >> log scanned up to (8070813042)
160418 20:45:28 >> log scanned up to (8070813042)
160418 20:45:29 >> log scanned up to (8070813042)
160418 20:45:30 >> log scanned up to (8070813042)
160418 20:45:31 [01]        ...done
160418 20:45:31 >> log scanned up to (8070813042)
160418 20:45:31 [01] Streaming ./sbtest/sbtest28.ibd
160418 20:45:32 >> log scanned up to (8070813042)
160418 20:45:33 >> log scanned up to (8070813042)
160418 20:45:34 [02]        ...done
160418 20:45:34 >> log scanned up to (8070813042)
160418 20:45:34 [02] Streaming ./sbtest/sbtest25.ibd
160418 20:45:35 >> log scanned up to (8070813042)
160418 20:45:36 >> log scanned up to (8070813042)
160418 20:45:37 >> log scanned up to (8070813042)
160418 20:45:38 [01]        ...done
160418 20:45:38 >> log scanned up to (8070813042)
160418 20:45:39 [01] Streaming ./sbtest/sbtest59.ibd
160418 20:45:39 >> log scanned up to (8070813042)
160418 20:45:40 >> log scanned up to (8070813042)
160418 20:45:41 [02]        ...done
160418 20:45:41 >> log scanned up to (8070813042)
160418 20:45:42 [02] Streaming ./sbtest/sbtest7.ibd
160418 20:45:42 >> log scanned up to (8070813042)
160418 20:45:43 >> log scanned up to (8070813042)
160418 20:45:44 >> log scanned up to (8070813042)
160418 20:45:45 >> log scanned up to (8070813042)
160418 20:45:45 [01]        ...done
160418 20:45:46 [01] Streaming ./sbtest/sbtest40.ibd
160418 20:45:46 >> log scanned up to (8070813042)
160418 20:45:47 >> log scanned up to (8070813042)
160418 20:45:48 >> log scanned up to (8070813042)
160418 20:45:48 [02]        ...done
160418 20:45:49 [02] Streaming ./sbtest/sbtest58.ibd
160418 20:45:49 >> log scanned up to (8070813042)
160418 20:45:50 >> log scanned up to (8070813042)
160418 20:45:51 >> log scanned up to (8070813042)
160418 20:45:52 >> log scanned up to (8070813042)
160418 20:45:53 [01]        ...done
160418 20:45:53 [01] Streaming ./sbtest/sbtest18.ibd
160418 20:45:53 >> log scanned up to (8070813042)
160418 20:45:54 >> log scanned up to (8070813042)
160418 20:45:55 >> log scanned up to (8070813042)
160418 20:45:56 [02]        ...done
160418 20:45:56 [02] Streaming ./sbtest/sbtest4.ibd
160418 20:45:56 >> log scanned up to (8070813042)
160418 20:45:57 >> log scanned up to (8070813042)
160418 20:45:58 >> log scanned up to (8070813042)
160418 20:45:59 >> log scanned up to (8070813042)
160418 20:46:00 [01]        ...done
160418 20:46:00 >> log scanned up to (8070813042)
160418 20:46:00 [01] Streaming ./sbtest/sbtest49.ibd
160418 20:46:01 >> log scanned up to (8070813042)
160418 20:46:02 >> log scanned up to (8070813042)
160418 20:46:03 [02]        ...done
160418 20:46:03 >> log scanned up to (8070813042)
160418 20:46:03 [02] Streaming ./sbtest/sbtest2.ibd
160418 20:46:04 >> log scanned up to (8070813042)
160418 20:46:05 >> log scanned up to (8070813042)
160418 20:46:06 >> log scanned up to (8070813042)
160418 20:46:07 >> log scanned up to (8070813042)
160418 20:46:07 [01]        ...done
160418 20:46:08 [01] Streaming ./sbtest/sbtest8.ibd
160418 20:46:08 >> log scanned up to (8070813042)
160418 20:46:09 >> log scanned up to (8070813042)
160418 20:46:10 >> log scanned up to (8070813042)
160418 20:46:10 [02]        ...done
160418 20:46:11 [02] Streaming ./sbtest/sbtest56.ibd
160418 20:46:11 >> log scanned up to (8070813042)
160418 20:46:12 >> log scanned up to (8070813042)
160418 20:46:13 >> log scanned up to (8070813042)
160418 20:46:14 >> log scanned up to (8070813042)
160418 20:46:15 [01]        ...done
160418 20:46:15 [01] Streaming ./sbtest/sbtest57.ibd
160418 20:46:15 >> log scanned up to (8070813042)
160418 20:46:16 >> log scanned up to (8070813042)
160418 20:46:17 >> log scanned up to (8070813042)
160418 20:46:18 [02]        ...done
160418 20:46:18 [02] Streaming ./sbtest/sbtest39.ibd
160418 20:46:18 >> log scanned up to (8070813042)
160418 20:46:19 >> log scanned up to (8070813042)
160418 20:46:20 >> log scanned up to (8070813042)
160418 20:46:21 >> log scanned up to (8070813042)
160418 20:46:22 [01]        ...done
160418 20:46:22 [01] Streaming ./sbtest/sbtest38.ibd
160418 20:46:22 >> log scanned up to (8070813042)
160418 20:46:23 >> log scanned up to (8070813042)
160418 20:46:24 >> log scanned up to (8070813042)
160418 20:46:25 [02]        ...done
160418 20:46:25 >> log scanned up to (8070813042)
160418 20:46:25 [02] Streaming ./sbtest/sbtest3.ibd
160418 20:46:26 >> log scanned up to (8070813042)
160418 20:46:27 >> log scanned up to (8070813042)
160418 20:46:28 >> log scanned up to (8070813042)
160418 20:46:29 [01]        ...done
160418 20:46:29 >> log scanned up to (8070813042)
160418 20:46:30 [01] Streaming ./sbtest/sbtest24.ibd
160418 20:46:30 >> log scanned up to (8070813042)
160418 20:46:31 >> log scanned up to (8070813042)
160418 20:46:32 >> log scanned up to (8070813042)
160418 20:46:32 [02]        ...done
160418 20:46:33 [02] Streaming ./sbtest/sbtest15.ibd
160418 20:46:33 >> log scanned up to (8070813042)
160418 20:46:34 >> log scanned up to (8070813042)
160418 20:46:35 >> log scanned up to (8070813042)
160418 20:46:36 >> log scanned up to (8070813042)
160418 20:46:37 [01]        ...done
160418 20:46:37 [01] Streaming ./sbtest/sbtest44.ibd
160418 20:46:37 >> log scanned up to (8070813042)
160418 20:46:38 >> log scanned up to (8070813042)
160418 20:46:39 >> log scanned up to (8070813042)
160418 20:46:40 [02]        ...done
160418 20:46:40 [02] Streaming ./sbtest/sbtest6.ibd
160418 20:46:40 >> log scanned up to (8070813042)
160418 20:46:41 >> log scanned up to (8070813042)
160418 20:46:42 >> log scanned up to (8070813042)
160418 20:46:43 >> log scanned up to (8070813042)
160418 20:46:44 [01]        ...done
160418 20:46:44 [01] Streaming ./sbtest/sbtest22.ibd
160418 20:46:44 >> log scanned up to (8070813042)
160418 20:46:45 >> log scanned up to (8070813042)
160418 20:46:46 >> log scanned up to (8070813042)
160418 20:46:47 [02]        ...done
160418 20:46:47 [02] Streaming ./sbtest/sbtest54.ibd
160418 20:46:47 >> log scanned up to (8070813042)
160418 20:46:48 >> log scanned up to (8070813042)
160418 20:46:49 >> log scanned up to (8070813042)
160418 20:46:50 >> log scanned up to (8070813042)
160418 20:46:51 [01]        ...done
160418 20:46:51 >> log scanned up to (8070813042)
160418 20:46:51 [01] Streaming ./sbtest/sbtest36.ibd
160418 20:46:52 >> log scanned up to (8070813042)
160418 20:46:53 >> log scanned up to (8070813042)
160418 20:46:54 [02]        ...done
160418 20:46:54 >> log scanned up to (8070813042)
160418 20:46:55 >> log scanned up to (8070813042)
160418 20:46:56 >> log scanned up to (8070813042)
160418 20:46:57 [01]        ...done
160418 20:46:57 >> log scanned up to (8070813042)
160418 20:46:57 Executing LOCK TABLES FOR BACKUP...
160418 20:46:57 Starting to backup non-InnoDB tables and files
160418 20:46:57 [01] Streaming ./performance_schema/events_stages_current.frm to <STDOUT>
160418 20:46:57 [01]        ...done
160418 20:46:57 [01] Streaming ./performance_schema/events_waits_summary_by_account_by_event_name.frm to <STDOUT>
160418 20:46:57 [01]        ...done
160418 20:46:57 [01] Streaming ./performance_schema/events_waits_summary_by_thread_by_event_name.frm to <STDOUT>
160418 20:46:57 [01]        ...done
160418 20:46:57 [01] Streaming ./performance_schema/performance_timers.frm to <STDOUT>
160418 20:46:57 [01]        ...done
160418 20:46:57 [01] Streaming ./performance_schema/events_stages_summary_by_host_by_event_name.frm to <STDOUT>
160418 20:46:57 [01]        ...done
160418 20:46:57 [01] Streaming ./performance_schema/socket_summary_by_event_name.frm to <STDOUT>
160418 20:46:57 [01]        ...done
160418 20:46:57 [01] Streaming ./performance_schema/users.frm to <STDOUT>
160418 20:46:57 [01]        ...done
160418 20:46:57 [01] Streaming ./performance_schema/table_io_waits_summary_by_index_usage.frm to <STDOUT>
160418 20:46:57 [01]        ...done
160418 20:46:57 [01] Streaming ./performance_schema/db.opt to <STDOUT>
160418 20:46:57 [01]        ...done
160418 20:46:57 [01] Streaming ./performance_schema/events_waits_history_long.frm to <STDOUT>
160418 20:46:57 [01]        ...done
160418 20:46:57 [01] Streaming ./performance_schema/events_statements_summary_by_account_by_event_name.frm to <STDOUT>
160418 20:46:57 [01]        ...done
160418 20:46:57 [01] Streaming ./performance_schema/events_waits_summary_global_by_event_name.frm to <STDOUT>
160418 20:46:57 [01]        ...done
160418 20:46:57 [01] Streaming ./performance_schema/events_waits_summary_by_user_by_event_name.frm to <STDOUT>
160418 20:46:57 [01]        ...done
160418 20:46:57 [01] Streaming ./performance_schema/events_stages_summary_global_by_event_name.frm to <STDOUT>
160418 20:46:57 [01]        ...done
160418 20:46:57 [01] Streaming ./performance_schema/events_statements_summary_by_user_by_event_name.frm to <STDOUT>
160418 20:46:57 [01]        ...done
160418 20:46:57 [01] Streaming ./performance_schema/events_stages_history_long.frm to <STDOUT>
160418 20:46:57 [01]        ...done
160418 20:46:57 [01] Streaming ./performance_schema/events_statements_summary_by_digest.frm to <STDOUT>
160418 20:46:57 [01]        ...done
160418 20:46:57 [01] Streaming ./performance_schema/file_instances.frm to <STDOUT>
160418 20:46:57 [01]        ...done
160418 20:46:57 [01] Streaming ./performance_schema/setup_actors.frm to <STDOUT>
160418 20:46:57 [01]        ...done
160418 20:46:57 [01] Streaming ./performance_schema/cond_instances.frm to <STDOUT>
160418 20:46:57 [01]        ...done
160418 20:46:57 [01] Streaming ./performance_schema/socket_summary_by_instance.frm to <STDOUT>
160418 20:46:58 [01]        ...done
160418 20:46:58 [01] Streaming ./performance_schema/events_statements_history_long.frm to <STDOUT>
160418 20:46:58 [01]        ...done
160418 20:46:58 [01] Streaming ./performance_schema/host_cache.frm to <STDOUT>
160418 20:46:58 [01]        ...done
160418 20:46:58 [01] Streaming ./performance_schema/setup_objects.frm to <STDOUT>
160418 20:46:58 [01]        ...done
160418 20:46:58 [01] Streaming ./performance_schema/rwlock_instances.frm to <STDOUT>
160418 20:46:58 [01]        ...done
160418 20:46:58 [01] Streaming ./performance_schema/setup_instruments.frm to <STDOUT>
160418 20:46:58 [01]        ...done
160418 20:46:58 [01] Streaming ./performance_schema/session_account_connect_attrs.frm to <STDOUT>
160418 20:46:58 [01]        ...done
160418 20:46:58 [01] Streaming ./performance_schema/events_statements_current.frm to <STDOUT>
160418 20:46:58 [01]        ...done
160418 20:46:58 [01] Streaming ./performance_schema/file_summary_by_event_name.frm to <STDOUT>
160418 20:46:58 [01]        ...done
160418 20:46:58 [01] Streaming ./performance_schema/threads.frm to <STDOUT>
160418 20:46:58 [01]        ...done
160418 20:46:58 [01] Streaming ./performance_schema/session_connect_attrs.frm to <STDOUT>
160418 20:46:58 [01]        ...done
160418 20:46:58 [01] Streaming ./performance_schema/events_stages_history.frm to <STDOUT>
160418 20:46:58 [01]        ...done
160418 20:46:58 [01] Streaming ./performance_schema/events_statements_summary_by_thread_by_event_name.frm to <STDOUT>
160418 20:46:58 [01]        ...done
160418 20:46:58 [01] Streaming ./performance_schema/events_statements_history.frm to <STDOUT>
160418 20:46:58 [01]        ...done
160418 20:46:58 [01] Streaming ./performance_schema/table_lock_waits_summary_by_table.frm to <STDOUT>
160418 20:46:58 [01]        ...done
160418 20:46:58 [01] Streaming ./performance_schema/events_waits_history.frm to <STDOUT>
160418 20:46:58 [01]        ...done
160418 20:46:58 [01] Streaming ./performance_schema/setup_consumers.frm to <STDOUT>
160418 20:46:58 [01]        ...done
160418 20:46:58 [01] Streaming ./performance_schema/events_statements_summary_by_host_by_event_name.frm to <STDOUT>
160418 20:46:58 [01]        ...done
160418 20:46:58 [01] Streaming ./performance_schema/events_waits_summary_by_instance.frm to <STDOUT>
160418 20:46:58 [01]        ...done
160418 20:46:58 [01] Streaming ./performance_schema/hosts.frm to <STDOUT>
160418 20:46:58 [01]        ...done
160418 20:46:58 [01] Streaming ./performance_schema/events_stages_summary_by_thread_by_event_name.frm to <STDOUT>
160418 20:46:58 [01]        ...done
160418 20:46:58 [01] Streaming ./performance_schema/events_statements_summary_global_by_event_name.frm to <STDOUT>
160418 20:46:58 [01]        ...done
160418 20:46:58 [01] Streaming ./performance_schema/file_summary_by_instance.frm to <STDOUT>
160418 20:46:58 [01]        ...done
160418 20:46:58 [01] Streaming ./performance_schema/events_waits_summary_by_host_by_event_name.frm to <STDOUT>
160418 20:46:58 [01]        ...done
160418 20:46:58 [01] Streaming ./performance_schema/mutex_instances.frm to <STDOUT>
160418 20:46:58 [01]        ...done
160418 20:46:58 [01] Streaming ./performance_schema/objects_summary_global_by_type.frm to <STDOUT>
160418 20:46:58 [01]        ...done
160418 20:46:58 [01] Streaming ./performance_schema/events_waits_current.frm to <STDOUT>
160418 20:46:58 [01]        ...done
160418 20:46:58 [01] Streaming ./performance_schema/table_io_waits_summary_by_table.frm to <STDOUT>
160418 20:46:58 [01]        ...done
160418 20:46:58 [01] Streaming ./performance_schema/socket_instances.frm to <STDOUT>
160418 20:46:58 [01]        ...done
160418 20:46:58 [01] Streaming ./performance_schema/events_stages_summary_by_user_by_event_name.frm to <STDOUT>
160418 20:46:58 [01]        ...done
160418 20:46:58 [01] Streaming ./performance_schema/setup_timers.frm to <STDOUT>
160418 20:46:58 [01]        ...done
160418 20:46:58 [01] Streaming ./performance_schema/events_stages_summary_by_account_by_event_name.frm to <STDOUT>
160418 20:46:58 [01]        ...done
160418 20:46:58 [01] Streaming ./performance_schema/accounts.frm to <STDOUT>
160418 20:46:58 [01]        ...done
160418 20:46:58 [01] Streaming ./mysql/event.frm to <STDOUT>
160418 20:46:58 [01]        ...done
160418 20:46:58 [01] Streaming ./mysql/time_zone.frm to <STDOUT>
160418 20:46:58 [01]        ...done
160418 20:46:58 [01] Streaming ./mysql/help_keyword.MYD to <STDOUT>
160418 20:46:58 [01]        ...done
160418 20:46:58 [01] Streaming ./mysql/time_zone_transition_type.MYD to <STDOUT>
160418 20:46:58 [01]        ...done
160418 20:46:58 [01] Streaming ./mysql/help_category.MYI to <STDOUT>
160418 20:46:58 [01]        ...done
160418 20:46:58 [01] Streaming ./mysql/procs_priv.frm to <STDOUT>
160418 20:46:58 [01]        ...done
160418 20:46:58 [01] Streaming ./mysql/tables_priv.frm to <STDOUT>
160418 20:46:58 [01]        ...done
160418 20:46:58 [01] Streaming ./mysql/plugin.frm to <STDOUT>
160418 20:46:58 [01]        ...done
160418 20:46:58 [01] Streaming ./mysql/help_category.frm to <STDOUT>
160418 20:46:58 [01]        ...done
160418 20:46:58 [01] Streaming ./mysql/proxies_priv.frm to <STDOUT>
160418 20:46:58 [01]        ...done
160418 20:46:58 [01] Streaming ./mysql/user.MYI to <STDOUT>
160418 20:46:58 [01]        ...done
160418 20:46:58 [01] Streaming ./mysql/slave_master_info.frm to <STDOUT>
160418 20:46:58 [01]        ...done
160418 20:46:58 [01] Streaming ./mysql/help_topic.MYI to <STDOUT>
160418 20:46:58 [01]        ...done
160418 20:46:58 [01] Streaming ./mysql/db.MYI to <STDOUT>
160418 20:46:58 [01]        ...done
160418 20:46:58 [01] Streaming ./mysql/help_keyword.MYI to <STDOUT>
160418 20:46:58 [01]        ...done
160418 20:46:58 [01] Streaming ./mysql/time_zone_leap_second.MYI to <STDOUT>
160418 20:46:58 [01]        ...done
160418 20:46:58 [01] Streaming ./mysql/help_topic.MYD to <STDOUT>
160418 20:46:58 [01]        ...done
160418 20:46:58 [01] Streaming ./mysql/slave_relay_log_info.frm to <STDOUT>
160418 20:46:58 [01]        ...done
160418 20:46:58 [01] Streaming ./mysql/user.MYD to <STDOUT>
160418 20:46:58 [01]        ...done
160418 20:46:58 [01] Streaming ./mysql/func.MYI to <STDOUT>
160418 20:46:58 [01]        ...done
160418 20:46:58 [01] Streaming ./mysql/help_keyword.frm to <STDOUT>
160418 20:46:58 [01]        ...done
160418 20:46:58 [01] Streaming ./mysql/time_zone_name.MYI to <STDOUT>
160418 20:46:58 [01]        ...done
160418 20:46:58 [01] Streaming ./mysql/time_zone_name.MYD to <STDOUT>
160418 20:46:58 [01]        ...done
160418 20:46:58 [01] Streaming ./mysql/columns_priv.frm to <STDOUT>
160418 20:46:58 [01]        ...done
160418 20:46:58 [01] Streaming ./mysql/time_zone.MYD to <STDOUT>
160418 20:46:58 [01]        ...done
160418 20:46:58 [01] Streaming ./mysql/slow_log.CSM to <STDOUT>
160418 20:46:58 [01]        ...done
160418 20:46:58 [01] Streaming ./mysql/time_zone_leap_second.frm to <STDOUT>
160418 20:46:58 [01]        ...done
160418 20:46:58 [01] Streaming ./mysql/servers.MYI to <STDOUT>
160418 20:46:58 [01]        ...done
160418 20:46:58 [01] Streaming ./mysql/time_zone_transition_type.frm to <STDOUT>
160418 20:46:58 [01]        ...done
160418 20:46:58 [01] Streaming ./mysql/procs_priv.MYI to <STDOUT>
160418 20:46:58 [01]        ...done
160418 20:46:58 [01] Streaming ./mysql/time_zone.MYI to <STDOUT>
160418 20:46:58 [01]        ...done
160418 20:46:58 [01] Streaming ./mysql/innodb_index_stats.frm to <STDOUT>
160418 20:46:58 [01]        ...done
160418 20:46:58 [01] Streaming ./mysql/help_category.MYD to <STDOUT>
160418 20:46:58 [01]        ...done
160418 20:46:58 [01] Streaming ./mysql/time_zone_name.frm to <STDOUT>
160418 20:46:58 [01]        ...done
160418 20:46:58 [01] Streaming ./mysql/proc.MYI to <STDOUT>
160418 20:46:58 [01]        ...done
160418 20:46:58 [01] Streaming ./mysql/plugin.MYD to <STDOUT>
160418 20:46:58 [01]        ...done
160418 20:46:58 [01] Streaming ./mysql/ndb_binlog_index.MYI to <STDOUT>
160418 20:46:58 [01]        ...done
160418 20:46:58 [01] Streaming ./mysql/help_relation.MYD to <STDOUT>
160418 20:46:58 [01]        ...done
160418 20:46:58 [01] Streaming ./mysql/servers.frm to <STDOUT>
160418 20:46:58 [01]        ...done
160418 20:46:58 [01] Streaming ./mysql/slave_worker_info.frm to <STDOUT>
160418 20:46:58 [01]        ...done
160418 20:46:58 [01] Streaming ./mysql/tables_priv.MYI to <STDOUT>
160418 20:46:58 [01]        ...done
160418 20:46:58 [01] Streaming ./mysql/ndb_binlog_index.MYD to <STDOUT>
160418 20:46:58 [01]        ...done
160418 20:46:58 [01] Streaming ./mysql/ndb_binlog_index.frm to <STDOUT>
160418 20:46:58 [01]        ...done
160418 20:46:58 [01] Streaming ./mysql/event.MYD to <STDOUT>
160418 20:46:58 [01]        ...done
160418 20:46:58 [01] Streaming ./mysql/proxies_priv.MYI to <STDOUT>
160418 20:46:58 [01]        ...done
160418 20:46:58 [01] Streaming ./mysql/innodb_table_stats.frm to <STDOUT>
160418 20:46:58 [01]        ...done
160418 20:46:58 [01] Streaming ./mysql/time_zone_transition.MYI to <STDOUT>
160418 20:46:58 [01]        ...done
160418 20:46:58 [01] Streaming ./mysql/slow_log.frm to <STDOUT>
160418 20:46:58 [01]        ...done
160418 20:46:58 [01] Streaming ./mysql/event.MYI to <STDOUT>
160418 20:46:58 [01]        ...done
160418 20:46:58 [01] Streaming ./mysql/time_zone_leap_second.MYD to <STDOUT>
160418 20:46:58 [01]        ...done
160418 20:46:58 [01] Streaming ./mysql/proc.frm to <STDOUT>
160418 20:46:58 [01]        ...done
160418 20:46:58 [01] Streaming ./mysql/db.frm to <STDOUT>
160418 20:46:58 [01]        ...done
160418 20:46:58 [01] Streaming ./mysql/general_log.frm to <STDOUT>
160418 20:46:58 [01]        ...done
160418 20:46:58 [01] Streaming ./mysql/help_topic.frm to <STDOUT>
160418 20:46:58 [01]        ...done
160418 20:46:58 [01] Streaming ./mysql/proxies_priv.MYD to <STDOUT>
160418 20:46:58 [01]        ...done
160418 20:46:58 [01] Streaming ./mysql/help_relation.frm to <STDOUT>
160418 20:46:58 [01]        ...done
160418 20:46:58 [01] Streaming ./mysql/general_log.CSV to <STDOUT>
160418 20:46:58 [01]        ...done
160418 20:46:58 [01] Streaming ./mysql/general_log.CSM to <STDOUT>
160418 20:46:58 [01]        ...done
160418 20:46:58 [01] Streaming ./mysql/proc.MYD to <STDOUT>
160418 20:46:58 [01]        ...done
160418 20:46:58 [01] Streaming ./mysql/slow_log.CSV to <STDOUT>
160418 20:46:58 [01]        ...done
160418 20:46:58 [01] Streaming ./mysql/columns_priv.MYD to <STDOUT>
160418 20:46:58 [01]        ...done
160418 20:46:58 [01] Streaming ./mysql/columns_priv.MYI to <STDOUT>
160418 20:46:58 [01]        ...done
160418 20:46:58 [01] Streaming ./mysql/tables_priv.MYD to <STDOUT>
160418 20:46:58 [01]        ...done
160418 20:46:58 [01] Streaming ./mysql/help_relation.MYI to <STDOUT>
160418 20:46:58 [01]        ...done
160418 20:46:58 [01] Streaming ./mysql/time_zone_transition.MYD to <STDOUT>
160418 20:46:58 [01]        ...done
160418 20:46:58 [01] Streaming ./mysql/servers.MYD to <STDOUT>
160418 20:46:58 [01]        ...done
160418 20:46:58 [01] Streaming ./mysql/user.frm to <STDOUT>
160418 20:46:58 [01]        ...done
160418 20:46:58 [01] Streaming ./mysql/func.frm to <STDOUT>
160418 20:46:58 [01]        ...done
160418 20:46:58 [01] Streaming ./mysql/func.MYD to <STDOUT>
160418 20:46:58 [01]        ...done
160418 20:46:58 [01] Streaming ./mysql/plugin.MYI to <STDOUT>
160418 20:46:58 [01]        ...done
160418 20:46:58 [01] Streaming ./mysql/time_zone_transition_type.MYI to <STDOUT>
160418 20:46:58 [01]        ...done
160418 20:46:58 [01] Streaming ./mysql/db.MYD to <STDOUT>
160418 20:46:58 [01]        ...done
160418 20:46:58 [01] Streaming ./mysql/procs_priv.MYD to <STDOUT>
160418 20:46:58 [01]        ...done
160418 20:46:58 [01] Streaming ./mysql/time_zone_transition.frm to <STDOUT>
160418 20:46:58 [01]        ...done
160418 20:46:58 [00] Streaming test/db.opt
160418 20:46:58 [00]        ...done
160418 20:46:58 [01] Streaming ./sbtest/sbtest38.frm to <STDOUT>
160418 20:46:58 [01]        ...done
160418 20:46:58 [01] Streaming ./sbtest/sbtest37.frm to <STDOUT>
160418 20:46:58 [01]        ...done
160418 20:46:58 [01] Streaming ./sbtest/sbtest1.frm to <STDOUT>
160418 20:46:58 [01]        ...done
160418 20:46:58 [01] Streaming ./sbtest/sbtest22.frm to <STDOUT>
160418 20:46:58 [01]        ...done
160418 20:46:58 [01] Streaming ./sbtest/sbtest8.frm to <STDOUT>
160418 20:46:58 [01]        ...done
160418 20:46:58 [01] Streaming ./sbtest/sbtest43.frm to <STDOUT>
160418 20:46:58 [01]        ...done
160418 20:46:58 [01] Streaming ./sbtest/sbtest51.frm to <STDOUT>
160418 20:46:58 [01]        ...done
160418 20:46:58 [01] Streaming ./sbtest/sbtest52.frm to <STDOUT>
160418 20:46:58 [01]        ...done
160418 20:46:58 [01] Streaming ./sbtest/sbtest47.frm to <STDOUT>
160418 20:46:58 [01]        ...done
160418 20:46:58 [01] Streaming ./sbtest/sbtest2.frm to <STDOUT>
160418 20:46:58 [01]        ...done
160418 20:46:58 [01] Streaming ./sbtest/sbtest12.frm to <STDOUT>
160418 20:46:58 [01]        ...done
160418 20:46:58 [01] Streaming ./sbtest/db.opt to <STDOUT>
160418 20:46:58 [01]        ...done
160418 20:46:58 [01] Streaming ./sbtest/sbtest27.frm to <STDOUT>
160418 20:46:58 [01]        ...done
160418 20:46:58 [01] Streaming ./sbtest/sbtest7.frm to <STDOUT>
160418 20:46:58 [01]        ...done
160418 20:46:58 [01] Streaming ./sbtest/sbtest31.frm to <STDOUT>
160418 20:46:58 [01]        ...done
160418 20:46:58 [01] Streaming ./sbtest/sbtest20.frm to <STDOUT>
160418 20:46:58 [01]        ...done
160418 20:46:58 [01] Streaming ./sbtest/sbtest11.frm to <STDOUT>
160418 20:46:58 [01]        ...done
160418 20:46:58 [01] Streaming ./sbtest/sbtest26.frm to <STDOUT>
160418 20:46:58 [01]        ...done
160418 20:46:58 [01] Streaming ./sbtest/sbtest4.frm to <STDOUT>
160418 20:46:58 [01]        ...done
160418 20:46:58 [01] Streaming ./sbtest/sbtest39.frm to <STDOUT>
160418 20:46:58 [01]        ...done
160418 20:46:58 [01] Streaming ./sbtest/sbtest32.frm to <STDOUT>
160418 20:46:58 [01]        ...done
160418 20:46:58 [01] Streaming ./sbtest/sbtest57.frm to <STDOUT>
160418 20:46:58 [01]        ...done
160418 20:46:58 [01] Streaming ./sbtest/sbtest59.frm to <STDOUT>
160418 20:46:58 [01]        ...done
160418 20:46:58 [01] Streaming ./sbtest/sbtest25.frm to <STDOUT>
160418 20:46:58 [01]        ...done
160418 20:46:58 [01] Streaming ./sbtest/sbtest23.frm to <STDOUT>
160418 20:46:58 [01]        ...done
160418 20:46:58 [01] Streaming ./sbtest/sbtest28.frm to <STDOUT>
160418 20:46:58 [01]        ...done
160418 20:46:58 [01] Streaming ./sbtest/sbtest24.frm to <STDOUT>
160418 20:46:58 [01]        ...done
160418 20:46:58 [01] Streaming ./sbtest/sbtest3.frm to <STDOUT>
160418 20:46:58 [01]        ...done
160418 20:46:58 [01] Streaming ./sbtest/sbtest33.frm to <STDOUT>
160418 20:46:58 [01]        ...done
160418 20:46:58 [01] Streaming ./sbtest/sbtest53.frm to <STDOUT>
160418 20:46:58 [01]        ...done
160418 20:46:58 [01] Streaming ./sbtest/sbtest14.frm to <STDOUT>
160418 20:46:58 [01]        ...done
160418 20:46:58 [01] Streaming ./sbtest/sbtest49.frm to <STDOUT>
160418 20:46:58 [01]        ...done
160418 20:46:58 [01] Streaming ./sbtest/sbtest55.frm to <STDOUT>
160418 20:46:58 [01]        ...done
160418 20:46:58 [01] Streaming ./sbtest/sbtest36.frm to <STDOUT>
160418 20:46:58 [01]        ...done
160418 20:46:58 [01] Streaming ./sbtest/sbtest30.frm to <STDOUT>
160418 20:46:58 [01]        ...done
160418 20:46:58 [01] Streaming ./sbtest/sbtest40.frm to <STDOUT>
160418 20:46:58 [01]        ...done
160418 20:46:58 [01] Streaming ./sbtest/sbtest13.frm to <STDOUT>
160418 20:46:58 [01]        ...done
160418 20:46:58 [01] Streaming ./sbtest/sbtest56.frm to <STDOUT>
160418 20:46:58 [01]        ...done
160418 20:46:58 [01] Streaming ./sbtest/sbtest19.frm to <STDOUT>
160418 20:46:58 [01]        ...done
160418 20:46:58 [01] Streaming ./sbtest/sbtest46.frm to <STDOUT>
160418 20:46:58 [01]        ...done
160418 20:46:58 [01] Streaming ./sbtest/sbtest9.frm to <STDOUT>
160418 20:46:58 [01]        ...done
160418 20:46:58 [01] Streaming ./sbtest/sbtest50.frm to <STDOUT>
160418 20:46:58 [01]        ...done
160418 20:46:58 [01] Streaming ./sbtest/sbtest6.frm to <STDOUT>
160418 20:46:58 [01]        ...done
160418 20:46:58 [01] Streaming ./sbtest/sbtest29.frm to <STDOUT>
160418 20:46:58 [01]        ...done
160418 20:46:58 [01] Streaming ./sbtest/sbtest48.frm to <STDOUT>
160418 20:46:58 [01]        ...done
160418 20:46:58 [01] Streaming ./sbtest/sbtest41.frm to <STDOUT>
160418 20:46:58 [01]        ...done
160418 20:46:58 [01] Streaming ./sbtest/sbtest10.frm to <STDOUT>
160418 20:46:58 [01]        ...done
160418 20:46:58 [01] Streaming ./sbtest/sbtest34.frm to <STDOUT>
160418 20:46:58 [01]        ...done
160418 20:46:58 [01] Streaming ./sbtest/sbtest60.frm to <STDOUT>
160418 20:46:58 [01]        ...done
160418 20:46:58 [01] Streaming ./sbtest/sbtest17.frm to <STDOUT>
160418 20:46:58 [01]        ...done
160418 20:46:58 [01] Streaming ./sbtest/sbtest15.frm to <STDOUT>
160418 20:46:58 [01]        ...done
160418 20:46:58 [01] Streaming ./sbtest/sbtest58.frm to <STDOUT>
160418 20:46:58 [01]        ...done
160418 20:46:58 [01] Streaming ./sbtest/sbtest45.frm to <STDOUT>
160418 20:46:58 [01]        ...done
160418 20:46:58 [01] Streaming ./sbtest/sbtest18.frm to <STDOUT>
160418 20:46:58 [01]        ...done
160418 20:46:58 [01] Streaming ./sbtest/sbtest44.frm to <STDOUT>
160418 20:46:58 [01]        ...done
160418 20:46:58 [01] Streaming ./sbtest/sbtest42.frm to <STDOUT>
160418 20:46:58 [01]        ...done
160418 20:46:58 [01] Streaming ./sbtest/sbtest54.frm to <STDOUT>
160418 20:46:58 [01]        ...done
160418 20:46:58 [01] Streaming ./sbtest/sbtest35.frm to <STDOUT>
160418 20:46:58 [01]        ...done
160418 20:46:58 [01] Streaming ./sbtest/sbtest21.frm to <STDOUT>
160418 20:46:58 [01]        ...done
160418 20:46:58 [01] Streaming ./sbtest/sbtest5.frm to <STDOUT>
160418 20:46:58 [01]        ...done
160418 20:46:58 [01] Streaming ./sbtest/sbtest16.frm to <STDOUT>
160418 20:46:58 [01]        ...done
160418 20:46:58 [01] Streaming ./lost@002bfound/db.opt to <STDOUT>
160418 20:46:58 [01]        ...done
160418 20:46:58 Finished backing up non-InnoDB tables and files
160418 20:46:58 Executing LOCK BINLOG FOR BACKUP...
160418 20:46:58 Executing FLUSH NO_WRITE_TO_BINLOG ENGINE LOGS...
xtrabackup: The latest check point (for incremental): '8070813042'
xtrabackup: Stopping log copying thread.
.160418 20:46:58 >> log scanned up to (8070813042)

160418 20:46:58 Executing UNLOCK BINLOG
160418 20:46:58 Executing UNLOCK TABLES
160418 20:46:58 All tables unlocked
160418 20:46:58 Backup created in directory '/tmp'
160418 20:46:58 [00] Streaming backup-my.cnf
160418 20:46:58 [00]        ...done
160418 20:46:58 [00] Streaming xtrabackup_info
160418 20:46:58 [00]        ...done
xtrabackup: Transaction log of lsn (8070813042) to (8070813042) was copied.
160418 20:46:58 completed OK!
/home/ubuntu
