160418 21:20:40 innobackupex: Starting the backup operation

IMPORTANT: Please check that the backup run completes successfully.
           At the end of a successful backup run innobackupex
           prints "completed OK!".

160418 21:20:40  version_check Connecting to MySQL server with DSN 'dbi:mysql:;mysql_read_default_group=xtrabackup;port=3306;mysql_socket=/var/run/mysqld/mysqld.sock' as 'root'  (using password: NO).
160418 21:20:40  version_check Connected to MySQL server
160418 21:20:40  version_check Executing a version check against the server...
160418 21:20:40  version_check Done.
160418 21:20:40 Connecting to MySQL server host: localhost, user: root, password: not set, port: 3306, socket: /var/run/mysqld/mysqld.sock
Using server version 5.6.29-76.2
innobackupex version 2.4.2 based on MySQL server 5.7.11 Linux (x86_64) (revision id: 8e86a84)
xtrabackup: uses posix_fadvise().
xtrabackup: cd to /var/lib/mysql
xtrabackup: open files limit requested 0, set to 1024
xtrabackup: using the following InnoDB configuration:
xtrabackup:   innodb_data_home_dir = .
xtrabackup:   innodb_data_file_path = ibdata1:12M:autoextend
xtrabackup:   innodb_log_group_home_dir = .
xtrabackup:   innodb_log_files_in_group = 2
xtrabackup:   innodb_log_file_size = 50331648
InnoDB: Number of pools: 1
encrypt: using gcrypt 1.5.3
160418 21:20:40 >> log scanned up to (8070813042)
xtrabackup: Generating a list of tablespaces
InnoDB: Allocated tablespace ID 1 for mysql/innodb_table_stats, old maximum was 0
xtrabackup: Starting 4 threads for parallel data files transfer
160418 21:20:40 [01] Compressing, encrypting and streaming ./ibdata1
160418 21:20:40 [03] Compressing, encrypting and streaming ./mysql/innodb_table_stats.ibd
160418 21:20:40 [02] Compressing, encrypting and streaming ./mysql/slave_worker_info.ibd
160418 21:20:40 [04] Compressing, encrypting and streaming ./mysql/slave_relay_log_info.ibd
160418 21:20:40 [03]        ...done
160418 21:20:40 [04]        ...done
160418 21:20:40 [02]        ...done
160418 21:20:40 [03] Compressing, encrypting and streaming ./mysql/slave_master_info.ibd
160418 21:20:40 [04] Compressing, encrypting and streaming ./sbtest/sbtest52.ibd
160418 21:20:40 [02] Compressing, encrypting and streaming ./mysql/innodb_index_stats.ibd
160418 21:20:40 [03]        ...done
160418 21:20:40 [03] Compressing, encrypting and streaming ./sbtest/sbtest47.ibd
160418 21:20:40 [02]        ...done
160418 21:20:40 [02] Compressing, encrypting and streaming ./sbtest/sbtest9.ibd
160418 21:20:41 [01]        ...done
160418 21:20:41 >> log scanned up to (8070813042)
160418 21:20:41 [01] Compressing, encrypting and streaming ./sbtest/sbtest53.ibd
160418 21:20:42 >> log scanned up to (8070813042)
160418 21:20:43 >> log scanned up to (8070813042)
160418 21:20:44 >> log scanned up to (8070813042)
160418 21:20:45 [04]        ...done
160418 21:20:45 [04] Compressing, encrypting and streaming ./sbtest/sbtest27.ibd
160418 21:20:45 [03]        ...done
160418 21:20:45 [03] Compressing, encrypting and streaming ./sbtest/sbtest50.ibd
160418 21:20:45 [02]        ...done
160418 21:20:45 [02] Compressing, encrypting and streaming ./sbtest/sbtest16.ibd
160418 21:20:45 >> log scanned up to (8070813042)
160418 21:20:46 [01]        ...done
160418 21:20:46 [01] Compressing, encrypting and streaming ./sbtest/sbtest21.ibd
160418 21:20:46 >> log scanned up to (8070813042)
160418 21:20:47 >> log scanned up to (8070813042)
160418 21:20:48 >> log scanned up to (8070813042)
160418 21:20:49 [04]        ...done
160418 21:20:49 [03]        ...done
160418 21:20:49 [04] Compressing, encrypting and streaming ./sbtest/sbtest48.ibd
160418 21:20:49 [03] Compressing, encrypting and streaming ./sbtest/sbtest33.ibd
160418 21:20:49 >> log scanned up to (8070813042)
160418 21:20:49 [02]        ...done
160418 21:20:49 [02] Compressing, encrypting and streaming ./sbtest/sbtest5.ibd
160418 21:20:50 [01]        ...done
160418 21:20:50 [01] Compressing, encrypting and streaming ./sbtest/sbtest43.ibd
160418 21:20:50 >> log scanned up to (8070813042)
160418 21:20:51 >> log scanned up to (8070813042)
160418 21:20:52 >> log scanned up to (8070813042)
160418 21:20:53 >> log scanned up to (8070813042)
160418 21:20:53 [04]        ...done
160418 21:20:53 [04] Compressing, encrypting and streaming ./sbtest/sbtest31.ibd
160418 21:20:53 [03]        ...done
160418 21:20:53 [03] Compressing, encrypting and streaming ./sbtest/sbtest35.ibd
160418 21:20:54 [02]        ...done
160418 21:20:54 [02] Compressing, encrypting and streaming ./sbtest/sbtest26.ibd
160418 21:20:54 >> log scanned up to (8070813042)
160418 21:20:54 [01]        ...done
160418 21:20:54 [01] Compressing, encrypting and streaming ./sbtest/sbtest10.ibd
160418 21:20:55 >> log scanned up to (8070813042)
160418 21:20:56 >> log scanned up to (8070813042)
160418 21:20:57 >> log scanned up to (8070813042)
160418 21:20:58 [04]        ...done
160418 21:20:58 [04] Compressing, encrypting and streaming ./sbtest/sbtest23.ibd
160418 21:20:58 [03]        ...done
160418 21:20:58 [03] Compressing, encrypting and streaming ./sbtest/sbtest32.ibd
160418 21:20:58 [02]        ...done
160418 21:20:58 [02] Compressing, encrypting and streaming ./sbtest/sbtest60.ibd
160418 21:20:58 >> log scanned up to (8070813042)
160418 21:20:58 [01]        ...done
160418 21:20:58 [01] Compressing, encrypting and streaming ./sbtest/sbtest14.ibd
160418 21:20:59 >> log scanned up to (8070813042)
160418 21:21:00 >> log scanned up to (8070813042)
160418 21:21:01 >> log scanned up to (8070813042)
160418 21:21:02 [04]        ...done
160418 21:21:02 [04] Compressing, encrypting and streaming ./sbtest/sbtest51.ibd
160418 21:21:02 [03]        ...done
160418 21:21:02 [03] Compressing, encrypting and streaming ./sbtest/sbtest55.ibd
160418 21:21:02 >> log scanned up to (8070813042)
160418 21:21:02 [02]        ...done
160418 21:21:02 [02] Compressing, encrypting and streaming ./sbtest/sbtest37.ibd
160418 21:21:03 [01]        ...done
160418 21:21:03 [01] Compressing, encrypting and streaming ./sbtest/sbtest46.ibd
160418 21:21:03 >> log scanned up to (8070813042)
160418 21:21:04 >> log scanned up to (8070813042)
160418 21:21:05 >> log scanned up to (8070813042)
160418 21:21:06 >> log scanned up to (8070813042)
160418 21:21:06 [04]        ...done
160418 21:21:07 [04] Compressing, encrypting and streaming ./sbtest/sbtest30.ibd
160418 21:21:07 [03]        ...done
160418 21:21:07 [03] Compressing, encrypting and streaming ./sbtest/sbtest17.ibd
160418 21:21:07 [02]        ...done
160418 21:21:07 [02] Compressing, encrypting and streaming ./sbtest/sbtest42.ibd
160418 21:21:07 >> log scanned up to (8070813042)
160418 21:21:07 [01]        ...done
160418 21:21:07 [01] Compressing, encrypting and streaming ./sbtest/sbtest41.ibd
160418 21:21:08 >> log scanned up to (8070813042)
160418 21:21:09 >> log scanned up to (8070813042)
160418 21:21:10 >> log scanned up to (8070813042)
160418 21:21:11 [04]        ...done
160418 21:21:11 [04] Compressing, encrypting and streaming ./sbtest/sbtest20.ibd
160418 21:21:11 >> log scanned up to (8070813042)
160418 21:21:11 [03]        ...done
160418 21:21:11 [03] Compressing, encrypting and streaming ./sbtest/sbtest34.ibd
160418 21:21:12 [01]        ...done
160418 21:21:12 [02]        ...done
160418 21:21:12 [01] Compressing, encrypting and streaming ./sbtest/sbtest12.ibd
160418 21:21:12 [02] Compressing, encrypting and streaming ./sbtest/sbtest19.ibd
160418 21:21:12 >> log scanned up to (8070813042)
160418 21:21:13 >> log scanned up to (8070813042)
160418 21:21:14 >> log scanned up to (8070813042)
160418 21:21:15 [04]        ...done
160418 21:21:15 [04] Compressing, encrypting and streaming ./sbtest/sbtest29.ibd
160418 21:21:15 >> log scanned up to (8070813042)
160418 21:21:16 [03]        ...done
160418 21:21:16 [03] Compressing, encrypting and streaming ./sbtest/sbtest45.ibd
160418 21:21:16 [01]        ...done
160418 21:21:16 [01] Compressing, encrypting and streaming ./sbtest/sbtest13.ibd
160418 21:21:16 [02]        ...done
160418 21:21:16 [02] Compressing, encrypting and streaming ./sbtest/sbtest11.ibd
160418 21:21:16 >> log scanned up to (8070813042)
160418 21:21:17 >> log scanned up to (8070813042)
160418 21:21:18 >> log scanned up to (8070813042)
160418 21:21:19 >> log scanned up to (8070813042)
160418 21:21:19 [04]        ...done
160418 21:21:19 [04] Compressing, encrypting and streaming ./sbtest/sbtest1.ibd
160418 21:21:20 [03]        ...done
160418 21:21:20 >> log scanned up to (8070813042)
160418 21:21:20 [03] Compressing, encrypting and streaming ./sbtest/sbtest28.ibd
160418 21:21:20 [01]        ...done
160418 21:21:20 [02]        ...done
160418 21:21:20 [01] Compressing, encrypting and streaming ./sbtest/sbtest25.ibd
160418 21:21:20 [02] Compressing, encrypting and streaming ./sbtest/sbtest59.ibd
160418 21:21:21 >> log scanned up to (8070813042)
160418 21:21:22 >> log scanned up to (8070813042)
160418 21:21:23 >> log scanned up to (8070813042)
160418 21:21:24 [04]        ...done
160418 21:21:24 [04] Compressing, encrypting and streaming ./sbtest/sbtest7.ibd
160418 21:21:24 >> log scanned up to (8070813042)
160418 21:21:24 [03]        ...done
160418 21:21:24 [03] Compressing, encrypting and streaming ./sbtest/sbtest40.ibd
160418 21:21:25 [01]        ...done
160418 21:21:25 [01] Compressing, encrypting and streaming ./sbtest/sbtest58.ibd
160418 21:21:25 [02]        ...done
160418 21:21:25 [02] Compressing, encrypting and streaming ./sbtest/sbtest18.ibd
160418 21:21:25 >> log scanned up to (8070813042)
160418 21:21:26 >> log scanned up to (8070813042)
160418 21:21:27 >> log scanned up to (8070813042)
160418 21:21:28 [04]        ...done
160418 21:21:28 [04] Compressing, encrypting and streaming ./sbtest/sbtest4.ibd
160418 21:21:28 >> log scanned up to (8070813042)
160418 21:21:29 [03]        ...done
160418 21:21:29 [03] Compressing, encrypting and streaming ./sbtest/sbtest49.ibd
160418 21:21:29 >> log scanned up to (8070813042)
160418 21:21:29 [01]        ...done
160418 21:21:29 [01] Compressing, encrypting and streaming ./sbtest/sbtest2.ibd
160418 21:21:30 [02]        ...done
160418 21:21:30 [02] Compressing, encrypting and streaming ./sbtest/sbtest8.ibd
160418 21:21:30 >> log scanned up to (8070813042)
160418 21:21:31 >> log scanned up to (8070813042)
160418 21:21:32 >> log scanned up to (8070813042)
160418 21:21:32 [04]        ...done
160418 21:21:32 [04] Compressing, encrypting and streaming ./sbtest/sbtest56.ibd
160418 21:21:33 [03]        ...done
160418 21:21:33 [03] Compressing, encrypting and streaming ./sbtest/sbtest57.ibd
160418 21:21:33 >> log scanned up to (8070813042)
160418 21:21:34 [01]        ...done
160418 21:21:34 [01] Compressing, encrypting and streaming ./sbtest/sbtest39.ibd
160418 21:21:34 [02]        ...done
160418 21:21:34 [02] Compressing, encrypting and streaming ./sbtest/sbtest38.ibd
160418 21:21:34 >> log scanned up to (8070813042)
160418 21:21:35 >> log scanned up to (8070813042)
160418 21:21:36 >> log scanned up to (8070813042)
160418 21:21:37 [04]        ...done
160418 21:21:37 [04] Compressing, encrypting and streaming ./sbtest/sbtest3.ibd
160418 21:21:37 >> log scanned up to (8070813042)
160418 21:21:37 [03]        ...done
160418 21:21:37 [03] Compressing, encrypting and streaming ./sbtest/sbtest24.ibd
160418 21:21:38 [01]        ...done
160418 21:21:38 [01] Compressing, encrypting and streaming ./sbtest/sbtest15.ibd
160418 21:21:38 >> log scanned up to (8070813042)
160418 21:21:39 [02]        ...done
160418 21:21:39 [02] Compressing, encrypting and streaming ./sbtest/sbtest44.ibd
160418 21:21:39 >> log scanned up to (8070813042)
160418 21:21:40 >> log scanned up to (8070813042)
160418 21:21:41 [04]        ...done
160418 21:21:41 [04] Compressing, encrypting and streaming ./sbtest/sbtest6.ibd
160418 21:21:41 >> log scanned up to (8070813042)
160418 21:21:42 [03]        ...done
160418 21:21:42 [03] Compressing, encrypting and streaming ./sbtest/sbtest22.ibd
160418 21:21:42 >> log scanned up to (8070813042)
160418 21:21:43 [01]        ...done
160418 21:21:43 [01] Compressing, encrypting and streaming ./sbtest/sbtest54.ibd
160418 21:21:43 >> log scanned up to (8070813042)
160418 21:21:44 [02]        ...done
160418 21:21:44 [02] Compressing, encrypting and streaming ./sbtest/sbtest36.ibd
160418 21:21:44 >> log scanned up to (8070813042)
160418 21:21:45 >> log scanned up to (8070813042)
160418 21:21:46 [04]        ...done
160418 21:21:46 >> log scanned up to (8070813042)
160418 21:21:47 [01]        ...done
160418 21:21:47 [03]        ...done
160418 21:21:47 [02]        ...done
160418 21:21:47 >> log scanned up to (8070813042)
160418 21:21:47 Executing LOCK TABLES FOR BACKUP...
160418 21:21:47 Starting to backup non-InnoDB tables and files
160418 21:21:47 [01] Compressing, encrypting and streaming ./performance_schema/events_stages_current.frm to <STDOUT>
160418 21:21:47 [01]        ...done
160418 21:21:47 [01] Compressing, encrypting and streaming ./performance_schema/events_waits_summary_by_account_by_event_name.frm to <STDOUT>
160418 21:21:47 [01]        ...done
160418 21:21:47 [01] Compressing, encrypting and streaming ./performance_schema/events_waits_summary_by_thread_by_event_name.frm to <STDOUT>
160418 21:21:47 [01]        ...done
160418 21:21:47 [01] Compressing, encrypting and streaming ./performance_schema/performance_timers.frm to <STDOUT>
160418 21:21:47 [01]        ...done
160418 21:21:47 [01] Compressing, encrypting and streaming ./performance_schema/events_stages_summary_by_host_by_event_name.frm to <STDOUT>
160418 21:21:47 [01]        ...done
160418 21:21:47 [01] Compressing, encrypting and streaming ./performance_schema/socket_summary_by_event_name.frm to <STDOUT>
160418 21:21:47 [01]        ...done
160418 21:21:47 [01] Compressing, encrypting and streaming ./performance_schema/users.frm to <STDOUT>
160418 21:21:47 [01]        ...done
160418 21:21:47 [01] Compressing, encrypting and streaming ./performance_schema/table_io_waits_summary_by_index_usage.frm to <STDOUT>
160418 21:21:47 [01]        ...done
160418 21:21:47 [01] Compressing, encrypting and streaming ./performance_schema/db.opt to <STDOUT>
160418 21:21:47 [01]        ...done
160418 21:21:47 [01] Compressing, encrypting and streaming ./performance_schema/events_waits_history_long.frm to <STDOUT>
160418 21:21:47 [01]        ...done
160418 21:21:47 [01] Compressing, encrypting and streaming ./performance_schema/events_statements_summary_by_account_by_event_name.frm to <STDOUT>
160418 21:21:47 [01]        ...done
160418 21:21:47 [01] Compressing, encrypting and streaming ./performance_schema/events_waits_summary_global_by_event_name.frm to <STDOUT>
160418 21:21:47 [01]        ...done
160418 21:21:47 [01] Compressing, encrypting and streaming ./performance_schema/events_waits_summary_by_user_by_event_name.frm to <STDOUT>
160418 21:21:47 [01]        ...done
160418 21:21:47 [01] Compressing, encrypting and streaming ./performance_schema/events_stages_summary_global_by_event_name.frm to <STDOUT>
160418 21:21:47 [01]        ...done
160418 21:21:47 [01] Compressing, encrypting and streaming ./performance_schema/events_statements_summary_by_user_by_event_name.frm to <STDOUT>
160418 21:21:47 [01]        ...done
160418 21:21:47 [01] Compressing, encrypting and streaming ./performance_schema/events_stages_history_long.frm to <STDOUT>
160418 21:21:47 [01]        ...done
160418 21:21:47 [01] Compressing, encrypting and streaming ./performance_schema/events_statements_summary_by_digest.frm to <STDOUT>
160418 21:21:47 [01]        ...done
160418 21:21:47 [01] Compressing, encrypting and streaming ./performance_schema/file_instances.frm to <STDOUT>
160418 21:21:47 [01]        ...done
160418 21:21:47 [01] Compressing, encrypting and streaming ./performance_schema/setup_actors.frm to <STDOUT>
160418 21:21:47 [01]        ...done
160418 21:21:47 [01] Compressing, encrypting and streaming ./performance_schema/cond_instances.frm to <STDOUT>
160418 21:21:47 [01]        ...done
160418 21:21:47 [01] Compressing, encrypting and streaming ./performance_schema/socket_summary_by_instance.frm to <STDOUT>
160418 21:21:47 [01]        ...done
160418 21:21:47 [01] Compressing, encrypting and streaming ./performance_schema/events_statements_history_long.frm to <STDOUT>
160418 21:21:47 [01]        ...done
160418 21:21:47 [01] Compressing, encrypting and streaming ./performance_schema/host_cache.frm to <STDOUT>
160418 21:21:47 [01]        ...done
160418 21:21:47 [01] Compressing, encrypting and streaming ./performance_schema/setup_objects.frm to <STDOUT>
160418 21:21:47 [01]        ...done
160418 21:21:47 [01] Compressing, encrypting and streaming ./performance_schema/rwlock_instances.frm to <STDOUT>
160418 21:21:47 [01]        ...done
160418 21:21:47 [01] Compressing, encrypting and streaming ./performance_schema/setup_instruments.frm to <STDOUT>
160418 21:21:47 [01]        ...done
160418 21:21:47 [01] Compressing, encrypting and streaming ./performance_schema/session_account_connect_attrs.frm to <STDOUT>
160418 21:21:47 [01]        ...done
160418 21:21:47 [01] Compressing, encrypting and streaming ./performance_schema/events_statements_current.frm to <STDOUT>
160418 21:21:47 [01]        ...done
160418 21:21:47 [01] Compressing, encrypting and streaming ./performance_schema/file_summary_by_event_name.frm to <STDOUT>
160418 21:21:47 [01]        ...done
160418 21:21:47 [01] Compressing, encrypting and streaming ./performance_schema/threads.frm to <STDOUT>
160418 21:21:47 [01]        ...done
160418 21:21:47 [01] Compressing, encrypting and streaming ./performance_schema/session_connect_attrs.frm to <STDOUT>
160418 21:21:47 [01]        ...done
160418 21:21:47 [01] Compressing, encrypting and streaming ./performance_schema/events_stages_history.frm to <STDOUT>
160418 21:21:47 [01]        ...done
160418 21:21:47 [01] Compressing, encrypting and streaming ./performance_schema/events_statements_summary_by_thread_by_event_name.frm to <STDOUT>
160418 21:21:47 [01]        ...done
160418 21:21:47 [01] Compressing, encrypting and streaming ./performance_schema/events_statements_history.frm to <STDOUT>
160418 21:21:47 [01]        ...done
160418 21:21:47 [01] Compressing, encrypting and streaming ./performance_schema/table_lock_waits_summary_by_table.frm to <STDOUT>
160418 21:21:47 [01]        ...done
160418 21:21:47 [01] Compressing, encrypting and streaming ./performance_schema/events_waits_history.frm to <STDOUT>
160418 21:21:47 [01]        ...done
160418 21:21:47 [01] Compressing, encrypting and streaming ./performance_schema/setup_consumers.frm to <STDOUT>
160418 21:21:47 [01]        ...done
160418 21:21:47 [01] Compressing, encrypting and streaming ./performance_schema/events_statements_summary_by_host_by_event_name.frm to <STDOUT>
160418 21:21:47 [01]        ...done
160418 21:21:47 [01] Compressing, encrypting and streaming ./performance_schema/events_waits_summary_by_instance.frm to <STDOUT>
160418 21:21:47 [01]        ...done
160418 21:21:47 [01] Compressing, encrypting and streaming ./performance_schema/hosts.frm to <STDOUT>
160418 21:21:47 [01]        ...done
160418 21:21:47 [01] Compressing, encrypting and streaming ./performance_schema/events_stages_summary_by_thread_by_event_name.frm to <STDOUT>
160418 21:21:47 [01]        ...done
160418 21:21:47 [01] Compressing, encrypting and streaming ./performance_schema/events_statements_summary_global_by_event_name.frm to <STDOUT>
160418 21:21:47 [01]        ...done
160418 21:21:47 [01] Compressing, encrypting and streaming ./performance_schema/file_summary_by_instance.frm to <STDOUT>
160418 21:21:47 [01]        ...done
160418 21:21:47 [01] Compressing, encrypting and streaming ./performance_schema/events_waits_summary_by_host_by_event_name.frm to <STDOUT>
160418 21:21:48 [01]        ...done
160418 21:21:48 [01] Compressing, encrypting and streaming ./performance_schema/mutex_instances.frm to <STDOUT>
160418 21:21:48 [01]        ...done
160418 21:21:48 [01] Compressing, encrypting and streaming ./performance_schema/objects_summary_global_by_type.frm to <STDOUT>
160418 21:21:48 [01]        ...done
160418 21:21:48 [01] Compressing, encrypting and streaming ./performance_schema/events_waits_current.frm to <STDOUT>
160418 21:21:48 [01]        ...done
160418 21:21:48 [01] Compressing, encrypting and streaming ./performance_schema/table_io_waits_summary_by_table.frm to <STDOUT>
160418 21:21:48 [01]        ...done
160418 21:21:48 [01] Compressing, encrypting and streaming ./performance_schema/socket_instances.frm to <STDOUT>
160418 21:21:48 [01]        ...done
160418 21:21:48 [01] Compressing, encrypting and streaming ./performance_schema/events_stages_summary_by_user_by_event_name.frm to <STDOUT>
160418 21:21:48 [01]        ...done
160418 21:21:48 [01] Compressing, encrypting and streaming ./performance_schema/setup_timers.frm to <STDOUT>
160418 21:21:48 [01]        ...done
160418 21:21:48 [01] Compressing, encrypting and streaming ./performance_schema/events_stages_summary_by_account_by_event_name.frm to <STDOUT>
160418 21:21:48 [01]        ...done
160418 21:21:48 [01] Compressing, encrypting and streaming ./performance_schema/accounts.frm to <STDOUT>
160418 21:21:48 [01]        ...done
160418 21:21:48 [01] Compressing, encrypting and streaming ./mysql/event.frm to <STDOUT>
160418 21:21:48 [01]        ...done
160418 21:21:48 [01] Compressing, encrypting and streaming ./mysql/time_zone.frm to <STDOUT>
160418 21:21:48 [01]        ...done
160418 21:21:48 [01] Compressing, encrypting and streaming ./mysql/help_keyword.MYD to <STDOUT>
160418 21:21:48 [01]        ...done
160418 21:21:48 [01] Compressing, encrypting and streaming ./mysql/time_zone_transition_type.MYD to <STDOUT>
160418 21:21:48 [01]        ...done
160418 21:21:48 [01] Compressing, encrypting and streaming ./mysql/help_category.MYI to <STDOUT>
160418 21:21:48 [01]        ...done
160418 21:21:48 [01] Compressing, encrypting and streaming ./mysql/procs_priv.frm to <STDOUT>
160418 21:21:48 [01]        ...done
160418 21:21:48 [01] Compressing, encrypting and streaming ./mysql/tables_priv.frm to <STDOUT>
160418 21:21:48 [01]        ...done
160418 21:21:48 [01] Compressing, encrypting and streaming ./mysql/plugin.frm to <STDOUT>
160418 21:21:48 [01]        ...done
160418 21:21:48 [01] Compressing, encrypting and streaming ./mysql/help_category.frm to <STDOUT>
160418 21:21:48 [01]        ...done
160418 21:21:48 [01] Compressing, encrypting and streaming ./mysql/proxies_priv.frm to <STDOUT>
160418 21:21:48 [01]        ...done
160418 21:21:48 [01] Compressing, encrypting and streaming ./mysql/user.MYI to <STDOUT>
160418 21:21:48 [01]        ...done
160418 21:21:48 [01] Compressing, encrypting and streaming ./mysql/slave_master_info.frm to <STDOUT>
160418 21:21:48 [01]        ...done
160418 21:21:48 [01] Compressing, encrypting and streaming ./mysql/help_topic.MYI to <STDOUT>
160418 21:21:48 [01]        ...done
160418 21:21:48 [01] Compressing, encrypting and streaming ./mysql/db.MYI to <STDOUT>
160418 21:21:48 [01]        ...done
160418 21:21:48 [01] Compressing, encrypting and streaming ./mysql/help_keyword.MYI to <STDOUT>
160418 21:21:48 [01]        ...done
160418 21:21:48 [01] Compressing, encrypting and streaming ./mysql/time_zone_leap_second.MYI to <STDOUT>
160418 21:21:48 [01]        ...done
160418 21:21:48 [01] Compressing, encrypting and streaming ./mysql/help_topic.MYD to <STDOUT>
160418 21:21:48 [01]        ...done
160418 21:21:48 [01] Compressing, encrypting and streaming ./mysql/slave_relay_log_info.frm to <STDOUT>
160418 21:21:48 [01]        ...done
160418 21:21:48 [01] Compressing, encrypting and streaming ./mysql/user.MYD to <STDOUT>
160418 21:21:48 [01]        ...done
160418 21:21:48 [01] Compressing, encrypting and streaming ./mysql/func.MYI to <STDOUT>
160418 21:21:48 [01]        ...done
160418 21:21:48 [01] Compressing, encrypting and streaming ./mysql/help_keyword.frm to <STDOUT>
160418 21:21:48 [01]        ...done
160418 21:21:48 [01] Compressing, encrypting and streaming ./mysql/time_zone_name.MYI to <STDOUT>
160418 21:21:48 [01]        ...done
160418 21:21:48 [01] Compressing, encrypting and streaming ./mysql/time_zone_name.MYD to <STDOUT>
160418 21:21:48 [01]        ...done
160418 21:21:48 [01] Compressing, encrypting and streaming ./mysql/columns_priv.frm to <STDOUT>
160418 21:21:48 [01]        ...done
160418 21:21:48 [01] Compressing, encrypting and streaming ./mysql/time_zone.MYD to <STDOUT>
160418 21:21:48 [01]        ...done
160418 21:21:48 [01] Compressing, encrypting and streaming ./mysql/slow_log.CSM to <STDOUT>
160418 21:21:48 [01]        ...done
160418 21:21:48 [01] Compressing, encrypting and streaming ./mysql/time_zone_leap_second.frm to <STDOUT>
160418 21:21:48 [01]        ...done
160418 21:21:48 [01] Compressing, encrypting and streaming ./mysql/servers.MYI to <STDOUT>
160418 21:21:48 [01]        ...done
160418 21:21:48 [01] Compressing, encrypting and streaming ./mysql/time_zone_transition_type.frm to <STDOUT>
160418 21:21:48 [01]        ...done
160418 21:21:48 [01] Compressing, encrypting and streaming ./mysql/procs_priv.MYI to <STDOUT>
160418 21:21:48 [01]        ...done
160418 21:21:48 [01] Compressing, encrypting and streaming ./mysql/time_zone.MYI to <STDOUT>
160418 21:21:48 [01]        ...done
160418 21:21:48 [01] Compressing, encrypting and streaming ./mysql/innodb_index_stats.frm to <STDOUT>
160418 21:21:48 [01]        ...done
160418 21:21:48 [01] Compressing, encrypting and streaming ./mysql/help_category.MYD to <STDOUT>
160418 21:21:48 [01]        ...done
160418 21:21:48 [01] Compressing, encrypting and streaming ./mysql/time_zone_name.frm to <STDOUT>
160418 21:21:48 [01]        ...done
160418 21:21:48 [01] Compressing, encrypting and streaming ./mysql/proc.MYI to <STDOUT>
160418 21:21:48 [01]        ...done
160418 21:21:48 [01] Compressing, encrypting and streaming ./mysql/plugin.MYD to <STDOUT>
160418 21:21:48 [01]        ...done
160418 21:21:48 [01] Compressing, encrypting and streaming ./mysql/ndb_binlog_index.MYI to <STDOUT>
160418 21:21:48 [01]        ...done
160418 21:21:48 [01] Compressing, encrypting and streaming ./mysql/help_relation.MYD to <STDOUT>
160418 21:21:48 [01]        ...done
160418 21:21:48 [01] Compressing, encrypting and streaming ./mysql/servers.frm to <STDOUT>
160418 21:21:48 [01]        ...done
160418 21:21:48 [01] Compressing, encrypting and streaming ./mysql/slave_worker_info.frm to <STDOUT>
160418 21:21:48 [01]        ...done
160418 21:21:48 [01] Compressing, encrypting and streaming ./mysql/tables_priv.MYI to <STDOUT>
160418 21:21:48 [01]        ...done
160418 21:21:48 [01] Compressing, encrypting and streaming ./mysql/ndb_binlog_index.MYD to <STDOUT>
160418 21:21:48 [01]        ...done
160418 21:21:48 [01] Compressing, encrypting and streaming ./mysql/ndb_binlog_index.frm to <STDOUT>
160418 21:21:48 [01]        ...done
160418 21:21:48 [01] Compressing, encrypting and streaming ./mysql/event.MYD to <STDOUT>
160418 21:21:48 [01]        ...done
160418 21:21:48 [01] Compressing, encrypting and streaming ./mysql/proxies_priv.MYI to <STDOUT>
160418 21:21:48 [01]        ...done
160418 21:21:48 [01] Compressing, encrypting and streaming ./mysql/innodb_table_stats.frm to <STDOUT>
160418 21:21:48 [01]        ...done
160418 21:21:48 [01] Compressing, encrypting and streaming ./mysql/time_zone_transition.MYI to <STDOUT>
160418 21:21:48 [01]        ...done
160418 21:21:48 [01] Compressing, encrypting and streaming ./mysql/slow_log.frm to <STDOUT>
160418 21:21:48 [01]        ...done
160418 21:21:48 [01] Compressing, encrypting and streaming ./mysql/event.MYI to <STDOUT>
160418 21:21:48 [01]        ...done
160418 21:21:48 [01] Compressing, encrypting and streaming ./mysql/time_zone_leap_second.MYD to <STDOUT>
160418 21:21:48 [01]        ...done
160418 21:21:48 [01] Compressing, encrypting and streaming ./mysql/proc.frm to <STDOUT>
160418 21:21:48 [01]        ...done
160418 21:21:48 [01] Compressing, encrypting and streaming ./mysql/db.frm to <STDOUT>
160418 21:21:48 [01]        ...done
160418 21:21:48 [01] Compressing, encrypting and streaming ./mysql/general_log.frm to <STDOUT>
160418 21:21:48 [01]        ...done
160418 21:21:48 [01] Compressing, encrypting and streaming ./mysql/help_topic.frm to <STDOUT>
160418 21:21:48 [01]        ...done
160418 21:21:48 [01] Compressing, encrypting and streaming ./mysql/proxies_priv.MYD to <STDOUT>
160418 21:21:48 [01]        ...done
160418 21:21:48 [01] Compressing, encrypting and streaming ./mysql/help_relation.frm to <STDOUT>
160418 21:21:48 [01]        ...done
160418 21:21:48 [01] Compressing, encrypting and streaming ./mysql/general_log.CSV to <STDOUT>
160418 21:21:48 [01]        ...done
160418 21:21:48 [01] Compressing, encrypting and streaming ./mysql/general_log.CSM to <STDOUT>
160418 21:21:48 [01]        ...done
160418 21:21:48 [01] Compressing, encrypting and streaming ./mysql/proc.MYD to <STDOUT>
160418 21:21:48 [01]        ...done
160418 21:21:48 [01] Compressing, encrypting and streaming ./mysql/slow_log.CSV to <STDOUT>
160418 21:21:48 [01]        ...done
160418 21:21:48 [01] Compressing, encrypting and streaming ./mysql/columns_priv.MYD to <STDOUT>
160418 21:21:48 [01]        ...done
160418 21:21:48 [01] Compressing, encrypting and streaming ./mysql/columns_priv.MYI to <STDOUT>
160418 21:21:48 [01]        ...done
160418 21:21:48 [01] Compressing, encrypting and streaming ./mysql/tables_priv.MYD to <STDOUT>
160418 21:21:48 [01]        ...done
160418 21:21:48 [01] Compressing, encrypting and streaming ./mysql/help_relation.MYI to <STDOUT>
160418 21:21:48 [01]        ...done
160418 21:21:48 [01] Compressing, encrypting and streaming ./mysql/time_zone_transition.MYD to <STDOUT>
160418 21:21:48 [01]        ...done
160418 21:21:48 [01] Compressing, encrypting and streaming ./mysql/servers.MYD to <STDOUT>
160418 21:21:48 [01]        ...done
160418 21:21:48 [01] Compressing, encrypting and streaming ./mysql/user.frm to <STDOUT>
160418 21:21:48 [01]        ...done
160418 21:21:48 [01] Compressing, encrypting and streaming ./mysql/func.frm to <STDOUT>
160418 21:21:48 [01]        ...done
160418 21:21:48 [01] Compressing, encrypting and streaming ./mysql/func.MYD to <STDOUT>
160418 21:21:48 [01]        ...done
160418 21:21:48 [01] Compressing, encrypting and streaming ./mysql/plugin.MYI to <STDOUT>
160418 21:21:48 [01]        ...done
160418 21:21:48 [01] Compressing, encrypting and streaming ./mysql/time_zone_transition_type.MYI to <STDOUT>
160418 21:21:48 [01]        ...done
160418 21:21:48 [01] Compressing, encrypting and streaming ./mysql/db.MYD to <STDOUT>
160418 21:21:48 [01]        ...done
160418 21:21:48 [01] Compressing, encrypting and streaming ./mysql/procs_priv.MYD to <STDOUT>
160418 21:21:48 [01]        ...done
160418 21:21:48 [01] Compressing, encrypting and streaming ./mysql/time_zone_transition.frm to <STDOUT>
160418 21:21:48 [01]        ...done
160418 21:21:48 [00] Compressing, encrypting and streaming test/db.opt
160418 21:21:48 [00]        ...done
160418 21:21:48 [01] Compressing, encrypting and streaming ./sbtest/sbtest38.frm to <STDOUT>
160418 21:21:48 [01]        ...done
160418 21:21:48 [01] Compressing, encrypting and streaming ./sbtest/sbtest37.frm to <STDOUT>
160418 21:21:48 [01]        ...done
160418 21:21:48 [01] Compressing, encrypting and streaming ./sbtest/sbtest1.frm to <STDOUT>
160418 21:21:48 [01]        ...done
160418 21:21:48 [01] Compressing, encrypting and streaming ./sbtest/sbtest22.frm to <STDOUT>
160418 21:21:48 [01]        ...done
160418 21:21:48 [01] Compressing, encrypting and streaming ./sbtest/sbtest8.frm to <STDOUT>
160418 21:21:48 [01]        ...done
160418 21:21:48 [01] Compressing, encrypting and streaming ./sbtest/sbtest43.frm to <STDOUT>
160418 21:21:48 [01]        ...done
160418 21:21:48 [01] Compressing, encrypting and streaming ./sbtest/sbtest51.frm to <STDOUT>
160418 21:21:48 [01]        ...done
160418 21:21:48 [01] Compressing, encrypting and streaming ./sbtest/sbtest52.frm to <STDOUT>
160418 21:21:48 [01]        ...done
160418 21:21:48 [01] Compressing, encrypting and streaming ./sbtest/sbtest47.frm to <STDOUT>
160418 21:21:48 [01]        ...done
160418 21:21:48 [01] Compressing, encrypting and streaming ./sbtest/sbtest2.frm to <STDOUT>
160418 21:21:48 [01]        ...done
160418 21:21:48 [01] Compressing, encrypting and streaming ./sbtest/sbtest12.frm to <STDOUT>
160418 21:21:48 [01]        ...done
160418 21:21:48 [01] Compressing, encrypting and streaming ./sbtest/db.opt to <STDOUT>
160418 21:21:48 [01]        ...done
160418 21:21:48 [01] Compressing, encrypting and streaming ./sbtest/sbtest27.frm to <STDOUT>
160418 21:21:48 [01]        ...done
160418 21:21:48 [01] Compressing, encrypting and streaming ./sbtest/sbtest7.frm to <STDOUT>
160418 21:21:48 [01]        ...done
160418 21:21:48 [01] Compressing, encrypting and streaming ./sbtest/sbtest31.frm to <STDOUT>
160418 21:21:48 [01]        ...done
160418 21:21:48 [01] Compressing, encrypting and streaming ./sbtest/sbtest20.frm to <STDOUT>
160418 21:21:48 [01]        ...done
160418 21:21:48 [01] Compressing, encrypting and streaming ./sbtest/sbtest11.frm to <STDOUT>
160418 21:21:48 [01]        ...done
160418 21:21:48 [01] Compressing, encrypting and streaming ./sbtest/sbtest26.frm to <STDOUT>
160418 21:21:48 [01]        ...done
160418 21:21:48 [01] Compressing, encrypting and streaming ./sbtest/sbtest4.frm to <STDOUT>
160418 21:21:48 [01]        ...done
160418 21:21:48 [01] Compressing, encrypting and streaming ./sbtest/sbtest39.frm to <STDOUT>
160418 21:21:48 [01]        ...done
160418 21:21:48 [01] Compressing, encrypting and streaming ./sbtest/sbtest32.frm to <STDOUT>
160418 21:21:48 [01]        ...done
160418 21:21:48 [01] Compressing, encrypting and streaming ./sbtest/sbtest57.frm to <STDOUT>
160418 21:21:48 [01]        ...done
160418 21:21:48 [01] Compressing, encrypting and streaming ./sbtest/sbtest59.frm to <STDOUT>
160418 21:21:48 [01]        ...done
160418 21:21:48 [01] Compressing, encrypting and streaming ./sbtest/sbtest25.frm to <STDOUT>
160418 21:21:48 [01]        ...done
160418 21:21:48 [01] Compressing, encrypting and streaming ./sbtest/sbtest23.frm to <STDOUT>
160418 21:21:48 [01]        ...done
160418 21:21:48 [01] Compressing, encrypting and streaming ./sbtest/sbtest28.frm to <STDOUT>
160418 21:21:48 [01]        ...done
160418 21:21:48 [01] Compressing, encrypting and streaming ./sbtest/sbtest24.frm to <STDOUT>
160418 21:21:48 [01]        ...done
160418 21:21:48 [01] Compressing, encrypting and streaming ./sbtest/sbtest3.frm to <STDOUT>
160418 21:21:48 [01]        ...done
160418 21:21:48 [01] Compressing, encrypting and streaming ./sbtest/sbtest33.frm to <STDOUT>
160418 21:21:48 [01]        ...done
160418 21:21:48 [01] Compressing, encrypting and streaming ./sbtest/sbtest53.frm to <STDOUT>
160418 21:21:48 [01]        ...done
160418 21:21:48 [01] Compressing, encrypting and streaming ./sbtest/sbtest14.frm to <STDOUT>
160418 21:21:48 [01]        ...done
160418 21:21:48 [01] Compressing, encrypting and streaming ./sbtest/sbtest49.frm to <STDOUT>
160418 21:21:48 [01]        ...done
160418 21:21:48 [01] Compressing, encrypting and streaming ./sbtest/sbtest55.frm to <STDOUT>
160418 21:21:48 [01]        ...done
160418 21:21:48 [01] Compressing, encrypting and streaming ./sbtest/sbtest36.frm to <STDOUT>
160418 21:21:48 [01]        ...done
160418 21:21:48 [01] Compressing, encrypting and streaming ./sbtest/sbtest30.frm to <STDOUT>
160418 21:21:48 [01]        ...done
160418 21:21:48 [01] Compressing, encrypting and streaming ./sbtest/sbtest40.frm to <STDOUT>
160418 21:21:48 [01]        ...done
160418 21:21:48 [01] Compressing, encrypting and streaming ./sbtest/sbtest13.frm to <STDOUT>
160418 21:21:48 [01]        ...done
160418 21:21:48 [01] Compressing, encrypting and streaming ./sbtest/sbtest56.frm to <STDOUT>
160418 21:21:48 [01]        ...done
160418 21:21:48 [01] Compressing, encrypting and streaming ./sbtest/sbtest19.frm to <STDOUT>
160418 21:21:48 [01]        ...done
160418 21:21:48 [01] Compressing, encrypting and streaming ./sbtest/sbtest46.frm to <STDOUT>
160418 21:21:48 [01]        ...done
160418 21:21:48 [01] Compressing, encrypting and streaming ./sbtest/sbtest9.frm to <STDOUT>
160418 21:21:48 [01]        ...done
160418 21:21:48 [01] Compressing, encrypting and streaming ./sbtest/sbtest50.frm to <STDOUT>
160418 21:21:48 [01]        ...done
160418 21:21:48 [01] Compressing, encrypting and streaming ./sbtest/sbtest6.frm to <STDOUT>
160418 21:21:48 [01]        ...done
160418 21:21:48 [01] Compressing, encrypting and streaming ./sbtest/sbtest29.frm to <STDOUT>
160418 21:21:48 [01]        ...done
160418 21:21:48 [01] Compressing, encrypting and streaming ./sbtest/sbtest48.frm to <STDOUT>
160418 21:21:48 [01]        ...done
160418 21:21:48 [01] Compressing, encrypting and streaming ./sbtest/sbtest41.frm to <STDOUT>
160418 21:21:48 [01]        ...done
160418 21:21:48 [01] Compressing, encrypting and streaming ./sbtest/sbtest10.frm to <STDOUT>
160418 21:21:48 [01]        ...done
160418 21:21:48 [01] Compressing, encrypting and streaming ./sbtest/sbtest34.frm to <STDOUT>
160418 21:21:48 [01]        ...done
160418 21:21:48 [01] Compressing, encrypting and streaming ./sbtest/sbtest60.frm to <STDOUT>
160418 21:21:48 [01]        ...done
160418 21:21:48 [01] Compressing, encrypting and streaming ./sbtest/sbtest17.frm to <STDOUT>
160418 21:21:48 [01]        ...done
160418 21:21:48 [01] Compressing, encrypting and streaming ./sbtest/sbtest15.frm to <STDOUT>
160418 21:21:48 [01]        ...done
160418 21:21:48 [01] Compressing, encrypting and streaming ./sbtest/sbtest58.frm to <STDOUT>
160418 21:21:48 [01]        ...done
160418 21:21:48 [01] Compressing, encrypting and streaming ./sbtest/sbtest45.frm to <STDOUT>
160418 21:21:48 [01]        ...done
160418 21:21:48 [01] Compressing, encrypting and streaming ./sbtest/sbtest18.frm to <STDOUT>
160418 21:21:48 [01]        ...done
160418 21:21:48 [01] Compressing, encrypting and streaming ./sbtest/sbtest44.frm to <STDOUT>
160418 21:21:48 [01]        ...done
160418 21:21:48 [01] Compressing, encrypting and streaming ./sbtest/sbtest42.frm to <STDOUT>
160418 21:21:48 [01]        ...done
160418 21:21:48 [01] Compressing, encrypting and streaming ./sbtest/sbtest54.frm to <STDOUT>
160418 21:21:48 [01]        ...done
160418 21:21:48 [01] Compressing, encrypting and streaming ./sbtest/sbtest35.frm to <STDOUT>
160418 21:21:48 [01]        ...done
160418 21:21:48 [01] Compressing, encrypting and streaming ./sbtest/sbtest21.frm to <STDOUT>
160418 21:21:48 [01]        ...done
160418 21:21:48 [01] Compressing, encrypting and streaming ./sbtest/sbtest5.frm to <STDOUT>
160418 21:21:48 [01]        ...done
160418 21:21:48 [01] Compressing, encrypting and streaming ./sbtest/sbtest16.frm to <STDOUT>
160418 21:21:48 [01]        ...done
160418 21:21:48 [01] Compressing, encrypting and streaming ./lost@002bfound/db.opt to <STDOUT>
160418 21:21:48 [01]        ...done
160418 21:21:48 Finished backing up non-InnoDB tables and files
160418 21:21:48 Executing LOCK BINLOG FOR BACKUP...
160418 21:21:48 Executing FLUSH NO_WRITE_TO_BINLOG ENGINE LOGS...
xtrabackup: The latest check point (for incremental): '8070813042'
xtrabackup: Stopping log copying thread.
.160418 21:21:48 >> log scanned up to (8070813042)

160418 21:21:48 Executing UNLOCK BINLOG
160418 21:21:48 Executing UNLOCK TABLES
160418 21:21:48 All tables unlocked
160418 21:21:48 Backup created in directory '/tmp'
160418 21:21:48 [00] Compressing, encrypting and streaming backup-my.cnf
160418 21:21:48 [00]        ...done
160418 21:21:48 [00] Compressing, encrypting and streaming xtrabackup_info
160418 21:21:48 [00]        ...done
xtrabackup: Transaction log of lsn (8070813042) to (8070813042) was copied.
160418 21:21:48 completed OK!
/home/ubuntu
