160418 20:51:08 innobackupex: Starting the backup operation

IMPORTANT: Please check that the backup run completes successfully.
           At the end of a successful backup run innobackupex
           prints "completed OK!".

160418 20:51:08  version_check Connecting to MySQL server with DSN 'dbi:mysql:;mysql_read_default_group=xtrabackup;port=3306;mysql_socket=/var/run/mysqld/mysqld.sock' as 'root'  (using password: NO).
160418 20:51:08  version_check Connected to MySQL server
160418 20:51:08  version_check Executing a version check against the server...
160418 20:51:08  version_check Done.
160418 20:51:08 Connecting to MySQL server host: localhost, user: root, password: not set, port: 3306, socket: /var/run/mysqld/mysqld.sock
Using server version 5.6.29-76.2
innobackupex version 2.4.2 based on MySQL server 5.7.11 Linux (x86_64) (revision id: 8e86a84)
xtrabackup: uses posix_fadvise().
xtrabackup: cd to /var/lib/mysql
xtrabackup: open files limit requested 0, set to 1024
xtrabackup: using the following InnoDB configuration:
xtrabackup:   innodb_data_home_dir = .
xtrabackup:   innodb_data_file_path = ibdata1:12M:autoextend
xtrabackup:   innodb_log_group_home_dir = .
xtrabackup:   innodb_log_files_in_group = 2
xtrabackup:   innodb_log_file_size = 50331648
InnoDB: Number of pools: 1
160418 20:51:08 >> log scanned up to (8070813042)
xtrabackup: Generating a list of tablespaces
InnoDB: Allocated tablespace ID 1 for mysql/innodb_table_stats, old maximum was 0
xtrabackup: Starting 4 threads for parallel data files transfer
160418 20:51:08 [03] Streaming ./mysql/slave_relay_log_info.ibd
160418 20:51:08 [02] Streaming ./mysql/innodb_table_stats.ibd
160418 20:51:08 [01] Streaming ./ibdata1
160418 20:51:08 [04] Streaming ./mysql/slave_worker_info.ibd
160418 20:51:08 [03]        ...done
160418 20:51:08 [02]        ...done
160418 20:51:08 [04]        ...done
160418 20:51:08 [03] Streaming ./mysql/slave_master_info.ibd
160418 20:51:08 [02] Streaming ./mysql/innodb_index_stats.ibd
160418 20:51:08 [03]        ...done
160418 20:51:08 [04] Streaming ./sbtest/sbtest52.ibd
160418 20:51:08 [03] Streaming ./sbtest/sbtest47.ibd
160418 20:51:08 [02]        ...done
160418 20:51:08 [02] Streaming ./sbtest/sbtest9.ibd
160418 20:51:09 >> log scanned up to (8070813042)
160418 20:51:10 >> log scanned up to (8070813042)
160418 20:51:11 >> log scanned up to (8070813042)
160418 20:51:12 >> log scanned up to (8070813042)
160418 20:51:13 >> log scanned up to (8070813042)
160418 20:51:14 >> log scanned up to (8070813042)
160418 20:51:15 >> log scanned up to (8070813042)
160418 20:51:16 >> log scanned up to (8070813042)
160418 20:51:17 >> log scanned up to (8070813042)
160418 20:51:18 >> log scanned up to (8070813042)
160418 20:51:19 >> log scanned up to (8070813042)
160418 20:51:20 >> log scanned up to (8070813042)
160418 20:51:21 [01]        ...done
160418 20:51:21 >> log scanned up to (8070813042)
160418 20:51:22 >> log scanned up to (8070813042)
160418 20:51:23 [01] Streaming ./sbtest/sbtest53.ibd
160418 20:51:23 >> log scanned up to (8070813042)
160418 20:51:24 >> log scanned up to (8070813042)
160418 20:51:25 >> log scanned up to (8070813042)
160418 20:51:26 >> log scanned up to (8070813042)
160418 20:51:27 >> log scanned up to (8070813042)
160418 20:51:28 >> log scanned up to (8070813042)
160418 20:51:29 >> log scanned up to (8070813042)
160418 20:51:30 >> log scanned up to (8070813042)
160418 20:51:31 >> log scanned up to (8070813042)
160418 20:51:32 >> log scanned up to (8070813042)
160418 20:51:33 [04]        ...done
160418 20:51:33 >> log scanned up to (8070813042)
160418 20:51:33 [03]        ...done
160418 20:51:34 [02]        ...done
160418 20:51:34 >> log scanned up to (8070813042)
160418 20:51:34 [04] Streaming ./sbtest/sbtest27.ibd
160418 20:51:35 [03] Streaming ./sbtest/sbtest50.ibd
160418 20:51:35 [02] Streaming ./sbtest/sbtest16.ibd
160418 20:51:35 >> log scanned up to (8070813042)
160418 20:51:36 >> log scanned up to (8070813042)
160418 20:51:37 >> log scanned up to (8070813042)
160418 20:51:38 >> log scanned up to (8070813042)
160418 20:51:39 >> log scanned up to (8070813042)
160418 20:51:40 >> log scanned up to (8070813042)
160418 20:51:41 >> log scanned up to (8070813042)
160418 20:51:42 >> log scanned up to (8070813042)
160418 20:51:43 >> log scanned up to (8070813042)
160418 20:51:44 >> log scanned up to (8070813042)
160418 20:51:45 >> log scanned up to (8070813042)
160418 20:51:46 >> log scanned up to (8070813042)
160418 20:51:47 >> log scanned up to (8070813042)
160418 20:51:48 >> log scanned up to (8070813042)
160418 20:51:49 >> log scanned up to (8070813042)
160418 20:51:50 >> log scanned up to (8070813042)
160418 20:51:50 [01]        ...done
160418 20:51:51 >> log scanned up to (8070813042)
160418 20:51:52 [01] Streaming ./sbtest/sbtest21.ibd
160418 20:51:52 >> log scanned up to (8070813042)
160418 20:51:53 >> log scanned up to (8070813042)
160418 20:51:54 >> log scanned up to (8070813042)
160418 20:51:55 >> log scanned up to (8070813042)
160418 20:51:56 >> log scanned up to (8070813042)
160418 20:51:57 >> log scanned up to (8070813042)
160418 20:51:58 >> log scanned up to (8070813042)
160418 20:51:59 >> log scanned up to (8070813042)
160418 20:52:00 >> log scanned up to (8070813042)
160418 20:52:01 >> log scanned up to (8070813042)
160418 20:52:02 >> log scanned up to (8070813042)
160418 20:52:02 [04]        ...done
160418 20:52:03 [03]        ...done
160418 20:52:03 >> log scanned up to (8070813042)
160418 20:52:03 [02]        ...done
160418 20:52:04 [04] Streaming ./sbtest/sbtest48.ibd
160418 20:52:04 [03] Streaming ./sbtest/sbtest33.ibd
160418 20:52:04 [02] Streaming ./sbtest/sbtest5.ibd
160418 20:52:04 >> log scanned up to (8070813042)
160418 20:52:05 >> log scanned up to (8070813042)
160418 20:52:06 >> log scanned up to (8070813042)
160418 20:52:07 >> log scanned up to (8070813042)
160418 20:52:08 >> log scanned up to (8070813042)
160418 20:52:09 >> log scanned up to (8070813042)
160418 20:52:10 >> log scanned up to (8070813042)
160418 20:52:11 >> log scanned up to (8070813042)
160418 20:52:12 >> log scanned up to (8070813042)
160418 20:52:13 >> log scanned up to (8070813042)
160418 20:52:14 >> log scanned up to (8070813042)
160418 20:52:15 >> log scanned up to (8070813042)
160418 20:52:16 >> log scanned up to (8070813042)
160418 20:52:17 >> log scanned up to (8070813042)
160418 20:52:18 >> log scanned up to (8070813042)
160418 20:52:19 >> log scanned up to (8070813042)
160418 20:52:20 [01]        ...done
160418 20:52:20 >> log scanned up to (8070813042)
160418 20:52:21 >> log scanned up to (8070813042)
160418 20:52:22 [01] Streaming ./sbtest/sbtest43.ibd
160418 20:52:22 >> log scanned up to (8070813042)
160418 20:52:23 >> log scanned up to (8070813042)
160418 20:52:24 >> log scanned up to (8070813042)
160418 20:52:25 >> log scanned up to (8070813042)
160418 20:52:26 >> log scanned up to (8070813042)
160418 20:52:27 >> log scanned up to (8070813042)
160418 20:52:28 >> log scanned up to (8070813042)
160418 20:52:29 >> log scanned up to (8070813042)
160418 20:52:30 >> log scanned up to (8070813042)
160418 20:52:31 >> log scanned up to (8070813042)
160418 20:52:32 [04]        ...done
160418 20:52:32 >> log scanned up to (8070813042)
160418 20:52:32 [03]        ...done
160418 20:52:33 [02]        ...done
160418 20:52:33 >> log scanned up to (8070813042)
160418 20:52:34 [04] Streaming ./sbtest/sbtest31.ibd
160418 20:52:34 [03] Streaming ./sbtest/sbtest35.ibd
160418 20:52:34 [02] Streaming ./sbtest/sbtest26.ibd
160418 20:52:34 >> log scanned up to (8070813042)
160418 20:52:35 >> log scanned up to (8070813042)
160418 20:52:36 >> log scanned up to (8070813042)
160418 20:52:37 >> log scanned up to (8070813042)
160418 20:52:38 >> log scanned up to (8070813042)
160418 20:52:39 >> log scanned up to (8070813042)
160418 20:52:40 >> log scanned up to (8070813042)
160418 20:52:41 >> log scanned up to (8070813042)
160418 20:52:42 >> log scanned up to (8070813042)
160418 20:52:43 >> log scanned up to (8070813042)
160418 20:52:44 >> log scanned up to (8070813042)
160418 20:52:45 >> log scanned up to (8070813042)
160418 20:52:46 >> log scanned up to (8070813042)
160418 20:52:47 >> log scanned up to (8070813042)
160418 20:52:48 >> log scanned up to (8070813042)
160418 20:52:49 [01]        ...done
160418 20:52:49 >> log scanned up to (8070813042)
160418 20:52:50 >> log scanned up to (8070813042)
160418 20:52:51 [01] Streaming ./sbtest/sbtest10.ibd
160418 20:52:51 >> log scanned up to (8070813042)
160418 20:52:52 >> log scanned up to (8070813042)
160418 20:52:53 >> log scanned up to (8070813042)
160418 20:52:54 >> log scanned up to (8070813042)
160418 20:52:55 >> log scanned up to (8070813042)
160418 20:52:56 >> log scanned up to (8070813042)
160418 20:52:57 >> log scanned up to (8070813042)
160418 20:52:58 >> log scanned up to (8070813042)
160418 20:52:59 >> log scanned up to (8070813042)
160418 20:53:00 >> log scanned up to (8070813042)
160418 20:53:01 >> log scanned up to (8070813042)
160418 20:53:01 [04]        ...done
160418 20:53:02 [03]        ...done
160418 20:53:02 >> log scanned up to (8070813042)
160418 20:53:02 [02]        ...done
160418 20:53:03 [04] Streaming ./sbtest/sbtest23.ibd
160418 20:53:03 [03] Streaming ./sbtest/sbtest32.ibd
160418 20:53:03 [02] Streaming ./sbtest/sbtest60.ibd
160418 20:53:03 >> log scanned up to (8070813042)
160418 20:53:04 >> log scanned up to (8070813042)
160418 20:53:05 >> log scanned up to (8070813042)
160418 20:53:06 >> log scanned up to (8070813042)
160418 20:53:07 >> log scanned up to (8070813042)
160418 20:53:08 >> log scanned up to (8070813042)
160418 20:53:09 >> log scanned up to (8070813042)
160418 20:53:10 >> log scanned up to (8070813042)
160418 20:53:11 >> log scanned up to (8070813042)
160418 20:53:12 >> log scanned up to (8070813042)
160418 20:53:13 >> log scanned up to (8070813042)
160418 20:53:14 >> log scanned up to (8070813042)
160418 20:53:15 >> log scanned up to (8070813042)
160418 20:53:16 >> log scanned up to (8070813042)
160418 20:53:17 >> log scanned up to (8070813042)
160418 20:53:18 >> log scanned up to (8070813042)
160418 20:53:19 [01]        ...done
160418 20:53:19 >> log scanned up to (8070813042)
160418 20:53:20 >> log scanned up to (8070813042)
160418 20:53:21 [01] Streaming ./sbtest/sbtest14.ibd
160418 20:53:21 >> log scanned up to (8070813042)
160418 20:53:22 >> log scanned up to (8070813042)
160418 20:53:23 >> log scanned up to (8070813042)
160418 20:53:24 >> log scanned up to (8070813042)
160418 20:53:25 >> log scanned up to (8070813042)
160418 20:53:26 >> log scanned up to (8070813042)
160418 20:53:27 >> log scanned up to (8070813042)
160418 20:53:28 >> log scanned up to (8070813042)
160418 20:53:29 >> log scanned up to (8070813042)
160418 20:53:30 >> log scanned up to (8070813042)
160418 20:53:31 [04]        ...done
160418 20:53:31 >> log scanned up to (8070813042)
160418 20:53:31 [03]        ...done
160418 20:53:32 [02]        ...done
160418 20:53:32 >> log scanned up to (8070813042)
160418 20:53:33 [04] Streaming ./sbtest/sbtest51.ibd
160418 20:53:33 [03] Streaming ./sbtest/sbtest55.ibd
160418 20:53:33 [02] Streaming ./sbtest/sbtest37.ibd
160418 20:53:33 >> log scanned up to (8070813042)
160418 20:53:34 >> log scanned up to (8070813042)
160418 20:53:35 >> log scanned up to (8070813042)
160418 20:53:36 >> log scanned up to (8070813042)
160418 20:53:37 >> log scanned up to (8070813042)
160418 20:53:38 >> log scanned up to (8070813042)
160418 20:53:39 >> log scanned up to (8070813042)
160418 20:53:40 >> log scanned up to (8070813042)
160418 20:53:41 >> log scanned up to (8070813042)
160418 20:53:42 >> log scanned up to (8070813042)
160418 20:53:43 >> log scanned up to (8070813042)
160418 20:53:44 >> log scanned up to (8070813042)
160418 20:53:45 >> log scanned up to (8070813042)
160418 20:53:46 >> log scanned up to (8070813042)
160418 20:53:47 >> log scanned up to (8070813042)
160418 20:53:48 >> log scanned up to (8070813042)
160418 20:53:48 [01]        ...done
160418 20:53:49 >> log scanned up to (8070813042)
160418 20:53:50 [01] Streaming ./sbtest/sbtest46.ibd
160418 20:53:50 >> log scanned up to (8070813042)
160418 20:53:51 >> log scanned up to (8070813042)
160418 20:53:52 >> log scanned up to (8070813042)
160418 20:53:53 >> log scanned up to (8070813042)
160418 20:53:54 >> log scanned up to (8070813042)
160418 20:53:55 >> log scanned up to (8070813042)
160418 20:53:56 >> log scanned up to (8070813042)
160418 20:53:57 >> log scanned up to (8070813042)
160418 20:53:58 >> log scanned up to (8070813042)
160418 20:53:59 >> log scanned up to (8070813042)
160418 20:54:00 >> log scanned up to (8070813042)
160418 20:54:00 [04]        ...done
160418 20:54:01 [03]        ...done
160418 20:54:01 >> log scanned up to (8070813042)
160418 20:54:01 [02]        ...done
160418 20:54:02 [04] Streaming ./sbtest/sbtest30.ibd
160418 20:54:02 [03] Streaming ./sbtest/sbtest17.ibd
160418 20:54:02 [02] Streaming ./sbtest/sbtest42.ibd
160418 20:54:02 >> log scanned up to (8070813042)
160418 20:54:03 >> log scanned up to (8070813042)
160418 20:54:04 >> log scanned up to (8070813042)
160418 20:54:05 >> log scanned up to (8070813042)
160418 20:54:06 >> log scanned up to (8070813042)
160418 20:54:07 >> log scanned up to (8070813042)
160418 20:54:08 >> log scanned up to (8070813042)
160418 20:54:09 >> log scanned up to (8070813042)
160418 20:54:10 >> log scanned up to (8070813042)
160418 20:54:11 >> log scanned up to (8070813042)
160418 20:54:12 >> log scanned up to (8070813042)
160418 20:54:13 >> log scanned up to (8070813042)
160418 20:54:14 >> log scanned up to (8070813042)
160418 20:54:15 >> log scanned up to (8070813042)
160418 20:54:16 >> log scanned up to (8070813042)
160418 20:54:17 >> log scanned up to (8070813042)
160418 20:54:18 [01]        ...done
160418 20:54:18 >> log scanned up to (8070813042)
160418 20:54:19 >> log scanned up to (8070813042)
160418 20:54:20 [01] Streaming ./sbtest/sbtest41.ibd
160418 20:54:20 >> log scanned up to (8070813042)
160418 20:54:21 >> log scanned up to (8070813042)
160418 20:54:22 >> log scanned up to (8070813042)
160418 20:54:23 >> log scanned up to (8070813042)
160418 20:54:24 >> log scanned up to (8070813042)
160418 20:54:25 >> log scanned up to (8070813042)
160418 20:54:26 >> log scanned up to (8070813042)
160418 20:54:27 >> log scanned up to (8070813042)
160418 20:54:28 >> log scanned up to (8070813042)
160418 20:54:29 >> log scanned up to (8070813042)
160418 20:54:30 [04]        ...done
160418 20:54:30 >> log scanned up to (8070813042)
160418 20:54:30 [03]        ...done
160418 20:54:31 [02]        ...done
160418 20:54:31 >> log scanned up to (8070813042)
160418 20:54:31 [04] Streaming ./sbtest/sbtest20.ibd
160418 20:54:32 [03] Streaming ./sbtest/sbtest34.ibd
160418 20:54:32 [02] Streaming ./sbtest/sbtest12.ibd
160418 20:54:32 >> log scanned up to (8070813042)
160418 20:54:33 >> log scanned up to (8070813042)
160418 20:54:34 >> log scanned up to (8070813042)
160418 20:54:35 >> log scanned up to (8070813042)
160418 20:54:36 >> log scanned up to (8070813042)
160418 20:54:37 >> log scanned up to (8070813042)
160418 20:54:38 >> log scanned up to (8070813042)
160418 20:54:39 >> log scanned up to (8070813042)
160418 20:54:40 >> log scanned up to (8070813042)
160418 20:54:41 >> log scanned up to (8070813042)
160418 20:54:42 >> log scanned up to (8070813042)
160418 20:54:43 >> log scanned up to (8070813042)
160418 20:54:44 >> log scanned up to (8070813042)
160418 20:54:45 >> log scanned up to (8070813042)
160418 20:54:46 >> log scanned up to (8070813042)
160418 20:54:47 [01]        ...done
160418 20:54:47 >> log scanned up to (8070813042)
160418 20:54:48 >> log scanned up to (8070813042)
160418 20:54:49 [01] Streaming ./sbtest/sbtest19.ibd
160418 20:54:49 >> log scanned up to (8070813042)
160418 20:54:50 >> log scanned up to (8070813042)
160418 20:54:51 >> log scanned up to (8070813042)
160418 20:54:52 >> log scanned up to (8070813042)
160418 20:54:53 >> log scanned up to (8070813042)
160418 20:54:54 >> log scanned up to (8070813042)
160418 20:54:55 >> log scanned up to (8070813042)
160418 20:54:56 >> log scanned up to (8070813042)
160418 20:54:57 >> log scanned up to (8070813042)
160418 20:54:58 >> log scanned up to (8070813042)
160418 20:54:59 >> log scanned up to (8070813042)
160418 20:54:59 [04]        ...done
160418 20:55:00 [03]        ...done
160418 20:55:00 >> log scanned up to (8070813042)
160418 20:55:00 [02]        ...done
160418 20:55:01 [04] Streaming ./sbtest/sbtest29.ibd
160418 20:55:01 [03] Streaming ./sbtest/sbtest45.ibd
160418 20:55:01 [02] Streaming ./sbtest/sbtest13.ibd
160418 20:55:01 >> log scanned up to (8070813042)
160418 20:55:02 >> log scanned up to (8070813042)
160418 20:55:03 >> log scanned up to (8070813042)
160418 20:55:04 >> log scanned up to (8070813042)
160418 20:55:05 >> log scanned up to (8070813042)
160418 20:55:06 >> log scanned up to (8070813042)
160418 20:55:07 >> log scanned up to (8070813042)
160418 20:55:08 >> log scanned up to (8070813042)
160418 20:55:09 >> log scanned up to (8070813042)
160418 20:55:10 >> log scanned up to (8070813042)
160418 20:55:11 >> log scanned up to (8070813042)
160418 20:55:12 >> log scanned up to (8070813042)
160418 20:55:13 >> log scanned up to (8070813042)
160418 20:55:14 >> log scanned up to (8070813042)
160418 20:55:15 >> log scanned up to (8070813042)
160418 20:55:16 >> log scanned up to (8070813042)
160418 20:55:17 [01]        ...done
160418 20:55:17 >> log scanned up to (8070813042)
160418 20:55:18 >> log scanned up to (8070813042)
160418 20:55:18 [01] Streaming ./sbtest/sbtest11.ibd
160418 20:55:19 >> log scanned up to (8070813042)
160418 20:55:20 >> log scanned up to (8070813042)
160418 20:55:21 >> log scanned up to (8070813042)
160418 20:55:22 >> log scanned up to (8070813042)
160418 20:55:23 >> log scanned up to (8070813042)
160418 20:55:24 >> log scanned up to (8070813042)
160418 20:55:25 >> log scanned up to (8070813042)
160418 20:55:26 >> log scanned up to (8070813042)
160418 20:55:27 >> log scanned up to (8070813042)
160418 20:55:28 >> log scanned up to (8070813042)
160418 20:55:29 [04]        ...done
160418 20:55:29 >> log scanned up to (8070813042)
160418 20:55:29 [03]        ...done
160418 20:55:30 [02]        ...done
160418 20:55:30 >> log scanned up to (8070813042)
160418 20:55:31 [04] Streaming ./sbtest/sbtest1.ibd
160418 20:55:31 [03] Streaming ./sbtest/sbtest28.ibd
160418 20:55:31 [02] Streaming ./sbtest/sbtest25.ibd
160418 20:55:31 >> log scanned up to (8070813042)
160418 20:55:32 >> log scanned up to (8070813042)
160418 20:55:33 >> log scanned up to (8070813042)
160418 20:55:34 >> log scanned up to (8070813042)
160418 20:55:35 >> log scanned up to (8070813042)
160418 20:55:36 >> log scanned up to (8070813042)
160418 20:55:37 >> log scanned up to (8070813042)
160418 20:55:38 >> log scanned up to (8070813042)
160418 20:55:39 >> log scanned up to (8070813042)
160418 20:55:40 >> log scanned up to (8070813042)
160418 20:55:41 >> log scanned up to (8070813042)
160418 20:55:42 >> log scanned up to (8070813042)
160418 20:55:43 >> log scanned up to (8070813042)
160418 20:55:44 >> log scanned up to (8070813042)
160418 20:55:45 >> log scanned up to (8070813042)
160418 20:55:46 [01]        ...done
160418 20:55:46 >> log scanned up to (8070813042)
160418 20:55:47 >> log scanned up to (8070813042)
160418 20:55:48 [01] Streaming ./sbtest/sbtest59.ibd
160418 20:55:48 >> log scanned up to (8070813042)
160418 20:55:49 >> log scanned up to (8070813042)
160418 20:55:50 >> log scanned up to (8070813042)
160418 20:55:51 >> log scanned up to (8070813042)
160418 20:55:52 >> log scanned up to (8070813042)
160418 20:55:53 >> log scanned up to (8070813042)
160418 20:55:54 >> log scanned up to (8070813042)
160418 20:55:55 >> log scanned up to (8070813042)
160418 20:55:56 >> log scanned up to (8070813042)
160418 20:55:57 >> log scanned up to (8070813042)
160418 20:55:58 >> log scanned up to (8070813042)
160418 20:55:58 [04]        ...done
160418 20:55:59 [03]        ...done
160418 20:55:59 >> log scanned up to (8070813042)
160418 20:55:59 [02]        ...done
160418 20:56:00 [04] Streaming ./sbtest/sbtest7.ibd
160418 20:56:00 [03] Streaming ./sbtest/sbtest40.ibd
160418 20:56:00 [02] Streaming ./sbtest/sbtest58.ibd
160418 20:56:00 >> log scanned up to (8070813042)
160418 20:56:01 >> log scanned up to (8070813042)
160418 20:56:02 >> log scanned up to (8070813042)
160418 20:56:03 >> log scanned up to (8070813042)
160418 20:56:04 >> log scanned up to (8070813042)
160418 20:56:05 >> log scanned up to (8070813042)
160418 20:56:06 >> log scanned up to (8070813042)
160418 20:56:07 >> log scanned up to (8070813042)
160418 20:56:08 >> log scanned up to (8070813042)
160418 20:56:09 >> log scanned up to (8070813042)
160418 20:56:10 >> log scanned up to (8070813042)
160418 20:56:11 >> log scanned up to (8070813042)
160418 20:56:12 >> log scanned up to (8070813042)
160418 20:56:13 >> log scanned up to (8070813042)
160418 20:56:14 >> log scanned up to (8070813042)
160418 20:56:15 >> log scanned up to (8070813042)
160418 20:56:16 [01]        ...done
160418 20:56:16 >> log scanned up to (8070813042)
160418 20:56:17 >> log scanned up to (8070813042)
160418 20:56:18 [01] Streaming ./sbtest/sbtest18.ibd
160418 20:56:18 >> log scanned up to (8070813042)
160418 20:56:19 >> log scanned up to (8070813042)
160418 20:56:20 >> log scanned up to (8070813042)
160418 20:56:21 >> log scanned up to (8070813042)
160418 20:56:22 >> log scanned up to (8070813042)
160418 20:56:23 >> log scanned up to (8070813042)
160418 20:56:24 >> log scanned up to (8070813042)
160418 20:56:25 >> log scanned up to (8070813042)
160418 20:56:26 >> log scanned up to (8070813042)
160418 20:56:27 >> log scanned up to (8070813042)
160418 20:56:28 [04]        ...done
160418 20:56:28 >> log scanned up to (8070813042)
160418 20:56:28 [03]        ...done
160418 20:56:29 [02]        ...done
160418 20:56:29 >> log scanned up to (8070813042)
160418 20:56:30 [04] Streaming ./sbtest/sbtest4.ibd
160418 20:56:30 [03] Streaming ./sbtest/sbtest49.ibd
160418 20:56:30 [02] Streaming ./sbtest/sbtest2.ibd
160418 20:56:30 >> log scanned up to (8070813042)
160418 20:56:31 >> log scanned up to (8070813042)
160418 20:56:32 >> log scanned up to (8070813042)
160418 20:56:33 >> log scanned up to (8070813042)
160418 20:56:34 >> log scanned up to (8070813042)
160418 20:56:35 >> log scanned up to (8070813042)
160418 20:56:36 >> log scanned up to (8070813042)
160418 20:56:37 >> log scanned up to (8070813042)
160418 20:56:38 >> log scanned up to (8070813042)
160418 20:56:39 >> log scanned up to (8070813042)
160418 20:56:40 >> log scanned up to (8070813042)
160418 20:56:41 >> log scanned up to (8070813042)
160418 20:56:42 >> log scanned up to (8070813042)
160418 20:56:43 >> log scanned up to (8070813042)
160418 20:56:44 >> log scanned up to (8070813042)
160418 20:56:45 [01]        ...done
160418 20:56:45 >> log scanned up to (8070813042)
160418 20:56:46 >> log scanned up to (8070813042)
160418 20:56:47 [01] Streaming ./sbtest/sbtest8.ibd
160418 20:56:47 >> log scanned up to (8070813042)
160418 20:56:48 >> log scanned up to (8070813042)
160418 20:56:49 >> log scanned up to (8070813042)
160418 20:56:50 >> log scanned up to (8070813042)
160418 20:56:51 >> log scanned up to (8070813042)
160418 20:56:52 >> log scanned up to (8070813042)
160418 20:56:53 >> log scanned up to (8070813042)
160418 20:56:54 >> log scanned up to (8070813042)
160418 20:56:55 >> log scanned up to (8070813042)
160418 20:56:56 >> log scanned up to (8070813042)
160418 20:56:57 >> log scanned up to (8070813042)
160418 20:56:57 [04]        ...done
160418 20:56:58 [03]        ...done
160418 20:56:58 >> log scanned up to (8070813042)
160418 20:56:58 [02]        ...done
160418 20:56:59 [04] Streaming ./sbtest/sbtest56.ibd
160418 20:56:59 [03] Streaming ./sbtest/sbtest57.ibd
160418 20:56:59 [02] Streaming ./sbtest/sbtest39.ibd
160418 20:56:59 >> log scanned up to (8070813042)
160418 20:57:00 >> log scanned up to (8070813042)
160418 20:57:01 >> log scanned up to (8070813042)
160418 20:57:02 >> log scanned up to (8070813042)
160418 20:57:03 >> log scanned up to (8070813042)
160418 20:57:04 >> log scanned up to (8070813042)
160418 20:57:05 >> log scanned up to (8070813042)
160418 20:57:06 >> log scanned up to (8070813042)
160418 20:57:07 >> log scanned up to (8070813042)
160418 20:57:08 >> log scanned up to (8070813042)
160418 20:57:09 >> log scanned up to (8070813042)
160418 20:57:10 >> log scanned up to (8070813042)
160418 20:57:11 >> log scanned up to (8070813042)
160418 20:57:12 >> log scanned up to (8070813042)
160418 20:57:13 >> log scanned up to (8070813042)
160418 20:57:14 >> log scanned up to (8070813042)
160418 20:57:15 [01]        ...done
160418 20:57:15 >> log scanned up to (8070813042)
160418 20:57:16 >> log scanned up to (8070813042)
160418 20:57:17 [01] Streaming ./sbtest/sbtest38.ibd
160418 20:57:17 >> log scanned up to (8070813042)
160418 20:57:18 >> log scanned up to (8070813042)
160418 20:57:19 >> log scanned up to (8070813042)
160418 20:57:20 >> log scanned up to (8070813042)
160418 20:57:21 >> log scanned up to (8070813042)
160418 20:57:22 >> log scanned up to (8070813042)
160418 20:57:23 >> log scanned up to (8070813042)
160418 20:57:24 >> log scanned up to (8070813042)
160418 20:57:25 >> log scanned up to (8070813042)
160418 20:57:26 >> log scanned up to (8070813042)
160418 20:57:27 [04]        ...done
160418 20:57:27 >> log scanned up to (8070813042)
160418 20:57:28 [03]        ...done
160418 20:57:28 [02]        ...done
160418 20:57:28 >> log scanned up to (8070813042)
160418 20:57:29 [04] Streaming ./sbtest/sbtest3.ibd
160418 20:57:29 [03] Streaming ./sbtest/sbtest24.ibd
160418 20:57:29 [02] Streaming ./sbtest/sbtest15.ibd
160418 20:57:29 >> log scanned up to (8070813042)
160418 20:57:30 >> log scanned up to (8070813042)
160418 20:57:31 >> log scanned up to (8070813042)
160418 20:57:32 >> log scanned up to (8070813042)
160418 20:57:33 >> log scanned up to (8070813042)
160418 20:57:34 >> log scanned up to (8070813042)
160418 20:57:35 >> log scanned up to (8070813042)
160418 20:57:36 >> log scanned up to (8070813042)
160418 20:57:37 >> log scanned up to (8070813042)
160418 20:57:38 >> log scanned up to (8070813042)
160418 20:57:39 >> log scanned up to (8070813042)
160418 20:57:40 >> log scanned up to (8070813042)
160418 20:57:41 >> log scanned up to (8070813042)
160418 20:57:42 >> log scanned up to (8070813042)
160418 20:57:43 >> log scanned up to (8070813042)
160418 20:57:44 >> log scanned up to (8070813042)
160418 20:57:44 [01]        ...done
160418 20:57:45 >> log scanned up to (8070813042)
160418 20:57:46 >> log scanned up to (8070813042)
160418 20:57:46 [01] Streaming ./sbtest/sbtest44.ibd
160418 20:57:47 >> log scanned up to (8070813042)
160418 20:57:48 >> log scanned up to (8070813042)
160418 20:57:49 >> log scanned up to (8070813042)
160418 20:57:50 >> log scanned up to (8070813042)
160418 20:57:51 >> log scanned up to (8070813042)
160418 20:57:52 >> log scanned up to (8070813042)
160418 20:57:53 >> log scanned up to (8070813042)
160418 20:57:54 >> log scanned up to (8070813042)
160418 20:57:55 >> log scanned up to (8070813042)
160418 20:57:56 >> log scanned up to (8070813042)
160418 20:57:57 [04]        ...done
160418 20:57:57 [03]        ...done
160418 20:57:57 >> log scanned up to (8070813042)
160418 20:57:58 [02]        ...done
160418 20:57:58 >> log scanned up to (8070813042)
160418 20:57:58 [04] Streaming ./sbtest/sbtest6.ibd
160418 20:57:58 [03] Streaming ./sbtest/sbtest22.ibd
160418 20:57:58 [02] Streaming ./sbtest/sbtest54.ibd
160418 20:57:59 >> log scanned up to (8070813042)
160418 20:58:00 >> log scanned up to (8070813042)
160418 20:58:01 >> log scanned up to (8070813042)
160418 20:58:02 >> log scanned up to (8070813042)
160418 20:58:03 >> log scanned up to (8070813042)
160418 20:58:04 >> log scanned up to (8070813042)
160418 20:58:05 >> log scanned up to (8070813042)
160418 20:58:06 >> log scanned up to (8070813042)
160418 20:58:07 >> log scanned up to (8070813042)
160418 20:58:08 >> log scanned up to (8070813042)
160418 20:58:09 >> log scanned up to (8070813042)
160418 20:58:10 >> log scanned up to (8070813042)
160418 20:58:11 >> log scanned up to (8070813042)
160418 20:58:12 >> log scanned up to (8070813042)
160418 20:58:13 >> log scanned up to (8070813042)
160418 20:58:14 [01]        ...done
160418 20:58:14 >> log scanned up to (8070813042)
160418 20:58:15 >> log scanned up to (8070813042)
160418 20:58:16 [01] Streaming ./sbtest/sbtest36.ibd
160418 20:58:16 >> log scanned up to (8070813042)
160418 20:58:17 >> log scanned up to (8070813042)
160418 20:58:18 >> log scanned up to (8070813042)
160418 20:58:19 >> log scanned up to (8070813042)
160418 20:58:20 >> log scanned up to (8070813042)
160418 20:58:21 >> log scanned up to (8070813042)
160418 20:58:22 >> log scanned up to (8070813042)
160418 20:58:23 >> log scanned up to (8070813042)
160418 20:58:24 >> log scanned up to (8070813042)
160418 20:58:25 >> log scanned up to (8070813042)
160418 20:58:26 [04]        ...done
160418 20:58:26 >> log scanned up to (8070813042)
160418 20:58:27 [03]        ...done
160418 20:58:27 [02]        ...done
160418 20:58:27 >> log scanned up to (8070813042)
160418 20:58:28 >> log scanned up to (8070813042)
160418 20:58:29 >> log scanned up to (8070813042)
160418 20:58:30 >> log scanned up to (8070813042)
160418 20:58:31 >> log scanned up to (8070813042)
160418 20:58:32 >> log scanned up to (8070813042)
160418 20:58:32 [01]        ...done
160418 20:58:33 Executing LOCK TABLES FOR BACKUP...
160418 20:58:33 Starting to backup non-InnoDB tables and files
160418 20:58:33 [01] Streaming ./performance_schema/events_stages_current.frm to <STDOUT>
160418 20:58:33 [01]        ...done
160418 20:58:33 [01] Streaming ./performance_schema/events_waits_summary_by_account_by_event_name.frm to <STDOUT>
160418 20:58:33 [01]        ...done
160418 20:58:33 [01] Streaming ./performance_schema/events_waits_summary_by_thread_by_event_name.frm to <STDOUT>
160418 20:58:33 [01]        ...done
160418 20:58:33 [01] Streaming ./performance_schema/performance_timers.frm to <STDOUT>
160418 20:58:33 [01]        ...done
160418 20:58:33 [01] Streaming ./performance_schema/events_stages_summary_by_host_by_event_name.frm to <STDOUT>
160418 20:58:33 [01]        ...done
160418 20:58:33 [01] Streaming ./performance_schema/socket_summary_by_event_name.frm to <STDOUT>
160418 20:58:33 [01]        ...done
160418 20:58:33 [01] Streaming ./performance_schema/users.frm to <STDOUT>
160418 20:58:33 [01]        ...done
160418 20:58:33 [01] Streaming ./performance_schema/table_io_waits_summary_by_index_usage.frm to <STDOUT>
160418 20:58:33 [01]        ...done
160418 20:58:33 [01] Streaming ./performance_schema/db.opt to <STDOUT>
160418 20:58:33 [01]        ...done
160418 20:58:33 [01] Streaming ./performance_schema/events_waits_history_long.frm to <STDOUT>
160418 20:58:33 [01]        ...done
160418 20:58:33 [01] Streaming ./performance_schema/events_statements_summary_by_account_by_event_name.frm to <STDOUT>
160418 20:58:33 [01]        ...done
160418 20:58:33 [01] Streaming ./performance_schema/events_waits_summary_global_by_event_name.frm to <STDOUT>
160418 20:58:33 [01]        ...done
160418 20:58:33 [01] Streaming ./performance_schema/events_waits_summary_by_user_by_event_name.frm to <STDOUT>
160418 20:58:33 [01]        ...done
160418 20:58:33 [01] Streaming ./performance_schema/events_stages_summary_global_by_event_name.frm to <STDOUT>
160418 20:58:33 [01]        ...done
160418 20:58:33 [01] Streaming ./performance_schema/events_statements_summary_by_user_by_event_name.frm to <STDOUT>
160418 20:58:33 [01]        ...done
160418 20:58:33 [01] Streaming ./performance_schema/events_stages_history_long.frm to <STDOUT>
160418 20:58:33 [01]        ...done
160418 20:58:33 [01] Streaming ./performance_schema/events_statements_summary_by_digest.frm to <STDOUT>
160418 20:58:33 [01]        ...done
160418 20:58:33 [01] Streaming ./performance_schema/file_instances.frm to <STDOUT>
160418 20:58:33 [01]        ...done
160418 20:58:33 [01] Streaming ./performance_schema/setup_actors.frm to <STDOUT>
160418 20:58:33 [01]        ...done
160418 20:58:33 [01] Streaming ./performance_schema/cond_instances.frm to <STDOUT>
160418 20:58:33 [01]        ...done
160418 20:58:33 [01] Streaming ./performance_schema/socket_summary_by_instance.frm to <STDOUT>
160418 20:58:33 [01]        ...done
160418 20:58:33 [01] Streaming ./performance_schema/events_statements_history_long.frm to <STDOUT>
160418 20:58:33 [01]        ...done
160418 20:58:33 [01] Streaming ./performance_schema/host_cache.frm to <STDOUT>
160418 20:58:33 [01]        ...done
160418 20:58:33 [01] Streaming ./performance_schema/setup_objects.frm to <STDOUT>
160418 20:58:33 [01]        ...done
160418 20:58:33 [01] Streaming ./performance_schema/rwlock_instances.frm to <STDOUT>
160418 20:58:33 [01]        ...done
160418 20:58:33 [01] Streaming ./performance_schema/setup_instruments.frm to <STDOUT>
160418 20:58:33 [01]        ...done
160418 20:58:33 [01] Streaming ./performance_schema/session_account_connect_attrs.frm to <STDOUT>
160418 20:58:33 [01]        ...done
160418 20:58:33 [01] Streaming ./performance_schema/events_statements_current.frm to <STDOUT>
160418 20:58:33 [01]        ...done
160418 20:58:33 [01] Streaming ./performance_schema/file_summary_by_event_name.frm to <STDOUT>
160418 20:58:33 [01]        ...done
160418 20:58:33 [01] Streaming ./performance_schema/threads.frm to <STDOUT>
160418 20:58:33 [01]        ...done
160418 20:58:33 [01] Streaming ./performance_schema/session_connect_attrs.frm to <STDOUT>
160418 20:58:33 [01]        ...done
160418 20:58:33 [01] Streaming ./performance_schema/events_stages_history.frm to <STDOUT>
160418 20:58:33 [01]        ...done
160418 20:58:33 [01] Streaming ./performance_schema/events_statements_summary_by_thread_by_event_name.frm to <STDOUT>
160418 20:58:33 [01]        ...done
160418 20:58:33 [01] Streaming ./performance_schema/events_statements_history.frm to <STDOUT>
160418 20:58:33 [01]        ...done
160418 20:58:33 [01] Streaming ./performance_schema/table_lock_waits_summary_by_table.frm to <STDOUT>
160418 20:58:33 [01]        ...done
160418 20:58:33 [01] Streaming ./performance_schema/events_waits_history.frm to <STDOUT>
160418 20:58:33 [01]        ...done
160418 20:58:33 [01] Streaming ./performance_schema/setup_consumers.frm to <STDOUT>
160418 20:58:33 [01]        ...done
160418 20:58:33 [01] Streaming ./performance_schema/events_statements_summary_by_host_by_event_name.frm to <STDOUT>
160418 20:58:33 [01]        ...done
160418 20:58:33 [01] Streaming ./performance_schema/events_waits_summary_by_instance.frm to <STDOUT>
160418 20:58:33 [01]        ...done
160418 20:58:33 [01] Streaming ./performance_schema/hosts.frm to <STDOUT>
160418 20:58:33 [01]        ...done
160418 20:58:33 [01] Streaming ./performance_schema/events_stages_summary_by_thread_by_event_name.frm to <STDOUT>
160418 20:58:33 [01]        ...done
160418 20:58:33 [01] Streaming ./performance_schema/events_statements_summary_global_by_event_name.frm to <STDOUT>
160418 20:58:33 [01]        ...done
160418 20:58:33 [01] Streaming ./performance_schema/file_summary_by_instance.frm to <STDOUT>
160418 20:58:33 [01]        ...done
160418 20:58:33 [01] Streaming ./performance_schema/events_waits_summary_by_host_by_event_name.frm to <STDOUT>
160418 20:58:33 [01]        ...done
160418 20:58:33 [01] Streaming ./performance_schema/mutex_instances.frm to <STDOUT>
160418 20:58:33 [01]        ...done
160418 20:58:33 [01] Streaming ./performance_schema/objects_summary_global_by_type.frm to <STDOUT>
160418 20:58:33 [01]        ...done
160418 20:58:33 [01] Streaming ./performance_schema/events_waits_current.frm to <STDOUT>
160418 20:58:33 [01]        ...done
160418 20:58:33 [01] Streaming ./performance_schema/table_io_waits_summary_by_table.frm to <STDOUT>
160418 20:58:33 [01]        ...done
160418 20:58:33 [01] Streaming ./performance_schema/socket_instances.frm to <STDOUT>
160418 20:58:33 [01]        ...done
160418 20:58:33 [01] Streaming ./performance_schema/events_stages_summary_by_user_by_event_name.frm to <STDOUT>
160418 20:58:33 [01]        ...done
160418 20:58:33 [01] Streaming ./performance_schema/setup_timers.frm to <STDOUT>
160418 20:58:33 [01]        ...done
160418 20:58:33 [01] Streaming ./performance_schema/events_stages_summary_by_account_by_event_name.frm to <STDOUT>
160418 20:58:33 [01]        ...done
160418 20:58:33 [01] Streaming ./performance_schema/accounts.frm to <STDOUT>
160418 20:58:33 [01]        ...done
160418 20:58:33 [01] Streaming ./mysql/event.frm to <STDOUT>
160418 20:58:33 [01]        ...done
160418 20:58:33 [01] Streaming ./mysql/time_zone.frm to <STDOUT>
160418 20:58:33 [01]        ...done
160418 20:58:33 [01] Streaming ./mysql/help_keyword.MYD to <STDOUT>
160418 20:58:33 [01]        ...done
160418 20:58:33 [01] Streaming ./mysql/time_zone_transition_type.MYD to <STDOUT>
160418 20:58:33 [01]        ...done
160418 20:58:33 [01] Streaming ./mysql/help_category.MYI to <STDOUT>
160418 20:58:33 [01]        ...done
160418 20:58:33 [01] Streaming ./mysql/procs_priv.frm to <STDOUT>
160418 20:58:33 [01]        ...done
160418 20:58:33 [01] Streaming ./mysql/tables_priv.frm to <STDOUT>
160418 20:58:33 [01]        ...done
160418 20:58:33 [01] Streaming ./mysql/plugin.frm to <STDOUT>
160418 20:58:33 [01]        ...done
160418 20:58:33 [01] Streaming ./mysql/help_category.frm to <STDOUT>
160418 20:58:33 [01]        ...done
160418 20:58:33 [01] Streaming ./mysql/proxies_priv.frm to <STDOUT>
160418 20:58:33 [01]        ...done
160418 20:58:33 [01] Streaming ./mysql/user.MYI to <STDOUT>
160418 20:58:33 [01]        ...done
160418 20:58:33 [01] Streaming ./mysql/slave_master_info.frm to <STDOUT>
160418 20:58:33 [01]        ...done
160418 20:58:33 [01] Streaming ./mysql/help_topic.MYI to <STDOUT>
160418 20:58:33 [01]        ...done
160418 20:58:33 [01] Streaming ./mysql/db.MYI to <STDOUT>
160418 20:58:33 [01]        ...done
160418 20:58:33 [01] Streaming ./mysql/help_keyword.MYI to <STDOUT>
160418 20:58:33 [01]        ...done
160418 20:58:33 [01] Streaming ./mysql/time_zone_leap_second.MYI to <STDOUT>
160418 20:58:33 [01]        ...done
160418 20:58:33 [01] Streaming ./mysql/help_topic.MYD to <STDOUT>
160418 20:58:33 [01]        ...done
160418 20:58:33 [01] Streaming ./mysql/slave_relay_log_info.frm to <STDOUT>
160418 20:58:33 [01]        ...done
160418 20:58:33 [01] Streaming ./mysql/user.MYD to <STDOUT>
160418 20:58:33 [01]        ...done
160418 20:58:33 [01] Streaming ./mysql/func.MYI to <STDOUT>
160418 20:58:33 [01]        ...done
160418 20:58:33 [01] Streaming ./mysql/help_keyword.frm to <STDOUT>
160418 20:58:33 [01]        ...done
160418 20:58:33 [01] Streaming ./mysql/time_zone_name.MYI to <STDOUT>
160418 20:58:33 [01]        ...done
160418 20:58:33 [01] Streaming ./mysql/time_zone_name.MYD to <STDOUT>
160418 20:58:33 [01]        ...done
160418 20:58:33 [01] Streaming ./mysql/columns_priv.frm to <STDOUT>
160418 20:58:33 [01]        ...done
160418 20:58:33 [01] Streaming ./mysql/time_zone.MYD to <STDOUT>
160418 20:58:33 [01]        ...done
160418 20:58:33 [01] Streaming ./mysql/slow_log.CSM to <STDOUT>
160418 20:58:33 [01]        ...done
160418 20:58:33 [01] Streaming ./mysql/time_zone_leap_second.frm to <STDOUT>
160418 20:58:33 [01]        ...done
160418 20:58:33 [01] Streaming ./mysql/servers.MYI to <STDOUT>
160418 20:58:33 [01]        ...done
160418 20:58:33 [01] Streaming ./mysql/time_zone_transition_type.frm to <STDOUT>
160418 20:58:33 [01]        ...done
160418 20:58:33 [01] Streaming ./mysql/procs_priv.MYI to <STDOUT>
160418 20:58:33 [01]        ...done
160418 20:58:33 [01] Streaming ./mysql/time_zone.MYI to <STDOUT>
160418 20:58:33 [01]        ...done
160418 20:58:33 [01] Streaming ./mysql/innodb_index_stats.frm to <STDOUT>
160418 20:58:33 [01]        ...done
160418 20:58:33 [01] Streaming ./mysql/help_category.MYD to <STDOUT>
160418 20:58:33 [01]        ...done
160418 20:58:33 [01] Streaming ./mysql/time_zone_name.frm to <STDOUT>
160418 20:58:33 [01]        ...done
160418 20:58:33 [01] Streaming ./mysql/proc.MYI to <STDOUT>
160418 20:58:33 [01]        ...done
160418 20:58:33 [01] Streaming ./mysql/plugin.MYD to <STDOUT>
160418 20:58:33 [01]        ...done
160418 20:58:33 [01] Streaming ./mysql/ndb_binlog_index.MYI to <STDOUT>
160418 20:58:33 [01]        ...done
160418 20:58:33 [01] Streaming ./mysql/help_relation.MYD to <STDOUT>
160418 20:58:33 [01]        ...done
160418 20:58:33 [01] Streaming ./mysql/servers.frm to <STDOUT>
160418 20:58:33 [01]        ...done
160418 20:58:33 [01] Streaming ./mysql/slave_worker_info.frm to <STDOUT>
160418 20:58:33 [01]        ...done
160418 20:58:33 [01] Streaming ./mysql/tables_priv.MYI to <STDOUT>
160418 20:58:33 [01]        ...done
160418 20:58:33 [01] Streaming ./mysql/ndb_binlog_index.MYD to <STDOUT>
160418 20:58:33 [01]        ...done
160418 20:58:33 [01] Streaming ./mysql/ndb_binlog_index.frm to <STDOUT>
160418 20:58:33 [01]        ...done
160418 20:58:33 [01] Streaming ./mysql/event.MYD to <STDOUT>
160418 20:58:33 [01]        ...done
160418 20:58:33 [01] Streaming ./mysql/proxies_priv.MYI to <STDOUT>
160418 20:58:33 [01]        ...done
160418 20:58:33 [01] Streaming ./mysql/innodb_table_stats.frm to <STDOUT>
160418 20:58:33 [01]        ...done
160418 20:58:33 [01] Streaming ./mysql/time_zone_transition.MYI to <STDOUT>
160418 20:58:33 [01]        ...done
160418 20:58:33 [01] Streaming ./mysql/slow_log.frm to <STDOUT>
160418 20:58:33 [01]        ...done
160418 20:58:33 [01] Streaming ./mysql/event.MYI to <STDOUT>
160418 20:58:33 [01]        ...done
160418 20:58:33 [01] Streaming ./mysql/time_zone_leap_second.MYD to <STDOUT>
160418 20:58:33 [01]        ...done
160418 20:58:33 [01] Streaming ./mysql/proc.frm to <STDOUT>
160418 20:58:33 [01]        ...done
160418 20:58:33 [01] Streaming ./mysql/db.frm to <STDOUT>
160418 20:58:33 [01]        ...done
160418 20:58:33 [01] Streaming ./mysql/general_log.frm to <STDOUT>
160418 20:58:33 [01]        ...done
160418 20:58:33 [01] Streaming ./mysql/help_topic.frm to <STDOUT>
160418 20:58:33 [01]        ...done
160418 20:58:33 [01] Streaming ./mysql/proxies_priv.MYD to <STDOUT>
160418 20:58:33 [01]        ...done
160418 20:58:33 [01] Streaming ./mysql/help_relation.frm to <STDOUT>
160418 20:58:33 [01]        ...done
160418 20:58:33 [01] Streaming ./mysql/general_log.CSV to <STDOUT>
160418 20:58:33 [01]        ...done
160418 20:58:33 [01] Streaming ./mysql/general_log.CSM to <STDOUT>
160418 20:58:33 [01]        ...done
160418 20:58:33 [01] Streaming ./mysql/proc.MYD to <STDOUT>
160418 20:58:33 [01]        ...done
160418 20:58:33 [01] Streaming ./mysql/slow_log.CSV to <STDOUT>
160418 20:58:33 [01]        ...done
160418 20:58:33 [01] Streaming ./mysql/columns_priv.MYD to <STDOUT>
160418 20:58:33 [01]        ...done
160418 20:58:33 [01] Streaming ./mysql/columns_priv.MYI to <STDOUT>
160418 20:58:33 [01]        ...done
160418 20:58:33 [01] Streaming ./mysql/tables_priv.MYD to <STDOUT>
160418 20:58:33 [01]        ...done
160418 20:58:33 [01] Streaming ./mysql/help_relation.MYI to <STDOUT>
160418 20:58:33 [01]        ...done
160418 20:58:33 [01] Streaming ./mysql/time_zone_transition.MYD to <STDOUT>
160418 20:58:33 [01]        ...done
160418 20:58:33 [01] Streaming ./mysql/servers.MYD to <STDOUT>
160418 20:58:33 [01]        ...done
160418 20:58:33 [01] Streaming ./mysql/user.frm to <STDOUT>
160418 20:58:33 [01]        ...done
160418 20:58:33 [01] Streaming ./mysql/func.frm to <STDOUT>
160418 20:58:33 [01]        ...done
160418 20:58:33 [01] Streaming ./mysql/func.MYD to <STDOUT>
160418 20:58:33 [01]        ...done
160418 20:58:33 [01] Streaming ./mysql/plugin.MYI to <STDOUT>
160418 20:58:33 [01]        ...done
160418 20:58:33 [01] Streaming ./mysql/time_zone_transition_type.MYI to <STDOUT>
160418 20:58:33 [01]        ...done
160418 20:58:33 [01] Streaming ./mysql/db.MYD to <STDOUT>
160418 20:58:33 [01]        ...done
160418 20:58:33 [01] Streaming ./mysql/procs_priv.MYD to <STDOUT>
160418 20:58:33 [01]        ...done
160418 20:58:33 [01] Streaming ./mysql/time_zone_transition.frm to <STDOUT>
160418 20:58:33 [01]        ...done
160418 20:58:33 [00] Streaming test/db.opt
160418 20:58:33 [00]        ...done
160418 20:58:33 [01] Streaming ./sbtest/sbtest38.frm to <STDOUT>
160418 20:58:33 [01]        ...done
160418 20:58:33 [01] Streaming ./sbtest/sbtest37.frm to <STDOUT>
160418 20:58:33 [01]        ...done
160418 20:58:33 [01] Streaming ./sbtest/sbtest1.frm to <STDOUT>
160418 20:58:33 [01]        ...done
160418 20:58:33 [01] Streaming ./sbtest/sbtest22.frm to <STDOUT>
160418 20:58:33 [01]        ...done
160418 20:58:33 [01] Streaming ./sbtest/sbtest8.frm to <STDOUT>
160418 20:58:33 [01]        ...done
160418 20:58:33 [01] Streaming ./sbtest/sbtest43.frm to <STDOUT>
160418 20:58:33 [01]        ...done
160418 20:58:33 [01] Streaming ./sbtest/sbtest51.frm to <STDOUT>
160418 20:58:33 [01]        ...done
160418 20:58:33 [01] Streaming ./sbtest/sbtest52.frm to <STDOUT>
160418 20:58:33 [01]        ...done
160418 20:58:33 [01] Streaming ./sbtest/sbtest47.frm to <STDOUT>
160418 20:58:33 [01]        ...done
160418 20:58:33 [01] Streaming ./sbtest/sbtest2.frm to <STDOUT>
160418 20:58:33 [01]        ...done
160418 20:58:33 [01] Streaming ./sbtest/sbtest12.frm to <STDOUT>
160418 20:58:33 [01]        ...done
160418 20:58:33 [01] Streaming ./sbtest/db.opt to <STDOUT>
160418 20:58:33 [01]        ...done
160418 20:58:33 [01] Streaming ./sbtest/sbtest27.frm to <STDOUT>
160418 20:58:33 [01]        ...done
160418 20:58:33 [01] Streaming ./sbtest/sbtest7.frm to <STDOUT>
160418 20:58:33 [01]        ...done
160418 20:58:33 [01] Streaming ./sbtest/sbtest31.frm to <STDOUT>
160418 20:58:33 [01]        ...done
160418 20:58:33 [01] Streaming ./sbtest/sbtest20.frm to <STDOUT>
160418 20:58:33 [01]        ...done
160418 20:58:33 [01] Streaming ./sbtest/sbtest11.frm to <STDOUT>
160418 20:58:33 [01]        ...done
160418 20:58:33 [01] Streaming ./sbtest/sbtest26.frm to <STDOUT>
160418 20:58:33 [01]        ...done
160418 20:58:33 [01] Streaming ./sbtest/sbtest4.frm to <STDOUT>
160418 20:58:33 [01]        ...done
160418 20:58:33 [01] Streaming ./sbtest/sbtest39.frm to <STDOUT>
160418 20:58:33 [01]        ...done
160418 20:58:33 [01] Streaming ./sbtest/sbtest32.frm to <STDOUT>
160418 20:58:33 [01]        ...done
160418 20:58:33 [01] Streaming ./sbtest/sbtest57.frm to <STDOUT>
160418 20:58:33 [01]        ...done
160418 20:58:33 [01] Streaming ./sbtest/sbtest59.frm to <STDOUT>
160418 20:58:33 [01]        ...done
160418 20:58:33 [01] Streaming ./sbtest/sbtest25.frm to <STDOUT>
160418 20:58:33 [01]        ...done
160418 20:58:33 [01] Streaming ./sbtest/sbtest23.frm to <STDOUT>
160418 20:58:33 [01]        ...done
160418 20:58:33 [01] Streaming ./sbtest/sbtest28.frm to <STDOUT>
160418 20:58:33 [01]        ...done
160418 20:58:33 [01] Streaming ./sbtest/sbtest24.frm to <STDOUT>
160418 20:58:33 [01]        ...done
160418 20:58:33 [01] Streaming ./sbtest/sbtest3.frm to <STDOUT>
160418 20:58:33 [01]        ...done
160418 20:58:33 [01] Streaming ./sbtest/sbtest33.frm to <STDOUT>
160418 20:58:33 [01]        ...done
160418 20:58:33 [01] Streaming ./sbtest/sbtest53.frm to <STDOUT>
160418 20:58:33 [01]        ...done
160418 20:58:33 [01] Streaming ./sbtest/sbtest14.frm to <STDOUT>
160418 20:58:33 [01]        ...done
160418 20:58:33 [01] Streaming ./sbtest/sbtest49.frm to <STDOUT>
160418 20:58:33 [01]        ...done
160418 20:58:33 [01] Streaming ./sbtest/sbtest55.frm to <STDOUT>
160418 20:58:33 [01]        ...done
160418 20:58:33 [01] Streaming ./sbtest/sbtest36.frm to <STDOUT>
160418 20:58:33 [01]        ...done
160418 20:58:33 [01] Streaming ./sbtest/sbtest30.frm to <STDOUT>
160418 20:58:33 [01]        ...done
160418 20:58:33 [01] Streaming ./sbtest/sbtest40.frm to <STDOUT>
160418 20:58:33 [01]        ...done
160418 20:58:33 [01] Streaming ./sbtest/sbtest13.frm to <STDOUT>
160418 20:58:33 [01]        ...done
160418 20:58:33 [01] Streaming ./sbtest/sbtest56.frm to <STDOUT>
160418 20:58:33 [01]        ...done
160418 20:58:33 [01] Streaming ./sbtest/sbtest19.frm to <STDOUT>
160418 20:58:33 [01]        ...done
160418 20:58:33 [01] Streaming ./sbtest/sbtest46.frm to <STDOUT>
160418 20:58:33 [01]        ...done
160418 20:58:33 [01] Streaming ./sbtest/sbtest9.frm to <STDOUT>
160418 20:58:33 [01]        ...done
160418 20:58:33 [01] Streaming ./sbtest/sbtest50.frm to <STDOUT>
160418 20:58:33 [01]        ...done
160418 20:58:33 [01] Streaming ./sbtest/sbtest6.frm to <STDOUT>
160418 20:58:33 [01]        ...done
160418 20:58:33 [01] Streaming ./sbtest/sbtest29.frm to <STDOUT>
160418 20:58:33 [01]        ...done
160418 20:58:33 [01] Streaming ./sbtest/sbtest48.frm to <STDOUT>
160418 20:58:33 [01]        ...done
160418 20:58:33 [01] Streaming ./sbtest/sbtest41.frm to <STDOUT>
160418 20:58:33 [01]        ...done
160418 20:58:33 [01] Streaming ./sbtest/sbtest10.frm to <STDOUT>
160418 20:58:33 [01]        ...done
160418 20:58:33 [01] Streaming ./sbtest/sbtest34.frm to <STDOUT>
160418 20:58:33 [01]        ...done
160418 20:58:33 [01] Streaming ./sbtest/sbtest60.frm to <STDOUT>
160418 20:58:33 [01]        ...done
160418 20:58:33 [01] Streaming ./sbtest/sbtest17.frm to <STDOUT>
160418 20:58:33 [01]        ...done
160418 20:58:33 [01] Streaming ./sbtest/sbtest15.frm to <STDOUT>
160418 20:58:33 [01]        ...done
160418 20:58:33 [01] Streaming ./sbtest/sbtest58.frm to <STDOUT>
160418 20:58:33 [01]        ...done
160418 20:58:33 [01] Streaming ./sbtest/sbtest45.frm to <STDOUT>
160418 20:58:33 [01]        ...done
160418 20:58:33 [01] Streaming ./sbtest/sbtest18.frm to <STDOUT>
160418 20:58:33 [01]        ...done
160418 20:58:33 [01] Streaming ./sbtest/sbtest44.frm to <STDOUT>
160418 20:58:33 [01]        ...done
160418 20:58:33 [01] Streaming ./sbtest/sbtest42.frm to <STDOUT>
160418 20:58:33 [01]        ...done
160418 20:58:33 [01] Streaming ./sbtest/sbtest54.frm to <STDOUT>
160418 20:58:33 [01]        ...done
160418 20:58:33 [01] Streaming ./sbtest/sbtest35.frm to <STDOUT>
160418 20:58:33 [01]        ...done
160418 20:58:33 [01] Streaming ./sbtest/sbtest21.frm to <STDOUT>
160418 20:58:33 [01]        ...done
160418 20:58:33 [01] Streaming ./sbtest/sbtest5.frm to <STDOUT>
160418 20:58:33 [01]        ...done
160418 20:58:33 [01] Streaming ./sbtest/sbtest16.frm to <STDOUT>
160418 20:58:33 [01]        ...done
160418 20:58:33 [01] Streaming ./lost@002bfound/db.opt to <STDOUT>
160418 20:58:33 [01]        ...done
160418 20:58:33 Finished backing up non-InnoDB tables and files
160418 20:58:33 Executing LOCK BINLOG FOR BACKUP...
160418 20:58:33 Executing FLUSH NO_WRITE_TO_BINLOG ENGINE LOGS...
xtrabackup: The latest check point (for incremental): '8070813042'
xtrabackup: Stopping log copying thread.
.160418 20:58:33 >> log scanned up to (8070813042)

160418 20:58:33 Executing UNLOCK BINLOG
160418 20:58:33 Executing UNLOCK TABLES
160418 20:58:33 All tables unlocked
160418 20:58:33 Backup created in directory '/tmp'
160418 20:58:33 [00] Streaming backup-my.cnf
160418 20:58:33 [00]        ...done
160418 20:58:33 [00] Streaming xtrabackup_info
160418 20:58:33 [00]        ...done
xtrabackup: Transaction log of lsn (8070813042) to (8070813042) was copied.
160418 20:58:33 completed OK!
/home/ubuntu
