160418 19:21:45 innobackupex: Starting the backup operation

IMPORTANT: Please check that the backup run completes successfully.
           At the end of a successful backup run innobackupex
           prints "completed OK!".

160418 19:21:45  version_check Connecting to MySQL server with DSN 'dbi:mysql:;mysql_read_default_group=xtrabackup;port=3306;mysql_socket=/var/run/mysqld/mysqld.sock' as 'root'  (using password: NO).
160418 19:21:45  version_check Connected to MySQL server
160418 19:21:45  version_check Executing a version check against the server...
160418 19:21:45  version_check Done.
160418 19:21:45 Connecting to MySQL server host: localhost, user: root, password: not set, port: 3306, socket: /var/run/mysqld/mysqld.sock
Using server version 5.6.29-76.2
innobackupex version 2.4.2 based on MySQL server 5.7.11 Linux (x86_64) (revision id: 8e86a84)
xtrabackup: uses posix_fadvise().
xtrabackup: cd to /var/lib/mysql
xtrabackup: open files limit requested 0, set to 1024
xtrabackup: using the following InnoDB configuration:
xtrabackup:   innodb_data_home_dir = .
xtrabackup:   innodb_data_file_path = ibdata1:12M:autoextend
xtrabackup:   innodb_log_group_home_dir = .
xtrabackup:   innodb_log_files_in_group = 2
xtrabackup:   innodb_log_file_size = 50331648
InnoDB: Number of pools: 1
160418 19:21:45 >> log scanned up to (8070813042)
xtrabackup: Generating a list of tablespaces
InnoDB: Allocated tablespace ID 1 for mysql/innodb_table_stats, old maximum was 0
160418 19:21:46 [01] Compressing ./ibdata1 to /var/tmp/backup_dir/ibdata1.qp
160418 19:21:46 [01]        ...done
160418 19:21:46 [01] Compressing ./mysql/innodb_table_stats.ibd to /var/tmp/backup_dir/mysql/innodb_table_stats.ibd.qp
160418 19:21:46 [01]        ...done
160418 19:21:46 [01] Compressing ./mysql/slave_relay_log_info.ibd to /var/tmp/backup_dir/mysql/slave_relay_log_info.ibd.qp
160418 19:21:46 [01]        ...done
160418 19:21:46 [01] Compressing ./mysql/slave_worker_info.ibd to /var/tmp/backup_dir/mysql/slave_worker_info.ibd.qp
160418 19:21:46 [01]        ...done
160418 19:21:46 [01] Compressing ./mysql/slave_master_info.ibd to /var/tmp/backup_dir/mysql/slave_master_info.ibd.qp
160418 19:21:46 [01]        ...done
160418 19:21:46 [01] Compressing ./mysql/innodb_index_stats.ibd to /var/tmp/backup_dir/mysql/innodb_index_stats.ibd.qp
160418 19:21:46 [01]        ...done
160418 19:21:46 [01] Compressing ./sbtest/sbtest52.ibd to /var/tmp/backup_dir/sbtest/sbtest52.ibd.qp
160418 19:21:46 >> log scanned up to (8070813042)
160418 19:21:47 [01]        ...done
160418 19:21:47 [01] Compressing ./sbtest/sbtest47.ibd to /var/tmp/backup_dir/sbtest/sbtest47.ibd.qp
160418 19:21:47 >> log scanned up to (8070813042)
160418 19:21:48 [01]        ...done
160418 19:21:48 [01] Compressing ./sbtest/sbtest9.ibd to /var/tmp/backup_dir/sbtest/sbtest9.ibd.qp
160418 19:21:48 >> log scanned up to (8070813042)
160418 19:21:48 [01]        ...done
160418 19:21:48 [01] Compressing ./sbtest/sbtest53.ibd to /var/tmp/backup_dir/sbtest/sbtest53.ibd.qp
160418 19:21:49 >> log scanned up to (8070813042)
160418 19:21:49 [01]        ...done
160418 19:21:49 [01] Compressing ./sbtest/sbtest27.ibd to /var/tmp/backup_dir/sbtest/sbtest27.ibd.qp
160418 19:21:50 [01]        ...done
160418 19:21:50 [01] Compressing ./sbtest/sbtest50.ibd to /var/tmp/backup_dir/sbtest/sbtest50.ibd.qp
160418 19:21:50 >> log scanned up to (8070813042)
160418 19:21:51 [01]        ...done
160418 19:21:51 [01] Compressing ./sbtest/sbtest16.ibd to /var/tmp/backup_dir/sbtest/sbtest16.ibd.qp
160418 19:21:51 >> log scanned up to (8070813042)
160418 19:21:52 [01]        ...done
160418 19:21:52 [01] Compressing ./sbtest/sbtest21.ibd to /var/tmp/backup_dir/sbtest/sbtest21.ibd.qp
160418 19:21:52 >> log scanned up to (8070813042)
160418 19:21:53 [01]        ...done
160418 19:21:53 [01] Compressing ./sbtest/sbtest48.ibd to /var/tmp/backup_dir/sbtest/sbtest48.ibd.qp
160418 19:21:53 >> log scanned up to (8070813042)
160418 19:21:54 [01]        ...done
160418 19:21:54 [01] Compressing ./sbtest/sbtest33.ibd to /var/tmp/backup_dir/sbtest/sbtest33.ibd.qp
160418 19:21:54 >> log scanned up to (8070813042)
160418 19:21:54 [01]        ...done
160418 19:21:54 [01] Compressing ./sbtest/sbtest5.ibd to /var/tmp/backup_dir/sbtest/sbtest5.ibd.qp
160418 19:21:55 >> log scanned up to (8070813042)
160418 19:21:55 [01]        ...done
160418 19:21:55 [01] Compressing ./sbtest/sbtest43.ibd to /var/tmp/backup_dir/sbtest/sbtest43.ibd.qp
160418 19:21:56 [01]        ...done
160418 19:21:56 [01] Compressing ./sbtest/sbtest31.ibd to /var/tmp/backup_dir/sbtest/sbtest31.ibd.qp
160418 19:21:56 >> log scanned up to (8070813042)
160418 19:21:57 [01]        ...done
160418 19:21:57 [01] Compressing ./sbtest/sbtest35.ibd to /var/tmp/backup_dir/sbtest/sbtest35.ibd.qp
160418 19:21:57 >> log scanned up to (8070813042)
160418 19:21:58 [01]        ...done
160418 19:21:58 [01] Compressing ./sbtest/sbtest26.ibd to /var/tmp/backup_dir/sbtest/sbtest26.ibd.qp
160418 19:21:58 >> log scanned up to (8070813042)
160418 19:21:59 [01]        ...done
160418 19:21:59 [01] Compressing ./sbtest/sbtest10.ibd to /var/tmp/backup_dir/sbtest/sbtest10.ibd.qp
160418 19:21:59 >> log scanned up to (8070813042)
160418 19:22:00 [01]        ...done
160418 19:22:00 [01] Compressing ./sbtest/sbtest23.ibd to /var/tmp/backup_dir/sbtest/sbtest23.ibd.qp
160418 19:22:00 >> log scanned up to (8070813042)
160418 19:22:00 [01]        ...done
160418 19:22:00 [01] Compressing ./sbtest/sbtest32.ibd to /var/tmp/backup_dir/sbtest/sbtest32.ibd.qp
160418 19:22:01 >> log scanned up to (8070813042)
160418 19:22:01 [01]        ...done
160418 19:22:01 [01] Compressing ./sbtest/sbtest60.ibd to /var/tmp/backup_dir/sbtest/sbtest60.ibd.qp
160418 19:22:02 [01]        ...done
160418 19:22:02 [01] Compressing ./sbtest/sbtest14.ibd to /var/tmp/backup_dir/sbtest/sbtest14.ibd.qp
160418 19:22:02 >> log scanned up to (8070813042)
160418 19:22:03 [01]        ...done
160418 19:22:03 [01] Compressing ./sbtest/sbtest51.ibd to /var/tmp/backup_dir/sbtest/sbtest51.ibd.qp
160418 19:22:03 >> log scanned up to (8070813042)
160418 19:22:04 [01]        ...done
160418 19:22:04 [01] Compressing ./sbtest/sbtest55.ibd to /var/tmp/backup_dir/sbtest/sbtest55.ibd.qp
160418 19:22:04 >> log scanned up to (8070813042)
160418 19:22:05 [01]        ...done
160418 19:22:05 [01] Compressing ./sbtest/sbtest37.ibd to /var/tmp/backup_dir/sbtest/sbtest37.ibd.qp
160418 19:22:05 >> log scanned up to (8070813042)
160418 19:22:06 [01]        ...done
160418 19:22:06 [01] Compressing ./sbtest/sbtest46.ibd to /var/tmp/backup_dir/sbtest/sbtest46.ibd.qp
160418 19:22:06 >> log scanned up to (8070813042)
160418 19:22:07 [01]        ...done
160418 19:22:07 [01] Compressing ./sbtest/sbtest30.ibd to /var/tmp/backup_dir/sbtest/sbtest30.ibd.qp
160418 19:22:07 >> log scanned up to (8070813042)
160418 19:22:07 [01]        ...done
160418 19:22:07 [01] Compressing ./sbtest/sbtest17.ibd to /var/tmp/backup_dir/sbtest/sbtest17.ibd.qp
160418 19:22:08 [01]        ...done
160418 19:22:08 [01] Compressing ./sbtest/sbtest42.ibd to /var/tmp/backup_dir/sbtest/sbtest42.ibd.qp
160418 19:22:08 >> log scanned up to (8070813042)
160418 19:22:09 [01]        ...done
160418 19:22:09 [01] Compressing ./sbtest/sbtest41.ibd to /var/tmp/backup_dir/sbtest/sbtest41.ibd.qp
160418 19:22:09 >> log scanned up to (8070813042)
160418 19:22:10 [01]        ...done
160418 19:22:10 [01] Compressing ./sbtest/sbtest20.ibd to /var/tmp/backup_dir/sbtest/sbtest20.ibd.qp
160418 19:22:10 >> log scanned up to (8070813042)
160418 19:22:11 [01]        ...done
160418 19:22:11 [01] Compressing ./sbtest/sbtest34.ibd to /var/tmp/backup_dir/sbtest/sbtest34.ibd.qp
160418 19:22:11 >> log scanned up to (8070813042)
160418 19:22:12 [01]        ...done
160418 19:22:12 [01] Compressing ./sbtest/sbtest12.ibd to /var/tmp/backup_dir/sbtest/sbtest12.ibd.qp
160418 19:22:12 >> log scanned up to (8070813042)
160418 19:22:12 [01]        ...done
160418 19:22:12 [01] Compressing ./sbtest/sbtest19.ibd to /var/tmp/backup_dir/sbtest/sbtest19.ibd.qp
160418 19:22:13 >> log scanned up to (8070813042)
160418 19:22:13 [01]        ...done
160418 19:22:13 [01] Compressing ./sbtest/sbtest29.ibd to /var/tmp/backup_dir/sbtest/sbtest29.ibd.qp
160418 19:22:14 [01]        ...done
160418 19:22:14 [01] Compressing ./sbtest/sbtest45.ibd to /var/tmp/backup_dir/sbtest/sbtest45.ibd.qp
160418 19:22:14 >> log scanned up to (8070813042)
160418 19:22:15 [01]        ...done
160418 19:22:15 [01] Compressing ./sbtest/sbtest13.ibd to /var/tmp/backup_dir/sbtest/sbtest13.ibd.qp
160418 19:22:15 >> log scanned up to (8070813042)
160418 19:22:16 [01]        ...done
160418 19:22:16 [01] Compressing ./sbtest/sbtest11.ibd to /var/tmp/backup_dir/sbtest/sbtest11.ibd.qp
160418 19:22:16 >> log scanned up to (8070813042)
160418 19:22:17 [01]        ...done
160418 19:22:17 [01] Compressing ./sbtest/sbtest1.ibd to /var/tmp/backup_dir/sbtest/sbtest1.ibd.qp
160418 19:22:17 >> log scanned up to (8070813042)
160418 19:22:18 [01]        ...done
160418 19:22:18 [01] Compressing ./sbtest/sbtest28.ibd to /var/tmp/backup_dir/sbtest/sbtest28.ibd.qp
160418 19:22:18 >> log scanned up to (8070813042)
160418 19:22:18 [01]        ...done
160418 19:22:18 [01] Compressing ./sbtest/sbtest25.ibd to /var/tmp/backup_dir/sbtest/sbtest25.ibd.qp
160418 19:22:19 >> log scanned up to (8070813042)
160418 19:22:19 [01]        ...done
160418 19:22:19 [01] Compressing ./sbtest/sbtest59.ibd to /var/tmp/backup_dir/sbtest/sbtest59.ibd.qp
160418 19:22:20 [01]        ...done
160418 19:22:20 [01] Compressing ./sbtest/sbtest7.ibd to /var/tmp/backup_dir/sbtest/sbtest7.ibd.qp
160418 19:22:20 >> log scanned up to (8070813042)
160418 19:22:21 [01]        ...done
160418 19:22:21 [01] Compressing ./sbtest/sbtest40.ibd to /var/tmp/backup_dir/sbtest/sbtest40.ibd.qp
160418 19:22:21 >> log scanned up to (8070813042)
160418 19:22:22 [01]        ...done
160418 19:22:22 [01] Compressing ./sbtest/sbtest58.ibd to /var/tmp/backup_dir/sbtest/sbtest58.ibd.qp
160418 19:22:22 >> log scanned up to (8070813042)
160418 19:22:23 [01]        ...done
160418 19:22:23 [01] Compressing ./sbtest/sbtest18.ibd to /var/tmp/backup_dir/sbtest/sbtest18.ibd.qp
160418 19:22:23 >> log scanned up to (8070813042)
160418 19:22:24 [01]        ...done
160418 19:22:24 [01] Compressing ./sbtest/sbtest4.ibd to /var/tmp/backup_dir/sbtest/sbtest4.ibd.qp
160418 19:22:24 >> log scanned up to (8070813042)
160418 19:22:24 [01]        ...done
160418 19:22:24 [01] Compressing ./sbtest/sbtest49.ibd to /var/tmp/backup_dir/sbtest/sbtest49.ibd.qp
160418 19:22:25 >> log scanned up to (8070813042)
160418 19:22:25 [01]        ...done
160418 19:22:25 [01] Compressing ./sbtest/sbtest2.ibd to /var/tmp/backup_dir/sbtest/sbtest2.ibd.qp
160418 19:22:26 [01]        ...done
160418 19:22:26 [01] Compressing ./sbtest/sbtest8.ibd to /var/tmp/backup_dir/sbtest/sbtest8.ibd.qp
160418 19:22:26 >> log scanned up to (8070813042)
160418 19:22:27 [01]        ...done
160418 19:22:27 [01] Compressing ./sbtest/sbtest56.ibd to /var/tmp/backup_dir/sbtest/sbtest56.ibd.qp
160418 19:22:27 >> log scanned up to (8070813042)
160418 19:22:28 [01]        ...done
160418 19:22:28 [01] Compressing ./sbtest/sbtest57.ibd to /var/tmp/backup_dir/sbtest/sbtest57.ibd.qp
160418 19:22:28 >> log scanned up to (8070813042)
160418 19:22:29 [01]        ...done
160418 19:22:29 [01] Compressing ./sbtest/sbtest39.ibd to /var/tmp/backup_dir/sbtest/sbtest39.ibd.qp
160418 19:22:29 >> log scanned up to (8070813042)
160418 19:22:30 [01]        ...done
160418 19:22:30 [01] Compressing ./sbtest/sbtest38.ibd to /var/tmp/backup_dir/sbtest/sbtest38.ibd.qp
160418 19:22:30 >> log scanned up to (8070813042)
160418 19:22:30 [01]        ...done
160418 19:22:30 [01] Compressing ./sbtest/sbtest3.ibd to /var/tmp/backup_dir/sbtest/sbtest3.ibd.qp
160418 19:22:31 >> log scanned up to (8070813042)
160418 19:22:31 [01]        ...done
160418 19:22:31 [01] Compressing ./sbtest/sbtest24.ibd to /var/tmp/backup_dir/sbtest/sbtest24.ibd.qp
160418 19:22:32 [01]        ...done
160418 19:22:32 [01] Compressing ./sbtest/sbtest15.ibd to /var/tmp/backup_dir/sbtest/sbtest15.ibd.qp
160418 19:22:32 >> log scanned up to (8070813042)
160418 19:22:33 [01]        ...done
160418 19:22:33 [01] Compressing ./sbtest/sbtest44.ibd to /var/tmp/backup_dir/sbtest/sbtest44.ibd.qp
160418 19:22:33 >> log scanned up to (8070813042)
160418 19:22:34 [01]        ...done
160418 19:22:34 [01] Compressing ./sbtest/sbtest6.ibd to /var/tmp/backup_dir/sbtest/sbtest6.ibd.qp
160418 19:22:34 >> log scanned up to (8070813042)
160418 19:22:35 [01]        ...done
160418 19:22:35 [01] Compressing ./sbtest/sbtest22.ibd to /var/tmp/backup_dir/sbtest/sbtest22.ibd.qp
160418 19:22:35 >> log scanned up to (8070813042)
160418 19:22:36 [01]        ...done
160418 19:22:36 [01] Compressing ./sbtest/sbtest54.ibd to /var/tmp/backup_dir/sbtest/sbtest54.ibd.qp
160418 19:22:36 >> log scanned up to (8070813042)
160418 19:22:36 [01]        ...done
160418 19:22:36 [01] Compressing ./sbtest/sbtest36.ibd to /var/tmp/backup_dir/sbtest/sbtest36.ibd.qp
160418 19:22:37 >> log scanned up to (8070813042)
160418 19:22:37 [01]        ...done
160418 19:22:38 Executing LOCK TABLES FOR BACKUP...
160418 19:22:38 Starting to backup non-InnoDB tables and files
160418 19:22:38 [01] Compressing ./performance_schema/events_stages_current.frm to /var/tmp/backup_dir/performance_schema/events_stages_current.frm.qp
160418 19:22:38 [01]        ...done
160418 19:22:38 [01] Compressing ./performance_schema/events_waits_summary_by_account_by_event_name.frm to /var/tmp/backup_dir/performance_schema/events_waits_summary_by_account_by_event_name.frm.qp
160418 19:22:38 [01]        ...done
160418 19:22:38 [01] Compressing ./performance_schema/events_waits_summary_by_thread_by_event_name.frm to /var/tmp/backup_dir/performance_schema/events_waits_summary_by_thread_by_event_name.frm.qp
160418 19:22:38 [01]        ...done
160418 19:22:38 [01] Compressing ./performance_schema/performance_timers.frm to /var/tmp/backup_dir/performance_schema/performance_timers.frm.qp
160418 19:22:38 [01]        ...done
160418 19:22:38 [01] Compressing ./performance_schema/events_stages_summary_by_host_by_event_name.frm to /var/tmp/backup_dir/performance_schema/events_stages_summary_by_host_by_event_name.frm.qp
160418 19:22:38 [01]        ...done
160418 19:22:38 [01] Compressing ./performance_schema/socket_summary_by_event_name.frm to /var/tmp/backup_dir/performance_schema/socket_summary_by_event_name.frm.qp
160418 19:22:38 [01]        ...done
160418 19:22:38 [01] Compressing ./performance_schema/users.frm to /var/tmp/backup_dir/performance_schema/users.frm.qp
160418 19:22:38 [01]        ...done
160418 19:22:38 [01] Compressing ./performance_schema/table_io_waits_summary_by_index_usage.frm to /var/tmp/backup_dir/performance_schema/table_io_waits_summary_by_index_usage.frm.qp
160418 19:22:38 [01]        ...done
160418 19:22:38 [01] Compressing ./performance_schema/db.opt to /var/tmp/backup_dir/performance_schema/db.opt.qp
160418 19:22:38 [01]        ...done
160418 19:22:38 [01] Compressing ./performance_schema/events_waits_history_long.frm to /var/tmp/backup_dir/performance_schema/events_waits_history_long.frm.qp
160418 19:22:38 [01]        ...done
160418 19:22:38 [01] Compressing ./performance_schema/events_statements_summary_by_account_by_event_name.frm to /var/tmp/backup_dir/performance_schema/events_statements_summary_by_account_by_event_name.frm.qp
160418 19:22:38 [01]        ...done
160418 19:22:38 [01] Compressing ./performance_schema/events_waits_summary_global_by_event_name.frm to /var/tmp/backup_dir/performance_schema/events_waits_summary_global_by_event_name.frm.qp
160418 19:22:38 [01]        ...done
160418 19:22:38 [01] Compressing ./performance_schema/events_waits_summary_by_user_by_event_name.frm to /var/tmp/backup_dir/performance_schema/events_waits_summary_by_user_by_event_name.frm.qp
160418 19:22:38 [01]        ...done
160418 19:22:38 [01] Compressing ./performance_schema/events_stages_summary_global_by_event_name.frm to /var/tmp/backup_dir/performance_schema/events_stages_summary_global_by_event_name.frm.qp
160418 19:22:38 [01]        ...done
160418 19:22:38 [01] Compressing ./performance_schema/events_statements_summary_by_user_by_event_name.frm to /var/tmp/backup_dir/performance_schema/events_statements_summary_by_user_by_event_name.frm.qp
160418 19:22:38 [01]        ...done
160418 19:22:38 [01] Compressing ./performance_schema/events_stages_history_long.frm to /var/tmp/backup_dir/performance_schema/events_stages_history_long.frm.qp
160418 19:22:38 [01]        ...done
160418 19:22:38 [01] Compressing ./performance_schema/events_statements_summary_by_digest.frm to /var/tmp/backup_dir/performance_schema/events_statements_summary_by_digest.frm.qp
160418 19:22:38 [01]        ...done
160418 19:22:38 [01] Compressing ./performance_schema/file_instances.frm to /var/tmp/backup_dir/performance_schema/file_instances.frm.qp
160418 19:22:38 [01]        ...done
160418 19:22:38 [01] Compressing ./performance_schema/setup_actors.frm to /var/tmp/backup_dir/performance_schema/setup_actors.frm.qp
160418 19:22:38 [01]        ...done
160418 19:22:38 [01] Compressing ./performance_schema/cond_instances.frm to /var/tmp/backup_dir/performance_schema/cond_instances.frm.qp
160418 19:22:38 [01]        ...done
160418 19:22:38 [01] Compressing ./performance_schema/socket_summary_by_instance.frm to /var/tmp/backup_dir/performance_schema/socket_summary_by_instance.frm.qp
160418 19:22:38 [01]        ...done
160418 19:22:38 [01] Compressing ./performance_schema/events_statements_history_long.frm to /var/tmp/backup_dir/performance_schema/events_statements_history_long.frm.qp
160418 19:22:38 [01]        ...done
160418 19:22:38 [01] Compressing ./performance_schema/host_cache.frm to /var/tmp/backup_dir/performance_schema/host_cache.frm.qp
160418 19:22:38 [01]        ...done
160418 19:22:38 [01] Compressing ./performance_schema/setup_objects.frm to /var/tmp/backup_dir/performance_schema/setup_objects.frm.qp
160418 19:22:38 [01]        ...done
160418 19:22:38 [01] Compressing ./performance_schema/rwlock_instances.frm to /var/tmp/backup_dir/performance_schema/rwlock_instances.frm.qp
160418 19:22:38 [01]        ...done
160418 19:22:38 [01] Compressing ./performance_schema/setup_instruments.frm to /var/tmp/backup_dir/performance_schema/setup_instruments.frm.qp
160418 19:22:38 [01]        ...done
160418 19:22:38 [01] Compressing ./performance_schema/session_account_connect_attrs.frm to /var/tmp/backup_dir/performance_schema/session_account_connect_attrs.frm.qp
160418 19:22:38 [01]        ...done
160418 19:22:38 [01] Compressing ./performance_schema/events_statements_current.frm to /var/tmp/backup_dir/performance_schema/events_statements_current.frm.qp
160418 19:22:38 [01]        ...done
160418 19:22:38 [01] Compressing ./performance_schema/file_summary_by_event_name.frm to /var/tmp/backup_dir/performance_schema/file_summary_by_event_name.frm.qp
160418 19:22:38 [01]        ...done
160418 19:22:38 [01] Compressing ./performance_schema/threads.frm to /var/tmp/backup_dir/performance_schema/threads.frm.qp
160418 19:22:38 [01]        ...done
160418 19:22:38 [01] Compressing ./performance_schema/session_connect_attrs.frm to /var/tmp/backup_dir/performance_schema/session_connect_attrs.frm.qp
160418 19:22:38 [01]        ...done
160418 19:22:38 [01] Compressing ./performance_schema/events_stages_history.frm to /var/tmp/backup_dir/performance_schema/events_stages_history.frm.qp
160418 19:22:38 [01]        ...done
160418 19:22:38 [01] Compressing ./performance_schema/events_statements_summary_by_thread_by_event_name.frm to /var/tmp/backup_dir/performance_schema/events_statements_summary_by_thread_by_event_name.frm.qp
160418 19:22:38 [01]        ...done
160418 19:22:38 [01] Compressing ./performance_schema/events_statements_history.frm to /var/tmp/backup_dir/performance_schema/events_statements_history.frm.qp
160418 19:22:38 [01]        ...done
160418 19:22:38 [01] Compressing ./performance_schema/table_lock_waits_summary_by_table.frm to /var/tmp/backup_dir/performance_schema/table_lock_waits_summary_by_table.frm.qp
160418 19:22:38 [01]        ...done
160418 19:22:38 [01] Compressing ./performance_schema/events_waits_history.frm to /var/tmp/backup_dir/performance_schema/events_waits_history.frm.qp
160418 19:22:38 [01]        ...done
160418 19:22:38 [01] Compressing ./performance_schema/setup_consumers.frm to /var/tmp/backup_dir/performance_schema/setup_consumers.frm.qp
160418 19:22:38 [01]        ...done
160418 19:22:38 [01] Compressing ./performance_schema/events_statements_summary_by_host_by_event_name.frm to /var/tmp/backup_dir/performance_schema/events_statements_summary_by_host_by_event_name.frm.qp
160418 19:22:38 [01]        ...done
160418 19:22:38 [01] Compressing ./performance_schema/events_waits_summary_by_instance.frm to /var/tmp/backup_dir/performance_schema/events_waits_summary_by_instance.frm.qp
160418 19:22:38 [01]        ...done
160418 19:22:38 [01] Compressing ./performance_schema/hosts.frm to /var/tmp/backup_dir/performance_schema/hosts.frm.qp
160418 19:22:38 [01]        ...done
160418 19:22:38 [01] Compressing ./performance_schema/events_stages_summary_by_thread_by_event_name.frm to /var/tmp/backup_dir/performance_schema/events_stages_summary_by_thread_by_event_name.frm.qp
160418 19:22:38 [01]        ...done
160418 19:22:38 [01] Compressing ./performance_schema/events_statements_summary_global_by_event_name.frm to /var/tmp/backup_dir/performance_schema/events_statements_summary_global_by_event_name.frm.qp
160418 19:22:38 [01]        ...done
160418 19:22:38 [01] Compressing ./performance_schema/file_summary_by_instance.frm to /var/tmp/backup_dir/performance_schema/file_summary_by_instance.frm.qp
160418 19:22:38 [01]        ...done
160418 19:22:38 [01] Compressing ./performance_schema/events_waits_summary_by_host_by_event_name.frm to /var/tmp/backup_dir/performance_schema/events_waits_summary_by_host_by_event_name.frm.qp
160418 19:22:38 [01]        ...done
160418 19:22:38 [01] Compressing ./performance_schema/mutex_instances.frm to /var/tmp/backup_dir/performance_schema/mutex_instances.frm.qp
160418 19:22:38 [01]        ...done
160418 19:22:38 [01] Compressing ./performance_schema/objects_summary_global_by_type.frm to /var/tmp/backup_dir/performance_schema/objects_summary_global_by_type.frm.qp
160418 19:22:38 [01]        ...done
160418 19:22:38 [01] Compressing ./performance_schema/events_waits_current.frm to /var/tmp/backup_dir/performance_schema/events_waits_current.frm.qp
160418 19:22:38 [01]        ...done
160418 19:22:38 [01] Compressing ./performance_schema/table_io_waits_summary_by_table.frm to /var/tmp/backup_dir/performance_schema/table_io_waits_summary_by_table.frm.qp
160418 19:22:38 [01]        ...done
160418 19:22:38 [01] Compressing ./performance_schema/socket_instances.frm to /var/tmp/backup_dir/performance_schema/socket_instances.frm.qp
160418 19:22:38 [01]        ...done
160418 19:22:38 [01] Compressing ./performance_schema/events_stages_summary_by_user_by_event_name.frm to /var/tmp/backup_dir/performance_schema/events_stages_summary_by_user_by_event_name.frm.qp
160418 19:22:38 [01]        ...done
160418 19:22:38 [01] Compressing ./performance_schema/setup_timers.frm to /var/tmp/backup_dir/performance_schema/setup_timers.frm.qp
160418 19:22:38 [01]        ...done
160418 19:22:38 [01] Compressing ./performance_schema/events_stages_summary_by_account_by_event_name.frm to /var/tmp/backup_dir/performance_schema/events_stages_summary_by_account_by_event_name.frm.qp
160418 19:22:38 [01]        ...done
160418 19:22:38 [01] Compressing ./performance_schema/accounts.frm to /var/tmp/backup_dir/performance_schema/accounts.frm.qp
160418 19:22:38 [01]        ...done
160418 19:22:38 [01] Compressing ./mysql/event.frm to /var/tmp/backup_dir/mysql/event.frm.qp
160418 19:22:38 [01]        ...done
160418 19:22:38 [01] Compressing ./mysql/time_zone.frm to /var/tmp/backup_dir/mysql/time_zone.frm.qp
160418 19:22:38 [01]        ...done
160418 19:22:38 [01] Compressing ./mysql/help_keyword.MYD to /var/tmp/backup_dir/mysql/help_keyword.MYD.qp
160418 19:22:38 [01]        ...done
160418 19:22:38 [01] Compressing ./mysql/time_zone_transition_type.MYD to /var/tmp/backup_dir/mysql/time_zone_transition_type.MYD.qp
160418 19:22:38 [01]        ...done
160418 19:22:38 [01] Compressing ./mysql/help_category.MYI to /var/tmp/backup_dir/mysql/help_category.MYI.qp
160418 19:22:38 [01]        ...done
160418 19:22:38 [01] Compressing ./mysql/procs_priv.frm to /var/tmp/backup_dir/mysql/procs_priv.frm.qp
160418 19:22:38 [01]        ...done
160418 19:22:38 [01] Compressing ./mysql/tables_priv.frm to /var/tmp/backup_dir/mysql/tables_priv.frm.qp
160418 19:22:38 [01]        ...done
160418 19:22:38 [01] Compressing ./mysql/plugin.frm to /var/tmp/backup_dir/mysql/plugin.frm.qp
160418 19:22:38 [01]        ...done
160418 19:22:38 [01] Compressing ./mysql/help_category.frm to /var/tmp/backup_dir/mysql/help_category.frm.qp
160418 19:22:38 [01]        ...done
160418 19:22:38 [01] Compressing ./mysql/proxies_priv.frm to /var/tmp/backup_dir/mysql/proxies_priv.frm.qp
160418 19:22:38 [01]        ...done
160418 19:22:38 [01] Compressing ./mysql/user.MYI to /var/tmp/backup_dir/mysql/user.MYI.qp
160418 19:22:38 [01]        ...done
160418 19:22:38 [01] Compressing ./mysql/slave_master_info.frm to /var/tmp/backup_dir/mysql/slave_master_info.frm.qp
160418 19:22:38 [01]        ...done
160418 19:22:38 [01] Compressing ./mysql/help_topic.MYI to /var/tmp/backup_dir/mysql/help_topic.MYI.qp
160418 19:22:38 [01]        ...done
160418 19:22:38 [01] Compressing ./mysql/db.MYI to /var/tmp/backup_dir/mysql/db.MYI.qp
160418 19:22:38 [01]        ...done
160418 19:22:38 [01] Compressing ./mysql/help_keyword.MYI to /var/tmp/backup_dir/mysql/help_keyword.MYI.qp
160418 19:22:38 [01]        ...done
160418 19:22:38 [01] Compressing ./mysql/time_zone_leap_second.MYI to /var/tmp/backup_dir/mysql/time_zone_leap_second.MYI.qp
160418 19:22:38 [01]        ...done
160418 19:22:38 [01] Compressing ./mysql/help_topic.MYD to /var/tmp/backup_dir/mysql/help_topic.MYD.qp
160418 19:22:38 [01]        ...done
160418 19:22:38 [01] Compressing ./mysql/slave_relay_log_info.frm to /var/tmp/backup_dir/mysql/slave_relay_log_info.frm.qp
160418 19:22:38 [01]        ...done
160418 19:22:38 [01] Compressing ./mysql/user.MYD to /var/tmp/backup_dir/mysql/user.MYD.qp
160418 19:22:38 [01]        ...done
160418 19:22:38 [01] Compressing ./mysql/func.MYI to /var/tmp/backup_dir/mysql/func.MYI.qp
160418 19:22:38 [01]        ...done
160418 19:22:38 [01] Compressing ./mysql/help_keyword.frm to /var/tmp/backup_dir/mysql/help_keyword.frm.qp
160418 19:22:38 [01]        ...done
160418 19:22:38 [01] Compressing ./mysql/time_zone_name.MYI to /var/tmp/backup_dir/mysql/time_zone_name.MYI.qp
160418 19:22:38 [01]        ...done
160418 19:22:38 [01] Compressing ./mysql/time_zone_name.MYD to /var/tmp/backup_dir/mysql/time_zone_name.MYD.qp
160418 19:22:38 [01]        ...done
160418 19:22:38 [01] Compressing ./mysql/columns_priv.frm to /var/tmp/backup_dir/mysql/columns_priv.frm.qp
160418 19:22:38 [01]        ...done
160418 19:22:38 [01] Compressing ./mysql/time_zone.MYD to /var/tmp/backup_dir/mysql/time_zone.MYD.qp
160418 19:22:38 [01]        ...done
160418 19:22:38 [01] Compressing ./mysql/slow_log.CSM to /var/tmp/backup_dir/mysql/slow_log.CSM.qp
160418 19:22:38 [01]        ...done
160418 19:22:38 [01] Compressing ./mysql/time_zone_leap_second.frm to /var/tmp/backup_dir/mysql/time_zone_leap_second.frm.qp
160418 19:22:38 [01]        ...done
160418 19:22:38 [01] Compressing ./mysql/servers.MYI to /var/tmp/backup_dir/mysql/servers.MYI.qp
160418 19:22:38 [01]        ...done
160418 19:22:38 [01] Compressing ./mysql/time_zone_transition_type.frm to /var/tmp/backup_dir/mysql/time_zone_transition_type.frm.qp
160418 19:22:38 [01]        ...done
160418 19:22:38 [01] Compressing ./mysql/procs_priv.MYI to /var/tmp/backup_dir/mysql/procs_priv.MYI.qp
160418 19:22:38 [01]        ...done
160418 19:22:38 [01] Compressing ./mysql/time_zone.MYI to /var/tmp/backup_dir/mysql/time_zone.MYI.qp
160418 19:22:38 [01]        ...done
160418 19:22:38 [01] Compressing ./mysql/innodb_index_stats.frm to /var/tmp/backup_dir/mysql/innodb_index_stats.frm.qp
160418 19:22:38 [01]        ...done
160418 19:22:38 [01] Compressing ./mysql/help_category.MYD to /var/tmp/backup_dir/mysql/help_category.MYD.qp
160418 19:22:38 [01]        ...done
160418 19:22:38 [01] Compressing ./mysql/time_zone_name.frm to /var/tmp/backup_dir/mysql/time_zone_name.frm.qp
160418 19:22:38 [01]        ...done
160418 19:22:38 [01] Compressing ./mysql/proc.MYI to /var/tmp/backup_dir/mysql/proc.MYI.qp
160418 19:22:38 [01]        ...done
160418 19:22:38 [01] Compressing ./mysql/plugin.MYD to /var/tmp/backup_dir/mysql/plugin.MYD.qp
160418 19:22:38 [01]        ...done
160418 19:22:38 [01] Compressing ./mysql/ndb_binlog_index.MYI to /var/tmp/backup_dir/mysql/ndb_binlog_index.MYI.qp
160418 19:22:38 [01]        ...done
160418 19:22:38 [01] Compressing ./mysql/help_relation.MYD to /var/tmp/backup_dir/mysql/help_relation.MYD.qp
160418 19:22:38 [01]        ...done
160418 19:22:38 [01] Compressing ./mysql/servers.frm to /var/tmp/backup_dir/mysql/servers.frm.qp
160418 19:22:38 [01]        ...done
160418 19:22:38 [01] Compressing ./mysql/slave_worker_info.frm to /var/tmp/backup_dir/mysql/slave_worker_info.frm.qp
160418 19:22:38 [01]        ...done
160418 19:22:38 [01] Compressing ./mysql/tables_priv.MYI to /var/tmp/backup_dir/mysql/tables_priv.MYI.qp
160418 19:22:38 [01]        ...done
160418 19:22:38 [01] Compressing ./mysql/ndb_binlog_index.MYD to /var/tmp/backup_dir/mysql/ndb_binlog_index.MYD.qp
160418 19:22:38 [01]        ...done
160418 19:22:38 [01] Compressing ./mysql/ndb_binlog_index.frm to /var/tmp/backup_dir/mysql/ndb_binlog_index.frm.qp
160418 19:22:38 [01]        ...done
160418 19:22:38 [01] Compressing ./mysql/event.MYD to /var/tmp/backup_dir/mysql/event.MYD.qp
160418 19:22:38 [01]        ...done
160418 19:22:38 [01] Compressing ./mysql/proxies_priv.MYI to /var/tmp/backup_dir/mysql/proxies_priv.MYI.qp
160418 19:22:38 [01]        ...done
160418 19:22:38 [01] Compressing ./mysql/innodb_table_stats.frm to /var/tmp/backup_dir/mysql/innodb_table_stats.frm.qp
160418 19:22:38 [01]        ...done
160418 19:22:38 [01] Compressing ./mysql/time_zone_transition.MYI to /var/tmp/backup_dir/mysql/time_zone_transition.MYI.qp
160418 19:22:38 [01]        ...done
160418 19:22:38 [01] Compressing ./mysql/slow_log.frm to /var/tmp/backup_dir/mysql/slow_log.frm.qp
160418 19:22:38 [01]        ...done
160418 19:22:38 [01] Compressing ./mysql/event.MYI to /var/tmp/backup_dir/mysql/event.MYI.qp
160418 19:22:38 [01]        ...done
160418 19:22:38 [01] Compressing ./mysql/time_zone_leap_second.MYD to /var/tmp/backup_dir/mysql/time_zone_leap_second.MYD.qp
160418 19:22:38 [01]        ...done
160418 19:22:38 [01] Compressing ./mysql/proc.frm to /var/tmp/backup_dir/mysql/proc.frm.qp
160418 19:22:38 [01]        ...done
160418 19:22:38 [01] Compressing ./mysql/db.frm to /var/tmp/backup_dir/mysql/db.frm.qp
160418 19:22:38 [01]        ...done
160418 19:22:38 [01] Compressing ./mysql/general_log.frm to /var/tmp/backup_dir/mysql/general_log.frm.qp
160418 19:22:38 [01]        ...done
160418 19:22:38 [01] Compressing ./mysql/help_topic.frm to /var/tmp/backup_dir/mysql/help_topic.frm.qp
160418 19:22:38 [01]        ...done
160418 19:22:38 [01] Compressing ./mysql/proxies_priv.MYD to /var/tmp/backup_dir/mysql/proxies_priv.MYD.qp
160418 19:22:38 [01]        ...done
160418 19:22:38 [01] Compressing ./mysql/help_relation.frm to /var/tmp/backup_dir/mysql/help_relation.frm.qp
160418 19:22:38 [01]        ...done
160418 19:22:38 [01] Compressing ./mysql/general_log.CSV to /var/tmp/backup_dir/mysql/general_log.CSV.qp
160418 19:22:38 [01]        ...done
160418 19:22:38 [01] Compressing ./mysql/general_log.CSM to /var/tmp/backup_dir/mysql/general_log.CSM.qp
160418 19:22:38 [01]        ...done
160418 19:22:38 [01] Compressing ./mysql/proc.MYD to /var/tmp/backup_dir/mysql/proc.MYD.qp
160418 19:22:38 [01]        ...done
160418 19:22:38 [01] Compressing ./mysql/slow_log.CSV to /var/tmp/backup_dir/mysql/slow_log.CSV.qp
160418 19:22:38 [01]        ...done
160418 19:22:38 [01] Compressing ./mysql/columns_priv.MYD to /var/tmp/backup_dir/mysql/columns_priv.MYD.qp
160418 19:22:38 [01]        ...done
160418 19:22:38 [01] Compressing ./mysql/columns_priv.MYI to /var/tmp/backup_dir/mysql/columns_priv.MYI.qp
160418 19:22:38 [01]        ...done
160418 19:22:38 [01] Compressing ./mysql/tables_priv.MYD to /var/tmp/backup_dir/mysql/tables_priv.MYD.qp
160418 19:22:38 [01]        ...done
160418 19:22:38 [01] Compressing ./mysql/help_relation.MYI to /var/tmp/backup_dir/mysql/help_relation.MYI.qp
160418 19:22:38 [01]        ...done
160418 19:22:38 [01] Compressing ./mysql/time_zone_transition.MYD to /var/tmp/backup_dir/mysql/time_zone_transition.MYD.qp
160418 19:22:38 [01]        ...done
160418 19:22:38 [01] Compressing ./mysql/servers.MYD to /var/tmp/backup_dir/mysql/servers.MYD.qp
160418 19:22:38 [01]        ...done
160418 19:22:38 [01] Compressing ./mysql/user.frm to /var/tmp/backup_dir/mysql/user.frm.qp
160418 19:22:38 [01]        ...done
160418 19:22:38 [01] Compressing ./mysql/func.frm to /var/tmp/backup_dir/mysql/func.frm.qp
160418 19:22:38 [01]        ...done
160418 19:22:38 [01] Compressing ./mysql/func.MYD to /var/tmp/backup_dir/mysql/func.MYD.qp
160418 19:22:38 [01]        ...done
160418 19:22:38 [01] Compressing ./mysql/plugin.MYI to /var/tmp/backup_dir/mysql/plugin.MYI.qp
160418 19:22:38 [01]        ...done
160418 19:22:38 [01] Compressing ./mysql/time_zone_transition_type.MYI to /var/tmp/backup_dir/mysql/time_zone_transition_type.MYI.qp
160418 19:22:38 [01]        ...done
160418 19:22:38 [01] Compressing ./mysql/db.MYD to /var/tmp/backup_dir/mysql/db.MYD.qp
160418 19:22:38 [01]        ...done
160418 19:22:38 [01] Compressing ./mysql/procs_priv.MYD to /var/tmp/backup_dir/mysql/procs_priv.MYD.qp
160418 19:22:38 [01]        ...done
160418 19:22:38 [01] Compressing ./mysql/time_zone_transition.frm to /var/tmp/backup_dir/mysql/time_zone_transition.frm.qp
160418 19:22:38 [01]        ...done
160418 19:22:38 [00] Compressing test/db.opt
160418 19:22:38 [00]        ...done
160418 19:22:38 [01] Compressing ./sbtest/sbtest38.frm to /var/tmp/backup_dir/sbtest/sbtest38.frm.qp
160418 19:22:38 [01]        ...done
160418 19:22:38 [01] Compressing ./sbtest/sbtest37.frm to /var/tmp/backup_dir/sbtest/sbtest37.frm.qp
160418 19:22:38 [01]        ...done
160418 19:22:38 [01] Compressing ./sbtest/sbtest1.frm to /var/tmp/backup_dir/sbtest/sbtest1.frm.qp
160418 19:22:38 [01]        ...done
160418 19:22:38 [01] Compressing ./sbtest/sbtest22.frm to /var/tmp/backup_dir/sbtest/sbtest22.frm.qp
160418 19:22:38 [01]        ...done
160418 19:22:38 [01] Compressing ./sbtest/sbtest8.frm to /var/tmp/backup_dir/sbtest/sbtest8.frm.qp
160418 19:22:38 [01]        ...done
160418 19:22:38 [01] Compressing ./sbtest/sbtest43.frm to /var/tmp/backup_dir/sbtest/sbtest43.frm.qp
160418 19:22:38 [01]        ...done
160418 19:22:38 [01] Compressing ./sbtest/sbtest51.frm to /var/tmp/backup_dir/sbtest/sbtest51.frm.qp
160418 19:22:38 [01]        ...done
160418 19:22:38 [01] Compressing ./sbtest/sbtest52.frm to /var/tmp/backup_dir/sbtest/sbtest52.frm.qp
160418 19:22:38 [01]        ...done
160418 19:22:38 [01] Compressing ./sbtest/sbtest47.frm to /var/tmp/backup_dir/sbtest/sbtest47.frm.qp
160418 19:22:38 [01]        ...done
160418 19:22:38 [01] Compressing ./sbtest/sbtest2.frm to /var/tmp/backup_dir/sbtest/sbtest2.frm.qp
160418 19:22:38 [01]        ...done
160418 19:22:38 [01] Compressing ./sbtest/sbtest12.frm to /var/tmp/backup_dir/sbtest/sbtest12.frm.qp
160418 19:22:38 [01]        ...done
160418 19:22:38 [01] Compressing ./sbtest/db.opt to /var/tmp/backup_dir/sbtest/db.opt.qp
160418 19:22:38 [01]        ...done
160418 19:22:38 [01] Compressing ./sbtest/sbtest27.frm to /var/tmp/backup_dir/sbtest/sbtest27.frm.qp
160418 19:22:38 [01]        ...done
160418 19:22:38 [01] Compressing ./sbtest/sbtest7.frm to /var/tmp/backup_dir/sbtest/sbtest7.frm.qp
160418 19:22:38 [01]        ...done
160418 19:22:38 [01] Compressing ./sbtest/sbtest31.frm to /var/tmp/backup_dir/sbtest/sbtest31.frm.qp
160418 19:22:38 [01]        ...done
160418 19:22:38 [01] Compressing ./sbtest/sbtest20.frm to /var/tmp/backup_dir/sbtest/sbtest20.frm.qp
160418 19:22:38 [01]        ...done
160418 19:22:38 [01] Compressing ./sbtest/sbtest11.frm to /var/tmp/backup_dir/sbtest/sbtest11.frm.qp
160418 19:22:38 [01]        ...done
160418 19:22:38 [01] Compressing ./sbtest/sbtest26.frm to /var/tmp/backup_dir/sbtest/sbtest26.frm.qp
160418 19:22:38 [01]        ...done
160418 19:22:38 [01] Compressing ./sbtest/sbtest4.frm to /var/tmp/backup_dir/sbtest/sbtest4.frm.qp
160418 19:22:38 [01]        ...done
160418 19:22:38 [01] Compressing ./sbtest/sbtest39.frm to /var/tmp/backup_dir/sbtest/sbtest39.frm.qp
160418 19:22:38 [01]        ...done
160418 19:22:38 [01] Compressing ./sbtest/sbtest32.frm to /var/tmp/backup_dir/sbtest/sbtest32.frm.qp
160418 19:22:38 [01]        ...done
160418 19:22:38 [01] Compressing ./sbtest/sbtest57.frm to /var/tmp/backup_dir/sbtest/sbtest57.frm.qp
160418 19:22:38 [01]        ...done
160418 19:22:38 [01] Compressing ./sbtest/sbtest59.frm to /var/tmp/backup_dir/sbtest/sbtest59.frm.qp
160418 19:22:38 [01]        ...done
160418 19:22:38 [01] Compressing ./sbtest/sbtest25.frm to /var/tmp/backup_dir/sbtest/sbtest25.frm.qp
160418 19:22:38 [01]        ...done
160418 19:22:38 [01] Compressing ./sbtest/sbtest23.frm to /var/tmp/backup_dir/sbtest/sbtest23.frm.qp
160418 19:22:38 [01]        ...done
160418 19:22:38 [01] Compressing ./sbtest/sbtest28.frm to /var/tmp/backup_dir/sbtest/sbtest28.frm.qp
160418 19:22:38 [01]        ...done
160418 19:22:38 [01] Compressing ./sbtest/sbtest24.frm to /var/tmp/backup_dir/sbtest/sbtest24.frm.qp
160418 19:22:38 [01]        ...done
160418 19:22:38 [01] Compressing ./sbtest/sbtest3.frm to /var/tmp/backup_dir/sbtest/sbtest3.frm.qp
160418 19:22:38 [01]        ...done
160418 19:22:38 [01] Compressing ./sbtest/sbtest33.frm to /var/tmp/backup_dir/sbtest/sbtest33.frm.qp
160418 19:22:38 [01]        ...done
160418 19:22:38 [01] Compressing ./sbtest/sbtest53.frm to /var/tmp/backup_dir/sbtest/sbtest53.frm.qp
160418 19:22:38 [01]        ...done
160418 19:22:38 [01] Compressing ./sbtest/sbtest14.frm to /var/tmp/backup_dir/sbtest/sbtest14.frm.qp
160418 19:22:38 [01]        ...done
160418 19:22:38 [01] Compressing ./sbtest/sbtest49.frm to /var/tmp/backup_dir/sbtest/sbtest49.frm.qp
160418 19:22:38 [01]        ...done
160418 19:22:38 [01] Compressing ./sbtest/sbtest55.frm to /var/tmp/backup_dir/sbtest/sbtest55.frm.qp
160418 19:22:38 [01]        ...done
160418 19:22:38 [01] Compressing ./sbtest/sbtest36.frm to /var/tmp/backup_dir/sbtest/sbtest36.frm.qp
160418 19:22:38 [01]        ...done
160418 19:22:38 [01] Compressing ./sbtest/sbtest30.frm to /var/tmp/backup_dir/sbtest/sbtest30.frm.qp
160418 19:22:38 [01]        ...done
160418 19:22:38 [01] Compressing ./sbtest/sbtest40.frm to /var/tmp/backup_dir/sbtest/sbtest40.frm.qp
160418 19:22:38 [01]        ...done
160418 19:22:38 [01] Compressing ./sbtest/sbtest13.frm to /var/tmp/backup_dir/sbtest/sbtest13.frm.qp
160418 19:22:38 [01]        ...done
160418 19:22:38 [01] Compressing ./sbtest/sbtest56.frm to /var/tmp/backup_dir/sbtest/sbtest56.frm.qp
160418 19:22:38 [01]        ...done
160418 19:22:38 [01] Compressing ./sbtest/sbtest19.frm to /var/tmp/backup_dir/sbtest/sbtest19.frm.qp
160418 19:22:38 [01]        ...done
160418 19:22:38 [01] Compressing ./sbtest/sbtest46.frm to /var/tmp/backup_dir/sbtest/sbtest46.frm.qp
160418 19:22:38 [01]        ...done
160418 19:22:38 [01] Compressing ./sbtest/sbtest9.frm to /var/tmp/backup_dir/sbtest/sbtest9.frm.qp
160418 19:22:38 [01]        ...done
160418 19:22:38 [01] Compressing ./sbtest/sbtest50.frm to /var/tmp/backup_dir/sbtest/sbtest50.frm.qp
160418 19:22:38 [01]        ...done
160418 19:22:38 [01] Compressing ./sbtest/sbtest6.frm to /var/tmp/backup_dir/sbtest/sbtest6.frm.qp
160418 19:22:38 [01]        ...done
160418 19:22:38 [01] Compressing ./sbtest/sbtest29.frm to /var/tmp/backup_dir/sbtest/sbtest29.frm.qp
160418 19:22:38 [01]        ...done
160418 19:22:38 [01] Compressing ./sbtest/sbtest48.frm to /var/tmp/backup_dir/sbtest/sbtest48.frm.qp
160418 19:22:38 [01]        ...done
160418 19:22:38 [01] Compressing ./sbtest/sbtest41.frm to /var/tmp/backup_dir/sbtest/sbtest41.frm.qp
160418 19:22:38 [01]        ...done
160418 19:22:38 [01] Compressing ./sbtest/sbtest10.frm to /var/tmp/backup_dir/sbtest/sbtest10.frm.qp
160418 19:22:38 [01]        ...done
160418 19:22:38 [01] Compressing ./sbtest/sbtest34.frm to /var/tmp/backup_dir/sbtest/sbtest34.frm.qp
160418 19:22:38 [01]        ...done
160418 19:22:38 [01] Compressing ./sbtest/sbtest60.frm to /var/tmp/backup_dir/sbtest/sbtest60.frm.qp
160418 19:22:38 [01]        ...done
160418 19:22:38 [01] Compressing ./sbtest/sbtest17.frm to /var/tmp/backup_dir/sbtest/sbtest17.frm.qp
160418 19:22:38 [01]        ...done
160418 19:22:38 [01] Compressing ./sbtest/sbtest15.frm to /var/tmp/backup_dir/sbtest/sbtest15.frm.qp
160418 19:22:38 [01]        ...done
160418 19:22:38 [01] Compressing ./sbtest/sbtest58.frm to /var/tmp/backup_dir/sbtest/sbtest58.frm.qp
160418 19:22:38 [01]        ...done
160418 19:22:38 [01] Compressing ./sbtest/sbtest45.frm to /var/tmp/backup_dir/sbtest/sbtest45.frm.qp
160418 19:22:38 [01]        ...done
160418 19:22:38 [01] Compressing ./sbtest/sbtest18.frm to /var/tmp/backup_dir/sbtest/sbtest18.frm.qp
160418 19:22:38 [01]        ...done
160418 19:22:38 [01] Compressing ./sbtest/sbtest44.frm to /var/tmp/backup_dir/sbtest/sbtest44.frm.qp
160418 19:22:38 [01]        ...done
160418 19:22:38 [01] Compressing ./sbtest/sbtest42.frm to /var/tmp/backup_dir/sbtest/sbtest42.frm.qp
160418 19:22:38 [01]        ...done
160418 19:22:38 [01] Compressing ./sbtest/sbtest54.frm to /var/tmp/backup_dir/sbtest/sbtest54.frm.qp
160418 19:22:38 [01]        ...done
160418 19:22:38 [01] Compressing ./sbtest/sbtest35.frm to /var/tmp/backup_dir/sbtest/sbtest35.frm.qp
160418 19:22:38 [01]        ...done
160418 19:22:38 [01] Compressing ./sbtest/sbtest21.frm to /var/tmp/backup_dir/sbtest/sbtest21.frm.qp
160418 19:22:38 [01]        ...done
160418 19:22:38 [01] Compressing ./sbtest/sbtest5.frm to /var/tmp/backup_dir/sbtest/sbtest5.frm.qp
160418 19:22:38 [01]        ...done
160418 19:22:38 [01] Compressing ./sbtest/sbtest16.frm to /var/tmp/backup_dir/sbtest/sbtest16.frm.qp
160418 19:22:38 [01]        ...done
160418 19:22:38 [01] Compressing ./lost@002bfound/db.opt to /var/tmp/backup_dir/lost@002bfound/db.opt.qp
160418 19:22:38 [01]        ...done
160418 19:22:38 Finished backing up non-InnoDB tables and files
160418 19:22:38 Executing LOCK BINLOG FOR BACKUP...
160418 19:22:38 Executing FLUSH NO_WRITE_TO_BINLOG ENGINE LOGS...
xtrabackup: The latest check point (for incremental): '8070813042'
xtrabackup: Stopping log copying thread.
.160418 19:22:38 >> log scanned up to (8070813042)

160418 19:22:38 Executing UNLOCK BINLOG
160418 19:22:38 Executing UNLOCK TABLES
160418 19:22:38 All tables unlocked
160418 19:22:38 Backup created in directory '/var/tmp/backup_dir'
160418 19:22:38 [00] Compressing backup-my.cnf
160418 19:22:38 [00]        ...done
160418 19:22:38 [00] Compressing xtrabackup_info
160418 19:22:38 [00]        ...done
xtrabackup: Transaction log of lsn (8070813042) to (8070813042) was copied.
160418 19:22:38 completed OK!
/home/ubuntu
