160418 21:17:34 innobackupex: Starting the backup operation

IMPORTANT: Please check that the backup run completes successfully.
           At the end of a successful backup run innobackupex
           prints "completed OK!".

160418 21:17:34  version_check Connecting to MySQL server with DSN 'dbi:mysql:;mysql_read_default_group=xtrabackup;port=3306;mysql_socket=/var/run/mysqld/mysqld.sock' as 'root'  (using password: NO).
160418 21:17:34  version_check Connected to MySQL server
160418 21:17:34  version_check Executing a version check against the server...
160418 21:17:34  version_check Done.
160418 21:17:34 Connecting to MySQL server host: localhost, user: root, password: not set, port: 3306, socket: /var/run/mysqld/mysqld.sock
Using server version 5.6.29-76.2
innobackupex version 2.4.2 based on MySQL server 5.7.11 Linux (x86_64) (revision id: 8e86a84)
xtrabackup: uses posix_fadvise().
xtrabackup: cd to /var/lib/mysql
xtrabackup: open files limit requested 0, set to 1024
xtrabackup: using the following InnoDB configuration:
xtrabackup:   innodb_data_home_dir = .
xtrabackup:   innodb_data_file_path = ibdata1:12M:autoextend
xtrabackup:   innodb_log_group_home_dir = .
xtrabackup:   innodb_log_files_in_group = 2
xtrabackup:   innodb_log_file_size = 50331648
InnoDB: Number of pools: 1
encrypt: using gcrypt 1.5.3
160418 21:17:34 >> log scanned up to (8070813042)
xtrabackup: Generating a list of tablespaces
InnoDB: Allocated tablespace ID 1 for mysql/innodb_table_stats, old maximum was 0
xtrabackup: Starting 4 threads for parallel data files transfer
160418 21:17:34 [01] Compressing and encrypting ./ibdata1 to /var/tmp/backup_dir/ibdata1.qp.xbcrypt
160418 21:17:34 [02] Compressing and encrypting ./mysql/innodb_table_stats.ibd to /var/tmp/backup_dir/mysql/innodb_table_stats.ibd.qp.xbcrypt
160418 21:17:34 [03] Compressing and encrypting ./mysql/slave_relay_log_info.ibd to /var/tmp/backup_dir/mysql/slave_relay_log_info.ibd.qp.xbcrypt
160418 21:17:34 [04] Compressing and encrypting ./mysql/slave_worker_info.ibd to /var/tmp/backup_dir/mysql/slave_worker_info.ibd.qp.xbcrypt
160418 21:17:34 [02]        ...done
160418 21:17:34 [03]        ...done
160418 21:17:34 [04]        ...done
160418 21:17:34 [04] Compressing and encrypting ./mysql/slave_master_info.ibd to /var/tmp/backup_dir/mysql/slave_master_info.ibd.qp.xbcrypt
160418 21:17:34 [02] Compressing and encrypting ./sbtest/sbtest52.ibd to /var/tmp/backup_dir/sbtest/sbtest52.ibd.qp.xbcrypt
160418 21:17:34 [03] Compressing and encrypting ./mysql/innodb_index_stats.ibd to /var/tmp/backup_dir/mysql/innodb_index_stats.ibd.qp.xbcrypt
160418 21:17:34 [04]        ...done
160418 21:17:34 [03]        ...done
160418 21:17:34 [04] Compressing and encrypting ./sbtest/sbtest47.ibd to /var/tmp/backup_dir/sbtest/sbtest47.ibd.qp.xbcrypt
160418 21:17:34 [03] Compressing and encrypting ./sbtest/sbtest9.ibd to /var/tmp/backup_dir/sbtest/sbtest9.ibd.qp.xbcrypt
160418 21:17:35 [01]        ...done
160418 21:17:35 >> log scanned up to (8070813042)
160418 21:17:35 [01] Compressing and encrypting ./sbtest/sbtest53.ibd to /var/tmp/backup_dir/sbtest/sbtest53.ibd.qp.xbcrypt
160418 21:17:36 >> log scanned up to (8070813042)
160418 21:17:37 >> log scanned up to (8070813042)
160418 21:17:38 >> log scanned up to (8070813042)
160418 21:17:38 [02]        ...done
160418 21:17:38 [04]        ...done
160418 21:17:38 [03]        ...done
160418 21:17:38 [02] Compressing and encrypting ./sbtest/sbtest27.ibd to /var/tmp/backup_dir/sbtest/sbtest27.ibd.qp.xbcrypt
160418 21:17:38 [03] Compressing and encrypting ./sbtest/sbtest50.ibd to /var/tmp/backup_dir/sbtest/sbtest50.ibd.qp.xbcrypt
160418 21:17:38 [04] Compressing and encrypting ./sbtest/sbtest16.ibd to /var/tmp/backup_dir/sbtest/sbtest16.ibd.qp.xbcrypt
160418 21:17:39 >> log scanned up to (8070813042)
160418 21:17:39 [01]        ...done
160418 21:17:39 [01] Compressing and encrypting ./sbtest/sbtest21.ibd to /var/tmp/backup_dir/sbtest/sbtest21.ibd.qp.xbcrypt
160418 21:17:40 >> log scanned up to (8070813042)
160418 21:17:41 >> log scanned up to (8070813042)
160418 21:17:42 >> log scanned up to (8070813042)
160418 21:17:42 [02]        ...done
160418 21:17:42 [02] Compressing and encrypting ./sbtest/sbtest48.ibd to /var/tmp/backup_dir/sbtest/sbtest48.ibd.qp.xbcrypt
160418 21:17:43 >> log scanned up to (8070813042)
160418 21:17:43 [03]        ...done
160418 21:17:43 [03] Compressing and encrypting ./sbtest/sbtest33.ibd to /var/tmp/backup_dir/sbtest/sbtest33.ibd.qp.xbcrypt
160418 21:17:43 [04]        ...done
160418 21:17:43 [04] Compressing and encrypting ./sbtest/sbtest5.ibd to /var/tmp/backup_dir/sbtest/sbtest5.ibd.qp.xbcrypt
160418 21:17:43 [01]        ...done
160418 21:17:43 [01] Compressing and encrypting ./sbtest/sbtest43.ibd to /var/tmp/backup_dir/sbtest/sbtest43.ibd.qp.xbcrypt
160418 21:17:44 >> log scanned up to (8070813042)
160418 21:17:45 >> log scanned up to (8070813042)
160418 21:17:46 >> log scanned up to (8070813042)
160418 21:17:47 >> log scanned up to (8070813042)
160418 21:17:47 [02]        ...done
160418 21:17:47 [02] Compressing and encrypting ./sbtest/sbtest31.ibd to /var/tmp/backup_dir/sbtest/sbtest31.ibd.qp.xbcrypt
160418 21:17:47 [03]        ...done
160418 21:17:47 [03] Compressing and encrypting ./sbtest/sbtest35.ibd to /var/tmp/backup_dir/sbtest/sbtest35.ibd.qp.xbcrypt
160418 21:17:47 [04]        ...done
160418 21:17:47 [04] Compressing and encrypting ./sbtest/sbtest26.ibd to /var/tmp/backup_dir/sbtest/sbtest26.ibd.qp.xbcrypt
160418 21:17:48 >> log scanned up to (8070813042)
160418 21:17:48 [01]        ...done
160418 21:17:48 [01] Compressing and encrypting ./sbtest/sbtest10.ibd to /var/tmp/backup_dir/sbtest/sbtest10.ibd.qp.xbcrypt
160418 21:17:49 >> log scanned up to (8070813042)
160418 21:17:50 >> log scanned up to (8070813042)
160418 21:17:51 >> log scanned up to (8070813042)
160418 21:17:51 [02]        ...done
160418 21:17:51 [02] Compressing and encrypting ./sbtest/sbtest23.ibd to /var/tmp/backup_dir/sbtest/sbtest23.ibd.qp.xbcrypt
160418 21:17:51 [03]        ...done
160418 21:17:51 [03] Compressing and encrypting ./sbtest/sbtest32.ibd to /var/tmp/backup_dir/sbtest/sbtest32.ibd.qp.xbcrypt
160418 21:17:52 >> log scanned up to (8070813042)
160418 21:17:52 [04]        ...done
160418 21:17:52 [04] Compressing and encrypting ./sbtest/sbtest60.ibd to /var/tmp/backup_dir/sbtest/sbtest60.ibd.qp.xbcrypt
160418 21:17:52 [01]        ...done
160418 21:17:52 [01] Compressing and encrypting ./sbtest/sbtest14.ibd to /var/tmp/backup_dir/sbtest/sbtest14.ibd.qp.xbcrypt
160418 21:17:53 >> log scanned up to (8070813042)
160418 21:17:54 >> log scanned up to (8070813042)
160418 21:17:55 >> log scanned up to (8070813042)
160418 21:17:55 [02]        ...done
160418 21:17:55 [02] Compressing and encrypting ./sbtest/sbtest51.ibd to /var/tmp/backup_dir/sbtest/sbtest51.ibd.qp.xbcrypt
160418 21:17:56 >> log scanned up to (8070813042)
160418 21:17:56 [03]        ...done
160418 21:17:56 [03] Compressing and encrypting ./sbtest/sbtest55.ibd to /var/tmp/backup_dir/sbtest/sbtest55.ibd.qp.xbcrypt
160418 21:17:56 [04]        ...done
160418 21:17:56 [04] Compressing and encrypting ./sbtest/sbtest37.ibd to /var/tmp/backup_dir/sbtest/sbtest37.ibd.qp.xbcrypt
160418 21:17:57 [01]        ...done
160418 21:17:57 [01] Compressing and encrypting ./sbtest/sbtest46.ibd to /var/tmp/backup_dir/sbtest/sbtest46.ibd.qp.xbcrypt
160418 21:17:57 >> log scanned up to (8070813042)
160418 21:17:58 >> log scanned up to (8070813042)
160418 21:17:59 >> log scanned up to (8070813042)
160418 21:18:00 >> log scanned up to (8070813042)
160418 21:18:00 [02]        ...done
160418 21:18:00 [02] Compressing and encrypting ./sbtest/sbtest30.ibd to /var/tmp/backup_dir/sbtest/sbtest30.ibd.qp.xbcrypt
160418 21:18:00 [03]        ...done
160418 21:18:00 [03] Compressing and encrypting ./sbtest/sbtest17.ibd to /var/tmp/backup_dir/sbtest/sbtest17.ibd.qp.xbcrypt
160418 21:18:00 [04]        ...done
160418 21:18:01 [04] Compressing and encrypting ./sbtest/sbtest42.ibd to /var/tmp/backup_dir/sbtest/sbtest42.ibd.qp.xbcrypt
160418 21:18:01 >> log scanned up to (8070813042)
160418 21:18:01 [01]        ...done
160418 21:18:01 [01] Compressing and encrypting ./sbtest/sbtest41.ibd to /var/tmp/backup_dir/sbtest/sbtest41.ibd.qp.xbcrypt
160418 21:18:02 >> log scanned up to (8070813042)
160418 21:18:03 >> log scanned up to (8070813042)
160418 21:18:04 >> log scanned up to (8070813042)
160418 21:18:04 [02]        ...done
160418 21:18:04 [02] Compressing and encrypting ./sbtest/sbtest20.ibd to /var/tmp/backup_dir/sbtest/sbtest20.ibd.qp.xbcrypt
160418 21:18:05 [03]        ...done
160418 21:18:05 [03] Compressing and encrypting ./sbtest/sbtest34.ibd to /var/tmp/backup_dir/sbtest/sbtest34.ibd.qp.xbcrypt
160418 21:18:05 >> log scanned up to (8070813042)
160418 21:18:05 [04]        ...done
160418 21:18:05 [04] Compressing and encrypting ./sbtest/sbtest12.ibd to /var/tmp/backup_dir/sbtest/sbtest12.ibd.qp.xbcrypt
160418 21:18:05 [01]        ...done
160418 21:18:05 [01] Compressing and encrypting ./sbtest/sbtest19.ibd to /var/tmp/backup_dir/sbtest/sbtest19.ibd.qp.xbcrypt
160418 21:18:06 >> log scanned up to (8070813042)
160418 21:18:07 >> log scanned up to (8070813042)
160418 21:18:08 >> log scanned up to (8070813042)
160418 21:18:09 [02]        ...done
160418 21:18:09 >> log scanned up to (8070813042)
160418 21:18:09 [02] Compressing and encrypting ./sbtest/sbtest29.ibd to /var/tmp/backup_dir/sbtest/sbtest29.ibd.qp.xbcrypt
160418 21:18:09 [03]        ...done
160418 21:18:09 [03] Compressing and encrypting ./sbtest/sbtest45.ibd to /var/tmp/backup_dir/sbtest/sbtest45.ibd.qp.xbcrypt
160418 21:18:09 [04]        ...done
160418 21:18:09 [04] Compressing and encrypting ./sbtest/sbtest13.ibd to /var/tmp/backup_dir/sbtest/sbtest13.ibd.qp.xbcrypt
160418 21:18:09 [01]        ...done
160418 21:18:10 [01] Compressing and encrypting ./sbtest/sbtest11.ibd to /var/tmp/backup_dir/sbtest/sbtest11.ibd.qp.xbcrypt
160418 21:18:10 >> log scanned up to (8070813042)
160418 21:18:11 >> log scanned up to (8070813042)
160418 21:18:12 >> log scanned up to (8070813042)
160418 21:18:13 >> log scanned up to (8070813042)
160418 21:18:13 [02]        ...done
160418 21:18:13 [02] Compressing and encrypting ./sbtest/sbtest1.ibd to /var/tmp/backup_dir/sbtest/sbtest1.ibd.qp.xbcrypt
160418 21:18:13 [03]        ...done
160418 21:18:13 [04]        ...done
160418 21:18:13 [04] Compressing and encrypting ./sbtest/sbtest28.ibd to /var/tmp/backup_dir/sbtest/sbtest28.ibd.qp.xbcrypt
160418 21:18:13 [03] Compressing and encrypting ./sbtest/sbtest25.ibd to /var/tmp/backup_dir/sbtest/sbtest25.ibd.qp.xbcrypt
160418 21:18:14 >> log scanned up to (8070813042)
160418 21:18:14 [01]        ...done
160418 21:18:14 [01] Compressing and encrypting ./sbtest/sbtest59.ibd to /var/tmp/backup_dir/sbtest/sbtest59.ibd.qp.xbcrypt
160418 21:18:15 >> log scanned up to (8070813042)
160418 21:18:16 >> log scanned up to (8070813042)
160418 21:18:17 >> log scanned up to (8070813042)
160418 21:18:17 [02]        ...done
160418 21:18:17 [02] Compressing and encrypting ./sbtest/sbtest7.ibd to /var/tmp/backup_dir/sbtest/sbtest7.ibd.qp.xbcrypt
160418 21:18:18 >> log scanned up to (8070813042)
160418 21:18:18 [03]        ...done
160418 21:18:18 [03] Compressing and encrypting ./sbtest/sbtest40.ibd to /var/tmp/backup_dir/sbtest/sbtest40.ibd.qp.xbcrypt
160418 21:18:18 [04]        ...done
160418 21:18:18 [04] Compressing and encrypting ./sbtest/sbtest58.ibd to /var/tmp/backup_dir/sbtest/sbtest58.ibd.qp.xbcrypt
160418 21:18:18 [01]        ...done
160418 21:18:18 [01] Compressing and encrypting ./sbtest/sbtest18.ibd to /var/tmp/backup_dir/sbtest/sbtest18.ibd.qp.xbcrypt
160418 21:18:19 >> log scanned up to (8070813042)
160418 21:18:20 >> log scanned up to (8070813042)
160418 21:18:21 >> log scanned up to (8070813042)
160418 21:18:22 [02]        ...done
160418 21:18:22 >> log scanned up to (8070813042)
160418 21:18:22 [02] Compressing and encrypting ./sbtest/sbtest4.ibd to /var/tmp/backup_dir/sbtest/sbtest4.ibd.qp.xbcrypt
160418 21:18:22 [03]        ...done
160418 21:18:22 [04]        ...done
160418 21:18:22 [03] Compressing and encrypting ./sbtest/sbtest49.ibd to /var/tmp/backup_dir/sbtest/sbtest49.ibd.qp.xbcrypt
160418 21:18:22 [04] Compressing and encrypting ./sbtest/sbtest2.ibd to /var/tmp/backup_dir/sbtest/sbtest2.ibd.qp.xbcrypt
160418 21:18:23 [01]        ...done
160418 21:18:23 >> log scanned up to (8070813042)
160418 21:18:23 [01] Compressing and encrypting ./sbtest/sbtest8.ibd to /var/tmp/backup_dir/sbtest/sbtest8.ibd.qp.xbcrypt
160418 21:18:24 >> log scanned up to (8070813042)
160418 21:18:25 >> log scanned up to (8070813042)
160418 21:18:26 >> log scanned up to (8070813042)
160418 21:18:26 [02]        ...done
160418 21:18:26 [02] Compressing and encrypting ./sbtest/sbtest56.ibd to /var/tmp/backup_dir/sbtest/sbtest56.ibd.qp.xbcrypt
160418 21:18:27 >> log scanned up to (8070813042)
160418 21:18:27 [03]        ...done
160418 21:18:27 [03] Compressing and encrypting ./sbtest/sbtest57.ibd to /var/tmp/backup_dir/sbtest/sbtest57.ibd.qp.xbcrypt
160418 21:18:27 [01]        ...done
160418 21:18:27 [01] Compressing and encrypting ./sbtest/sbtest39.ibd to /var/tmp/backup_dir/sbtest/sbtest39.ibd.qp.xbcrypt
160418 21:18:27 [04]        ...done
160418 21:18:27 [04] Compressing and encrypting ./sbtest/sbtest38.ibd to /var/tmp/backup_dir/sbtest/sbtest38.ibd.qp.xbcrypt
160418 21:18:28 >> log scanned up to (8070813042)
160418 21:18:29 >> log scanned up to (8070813042)
160418 21:18:30 >> log scanned up to (8070813042)
160418 21:18:30 [02]        ...done
160418 21:18:30 [02] Compressing and encrypting ./sbtest/sbtest3.ibd to /var/tmp/backup_dir/sbtest/sbtest3.ibd.qp.xbcrypt
160418 21:18:31 >> log scanned up to (8070813042)
160418 21:18:31 [01]        ...done
160418 21:18:31 [03]        ...done
160418 21:18:31 [01] Compressing and encrypting ./sbtest/sbtest24.ibd to /var/tmp/backup_dir/sbtest/sbtest24.ibd.qp.xbcrypt
160418 21:18:31 [04]        ...done
160418 21:18:31 [04] Compressing and encrypting ./sbtest/sbtest15.ibd to /var/tmp/backup_dir/sbtest/sbtest15.ibd.qp.xbcrypt
160418 21:18:31 [03] Compressing and encrypting ./sbtest/sbtest44.ibd to /var/tmp/backup_dir/sbtest/sbtest44.ibd.qp.xbcrypt
160418 21:18:32 >> log scanned up to (8070813042)
160418 21:18:33 >> log scanned up to (8070813042)
160418 21:18:34 >> log scanned up to (8070813042)
160418 21:18:35 >> log scanned up to (8070813042)
160418 21:18:35 [02]        ...done
160418 21:18:35 [02] Compressing and encrypting ./sbtest/sbtest6.ibd to /var/tmp/backup_dir/sbtest/sbtest6.ibd.qp.xbcrypt
160418 21:18:36 >> log scanned up to (8070813042)
160418 21:18:36 [01]        ...done
160418 21:18:36 [01] Compressing and encrypting ./sbtest/sbtest22.ibd to /var/tmp/backup_dir/sbtest/sbtest22.ibd.qp.xbcrypt
160418 21:18:36 [04]        ...done
160418 21:18:36 [03]        ...done
160418 21:18:36 [03] Compressing and encrypting ./sbtest/sbtest36.ibd to /var/tmp/backup_dir/sbtest/sbtest36.ibd.qp.xbcrypt
160418 21:18:36 [04] Compressing and encrypting ./sbtest/sbtest54.ibd to /var/tmp/backup_dir/sbtest/sbtest54.ibd.qp.xbcrypt
160418 21:18:37 >> log scanned up to (8070813042)
160418 21:18:38 >> log scanned up to (8070813042)
160418 21:18:39 >> log scanned up to (8070813042)
160418 21:18:39 [02]        ...done
160418 21:18:40 >> log scanned up to (8070813042)
160418 21:18:40 [01]        ...done
160418 21:18:40 [04]        ...done
160418 21:18:40 [03]        ...done
160418 21:18:41 >> log scanned up to (8070813042)
160418 21:18:41 Executing LOCK TABLES FOR BACKUP...
160418 21:18:41 Starting to backup non-InnoDB tables and files
160418 21:18:41 [01] Compressing and encrypting ./performance_schema/events_stages_current.frm to /var/tmp/backup_dir/performance_schema/events_stages_current.frm.qp.xbcrypt
160418 21:18:41 [01]        ...done
160418 21:18:41 [01] Compressing and encrypting ./performance_schema/events_waits_summary_by_account_by_event_name.frm to /var/tmp/backup_dir/performance_schema/events_waits_summary_by_account_by_event_name.frm.qp.xbcrypt
160418 21:18:41 [01]        ...done
160418 21:18:41 [01] Compressing and encrypting ./performance_schema/events_waits_summary_by_thread_by_event_name.frm to /var/tmp/backup_dir/performance_schema/events_waits_summary_by_thread_by_event_name.frm.qp.xbcrypt
160418 21:18:41 [01]        ...done
160418 21:18:41 [01] Compressing and encrypting ./performance_schema/performance_timers.frm to /var/tmp/backup_dir/performance_schema/performance_timers.frm.qp.xbcrypt
160418 21:18:41 [01]        ...done
160418 21:18:41 [01] Compressing and encrypting ./performance_schema/events_stages_summary_by_host_by_event_name.frm to /var/tmp/backup_dir/performance_schema/events_stages_summary_by_host_by_event_name.frm.qp.xbcrypt
160418 21:18:41 [01]        ...done
160418 21:18:41 [01] Compressing and encrypting ./performance_schema/socket_summary_by_event_name.frm to /var/tmp/backup_dir/performance_schema/socket_summary_by_event_name.frm.qp.xbcrypt
160418 21:18:41 [01]        ...done
160418 21:18:41 [01] Compressing and encrypting ./performance_schema/users.frm to /var/tmp/backup_dir/performance_schema/users.frm.qp.xbcrypt
160418 21:18:41 [01]        ...done
160418 21:18:41 [01] Compressing and encrypting ./performance_schema/table_io_waits_summary_by_index_usage.frm to /var/tmp/backup_dir/performance_schema/table_io_waits_summary_by_index_usage.frm.qp.xbcrypt
160418 21:18:41 [01]        ...done
160418 21:18:41 [01] Compressing and encrypting ./performance_schema/db.opt to /var/tmp/backup_dir/performance_schema/db.opt.qp.xbcrypt
160418 21:18:41 [01]        ...done
160418 21:18:41 [01] Compressing and encrypting ./performance_schema/events_waits_history_long.frm to /var/tmp/backup_dir/performance_schema/events_waits_history_long.frm.qp.xbcrypt
160418 21:18:41 [01]        ...done
160418 21:18:41 [01] Compressing and encrypting ./performance_schema/events_statements_summary_by_account_by_event_name.frm to /var/tmp/backup_dir/performance_schema/events_statements_summary_by_account_by_event_name.frm.qp.xbcrypt
160418 21:18:41 [01]        ...done
160418 21:18:41 [01] Compressing and encrypting ./performance_schema/events_waits_summary_global_by_event_name.frm to /var/tmp/backup_dir/performance_schema/events_waits_summary_global_by_event_name.frm.qp.xbcrypt
160418 21:18:41 [01]        ...done
160418 21:18:41 [01] Compressing and encrypting ./performance_schema/events_waits_summary_by_user_by_event_name.frm to /var/tmp/backup_dir/performance_schema/events_waits_summary_by_user_by_event_name.frm.qp.xbcrypt
160418 21:18:41 [01]        ...done
160418 21:18:41 [01] Compressing and encrypting ./performance_schema/events_stages_summary_global_by_event_name.frm to /var/tmp/backup_dir/performance_schema/events_stages_summary_global_by_event_name.frm.qp.xbcrypt
160418 21:18:41 [01]        ...done
160418 21:18:41 [01] Compressing and encrypting ./performance_schema/events_statements_summary_by_user_by_event_name.frm to /var/tmp/backup_dir/performance_schema/events_statements_summary_by_user_by_event_name.frm.qp.xbcrypt
160418 21:18:41 [01]        ...done
160418 21:18:41 [01] Compressing and encrypting ./performance_schema/events_stages_history_long.frm to /var/tmp/backup_dir/performance_schema/events_stages_history_long.frm.qp.xbcrypt
160418 21:18:41 [01]        ...done
160418 21:18:41 [01] Compressing and encrypting ./performance_schema/events_statements_summary_by_digest.frm to /var/tmp/backup_dir/performance_schema/events_statements_summary_by_digest.frm.qp.xbcrypt
160418 21:18:41 [01]        ...done
160418 21:18:41 [01] Compressing and encrypting ./performance_schema/file_instances.frm to /var/tmp/backup_dir/performance_schema/file_instances.frm.qp.xbcrypt
160418 21:18:41 [01]        ...done
160418 21:18:41 [01] Compressing and encrypting ./performance_schema/setup_actors.frm to /var/tmp/backup_dir/performance_schema/setup_actors.frm.qp.xbcrypt
160418 21:18:41 [01]        ...done
160418 21:18:41 [01] Compressing and encrypting ./performance_schema/cond_instances.frm to /var/tmp/backup_dir/performance_schema/cond_instances.frm.qp.xbcrypt
160418 21:18:41 [01]        ...done
160418 21:18:41 [01] Compressing and encrypting ./performance_schema/socket_summary_by_instance.frm to /var/tmp/backup_dir/performance_schema/socket_summary_by_instance.frm.qp.xbcrypt
160418 21:18:41 [01]        ...done
160418 21:18:41 [01] Compressing and encrypting ./performance_schema/events_statements_history_long.frm to /var/tmp/backup_dir/performance_schema/events_statements_history_long.frm.qp.xbcrypt
160418 21:18:41 [01]        ...done
160418 21:18:41 [01] Compressing and encrypting ./performance_schema/host_cache.frm to /var/tmp/backup_dir/performance_schema/host_cache.frm.qp.xbcrypt
160418 21:18:41 [01]        ...done
160418 21:18:41 [01] Compressing and encrypting ./performance_schema/setup_objects.frm to /var/tmp/backup_dir/performance_schema/setup_objects.frm.qp.xbcrypt
160418 21:18:41 [01]        ...done
160418 21:18:41 [01] Compressing and encrypting ./performance_schema/rwlock_instances.frm to /var/tmp/backup_dir/performance_schema/rwlock_instances.frm.qp.xbcrypt
160418 21:18:41 [01]        ...done
160418 21:18:41 [01] Compressing and encrypting ./performance_schema/setup_instruments.frm to /var/tmp/backup_dir/performance_schema/setup_instruments.frm.qp.xbcrypt
160418 21:18:41 [01]        ...done
160418 21:18:41 [01] Compressing and encrypting ./performance_schema/session_account_connect_attrs.frm to /var/tmp/backup_dir/performance_schema/session_account_connect_attrs.frm.qp.xbcrypt
160418 21:18:41 [01]        ...done
160418 21:18:41 [01] Compressing and encrypting ./performance_schema/events_statements_current.frm to /var/tmp/backup_dir/performance_schema/events_statements_current.frm.qp.xbcrypt
160418 21:18:41 [01]        ...done
160418 21:18:41 [01] Compressing and encrypting ./performance_schema/file_summary_by_event_name.frm to /var/tmp/backup_dir/performance_schema/file_summary_by_event_name.frm.qp.xbcrypt
160418 21:18:41 [01]        ...done
160418 21:18:41 [01] Compressing and encrypting ./performance_schema/threads.frm to /var/tmp/backup_dir/performance_schema/threads.frm.qp.xbcrypt
160418 21:18:41 [01]        ...done
160418 21:18:41 [01] Compressing and encrypting ./performance_schema/session_connect_attrs.frm to /var/tmp/backup_dir/performance_schema/session_connect_attrs.frm.qp.xbcrypt
160418 21:18:41 [01]        ...done
160418 21:18:41 [01] Compressing and encrypting ./performance_schema/events_stages_history.frm to /var/tmp/backup_dir/performance_schema/events_stages_history.frm.qp.xbcrypt
160418 21:18:41 [01]        ...done
160418 21:18:41 [01] Compressing and encrypting ./performance_schema/events_statements_summary_by_thread_by_event_name.frm to /var/tmp/backup_dir/performance_schema/events_statements_summary_by_thread_by_event_name.frm.qp.xbcrypt
160418 21:18:41 [01]        ...done
160418 21:18:41 [01] Compressing and encrypting ./performance_schema/events_statements_history.frm to /var/tmp/backup_dir/performance_schema/events_statements_history.frm.qp.xbcrypt
160418 21:18:41 [01]        ...done
160418 21:18:41 [01] Compressing and encrypting ./performance_schema/table_lock_waits_summary_by_table.frm to /var/tmp/backup_dir/performance_schema/table_lock_waits_summary_by_table.frm.qp.xbcrypt
160418 21:18:41 [01]        ...done
160418 21:18:41 [01] Compressing and encrypting ./performance_schema/events_waits_history.frm to /var/tmp/backup_dir/performance_schema/events_waits_history.frm.qp.xbcrypt
160418 21:18:41 [01]        ...done
160418 21:18:41 [01] Compressing and encrypting ./performance_schema/setup_consumers.frm to /var/tmp/backup_dir/performance_schema/setup_consumers.frm.qp.xbcrypt
160418 21:18:41 [01]        ...done
160418 21:18:41 [01] Compressing and encrypting ./performance_schema/events_statements_summary_by_host_by_event_name.frm to /var/tmp/backup_dir/performance_schema/events_statements_summary_by_host_by_event_name.frm.qp.xbcrypt
160418 21:18:41 [01]        ...done
160418 21:18:41 [01] Compressing and encrypting ./performance_schema/events_waits_summary_by_instance.frm to /var/tmp/backup_dir/performance_schema/events_waits_summary_by_instance.frm.qp.xbcrypt
160418 21:18:41 [01]        ...done
160418 21:18:41 [01] Compressing and encrypting ./performance_schema/hosts.frm to /var/tmp/backup_dir/performance_schema/hosts.frm.qp.xbcrypt
160418 21:18:41 [01]        ...done
160418 21:18:41 [01] Compressing and encrypting ./performance_schema/events_stages_summary_by_thread_by_event_name.frm to /var/tmp/backup_dir/performance_schema/events_stages_summary_by_thread_by_event_name.frm.qp.xbcrypt
160418 21:18:41 [01]        ...done
160418 21:18:41 [01] Compressing and encrypting ./performance_schema/events_statements_summary_global_by_event_name.frm to /var/tmp/backup_dir/performance_schema/events_statements_summary_global_by_event_name.frm.qp.xbcrypt
160418 21:18:41 [01]        ...done
160418 21:18:41 [01] Compressing and encrypting ./performance_schema/file_summary_by_instance.frm to /var/tmp/backup_dir/performance_schema/file_summary_by_instance.frm.qp.xbcrypt
160418 21:18:41 [01]        ...done
160418 21:18:41 [01] Compressing and encrypting ./performance_schema/events_waits_summary_by_host_by_event_name.frm to /var/tmp/backup_dir/performance_schema/events_waits_summary_by_host_by_event_name.frm.qp.xbcrypt
160418 21:18:41 [01]        ...done
160418 21:18:41 [01] Compressing and encrypting ./performance_schema/mutex_instances.frm to /var/tmp/backup_dir/performance_schema/mutex_instances.frm.qp.xbcrypt
160418 21:18:41 [01]        ...done
160418 21:18:41 [01] Compressing and encrypting ./performance_schema/objects_summary_global_by_type.frm to /var/tmp/backup_dir/performance_schema/objects_summary_global_by_type.frm.qp.xbcrypt
160418 21:18:41 [01]        ...done
160418 21:18:41 [01] Compressing and encrypting ./performance_schema/events_waits_current.frm to /var/tmp/backup_dir/performance_schema/events_waits_current.frm.qp.xbcrypt
160418 21:18:41 [01]        ...done
160418 21:18:41 [01] Compressing and encrypting ./performance_schema/table_io_waits_summary_by_table.frm to /var/tmp/backup_dir/performance_schema/table_io_waits_summary_by_table.frm.qp.xbcrypt
160418 21:18:41 [01]        ...done
160418 21:18:41 [01] Compressing and encrypting ./performance_schema/socket_instances.frm to /var/tmp/backup_dir/performance_schema/socket_instances.frm.qp.xbcrypt
160418 21:18:41 [01]        ...done
160418 21:18:41 [01] Compressing and encrypting ./performance_schema/events_stages_summary_by_user_by_event_name.frm to /var/tmp/backup_dir/performance_schema/events_stages_summary_by_user_by_event_name.frm.qp.xbcrypt
160418 21:18:41 [01]        ...done
160418 21:18:41 [01] Compressing and encrypting ./performance_schema/setup_timers.frm to /var/tmp/backup_dir/performance_schema/setup_timers.frm.qp.xbcrypt
160418 21:18:41 [01]        ...done
160418 21:18:41 [01] Compressing and encrypting ./performance_schema/events_stages_summary_by_account_by_event_name.frm to /var/tmp/backup_dir/performance_schema/events_stages_summary_by_account_by_event_name.frm.qp.xbcrypt
160418 21:18:41 [01]        ...done
160418 21:18:41 [01] Compressing and encrypting ./performance_schema/accounts.frm to /var/tmp/backup_dir/performance_schema/accounts.frm.qp.xbcrypt
160418 21:18:41 [01]        ...done
160418 21:18:41 [01] Compressing and encrypting ./mysql/event.frm to /var/tmp/backup_dir/mysql/event.frm.qp.xbcrypt
160418 21:18:41 [01]        ...done
160418 21:18:41 [01] Compressing and encrypting ./mysql/time_zone.frm to /var/tmp/backup_dir/mysql/time_zone.frm.qp.xbcrypt
160418 21:18:41 [01]        ...done
160418 21:18:41 [01] Compressing and encrypting ./mysql/help_keyword.MYD to /var/tmp/backup_dir/mysql/help_keyword.MYD.qp.xbcrypt
160418 21:18:41 [01]        ...done
160418 21:18:41 [01] Compressing and encrypting ./mysql/time_zone_transition_type.MYD to /var/tmp/backup_dir/mysql/time_zone_transition_type.MYD.qp.xbcrypt
160418 21:18:41 [01]        ...done
160418 21:18:41 [01] Compressing and encrypting ./mysql/help_category.MYI to /var/tmp/backup_dir/mysql/help_category.MYI.qp.xbcrypt
160418 21:18:41 [01]        ...done
160418 21:18:41 [01] Compressing and encrypting ./mysql/procs_priv.frm to /var/tmp/backup_dir/mysql/procs_priv.frm.qp.xbcrypt
160418 21:18:41 [01]        ...done
160418 21:18:41 [01] Compressing and encrypting ./mysql/tables_priv.frm to /var/tmp/backup_dir/mysql/tables_priv.frm.qp.xbcrypt
160418 21:18:41 [01]        ...done
160418 21:18:41 [01] Compressing and encrypting ./mysql/plugin.frm to /var/tmp/backup_dir/mysql/plugin.frm.qp.xbcrypt
160418 21:18:41 [01]        ...done
160418 21:18:41 [01] Compressing and encrypting ./mysql/help_category.frm to /var/tmp/backup_dir/mysql/help_category.frm.qp.xbcrypt
160418 21:18:41 [01]        ...done
160418 21:18:41 [01] Compressing and encrypting ./mysql/proxies_priv.frm to /var/tmp/backup_dir/mysql/proxies_priv.frm.qp.xbcrypt
160418 21:18:41 [01]        ...done
160418 21:18:41 [01] Compressing and encrypting ./mysql/user.MYI to /var/tmp/backup_dir/mysql/user.MYI.qp.xbcrypt
160418 21:18:41 [01]        ...done
160418 21:18:41 [01] Compressing and encrypting ./mysql/slave_master_info.frm to /var/tmp/backup_dir/mysql/slave_master_info.frm.qp.xbcrypt
160418 21:18:41 [01]        ...done
160418 21:18:41 [01] Compressing and encrypting ./mysql/help_topic.MYI to /var/tmp/backup_dir/mysql/help_topic.MYI.qp.xbcrypt
160418 21:18:41 [01]        ...done
160418 21:18:41 [01] Compressing and encrypting ./mysql/db.MYI to /var/tmp/backup_dir/mysql/db.MYI.qp.xbcrypt
160418 21:18:41 [01]        ...done
160418 21:18:41 [01] Compressing and encrypting ./mysql/help_keyword.MYI to /var/tmp/backup_dir/mysql/help_keyword.MYI.qp.xbcrypt
160418 21:18:41 [01]        ...done
160418 21:18:41 [01] Compressing and encrypting ./mysql/time_zone_leap_second.MYI to /var/tmp/backup_dir/mysql/time_zone_leap_second.MYI.qp.xbcrypt
160418 21:18:41 [01]        ...done
160418 21:18:41 [01] Compressing and encrypting ./mysql/help_topic.MYD to /var/tmp/backup_dir/mysql/help_topic.MYD.qp.xbcrypt
160418 21:18:41 [01]        ...done
160418 21:18:41 [01] Compressing and encrypting ./mysql/slave_relay_log_info.frm to /var/tmp/backup_dir/mysql/slave_relay_log_info.frm.qp.xbcrypt
160418 21:18:41 [01]        ...done
160418 21:18:41 [01] Compressing and encrypting ./mysql/user.MYD to /var/tmp/backup_dir/mysql/user.MYD.qp.xbcrypt
160418 21:18:41 [01]        ...done
160418 21:18:41 [01] Compressing and encrypting ./mysql/func.MYI to /var/tmp/backup_dir/mysql/func.MYI.qp.xbcrypt
160418 21:18:41 [01]        ...done
160418 21:18:41 [01] Compressing and encrypting ./mysql/help_keyword.frm to /var/tmp/backup_dir/mysql/help_keyword.frm.qp.xbcrypt
160418 21:18:41 [01]        ...done
160418 21:18:41 [01] Compressing and encrypting ./mysql/time_zone_name.MYI to /var/tmp/backup_dir/mysql/time_zone_name.MYI.qp.xbcrypt
160418 21:18:41 [01]        ...done
160418 21:18:41 [01] Compressing and encrypting ./mysql/time_zone_name.MYD to /var/tmp/backup_dir/mysql/time_zone_name.MYD.qp.xbcrypt
160418 21:18:41 [01]        ...done
160418 21:18:41 [01] Compressing and encrypting ./mysql/columns_priv.frm to /var/tmp/backup_dir/mysql/columns_priv.frm.qp.xbcrypt
160418 21:18:41 [01]        ...done
160418 21:18:41 [01] Compressing and encrypting ./mysql/time_zone.MYD to /var/tmp/backup_dir/mysql/time_zone.MYD.qp.xbcrypt
160418 21:18:41 [01]        ...done
160418 21:18:41 [01] Compressing and encrypting ./mysql/slow_log.CSM to /var/tmp/backup_dir/mysql/slow_log.CSM.qp.xbcrypt
160418 21:18:41 [01]        ...done
160418 21:18:41 [01] Compressing and encrypting ./mysql/time_zone_leap_second.frm to /var/tmp/backup_dir/mysql/time_zone_leap_second.frm.qp.xbcrypt
160418 21:18:41 [01]        ...done
160418 21:18:41 [01] Compressing and encrypting ./mysql/servers.MYI to /var/tmp/backup_dir/mysql/servers.MYI.qp.xbcrypt
160418 21:18:41 [01]        ...done
160418 21:18:41 [01] Compressing and encrypting ./mysql/time_zone_transition_type.frm to /var/tmp/backup_dir/mysql/time_zone_transition_type.frm.qp.xbcrypt
160418 21:18:41 [01]        ...done
160418 21:18:41 [01] Compressing and encrypting ./mysql/procs_priv.MYI to /var/tmp/backup_dir/mysql/procs_priv.MYI.qp.xbcrypt
160418 21:18:41 [01]        ...done
160418 21:18:41 [01] Compressing and encrypting ./mysql/time_zone.MYI to /var/tmp/backup_dir/mysql/time_zone.MYI.qp.xbcrypt
160418 21:18:41 [01]        ...done
160418 21:18:41 [01] Compressing and encrypting ./mysql/innodb_index_stats.frm to /var/tmp/backup_dir/mysql/innodb_index_stats.frm.qp.xbcrypt
160418 21:18:41 [01]        ...done
160418 21:18:41 [01] Compressing and encrypting ./mysql/help_category.MYD to /var/tmp/backup_dir/mysql/help_category.MYD.qp.xbcrypt
160418 21:18:41 [01]        ...done
160418 21:18:41 [01] Compressing and encrypting ./mysql/time_zone_name.frm to /var/tmp/backup_dir/mysql/time_zone_name.frm.qp.xbcrypt
160418 21:18:41 [01]        ...done
160418 21:18:41 [01] Compressing and encrypting ./mysql/proc.MYI to /var/tmp/backup_dir/mysql/proc.MYI.qp.xbcrypt
160418 21:18:41 [01]        ...done
160418 21:18:41 [01] Compressing and encrypting ./mysql/plugin.MYD to /var/tmp/backup_dir/mysql/plugin.MYD.qp.xbcrypt
160418 21:18:41 [01]        ...done
160418 21:18:41 [01] Compressing and encrypting ./mysql/ndb_binlog_index.MYI to /var/tmp/backup_dir/mysql/ndb_binlog_index.MYI.qp.xbcrypt
160418 21:18:41 [01]        ...done
160418 21:18:41 [01] Compressing and encrypting ./mysql/help_relation.MYD to /var/tmp/backup_dir/mysql/help_relation.MYD.qp.xbcrypt
160418 21:18:41 [01]        ...done
160418 21:18:41 [01] Compressing and encrypting ./mysql/servers.frm to /var/tmp/backup_dir/mysql/servers.frm.qp.xbcrypt
160418 21:18:41 [01]        ...done
160418 21:18:41 [01] Compressing and encrypting ./mysql/slave_worker_info.frm to /var/tmp/backup_dir/mysql/slave_worker_info.frm.qp.xbcrypt
160418 21:18:41 [01]        ...done
160418 21:18:41 [01] Compressing and encrypting ./mysql/tables_priv.MYI to /var/tmp/backup_dir/mysql/tables_priv.MYI.qp.xbcrypt
160418 21:18:41 [01]        ...done
160418 21:18:41 [01] Compressing and encrypting ./mysql/ndb_binlog_index.MYD to /var/tmp/backup_dir/mysql/ndb_binlog_index.MYD.qp.xbcrypt
160418 21:18:41 [01]        ...done
160418 21:18:41 [01] Compressing and encrypting ./mysql/ndb_binlog_index.frm to /var/tmp/backup_dir/mysql/ndb_binlog_index.frm.qp.xbcrypt
160418 21:18:41 [01]        ...done
160418 21:18:41 [01] Compressing and encrypting ./mysql/event.MYD to /var/tmp/backup_dir/mysql/event.MYD.qp.xbcrypt
160418 21:18:41 [01]        ...done
160418 21:18:41 [01] Compressing and encrypting ./mysql/proxies_priv.MYI to /var/tmp/backup_dir/mysql/proxies_priv.MYI.qp.xbcrypt
160418 21:18:41 [01]        ...done
160418 21:18:41 [01] Compressing and encrypting ./mysql/innodb_table_stats.frm to /var/tmp/backup_dir/mysql/innodb_table_stats.frm.qp.xbcrypt
160418 21:18:41 [01]        ...done
160418 21:18:41 [01] Compressing and encrypting ./mysql/time_zone_transition.MYI to /var/tmp/backup_dir/mysql/time_zone_transition.MYI.qp.xbcrypt
160418 21:18:41 [01]        ...done
160418 21:18:41 [01] Compressing and encrypting ./mysql/slow_log.frm to /var/tmp/backup_dir/mysql/slow_log.frm.qp.xbcrypt
160418 21:18:41 [01]        ...done
160418 21:18:41 [01] Compressing and encrypting ./mysql/event.MYI to /var/tmp/backup_dir/mysql/event.MYI.qp.xbcrypt
160418 21:18:41 [01]        ...done
160418 21:18:41 [01] Compressing and encrypting ./mysql/time_zone_leap_second.MYD to /var/tmp/backup_dir/mysql/time_zone_leap_second.MYD.qp.xbcrypt
160418 21:18:41 [01]        ...done
160418 21:18:41 [01] Compressing and encrypting ./mysql/proc.frm to /var/tmp/backup_dir/mysql/proc.frm.qp.xbcrypt
160418 21:18:41 [01]        ...done
160418 21:18:41 [01] Compressing and encrypting ./mysql/db.frm to /var/tmp/backup_dir/mysql/db.frm.qp.xbcrypt
160418 21:18:41 [01]        ...done
160418 21:18:41 [01] Compressing and encrypting ./mysql/general_log.frm to /var/tmp/backup_dir/mysql/general_log.frm.qp.xbcrypt
160418 21:18:41 [01]        ...done
160418 21:18:41 [01] Compressing and encrypting ./mysql/help_topic.frm to /var/tmp/backup_dir/mysql/help_topic.frm.qp.xbcrypt
160418 21:18:41 [01]        ...done
160418 21:18:41 [01] Compressing and encrypting ./mysql/proxies_priv.MYD to /var/tmp/backup_dir/mysql/proxies_priv.MYD.qp.xbcrypt
160418 21:18:41 [01]        ...done
160418 21:18:41 [01] Compressing and encrypting ./mysql/help_relation.frm to /var/tmp/backup_dir/mysql/help_relation.frm.qp.xbcrypt
160418 21:18:41 [01]        ...done
160418 21:18:41 [01] Compressing and encrypting ./mysql/general_log.CSV to /var/tmp/backup_dir/mysql/general_log.CSV.qp.xbcrypt
160418 21:18:41 [01]        ...done
160418 21:18:41 [01] Compressing and encrypting ./mysql/general_log.CSM to /var/tmp/backup_dir/mysql/general_log.CSM.qp.xbcrypt
160418 21:18:41 [01]        ...done
160418 21:18:41 [01] Compressing and encrypting ./mysql/proc.MYD to /var/tmp/backup_dir/mysql/proc.MYD.qp.xbcrypt
160418 21:18:41 [01]        ...done
160418 21:18:41 [01] Compressing and encrypting ./mysql/slow_log.CSV to /var/tmp/backup_dir/mysql/slow_log.CSV.qp.xbcrypt
160418 21:18:41 [01]        ...done
160418 21:18:41 [01] Compressing and encrypting ./mysql/columns_priv.MYD to /var/tmp/backup_dir/mysql/columns_priv.MYD.qp.xbcrypt
160418 21:18:41 [01]        ...done
160418 21:18:41 [01] Compressing and encrypting ./mysql/columns_priv.MYI to /var/tmp/backup_dir/mysql/columns_priv.MYI.qp.xbcrypt
160418 21:18:41 [01]        ...done
160418 21:18:41 [01] Compressing and encrypting ./mysql/tables_priv.MYD to /var/tmp/backup_dir/mysql/tables_priv.MYD.qp.xbcrypt
160418 21:18:41 [01]        ...done
160418 21:18:41 [01] Compressing and encrypting ./mysql/help_relation.MYI to /var/tmp/backup_dir/mysql/help_relation.MYI.qp.xbcrypt
160418 21:18:41 [01]        ...done
160418 21:18:41 [01] Compressing and encrypting ./mysql/time_zone_transition.MYD to /var/tmp/backup_dir/mysql/time_zone_transition.MYD.qp.xbcrypt
160418 21:18:41 [01]        ...done
160418 21:18:41 [01] Compressing and encrypting ./mysql/servers.MYD to /var/tmp/backup_dir/mysql/servers.MYD.qp.xbcrypt
160418 21:18:41 [01]        ...done
160418 21:18:41 [01] Compressing and encrypting ./mysql/user.frm to /var/tmp/backup_dir/mysql/user.frm.qp.xbcrypt
160418 21:18:41 [01]        ...done
160418 21:18:41 [01] Compressing and encrypting ./mysql/func.frm to /var/tmp/backup_dir/mysql/func.frm.qp.xbcrypt
160418 21:18:41 [01]        ...done
160418 21:18:41 [01] Compressing and encrypting ./mysql/func.MYD to /var/tmp/backup_dir/mysql/func.MYD.qp.xbcrypt
160418 21:18:41 [01]        ...done
160418 21:18:41 [01] Compressing and encrypting ./mysql/plugin.MYI to /var/tmp/backup_dir/mysql/plugin.MYI.qp.xbcrypt
160418 21:18:41 [01]        ...done
160418 21:18:41 [01] Compressing and encrypting ./mysql/time_zone_transition_type.MYI to /var/tmp/backup_dir/mysql/time_zone_transition_type.MYI.qp.xbcrypt
160418 21:18:41 [01]        ...done
160418 21:18:41 [01] Compressing and encrypting ./mysql/db.MYD to /var/tmp/backup_dir/mysql/db.MYD.qp.xbcrypt
160418 21:18:41 [01]        ...done
160418 21:18:41 [01] Compressing and encrypting ./mysql/procs_priv.MYD to /var/tmp/backup_dir/mysql/procs_priv.MYD.qp.xbcrypt
160418 21:18:41 [01]        ...done
160418 21:18:41 [01] Compressing and encrypting ./mysql/time_zone_transition.frm to /var/tmp/backup_dir/mysql/time_zone_transition.frm.qp.xbcrypt
160418 21:18:41 [01]        ...done
160418 21:18:41 [00] Compressing and encrypting test/db.opt
160418 21:18:41 [00]        ...done
160418 21:18:41 [01] Compressing and encrypting ./sbtest/sbtest38.frm to /var/tmp/backup_dir/sbtest/sbtest38.frm.qp.xbcrypt
160418 21:18:41 [01]        ...done
160418 21:18:41 [01] Compressing and encrypting ./sbtest/sbtest37.frm to /var/tmp/backup_dir/sbtest/sbtest37.frm.qp.xbcrypt
160418 21:18:41 [01]        ...done
160418 21:18:41 [01] Compressing and encrypting ./sbtest/sbtest1.frm to /var/tmp/backup_dir/sbtest/sbtest1.frm.qp.xbcrypt
160418 21:18:41 [01]        ...done
160418 21:18:41 [01] Compressing and encrypting ./sbtest/sbtest22.frm to /var/tmp/backup_dir/sbtest/sbtest22.frm.qp.xbcrypt
160418 21:18:41 [01]        ...done
160418 21:18:41 [01] Compressing and encrypting ./sbtest/sbtest8.frm to /var/tmp/backup_dir/sbtest/sbtest8.frm.qp.xbcrypt
160418 21:18:41 [01]        ...done
160418 21:18:41 [01] Compressing and encrypting ./sbtest/sbtest43.frm to /var/tmp/backup_dir/sbtest/sbtest43.frm.qp.xbcrypt
160418 21:18:41 [01]        ...done
160418 21:18:41 [01] Compressing and encrypting ./sbtest/sbtest51.frm to /var/tmp/backup_dir/sbtest/sbtest51.frm.qp.xbcrypt
160418 21:18:41 [01]        ...done
160418 21:18:41 [01] Compressing and encrypting ./sbtest/sbtest52.frm to /var/tmp/backup_dir/sbtest/sbtest52.frm.qp.xbcrypt
160418 21:18:41 [01]        ...done
160418 21:18:41 [01] Compressing and encrypting ./sbtest/sbtest47.frm to /var/tmp/backup_dir/sbtest/sbtest47.frm.qp.xbcrypt
160418 21:18:41 [01]        ...done
160418 21:18:41 [01] Compressing and encrypting ./sbtest/sbtest2.frm to /var/tmp/backup_dir/sbtest/sbtest2.frm.qp.xbcrypt
160418 21:18:41 [01]        ...done
160418 21:18:41 [01] Compressing and encrypting ./sbtest/sbtest12.frm to /var/tmp/backup_dir/sbtest/sbtest12.frm.qp.xbcrypt
160418 21:18:41 [01]        ...done
160418 21:18:41 [01] Compressing and encrypting ./sbtest/db.opt to /var/tmp/backup_dir/sbtest/db.opt.qp.xbcrypt
160418 21:18:41 [01]        ...done
160418 21:18:41 [01] Compressing and encrypting ./sbtest/sbtest27.frm to /var/tmp/backup_dir/sbtest/sbtest27.frm.qp.xbcrypt
160418 21:18:41 [01]        ...done
160418 21:18:41 [01] Compressing and encrypting ./sbtest/sbtest7.frm to /var/tmp/backup_dir/sbtest/sbtest7.frm.qp.xbcrypt
160418 21:18:41 [01]        ...done
160418 21:18:41 [01] Compressing and encrypting ./sbtest/sbtest31.frm to /var/tmp/backup_dir/sbtest/sbtest31.frm.qp.xbcrypt
160418 21:18:41 [01]        ...done
160418 21:18:41 [01] Compressing and encrypting ./sbtest/sbtest20.frm to /var/tmp/backup_dir/sbtest/sbtest20.frm.qp.xbcrypt
160418 21:18:41 [01]        ...done
160418 21:18:41 [01] Compressing and encrypting ./sbtest/sbtest11.frm to /var/tmp/backup_dir/sbtest/sbtest11.frm.qp.xbcrypt
160418 21:18:41 [01]        ...done
160418 21:18:41 [01] Compressing and encrypting ./sbtest/sbtest26.frm to /var/tmp/backup_dir/sbtest/sbtest26.frm.qp.xbcrypt
160418 21:18:41 [01]        ...done
160418 21:18:41 [01] Compressing and encrypting ./sbtest/sbtest4.frm to /var/tmp/backup_dir/sbtest/sbtest4.frm.qp.xbcrypt
160418 21:18:41 [01]        ...done
160418 21:18:41 [01] Compressing and encrypting ./sbtest/sbtest39.frm to /var/tmp/backup_dir/sbtest/sbtest39.frm.qp.xbcrypt
160418 21:18:41 [01]        ...done
160418 21:18:41 [01] Compressing and encrypting ./sbtest/sbtest32.frm to /var/tmp/backup_dir/sbtest/sbtest32.frm.qp.xbcrypt
160418 21:18:41 [01]        ...done
160418 21:18:42 [01] Compressing and encrypting ./sbtest/sbtest57.frm to /var/tmp/backup_dir/sbtest/sbtest57.frm.qp.xbcrypt
160418 21:18:42 [01]        ...done
160418 21:18:42 [01] Compressing and encrypting ./sbtest/sbtest59.frm to /var/tmp/backup_dir/sbtest/sbtest59.frm.qp.xbcrypt
160418 21:18:42 [01]        ...done
160418 21:18:42 [01] Compressing and encrypting ./sbtest/sbtest25.frm to /var/tmp/backup_dir/sbtest/sbtest25.frm.qp.xbcrypt
160418 21:18:42 [01]        ...done
160418 21:18:42 [01] Compressing and encrypting ./sbtest/sbtest23.frm to /var/tmp/backup_dir/sbtest/sbtest23.frm.qp.xbcrypt
160418 21:18:42 [01]        ...done
160418 21:18:42 [01] Compressing and encrypting ./sbtest/sbtest28.frm to /var/tmp/backup_dir/sbtest/sbtest28.frm.qp.xbcrypt
160418 21:18:42 [01]        ...done
160418 21:18:42 [01] Compressing and encrypting ./sbtest/sbtest24.frm to /var/tmp/backup_dir/sbtest/sbtest24.frm.qp.xbcrypt
160418 21:18:42 [01]        ...done
160418 21:18:42 [01] Compressing and encrypting ./sbtest/sbtest3.frm to /var/tmp/backup_dir/sbtest/sbtest3.frm.qp.xbcrypt
160418 21:18:42 [01]        ...done
160418 21:18:42 [01] Compressing and encrypting ./sbtest/sbtest33.frm to /var/tmp/backup_dir/sbtest/sbtest33.frm.qp.xbcrypt
160418 21:18:42 [01]        ...done
160418 21:18:42 [01] Compressing and encrypting ./sbtest/sbtest53.frm to /var/tmp/backup_dir/sbtest/sbtest53.frm.qp.xbcrypt
160418 21:18:42 [01]        ...done
160418 21:18:42 [01] Compressing and encrypting ./sbtest/sbtest14.frm to /var/tmp/backup_dir/sbtest/sbtest14.frm.qp.xbcrypt
160418 21:18:42 [01]        ...done
160418 21:18:42 [01] Compressing and encrypting ./sbtest/sbtest49.frm to /var/tmp/backup_dir/sbtest/sbtest49.frm.qp.xbcrypt
160418 21:18:42 [01]        ...done
160418 21:18:42 [01] Compressing and encrypting ./sbtest/sbtest55.frm to /var/tmp/backup_dir/sbtest/sbtest55.frm.qp.xbcrypt
160418 21:18:42 [01]        ...done
160418 21:18:42 [01] Compressing and encrypting ./sbtest/sbtest36.frm to /var/tmp/backup_dir/sbtest/sbtest36.frm.qp.xbcrypt
160418 21:18:42 [01]        ...done
160418 21:18:42 [01] Compressing and encrypting ./sbtest/sbtest30.frm to /var/tmp/backup_dir/sbtest/sbtest30.frm.qp.xbcrypt
160418 21:18:42 [01]        ...done
160418 21:18:42 [01] Compressing and encrypting ./sbtest/sbtest40.frm to /var/tmp/backup_dir/sbtest/sbtest40.frm.qp.xbcrypt
160418 21:18:42 [01]        ...done
160418 21:18:42 [01] Compressing and encrypting ./sbtest/sbtest13.frm to /var/tmp/backup_dir/sbtest/sbtest13.frm.qp.xbcrypt
160418 21:18:42 [01]        ...done
160418 21:18:42 [01] Compressing and encrypting ./sbtest/sbtest56.frm to /var/tmp/backup_dir/sbtest/sbtest56.frm.qp.xbcrypt
160418 21:18:42 [01]        ...done
160418 21:18:42 [01] Compressing and encrypting ./sbtest/sbtest19.frm to /var/tmp/backup_dir/sbtest/sbtest19.frm.qp.xbcrypt
160418 21:18:42 [01]        ...done
160418 21:18:42 [01] Compressing and encrypting ./sbtest/sbtest46.frm to /var/tmp/backup_dir/sbtest/sbtest46.frm.qp.xbcrypt
160418 21:18:42 [01]        ...done
160418 21:18:42 [01] Compressing and encrypting ./sbtest/sbtest9.frm to /var/tmp/backup_dir/sbtest/sbtest9.frm.qp.xbcrypt
160418 21:18:42 [01]        ...done
160418 21:18:42 [01] Compressing and encrypting ./sbtest/sbtest50.frm to /var/tmp/backup_dir/sbtest/sbtest50.frm.qp.xbcrypt
160418 21:18:42 [01]        ...done
160418 21:18:42 [01] Compressing and encrypting ./sbtest/sbtest6.frm to /var/tmp/backup_dir/sbtest/sbtest6.frm.qp.xbcrypt
160418 21:18:42 [01]        ...done
160418 21:18:42 [01] Compressing and encrypting ./sbtest/sbtest29.frm to /var/tmp/backup_dir/sbtest/sbtest29.frm.qp.xbcrypt
160418 21:18:42 [01]        ...done
160418 21:18:42 [01] Compressing and encrypting ./sbtest/sbtest48.frm to /var/tmp/backup_dir/sbtest/sbtest48.frm.qp.xbcrypt
160418 21:18:42 [01]        ...done
160418 21:18:42 [01] Compressing and encrypting ./sbtest/sbtest41.frm to /var/tmp/backup_dir/sbtest/sbtest41.frm.qp.xbcrypt
160418 21:18:42 [01]        ...done
160418 21:18:42 [01] Compressing and encrypting ./sbtest/sbtest10.frm to /var/tmp/backup_dir/sbtest/sbtest10.frm.qp.xbcrypt
160418 21:18:42 [01]        ...done
160418 21:18:42 [01] Compressing and encrypting ./sbtest/sbtest34.frm to /var/tmp/backup_dir/sbtest/sbtest34.frm.qp.xbcrypt
160418 21:18:42 [01]        ...done
160418 21:18:42 [01] Compressing and encrypting ./sbtest/sbtest60.frm to /var/tmp/backup_dir/sbtest/sbtest60.frm.qp.xbcrypt
160418 21:18:42 [01]        ...done
160418 21:18:42 [01] Compressing and encrypting ./sbtest/sbtest17.frm to /var/tmp/backup_dir/sbtest/sbtest17.frm.qp.xbcrypt
160418 21:18:42 [01]        ...done
160418 21:18:42 [01] Compressing and encrypting ./sbtest/sbtest15.frm to /var/tmp/backup_dir/sbtest/sbtest15.frm.qp.xbcrypt
160418 21:18:42 [01]        ...done
160418 21:18:42 [01] Compressing and encrypting ./sbtest/sbtest58.frm to /var/tmp/backup_dir/sbtest/sbtest58.frm.qp.xbcrypt
160418 21:18:42 [01]        ...done
160418 21:18:42 [01] Compressing and encrypting ./sbtest/sbtest45.frm to /var/tmp/backup_dir/sbtest/sbtest45.frm.qp.xbcrypt
160418 21:18:42 [01]        ...done
160418 21:18:42 [01] Compressing and encrypting ./sbtest/sbtest18.frm to /var/tmp/backup_dir/sbtest/sbtest18.frm.qp.xbcrypt
160418 21:18:42 [01]        ...done
160418 21:18:42 [01] Compressing and encrypting ./sbtest/sbtest44.frm to /var/tmp/backup_dir/sbtest/sbtest44.frm.qp.xbcrypt
160418 21:18:42 [01]        ...done
160418 21:18:42 [01] Compressing and encrypting ./sbtest/sbtest42.frm to /var/tmp/backup_dir/sbtest/sbtest42.frm.qp.xbcrypt
160418 21:18:42 [01]        ...done
160418 21:18:42 [01] Compressing and encrypting ./sbtest/sbtest54.frm to /var/tmp/backup_dir/sbtest/sbtest54.frm.qp.xbcrypt
160418 21:18:42 [01]        ...done
160418 21:18:42 [01] Compressing and encrypting ./sbtest/sbtest35.frm to /var/tmp/backup_dir/sbtest/sbtest35.frm.qp.xbcrypt
160418 21:18:42 [01]        ...done
160418 21:18:42 [01] Compressing and encrypting ./sbtest/sbtest21.frm to /var/tmp/backup_dir/sbtest/sbtest21.frm.qp.xbcrypt
160418 21:18:42 [01]        ...done
160418 21:18:42 [01] Compressing and encrypting ./sbtest/sbtest5.frm to /var/tmp/backup_dir/sbtest/sbtest5.frm.qp.xbcrypt
160418 21:18:42 [01]        ...done
160418 21:18:42 [01] Compressing and encrypting ./sbtest/sbtest16.frm to /var/tmp/backup_dir/sbtest/sbtest16.frm.qp.xbcrypt
160418 21:18:42 [01]        ...done
160418 21:18:42 [01] Compressing and encrypting ./lost@002bfound/db.opt to /var/tmp/backup_dir/lost@002bfound/db.opt.qp.xbcrypt
160418 21:18:42 [01]        ...done
160418 21:18:42 Finished backing up non-InnoDB tables and files
160418 21:18:42 Executing LOCK BINLOG FOR BACKUP...
160418 21:18:42 Executing FLUSH NO_WRITE_TO_BINLOG ENGINE LOGS...
xtrabackup: The latest check point (for incremental): '8070813042'
xtrabackup: Stopping log copying thread.
.160418 21:18:42 >> log scanned up to (8070813042)

160418 21:18:42 Executing UNLOCK BINLOG
160418 21:18:42 Executing UNLOCK TABLES
160418 21:18:42 All tables unlocked
160418 21:18:42 Backup created in directory '/var/tmp/backup_dir'
160418 21:18:42 [00] Compressing and encrypting backup-my.cnf
160418 21:18:42 [00]        ...done
160418 21:18:42 [00] Compressing and encrypting xtrabackup_info
160418 21:18:42 [00]        ...done
xtrabackup: Transaction log of lsn (8070813042) to (8070813042) was copied.
160418 21:18:42 completed OK!
/home/ubuntu
