160418 19:56:47 innobackupex: Starting the backup operation

IMPORTANT: Please check that the backup run completes successfully.
           At the end of a successful backup run innobackupex
           prints "completed OK!".

160418 19:56:47  version_check Connecting to MySQL server with DSN 'dbi:mysql:;mysql_read_default_group=xtrabackup;port=3306;mysql_socket=/var/run/mysqld/mysqld.sock' as 'root'  (using password: NO).
160418 19:56:47  version_check Connected to MySQL server
160418 19:56:47  version_check Executing a version check against the server...
160418 19:56:47  version_check Done.
160418 19:56:47 Connecting to MySQL server host: localhost, user: root, password: not set, port: 3306, socket: /var/run/mysqld/mysqld.sock
Using server version 5.6.29-76.2
innobackupex version 2.4.2 based on MySQL server 5.7.11 Linux (x86_64) (revision id: 8e86a84)
xtrabackup: uses posix_fadvise().
xtrabackup: cd to /var/lib/mysql
xtrabackup: open files limit requested 0, set to 1024
xtrabackup: using the following InnoDB configuration:
xtrabackup:   innodb_data_home_dir = .
xtrabackup:   innodb_data_file_path = ibdata1:12M:autoextend
xtrabackup:   innodb_log_group_home_dir = .
xtrabackup:   innodb_log_files_in_group = 2
xtrabackup:   innodb_log_file_size = 50331648
InnoDB: Number of pools: 1
xtrabackup: warning: the --parallel option does not have any effect when streaming in the 'tar' format. You can use the 'xbstream' format instead.
160418 19:56:47 >> log scanned up to (8070813042)
xtrabackup: Generating a list of tablespaces
InnoDB: Allocated tablespace ID 1 for mysql/innodb_table_stats, old maximum was 0
160418 19:56:47 [01] Streaming ./ibdata1
160418 19:56:48 >> log scanned up to (8070813042)
160418 19:56:48 [01]        ...done
160418 19:56:48 [01] Streaming ./mysql/innodb_table_stats.ibd
160418 19:56:48 [01]        ...done
160418 19:56:48 [01] Streaming ./mysql/slave_relay_log_info.ibd
160418 19:56:48 [01]        ...done
160418 19:56:48 [01] Streaming ./mysql/slave_worker_info.ibd
160418 19:56:48 [01]        ...done
160418 19:56:48 [01] Streaming ./mysql/slave_master_info.ibd
160418 19:56:48 [01]        ...done
160418 19:56:48 [01] Streaming ./mysql/innodb_index_stats.ibd
160418 19:56:48 [01]        ...done
160418 19:56:48 [01] Streaming ./sbtest/sbtest52.ibd
160418 19:56:49 >> log scanned up to (8070813042)
160418 19:56:50 >> log scanned up to (8070813042)
160418 19:56:51 >> log scanned up to (8070813042)
160418 19:56:52 >> log scanned up to (8070813042)
160418 19:56:53 >> log scanned up to (8070813042)
160418 19:56:54 >> log scanned up to (8070813042)
160418 19:56:55 >> log scanned up to (8070813042)
160418 19:56:56 [01]        ...done
160418 19:56:56 [01] Streaming ./sbtest/sbtest47.ibd
160418 19:56:56 >> log scanned up to (8070813042)
160418 19:56:57 >> log scanned up to (8070813042)
160418 19:56:58 >> log scanned up to (8070813042)
160418 19:56:59 >> log scanned up to (8070813042)
160418 19:57:00 >> log scanned up to (8070813042)
160418 19:57:01 >> log scanned up to (8070813042)
160418 19:57:02 >> log scanned up to (8070813042)
160418 19:57:03 >> log scanned up to (8070813042)
160418 19:57:04 [01]        ...done
160418 19:57:04 [01] Streaming ./sbtest/sbtest9.ibd
160418 19:57:04 >> log scanned up to (8070813042)
160418 19:57:05 >> log scanned up to (8070813042)
160418 19:57:06 >> log scanned up to (8070813042)
160418 19:57:07 >> log scanned up to (8070813042)
160418 19:57:08 >> log scanned up to (8070813042)
160418 19:57:09 >> log scanned up to (8070813042)
160418 19:57:10 >> log scanned up to (8070813042)
160418 19:57:11 >> log scanned up to (8070813042)
160418 19:57:12 [01]        ...done
160418 19:57:12 [01] Streaming ./sbtest/sbtest53.ibd
160418 19:57:12 >> log scanned up to (8070813042)
160418 19:57:13 >> log scanned up to (8070813042)
160418 19:57:14 >> log scanned up to (8070813042)
160418 19:57:15 >> log scanned up to (8070813042)
160418 19:57:16 >> log scanned up to (8070813042)
160418 19:57:17 >> log scanned up to (8070813042)
160418 19:57:18 >> log scanned up to (8070813042)
160418 19:57:19 >> log scanned up to (8070813042)
160418 19:57:19 [01]        ...done
160418 19:57:19 [01] Streaming ./sbtest/sbtest27.ibd
160418 19:57:20 >> log scanned up to (8070813042)
160418 19:57:21 >> log scanned up to (8070813042)
160418 19:57:22 >> log scanned up to (8070813042)
160418 19:57:23 >> log scanned up to (8070813042)
160418 19:57:24 >> log scanned up to (8070813042)
160418 19:57:25 >> log scanned up to (8070813042)
160418 19:57:26 >> log scanned up to (8070813042)
160418 19:57:27 >> log scanned up to (8070813042)
160418 19:57:27 [01]        ...done
160418 19:57:27 [01] Streaming ./sbtest/sbtest50.ibd
160418 19:57:28 >> log scanned up to (8070813042)
160418 19:57:29 >> log scanned up to (8070813042)
160418 19:57:30 >> log scanned up to (8070813042)
160418 19:57:31 >> log scanned up to (8070813042)
160418 19:57:32 >> log scanned up to (8070813042)
160418 19:57:33 >> log scanned up to (8070813042)
160418 19:57:34 >> log scanned up to (8070813042)
160418 19:57:35 >> log scanned up to (8070813042)
160418 19:57:35 [01]        ...done
160418 19:57:35 [01] Streaming ./sbtest/sbtest16.ibd
160418 19:57:36 >> log scanned up to (8070813042)
160418 19:57:37 >> log scanned up to (8070813042)
160418 19:57:38 >> log scanned up to (8070813042)
160418 19:57:39 >> log scanned up to (8070813042)
160418 19:57:40 >> log scanned up to (8070813042)
160418 19:57:41 >> log scanned up to (8070813042)
160418 19:57:42 >> log scanned up to (8070813042)
160418 19:57:43 [01]        ...done
160418 19:57:43 [01] Streaming ./sbtest/sbtest21.ibd
160418 19:57:43 >> log scanned up to (8070813042)
160418 19:57:44 >> log scanned up to (8070813042)
160418 19:57:45 >> log scanned up to (8070813042)
160418 19:57:46 >> log scanned up to (8070813042)
160418 19:57:47 >> log scanned up to (8070813042)
160418 19:57:48 >> log scanned up to (8070813042)
160418 19:57:49 >> log scanned up to (8070813042)
160418 19:57:50 >> log scanned up to (8070813042)
160418 19:57:51 [01]        ...done
160418 19:57:51 [01] Streaming ./sbtest/sbtest48.ibd
160418 19:57:51 >> log scanned up to (8070813042)
160418 19:57:52 >> log scanned up to (8070813042)
160418 19:57:53 >> log scanned up to (8070813042)
160418 19:57:54 >> log scanned up to (8070813042)
160418 19:57:55 >> log scanned up to (8070813042)
160418 19:57:56 >> log scanned up to (8070813042)
160418 19:57:57 >> log scanned up to (8070813042)
160418 19:57:58 >> log scanned up to (8070813042)
160418 19:57:59 [01]        ...done
160418 19:57:59 [01] Streaming ./sbtest/sbtest33.ibd
160418 19:57:59 >> log scanned up to (8070813042)
160418 19:58:00 >> log scanned up to (8070813042)
160418 19:58:01 >> log scanned up to (8070813042)
160418 19:58:02 >> log scanned up to (8070813042)
160418 19:58:03 >> log scanned up to (8070813042)
160418 19:58:04 >> log scanned up to (8070813042)
160418 19:58:05 >> log scanned up to (8070813042)
160418 19:58:06 >> log scanned up to (8070813042)
160418 19:58:06 [01]        ...done
160418 19:58:06 [01] Streaming ./sbtest/sbtest5.ibd
160418 19:58:07 >> log scanned up to (8070813042)
160418 19:58:08 >> log scanned up to (8070813042)
160418 19:58:09 >> log scanned up to (8070813042)
160418 19:58:10 >> log scanned up to (8070813042)
160418 19:58:11 >> log scanned up to (8070813042)
160418 19:58:12 >> log scanned up to (8070813042)
160418 19:58:13 >> log scanned up to (8070813042)
160418 19:58:14 [01]        ...done
160418 19:58:14 [01] Streaming ./sbtest/sbtest43.ibd
160418 19:58:14 >> log scanned up to (8070813042)
160418 19:58:15 >> log scanned up to (8070813042)
160418 19:58:16 >> log scanned up to (8070813042)
160418 19:58:17 >> log scanned up to (8070813042)
160418 19:58:18 >> log scanned up to (8070813042)
160418 19:58:19 >> log scanned up to (8070813042)
160418 19:58:20 >> log scanned up to (8070813042)
160418 19:58:21 >> log scanned up to (8070813042)
160418 19:58:22 [01]        ...done
160418 19:58:22 [01] Streaming ./sbtest/sbtest31.ibd
160418 19:58:22 >> log scanned up to (8070813042)
160418 19:58:23 >> log scanned up to (8070813042)
160418 19:58:24 >> log scanned up to (8070813042)
160418 19:58:25 >> log scanned up to (8070813042)
160418 19:58:26 >> log scanned up to (8070813042)
160418 19:58:27 >> log scanned up to (8070813042)
160418 19:58:28 >> log scanned up to (8070813042)
160418 19:58:29 >> log scanned up to (8070813042)
160418 19:58:30 [01]        ...done
160418 19:58:30 [01] Streaming ./sbtest/sbtest35.ibd
160418 19:58:30 >> log scanned up to (8070813042)
160418 19:58:31 >> log scanned up to (8070813042)
160418 19:58:32 >> log scanned up to (8070813042)
160418 19:58:33 >> log scanned up to (8070813042)
160418 19:58:34 >> log scanned up to (8070813042)
160418 19:58:35 >> log scanned up to (8070813042)
160418 19:58:36 >> log scanned up to (8070813042)
160418 19:58:37 >> log scanned up to (8070813042)
160418 19:58:38 [01]        ...done
160418 19:58:38 [01] Streaming ./sbtest/sbtest26.ibd
160418 19:58:38 >> log scanned up to (8070813042)
160418 19:58:39 >> log scanned up to (8070813042)
160418 19:58:40 >> log scanned up to (8070813042)
160418 19:58:41 >> log scanned up to (8070813042)
160418 19:58:42 >> log scanned up to (8070813042)
160418 19:58:43 >> log scanned up to (8070813042)
160418 19:58:44 >> log scanned up to (8070813042)
160418 19:58:45 >> log scanned up to (8070813042)
160418 19:58:45 [01]        ...done
160418 19:58:45 [01] Streaming ./sbtest/sbtest10.ibd
160418 19:58:46 >> log scanned up to (8070813042)
160418 19:58:47 >> log scanned up to (8070813042)
160418 19:58:48 >> log scanned up to (8070813042)
160418 19:58:49 >> log scanned up to (8070813042)
160418 19:58:50 >> log scanned up to (8070813042)
160418 19:58:51 >> log scanned up to (8070813042)
160418 19:58:52 >> log scanned up to (8070813042)
160418 19:58:53 >> log scanned up to (8070813042)
160418 19:58:53 [01]        ...done
160418 19:58:53 [01] Streaming ./sbtest/sbtest23.ibd
160418 19:58:54 >> log scanned up to (8070813042)
160418 19:58:55 >> log scanned up to (8070813042)
160418 19:58:56 >> log scanned up to (8070813042)
160418 19:58:57 >> log scanned up to (8070813042)
160418 19:58:58 >> log scanned up to (8070813042)
160418 19:58:59 >> log scanned up to (8070813042)
160418 19:59:00 >> log scanned up to (8070813042)
160418 19:59:01 >> log scanned up to (8070813042)
160418 19:59:01 [01]        ...done
160418 19:59:01 [01] Streaming ./sbtest/sbtest32.ibd
160418 19:59:02 >> log scanned up to (8070813042)
160418 19:59:03 >> log scanned up to (8070813042)
160418 19:59:04 >> log scanned up to (8070813042)
160418 19:59:05 >> log scanned up to (8070813042)
160418 19:59:06 >> log scanned up to (8070813042)
160418 19:59:07 >> log scanned up to (8070813042)
160418 19:59:08 >> log scanned up to (8070813042)
160418 19:59:09 [01]        ...done
160418 19:59:09 [01] Streaming ./sbtest/sbtest60.ibd
160418 19:59:09 >> log scanned up to (8070813042)
160418 19:59:10 >> log scanned up to (8070813042)
160418 19:59:11 >> log scanned up to (8070813042)
160418 19:59:12 >> log scanned up to (8070813042)
160418 19:59:13 >> log scanned up to (8070813042)
160418 19:59:14 >> log scanned up to (8070813042)
160418 19:59:15 >> log scanned up to (8070813042)
160418 19:59:16 >> log scanned up to (8070813042)
160418 19:59:17 [01]        ...done
160418 19:59:17 [01] Streaming ./sbtest/sbtest14.ibd
160418 19:59:17 >> log scanned up to (8070813042)
160418 19:59:18 >> log scanned up to (8070813042)
160418 19:59:19 >> log scanned up to (8070813042)
160418 19:59:20 >> log scanned up to (8070813042)
160418 19:59:21 >> log scanned up to (8070813042)
160418 19:59:22 >> log scanned up to (8070813042)
160418 19:59:23 >> log scanned up to (8070813042)
160418 19:59:24 >> log scanned up to (8070813042)
160418 19:59:25 [01]        ...done
160418 19:59:25 [01] Streaming ./sbtest/sbtest51.ibd
160418 19:59:25 >> log scanned up to (8070813042)
160418 19:59:26 >> log scanned up to (8070813042)
160418 19:59:27 >> log scanned up to (8070813042)
160418 19:59:28 >> log scanned up to (8070813042)
160418 19:59:29 >> log scanned up to (8070813042)
160418 19:59:30 >> log scanned up to (8070813042)
160418 19:59:31 >> log scanned up to (8070813042)
160418 19:59:32 >> log scanned up to (8070813042)
160418 19:59:32 [01]        ...done
160418 19:59:32 [01] Streaming ./sbtest/sbtest55.ibd
160418 19:59:33 >> log scanned up to (8070813042)
160418 19:59:34 >> log scanned up to (8070813042)
160418 19:59:35 >> log scanned up to (8070813042)
160418 19:59:36 >> log scanned up to (8070813042)
160418 19:59:37 >> log scanned up to (8070813042)
160418 19:59:38 >> log scanned up to (8070813042)
160418 19:59:39 >> log scanned up to (8070813042)
160418 19:59:40 >> log scanned up to (8070813042)
160418 19:59:40 [01]        ...done
160418 19:59:40 [01] Streaming ./sbtest/sbtest37.ibd
160418 19:59:41 >> log scanned up to (8070813042)
160418 19:59:42 >> log scanned up to (8070813042)
160418 19:59:43 >> log scanned up to (8070813042)
160418 19:59:44 >> log scanned up to (8070813042)
160418 19:59:45 >> log scanned up to (8070813042)
160418 19:59:46 >> log scanned up to (8070813042)
160418 19:59:47 >> log scanned up to (8070813042)
160418 19:59:48 [01]        ...done
160418 19:59:48 [01] Streaming ./sbtest/sbtest46.ibd
160418 19:59:48 >> log scanned up to (8070813042)
160418 19:59:49 >> log scanned up to (8070813042)
160418 19:59:50 >> log scanned up to (8070813042)
160418 19:59:51 >> log scanned up to (8070813042)
160418 19:59:52 >> log scanned up to (8070813042)
160418 19:59:53 >> log scanned up to (8070813042)
160418 19:59:54 >> log scanned up to (8070813042)
160418 19:59:55 >> log scanned up to (8070813042)
160418 19:59:56 [01]        ...done
160418 19:59:56 [01] Streaming ./sbtest/sbtest30.ibd
160418 19:59:56 >> log scanned up to (8070813042)
160418 19:59:57 >> log scanned up to (8070813042)
160418 19:59:58 >> log scanned up to (8070813042)
160418 19:59:59 >> log scanned up to (8070813042)
160418 20:00:00 >> log scanned up to (8070813042)
160418 20:00:01 >> log scanned up to (8070813042)
160418 20:00:02 >> log scanned up to (8070813042)
160418 20:00:03 >> log scanned up to (8070813042)
160418 20:00:04 [01]        ...done
160418 20:00:04 [01] Streaming ./sbtest/sbtest17.ibd
160418 20:00:04 >> log scanned up to (8070813042)
160418 20:00:05 >> log scanned up to (8070813042)
160418 20:00:06 >> log scanned up to (8070813042)
160418 20:00:07 >> log scanned up to (8070813042)
160418 20:00:08 >> log scanned up to (8070813042)
160418 20:00:09 >> log scanned up to (8070813042)
160418 20:00:10 >> log scanned up to (8070813042)
160418 20:00:11 >> log scanned up to (8070813042)
160418 20:00:11 [01]        ...done
160418 20:00:11 [01] Streaming ./sbtest/sbtest42.ibd
160418 20:00:12 >> log scanned up to (8070813042)
160418 20:00:13 >> log scanned up to (8070813042)
160418 20:00:14 >> log scanned up to (8070813042)
160418 20:00:15 >> log scanned up to (8070813042)
160418 20:00:16 >> log scanned up to (8070813042)
160418 20:00:17 >> log scanned up to (8070813042)
160418 20:00:18 >> log scanned up to (8070813042)
160418 20:00:19 >> log scanned up to (8070813042)
160418 20:00:19 [01]        ...done
160418 20:00:19 [01] Streaming ./sbtest/sbtest41.ibd
160418 20:00:20 >> log scanned up to (8070813042)
160418 20:00:21 >> log scanned up to (8070813042)
160418 20:00:22 >> log scanned up to (8070813042)
160418 20:00:23 >> log scanned up to (8070813042)
160418 20:00:24 >> log scanned up to (8070813042)
160418 20:00:25 >> log scanned up to (8070813042)
160418 20:00:26 >> log scanned up to (8070813042)
160418 20:00:27 [01]        ...done
160418 20:00:27 [01] Streaming ./sbtest/sbtest20.ibd
160418 20:00:27 >> log scanned up to (8070813042)
160418 20:00:28 >> log scanned up to (8070813042)
160418 20:00:29 >> log scanned up to (8070813042)
160418 20:00:30 >> log scanned up to (8070813042)
160418 20:00:31 >> log scanned up to (8070813042)
160418 20:00:32 >> log scanned up to (8070813042)
160418 20:00:33 >> log scanned up to (8070813042)
160418 20:00:34 >> log scanned up to (8070813042)
160418 20:00:35 [01]        ...done
160418 20:00:35 [01] Streaming ./sbtest/sbtest34.ibd
160418 20:00:35 >> log scanned up to (8070813042)
160418 20:00:36 >> log scanned up to (8070813042)
160418 20:00:37 >> log scanned up to (8070813042)
160418 20:00:38 >> log scanned up to (8070813042)
160418 20:00:39 >> log scanned up to (8070813042)
160418 20:00:40 >> log scanned up to (8070813042)
160418 20:00:41 >> log scanned up to (8070813042)
160418 20:00:42 >> log scanned up to (8070813042)
160418 20:00:43 [01]        ...done
160418 20:00:43 [01] Streaming ./sbtest/sbtest12.ibd
160418 20:00:43 >> log scanned up to (8070813042)
160418 20:00:44 >> log scanned up to (8070813042)
160418 20:00:45 >> log scanned up to (8070813042)
160418 20:00:46 >> log scanned up to (8070813042)
160418 20:00:47 >> log scanned up to (8070813042)
160418 20:00:48 >> log scanned up to (8070813042)
160418 20:00:49 >> log scanned up to (8070813042)
160418 20:00:50 >> log scanned up to (8070813042)
160418 20:00:50 [01]        ...done
160418 20:00:50 [01] Streaming ./sbtest/sbtest19.ibd
160418 20:00:51 >> log scanned up to (8070813042)
160418 20:00:52 >> log scanned up to (8070813042)
160418 20:00:53 >> log scanned up to (8070813042)
160418 20:00:54 >> log scanned up to (8070813042)
160418 20:00:55 >> log scanned up to (8070813042)
160418 20:00:56 >> log scanned up to (8070813042)
160418 20:00:57 >> log scanned up to (8070813042)
160418 20:00:58 >> log scanned up to (8070813042)
160418 20:00:58 [01]        ...done
160418 20:00:58 [01] Streaming ./sbtest/sbtest29.ibd
160418 20:00:59 >> log scanned up to (8070813042)
160418 20:01:00 >> log scanned up to (8070813042)
160418 20:01:01 >> log scanned up to (8070813042)
160418 20:01:02 >> log scanned up to (8070813042)
160418 20:01:03 >> log scanned up to (8070813042)
160418 20:01:04 >> log scanned up to (8070813042)
160418 20:01:05 >> log scanned up to (8070813042)
160418 20:01:06 [01]        ...done
160418 20:01:06 [01] Streaming ./sbtest/sbtest45.ibd
160418 20:01:06 >> log scanned up to (8070813042)
160418 20:01:07 >> log scanned up to (8070813042)
160418 20:01:08 >> log scanned up to (8070813042)
160418 20:01:09 >> log scanned up to (8070813042)
160418 20:01:10 >> log scanned up to (8070813042)
160418 20:01:11 >> log scanned up to (8070813042)
160418 20:01:12 >> log scanned up to (8070813042)
160418 20:01:13 >> log scanned up to (8070813042)
160418 20:01:14 [01]        ...done
160418 20:01:14 [01] Streaming ./sbtest/sbtest13.ibd
160418 20:01:14 >> log scanned up to (8070813042)
160418 20:01:15 >> log scanned up to (8070813042)
160418 20:01:16 >> log scanned up to (8070813042)
160418 20:01:17 >> log scanned up to (8070813042)
160418 20:01:18 >> log scanned up to (8070813042)
160418 20:01:19 >> log scanned up to (8070813042)
160418 20:01:20 >> log scanned up to (8070813042)
160418 20:01:21 >> log scanned up to (8070813042)
160418 20:01:22 [01]        ...done
160418 20:01:22 [01] Streaming ./sbtest/sbtest11.ibd
160418 20:01:22 >> log scanned up to (8070813042)
160418 20:01:23 >> log scanned up to (8070813042)
160418 20:01:24 >> log scanned up to (8070813042)
160418 20:01:25 >> log scanned up to (8070813042)
160418 20:01:26 >> log scanned up to (8070813042)
160418 20:01:27 >> log scanned up to (8070813042)
160418 20:01:28 >> log scanned up to (8070813042)
160418 20:01:29 >> log scanned up to (8070813042)
160418 20:01:29 [01]        ...done
160418 20:01:29 [01] Streaming ./sbtest/sbtest1.ibd
160418 20:01:30 >> log scanned up to (8070813042)
160418 20:01:31 >> log scanned up to (8070813042)
160418 20:01:32 >> log scanned up to (8070813042)
160418 20:01:33 >> log scanned up to (8070813042)
160418 20:01:34 >> log scanned up to (8070813042)
160418 20:01:35 >> log scanned up to (8070813042)
160418 20:01:36 >> log scanned up to (8070813042)
160418 20:01:37 >> log scanned up to (8070813042)
160418 20:01:37 [01]        ...done
160418 20:01:37 [01] Streaming ./sbtest/sbtest28.ibd
160418 20:01:38 >> log scanned up to (8070813042)
160418 20:01:39 >> log scanned up to (8070813042)
160418 20:01:40 >> log scanned up to (8070813042)
160418 20:01:41 >> log scanned up to (8070813042)
160418 20:01:42 >> log scanned up to (8070813042)
160418 20:01:43 >> log scanned up to (8070813042)
160418 20:01:44 >> log scanned up to (8070813042)
160418 20:01:45 [01]        ...done
160418 20:01:45 [01] Streaming ./sbtest/sbtest25.ibd
160418 20:01:45 >> log scanned up to (8070813042)
160418 20:01:46 >> log scanned up to (8070813042)
160418 20:01:47 >> log scanned up to (8070813042)
160418 20:01:48 >> log scanned up to (8070813042)
160418 20:01:49 >> log scanned up to (8070813042)
160418 20:01:50 >> log scanned up to (8070813042)
160418 20:01:51 >> log scanned up to (8070813042)
160418 20:01:52 >> log scanned up to (8070813042)
160418 20:01:53 [01]        ...done
160418 20:01:53 [01] Streaming ./sbtest/sbtest59.ibd
160418 20:01:53 >> log scanned up to (8070813042)
160418 20:01:54 >> log scanned up to (8070813042)
160418 20:01:55 >> log scanned up to (8070813042)
160418 20:01:56 >> log scanned up to (8070813042)
160418 20:01:57 >> log scanned up to (8070813042)
160418 20:01:58 >> log scanned up to (8070813042)
160418 20:01:59 >> log scanned up to (8070813042)
160418 20:02:00 >> log scanned up to (8070813042)
160418 20:02:01 [01]        ...done
160418 20:02:01 [01] Streaming ./sbtest/sbtest7.ibd
160418 20:02:01 >> log scanned up to (8070813042)
160418 20:02:02 >> log scanned up to (8070813042)
160418 20:02:03 >> log scanned up to (8070813042)
160418 20:02:04 >> log scanned up to (8070813042)
160418 20:02:05 >> log scanned up to (8070813042)
160418 20:02:06 >> log scanned up to (8070813042)
160418 20:02:07 >> log scanned up to (8070813042)
160418 20:02:08 >> log scanned up to (8070813042)
160418 20:02:08 [01]        ...done
160418 20:02:08 [01] Streaming ./sbtest/sbtest40.ibd
160418 20:02:09 >> log scanned up to (8070813042)
160418 20:02:10 >> log scanned up to (8070813042)
160418 20:02:11 >> log scanned up to (8070813042)
160418 20:02:12 >> log scanned up to (8070813042)
160418 20:02:13 >> log scanned up to (8070813042)
160418 20:02:14 >> log scanned up to (8070813042)
160418 20:02:15 >> log scanned up to (8070813042)
160418 20:02:16 [01]        ...done
160418 20:02:16 [01] Streaming ./sbtest/sbtest58.ibd
160418 20:02:16 >> log scanned up to (8070813042)
160418 20:02:17 >> log scanned up to (8070813042)
160418 20:02:18 >> log scanned up to (8070813042)
160418 20:02:19 >> log scanned up to (8070813042)
160418 20:02:20 >> log scanned up to (8070813042)
160418 20:02:21 >> log scanned up to (8070813042)
160418 20:02:22 >> log scanned up to (8070813042)
160418 20:02:23 >> log scanned up to (8070813042)
160418 20:02:24 [01]        ...done
160418 20:02:24 [01] Streaming ./sbtest/sbtest18.ibd
160418 20:02:24 >> log scanned up to (8070813042)
160418 20:02:25 >> log scanned up to (8070813042)
160418 20:02:26 >> log scanned up to (8070813042)
160418 20:02:27 >> log scanned up to (8070813042)
160418 20:02:28 >> log scanned up to (8070813042)
160418 20:02:29 >> log scanned up to (8070813042)
160418 20:02:30 >> log scanned up to (8070813042)
160418 20:02:31 >> log scanned up to (8070813042)
160418 20:02:32 [01]        ...done
160418 20:02:32 [01] Streaming ./sbtest/sbtest4.ibd
160418 20:02:32 >> log scanned up to (8070813042)
160418 20:02:33 >> log scanned up to (8070813042)
160418 20:02:34 >> log scanned up to (8070813042)
160418 20:02:35 >> log scanned up to (8070813042)
160418 20:02:36 >> log scanned up to (8070813042)
160418 20:02:37 >> log scanned up to (8070813042)
160418 20:02:38 >> log scanned up to (8070813042)
160418 20:02:39 >> log scanned up to (8070813042)
160418 20:02:39 [01]        ...done
160418 20:02:39 [01] Streaming ./sbtest/sbtest49.ibd
160418 20:02:40 >> log scanned up to (8070813042)
160418 20:02:41 >> log scanned up to (8070813042)
160418 20:02:42 >> log scanned up to (8070813042)
160418 20:02:43 >> log scanned up to (8070813042)
160418 20:02:44 >> log scanned up to (8070813042)
160418 20:02:45 >> log scanned up to (8070813042)
160418 20:02:46 >> log scanned up to (8070813042)
160418 20:02:47 >> log scanned up to (8070813042)
160418 20:02:47 [01]        ...done
160418 20:02:47 [01] Streaming ./sbtest/sbtest2.ibd
160418 20:02:48 >> log scanned up to (8070813042)
160418 20:02:49 >> log scanned up to (8070813042)
160418 20:02:50 >> log scanned up to (8070813042)
160418 20:02:51 >> log scanned up to (8070813042)
160418 20:02:52 >> log scanned up to (8070813042)
160418 20:02:53 >> log scanned up to (8070813042)
160418 20:02:54 >> log scanned up to (8070813042)
160418 20:02:55 [01]        ...done
160418 20:02:55 [01] Streaming ./sbtest/sbtest8.ibd
160418 20:02:55 >> log scanned up to (8070813042)
160418 20:02:56 >> log scanned up to (8070813042)
160418 20:02:57 >> log scanned up to (8070813042)
160418 20:02:58 >> log scanned up to (8070813042)
160418 20:02:59 >> log scanned up to (8070813042)
160418 20:03:00 >> log scanned up to (8070813042)
160418 20:03:01 >> log scanned up to (8070813042)
160418 20:03:02 >> log scanned up to (8070813042)
160418 20:03:03 [01]        ...done
160418 20:03:03 [01] Streaming ./sbtest/sbtest56.ibd
160418 20:03:03 >> log scanned up to (8070813042)
160418 20:03:04 >> log scanned up to (8070813042)
160418 20:03:05 >> log scanned up to (8070813042)
160418 20:03:06 >> log scanned up to (8070813042)
160418 20:03:07 >> log scanned up to (8070813042)
160418 20:03:08 >> log scanned up to (8070813042)
160418 20:03:09 >> log scanned up to (8070813042)
160418 20:03:10 >> log scanned up to (8070813042)
160418 20:03:11 [01]        ...done
160418 20:03:11 [01] Streaming ./sbtest/sbtest57.ibd
160418 20:03:11 >> log scanned up to (8070813042)
160418 20:03:12 >> log scanned up to (8070813042)
160418 20:03:13 >> log scanned up to (8070813042)
160418 20:03:14 >> log scanned up to (8070813042)
160418 20:03:15 >> log scanned up to (8070813042)
160418 20:03:16 >> log scanned up to (8070813042)
160418 20:03:17 >> log scanned up to (8070813042)
160418 20:03:18 >> log scanned up to (8070813042)
160418 20:03:19 [01]        ...done
160418 20:03:19 [01] Streaming ./sbtest/sbtest39.ibd
160418 20:03:19 >> log scanned up to (8070813042)
160418 20:03:20 >> log scanned up to (8070813042)
160418 20:03:21 >> log scanned up to (8070813042)
160418 20:03:22 >> log scanned up to (8070813042)
160418 20:03:23 >> log scanned up to (8070813042)
160418 20:03:24 >> log scanned up to (8070813042)
160418 20:03:25 >> log scanned up to (8070813042)
160418 20:03:26 >> log scanned up to (8070813042)
160418 20:03:26 [01]        ...done
160418 20:03:26 [01] Streaming ./sbtest/sbtest38.ibd
160418 20:03:27 >> log scanned up to (8070813042)
160418 20:03:28 >> log scanned up to (8070813042)
160418 20:03:29 >> log scanned up to (8070813042)
160418 20:03:30 >> log scanned up to (8070813042)
160418 20:03:31 >> log scanned up to (8070813042)
160418 20:03:32 >> log scanned up to (8070813042)
160418 20:03:33 >> log scanned up to (8070813042)
160418 20:03:34 [01]        ...done
160418 20:03:34 [01] Streaming ./sbtest/sbtest3.ibd
160418 20:03:34 >> log scanned up to (8070813042)
160418 20:03:35 >> log scanned up to (8070813042)
160418 20:03:36 >> log scanned up to (8070813042)
160418 20:03:37 >> log scanned up to (8070813042)
160418 20:03:38 >> log scanned up to (8070813042)
160418 20:03:39 >> log scanned up to (8070813042)
160418 20:03:40 >> log scanned up to (8070813042)
160418 20:03:41 >> log scanned up to (8070813042)
160418 20:03:42 [01]        ...done
160418 20:03:42 [01] Streaming ./sbtest/sbtest24.ibd
160418 20:03:42 >> log scanned up to (8070813042)
160418 20:03:43 >> log scanned up to (8070813042)
160418 20:03:44 >> log scanned up to (8070813042)
160418 20:03:45 >> log scanned up to (8070813042)
160418 20:03:46 >> log scanned up to (8070813042)
160418 20:03:47 >> log scanned up to (8070813042)
160418 20:03:48 >> log scanned up to (8070813042)
160418 20:03:49 >> log scanned up to (8070813042)
160418 20:03:50 [01]        ...done
160418 20:03:50 [01] Streaming ./sbtest/sbtest15.ibd
160418 20:03:50 >> log scanned up to (8070813042)
160418 20:03:51 >> log scanned up to (8070813042)
160418 20:03:52 >> log scanned up to (8070813042)
160418 20:03:53 >> log scanned up to (8070813042)
160418 20:03:54 >> log scanned up to (8070813042)
160418 20:03:55 >> log scanned up to (8070813042)
160418 20:03:56 >> log scanned up to (8070813042)
160418 20:03:57 >> log scanned up to (8070813042)
160418 20:03:58 [01]        ...done
160418 20:03:58 [01] Streaming ./sbtest/sbtest44.ibd
160418 20:03:58 >> log scanned up to (8070813042)
160418 20:03:59 >> log scanned up to (8070813042)
160418 20:04:00 >> log scanned up to (8070813042)
160418 20:04:01 >> log scanned up to (8070813042)
160418 20:04:02 >> log scanned up to (8070813042)
160418 20:04:03 >> log scanned up to (8070813042)
160418 20:04:04 >> log scanned up to (8070813042)
160418 20:04:05 >> log scanned up to (8070813042)
160418 20:04:05 [01]        ...done
160418 20:04:05 [01] Streaming ./sbtest/sbtest6.ibd
160418 20:04:06 >> log scanned up to (8070813042)
160418 20:04:07 >> log scanned up to (8070813042)
160418 20:04:08 >> log scanned up to (8070813042)
160418 20:04:09 >> log scanned up to (8070813042)
160418 20:04:10 >> log scanned up to (8070813042)
160418 20:04:11 >> log scanned up to (8070813042)
160418 20:04:12 >> log scanned up to (8070813042)
160418 20:04:13 >> log scanned up to (8070813042)
160418 20:04:13 [01]        ...done
160418 20:04:13 [01] Streaming ./sbtest/sbtest22.ibd
160418 20:04:14 >> log scanned up to (8070813042)
160418 20:04:15 >> log scanned up to (8070813042)
160418 20:04:16 >> log scanned up to (8070813042)
160418 20:04:17 >> log scanned up to (8070813042)
160418 20:04:18 >> log scanned up to (8070813042)
160418 20:04:19 >> log scanned up to (8070813042)
160418 20:04:20 >> log scanned up to (8070813042)
160418 20:04:21 [01]        ...done
160418 20:04:21 [01] Streaming ./sbtest/sbtest54.ibd
160418 20:04:21 >> log scanned up to (8070813042)
160418 20:04:22 >> log scanned up to (8070813042)
160418 20:04:23 >> log scanned up to (8070813042)
160418 20:04:24 >> log scanned up to (8070813042)
160418 20:04:25 >> log scanned up to (8070813042)
160418 20:04:26 >> log scanned up to (8070813042)
160418 20:04:27 >> log scanned up to (8070813042)
160418 20:04:28 >> log scanned up to (8070813042)
160418 20:04:29 [01]        ...done
160418 20:04:29 [01] Streaming ./sbtest/sbtest36.ibd
160418 20:04:29 >> log scanned up to (8070813042)
160418 20:04:30 >> log scanned up to (8070813042)
160418 20:04:31 >> log scanned up to (8070813042)
160418 20:04:32 >> log scanned up to (8070813042)
160418 20:04:33 >> log scanned up to (8070813042)
160418 20:04:34 >> log scanned up to (8070813042)
160418 20:04:35 >> log scanned up to (8070813042)
160418 20:04:36 >> log scanned up to (8070813042)
160418 20:04:37 [01]        ...done
160418 20:04:37 >> log scanned up to (8070813042)
160418 20:04:37 Executing LOCK TABLES FOR BACKUP...
160418 20:04:37 Starting to backup non-InnoDB tables and files
160418 20:04:37 [01] Streaming ./performance_schema/events_stages_current.frm to <STDOUT>
160418 20:04:37 [01]        ...done
160418 20:04:37 [01] Streaming ./performance_schema/events_waits_summary_by_account_by_event_name.frm to <STDOUT>
160418 20:04:37 [01]        ...done
160418 20:04:37 [01] Streaming ./performance_schema/events_waits_summary_by_thread_by_event_name.frm to <STDOUT>
160418 20:04:37 [01]        ...done
160418 20:04:37 [01] Streaming ./performance_schema/performance_timers.frm to <STDOUT>
160418 20:04:37 [01]        ...done
160418 20:04:37 [01] Streaming ./performance_schema/events_stages_summary_by_host_by_event_name.frm to <STDOUT>
160418 20:04:37 [01]        ...done
160418 20:04:37 [01] Streaming ./performance_schema/socket_summary_by_event_name.frm to <STDOUT>
160418 20:04:37 [01]        ...done
160418 20:04:37 [01] Streaming ./performance_schema/users.frm to <STDOUT>
160418 20:04:37 [01]        ...done
160418 20:04:37 [01] Streaming ./performance_schema/table_io_waits_summary_by_index_usage.frm to <STDOUT>
160418 20:04:37 [01]        ...done
160418 20:04:37 [01] Streaming ./performance_schema/db.opt to <STDOUT>
160418 20:04:37 [01]        ...done
160418 20:04:37 [01] Streaming ./performance_schema/events_waits_history_long.frm to <STDOUT>
160418 20:04:37 [01]        ...done
160418 20:04:37 [01] Streaming ./performance_schema/events_statements_summary_by_account_by_event_name.frm to <STDOUT>
160418 20:04:37 [01]        ...done
160418 20:04:37 [01] Streaming ./performance_schema/events_waits_summary_global_by_event_name.frm to <STDOUT>
160418 20:04:37 [01]        ...done
160418 20:04:37 [01] Streaming ./performance_schema/events_waits_summary_by_user_by_event_name.frm to <STDOUT>
160418 20:04:37 [01]        ...done
160418 20:04:37 [01] Streaming ./performance_schema/events_stages_summary_global_by_event_name.frm to <STDOUT>
160418 20:04:37 [01]        ...done
160418 20:04:37 [01] Streaming ./performance_schema/events_statements_summary_by_user_by_event_name.frm to <STDOUT>
160418 20:04:37 [01]        ...done
160418 20:04:37 [01] Streaming ./performance_schema/events_stages_history_long.frm to <STDOUT>
160418 20:04:37 [01]        ...done
160418 20:04:37 [01] Streaming ./performance_schema/events_statements_summary_by_digest.frm to <STDOUT>
160418 20:04:37 [01]        ...done
160418 20:04:37 [01] Streaming ./performance_schema/file_instances.frm to <STDOUT>
160418 20:04:37 [01]        ...done
160418 20:04:37 [01] Streaming ./performance_schema/setup_actors.frm to <STDOUT>
160418 20:04:37 [01]        ...done
160418 20:04:37 [01] Streaming ./performance_schema/cond_instances.frm to <STDOUT>
160418 20:04:37 [01]        ...done
160418 20:04:37 [01] Streaming ./performance_schema/socket_summary_by_instance.frm to <STDOUT>
160418 20:04:37 [01]        ...done
160418 20:04:37 [01] Streaming ./performance_schema/events_statements_history_long.frm to <STDOUT>
160418 20:04:37 [01]        ...done
160418 20:04:37 [01] Streaming ./performance_schema/host_cache.frm to <STDOUT>
160418 20:04:37 [01]        ...done
160418 20:04:37 [01] Streaming ./performance_schema/setup_objects.frm to <STDOUT>
160418 20:04:37 [01]        ...done
160418 20:04:37 [01] Streaming ./performance_schema/rwlock_instances.frm to <STDOUT>
160418 20:04:37 [01]        ...done
160418 20:04:37 [01] Streaming ./performance_schema/setup_instruments.frm to <STDOUT>
160418 20:04:37 [01]        ...done
160418 20:04:37 [01] Streaming ./performance_schema/session_account_connect_attrs.frm to <STDOUT>
160418 20:04:37 [01]        ...done
160418 20:04:37 [01] Streaming ./performance_schema/events_statements_current.frm to <STDOUT>
160418 20:04:37 [01]        ...done
160418 20:04:37 [01] Streaming ./performance_schema/file_summary_by_event_name.frm to <STDOUT>
160418 20:04:37 [01]        ...done
160418 20:04:37 [01] Streaming ./performance_schema/threads.frm to <STDOUT>
160418 20:04:37 [01]        ...done
160418 20:04:37 [01] Streaming ./performance_schema/session_connect_attrs.frm to <STDOUT>
160418 20:04:37 [01]        ...done
160418 20:04:37 [01] Streaming ./performance_schema/events_stages_history.frm to <STDOUT>
160418 20:04:37 [01]        ...done
160418 20:04:37 [01] Streaming ./performance_schema/events_statements_summary_by_thread_by_event_name.frm to <STDOUT>
160418 20:04:37 [01]        ...done
160418 20:04:37 [01] Streaming ./performance_schema/events_statements_history.frm to <STDOUT>
160418 20:04:37 [01]        ...done
160418 20:04:37 [01] Streaming ./performance_schema/table_lock_waits_summary_by_table.frm to <STDOUT>
160418 20:04:37 [01]        ...done
160418 20:04:37 [01] Streaming ./performance_schema/events_waits_history.frm to <STDOUT>
160418 20:04:37 [01]        ...done
160418 20:04:37 [01] Streaming ./performance_schema/setup_consumers.frm to <STDOUT>
160418 20:04:37 [01]        ...done
160418 20:04:37 [01] Streaming ./performance_schema/events_statements_summary_by_host_by_event_name.frm to <STDOUT>
160418 20:04:37 [01]        ...done
160418 20:04:37 [01] Streaming ./performance_schema/events_waits_summary_by_instance.frm to <STDOUT>
160418 20:04:37 [01]        ...done
160418 20:04:37 [01] Streaming ./performance_schema/hosts.frm to <STDOUT>
160418 20:04:37 [01]        ...done
160418 20:04:37 [01] Streaming ./performance_schema/events_stages_summary_by_thread_by_event_name.frm to <STDOUT>
160418 20:04:37 [01]        ...done
160418 20:04:37 [01] Streaming ./performance_schema/events_statements_summary_global_by_event_name.frm to <STDOUT>
160418 20:04:37 [01]        ...done
160418 20:04:37 [01] Streaming ./performance_schema/file_summary_by_instance.frm to <STDOUT>
160418 20:04:37 [01]        ...done
160418 20:04:37 [01] Streaming ./performance_schema/events_waits_summary_by_host_by_event_name.frm to <STDOUT>
160418 20:04:37 [01]        ...done
160418 20:04:37 [01] Streaming ./performance_schema/mutex_instances.frm to <STDOUT>
160418 20:04:37 [01]        ...done
160418 20:04:37 [01] Streaming ./performance_schema/objects_summary_global_by_type.frm to <STDOUT>
160418 20:04:37 [01]        ...done
160418 20:04:37 [01] Streaming ./performance_schema/events_waits_current.frm to <STDOUT>
160418 20:04:37 [01]        ...done
160418 20:04:37 [01] Streaming ./performance_schema/table_io_waits_summary_by_table.frm to <STDOUT>
160418 20:04:37 [01]        ...done
160418 20:04:37 [01] Streaming ./performance_schema/socket_instances.frm to <STDOUT>
160418 20:04:37 [01]        ...done
160418 20:04:37 [01] Streaming ./performance_schema/events_stages_summary_by_user_by_event_name.frm to <STDOUT>
160418 20:04:37 [01]        ...done
160418 20:04:37 [01] Streaming ./performance_schema/setup_timers.frm to <STDOUT>
160418 20:04:37 [01]        ...done
160418 20:04:37 [01] Streaming ./performance_schema/events_stages_summary_by_account_by_event_name.frm to <STDOUT>
160418 20:04:37 [01]        ...done
160418 20:04:37 [01] Streaming ./performance_schema/accounts.frm to <STDOUT>
160418 20:04:37 [01]        ...done
160418 20:04:37 [01] Streaming ./mysql/event.frm to <STDOUT>
160418 20:04:37 [01]        ...done
160418 20:04:37 [01] Streaming ./mysql/time_zone.frm to <STDOUT>
160418 20:04:37 [01]        ...done
160418 20:04:37 [01] Streaming ./mysql/help_keyword.MYD to <STDOUT>
160418 20:04:37 [01]        ...done
160418 20:04:37 [01] Streaming ./mysql/time_zone_transition_type.MYD to <STDOUT>
160418 20:04:37 [01]        ...done
160418 20:04:37 [01] Streaming ./mysql/help_category.MYI to <STDOUT>
160418 20:04:37 [01]        ...done
160418 20:04:37 [01] Streaming ./mysql/procs_priv.frm to <STDOUT>
160418 20:04:37 [01]        ...done
160418 20:04:37 [01] Streaming ./mysql/tables_priv.frm to <STDOUT>
160418 20:04:37 [01]        ...done
160418 20:04:37 [01] Streaming ./mysql/plugin.frm to <STDOUT>
160418 20:04:37 [01]        ...done
160418 20:04:37 [01] Streaming ./mysql/help_category.frm to <STDOUT>
160418 20:04:37 [01]        ...done
160418 20:04:37 [01] Streaming ./mysql/proxies_priv.frm to <STDOUT>
160418 20:04:37 [01]        ...done
160418 20:04:37 [01] Streaming ./mysql/user.MYI to <STDOUT>
160418 20:04:37 [01]        ...done
160418 20:04:37 [01] Streaming ./mysql/slave_master_info.frm to <STDOUT>
160418 20:04:37 [01]        ...done
160418 20:04:37 [01] Streaming ./mysql/help_topic.MYI to <STDOUT>
160418 20:04:37 [01]        ...done
160418 20:04:37 [01] Streaming ./mysql/db.MYI to <STDOUT>
160418 20:04:37 [01]        ...done
160418 20:04:37 [01] Streaming ./mysql/help_keyword.MYI to <STDOUT>
160418 20:04:37 [01]        ...done
160418 20:04:37 [01] Streaming ./mysql/time_zone_leap_second.MYI to <STDOUT>
160418 20:04:37 [01]        ...done
160418 20:04:37 [01] Streaming ./mysql/help_topic.MYD to <STDOUT>
160418 20:04:37 [01]        ...done
160418 20:04:37 [01] Streaming ./mysql/slave_relay_log_info.frm to <STDOUT>
160418 20:04:37 [01]        ...done
160418 20:04:37 [01] Streaming ./mysql/user.MYD to <STDOUT>
160418 20:04:37 [01]        ...done
160418 20:04:37 [01] Streaming ./mysql/func.MYI to <STDOUT>
160418 20:04:37 [01]        ...done
160418 20:04:37 [01] Streaming ./mysql/help_keyword.frm to <STDOUT>
160418 20:04:37 [01]        ...done
160418 20:04:37 [01] Streaming ./mysql/time_zone_name.MYI to <STDOUT>
160418 20:04:37 [01]        ...done
160418 20:04:37 [01] Streaming ./mysql/time_zone_name.MYD to <STDOUT>
160418 20:04:37 [01]        ...done
160418 20:04:37 [01] Streaming ./mysql/columns_priv.frm to <STDOUT>
160418 20:04:37 [01]        ...done
160418 20:04:37 [01] Streaming ./mysql/time_zone.MYD to <STDOUT>
160418 20:04:37 [01]        ...done
160418 20:04:37 [01] Streaming ./mysql/slow_log.CSM to <STDOUT>
160418 20:04:37 [01]        ...done
160418 20:04:37 [01] Streaming ./mysql/time_zone_leap_second.frm to <STDOUT>
160418 20:04:37 [01]        ...done
160418 20:04:37 [01] Streaming ./mysql/servers.MYI to <STDOUT>
160418 20:04:37 [01]        ...done
160418 20:04:37 [01] Streaming ./mysql/time_zone_transition_type.frm to <STDOUT>
160418 20:04:37 [01]        ...done
160418 20:04:37 [01] Streaming ./mysql/procs_priv.MYI to <STDOUT>
160418 20:04:37 [01]        ...done
160418 20:04:37 [01] Streaming ./mysql/time_zone.MYI to <STDOUT>
160418 20:04:37 [01]        ...done
160418 20:04:37 [01] Streaming ./mysql/innodb_index_stats.frm to <STDOUT>
160418 20:04:37 [01]        ...done
160418 20:04:37 [01] Streaming ./mysql/help_category.MYD to <STDOUT>
160418 20:04:37 [01]        ...done
160418 20:04:37 [01] Streaming ./mysql/time_zone_name.frm to <STDOUT>
160418 20:04:37 [01]        ...done
160418 20:04:37 [01] Streaming ./mysql/proc.MYI to <STDOUT>
160418 20:04:37 [01]        ...done
160418 20:04:37 [01] Streaming ./mysql/plugin.MYD to <STDOUT>
160418 20:04:37 [01]        ...done
160418 20:04:37 [01] Streaming ./mysql/ndb_binlog_index.MYI to <STDOUT>
160418 20:04:37 [01]        ...done
160418 20:04:37 [01] Streaming ./mysql/help_relation.MYD to <STDOUT>
160418 20:04:37 [01]        ...done
160418 20:04:37 [01] Streaming ./mysql/servers.frm to <STDOUT>
160418 20:04:37 [01]        ...done
160418 20:04:37 [01] Streaming ./mysql/slave_worker_info.frm to <STDOUT>
160418 20:04:37 [01]        ...done
160418 20:04:37 [01] Streaming ./mysql/tables_priv.MYI to <STDOUT>
160418 20:04:37 [01]        ...done
160418 20:04:37 [01] Streaming ./mysql/ndb_binlog_index.MYD to <STDOUT>
160418 20:04:37 [01]        ...done
160418 20:04:37 [01] Streaming ./mysql/ndb_binlog_index.frm to <STDOUT>
160418 20:04:37 [01]        ...done
160418 20:04:37 [01] Streaming ./mysql/event.MYD to <STDOUT>
160418 20:04:37 [01]        ...done
160418 20:04:37 [01] Streaming ./mysql/proxies_priv.MYI to <STDOUT>
160418 20:04:37 [01]        ...done
160418 20:04:37 [01] Streaming ./mysql/innodb_table_stats.frm to <STDOUT>
160418 20:04:37 [01]        ...done
160418 20:04:37 [01] Streaming ./mysql/time_zone_transition.MYI to <STDOUT>
160418 20:04:37 [01]        ...done
160418 20:04:37 [01] Streaming ./mysql/slow_log.frm to <STDOUT>
160418 20:04:37 [01]        ...done
160418 20:04:37 [01] Streaming ./mysql/event.MYI to <STDOUT>
160418 20:04:37 [01]        ...done
160418 20:04:37 [01] Streaming ./mysql/time_zone_leap_second.MYD to <STDOUT>
160418 20:04:37 [01]        ...done
160418 20:04:37 [01] Streaming ./mysql/proc.frm to <STDOUT>
160418 20:04:37 [01]        ...done
160418 20:04:37 [01] Streaming ./mysql/db.frm to <STDOUT>
160418 20:04:37 [01]        ...done
160418 20:04:37 [01] Streaming ./mysql/general_log.frm to <STDOUT>
160418 20:04:37 [01]        ...done
160418 20:04:37 [01] Streaming ./mysql/help_topic.frm to <STDOUT>
160418 20:04:37 [01]        ...done
160418 20:04:37 [01] Streaming ./mysql/proxies_priv.MYD to <STDOUT>
160418 20:04:37 [01]        ...done
160418 20:04:37 [01] Streaming ./mysql/help_relation.frm to <STDOUT>
160418 20:04:37 [01]        ...done
160418 20:04:37 [01] Streaming ./mysql/general_log.CSV to <STDOUT>
160418 20:04:37 [01]        ...done
160418 20:04:37 [01] Streaming ./mysql/general_log.CSM to <STDOUT>
160418 20:04:37 [01]        ...done
160418 20:04:37 [01] Streaming ./mysql/proc.MYD to <STDOUT>
160418 20:04:37 [01]        ...done
160418 20:04:37 [01] Streaming ./mysql/slow_log.CSV to <STDOUT>
160418 20:04:37 [01]        ...done
160418 20:04:37 [01] Streaming ./mysql/columns_priv.MYD to <STDOUT>
160418 20:04:37 [01]        ...done
160418 20:04:37 [01] Streaming ./mysql/columns_priv.MYI to <STDOUT>
160418 20:04:37 [01]        ...done
160418 20:04:37 [01] Streaming ./mysql/tables_priv.MYD to <STDOUT>
160418 20:04:37 [01]        ...done
160418 20:04:37 [01] Streaming ./mysql/help_relation.MYI to <STDOUT>
160418 20:04:37 [01]        ...done
160418 20:04:37 [01] Streaming ./mysql/time_zone_transition.MYD to <STDOUT>
160418 20:04:37 [01]        ...done
160418 20:04:37 [01] Streaming ./mysql/servers.MYD to <STDOUT>
160418 20:04:37 [01]        ...done
160418 20:04:37 [01] Streaming ./mysql/user.frm to <STDOUT>
160418 20:04:37 [01]        ...done
160418 20:04:37 [01] Streaming ./mysql/func.frm to <STDOUT>
160418 20:04:37 [01]        ...done
160418 20:04:37 [01] Streaming ./mysql/func.MYD to <STDOUT>
160418 20:04:37 [01]        ...done
160418 20:04:37 [01] Streaming ./mysql/plugin.MYI to <STDOUT>
160418 20:04:37 [01]        ...done
160418 20:04:37 [01] Streaming ./mysql/time_zone_transition_type.MYI to <STDOUT>
160418 20:04:37 [01]        ...done
160418 20:04:37 [01] Streaming ./mysql/db.MYD to <STDOUT>
160418 20:04:37 [01]        ...done
160418 20:04:37 [01] Streaming ./mysql/procs_priv.MYD to <STDOUT>
160418 20:04:37 [01]        ...done
160418 20:04:37 [01] Streaming ./mysql/time_zone_transition.frm to <STDOUT>
160418 20:04:37 [01]        ...done
160418 20:04:37 [00] Streaming test/db.opt
160418 20:04:37 [00]        ...done
160418 20:04:37 [01] Streaming ./sbtest/sbtest38.frm to <STDOUT>
160418 20:04:37 [01]        ...done
160418 20:04:37 [01] Streaming ./sbtest/sbtest37.frm to <STDOUT>
160418 20:04:37 [01]        ...done
160418 20:04:37 [01] Streaming ./sbtest/sbtest1.frm to <STDOUT>
160418 20:04:37 [01]        ...done
160418 20:04:37 [01] Streaming ./sbtest/sbtest22.frm to <STDOUT>
160418 20:04:37 [01]        ...done
160418 20:04:37 [01] Streaming ./sbtest/sbtest8.frm to <STDOUT>
160418 20:04:37 [01]        ...done
160418 20:04:37 [01] Streaming ./sbtest/sbtest43.frm to <STDOUT>
160418 20:04:37 [01]        ...done
160418 20:04:37 [01] Streaming ./sbtest/sbtest51.frm to <STDOUT>
160418 20:04:37 [01]        ...done
160418 20:04:37 [01] Streaming ./sbtest/sbtest52.frm to <STDOUT>
160418 20:04:37 [01]        ...done
160418 20:04:37 [01] Streaming ./sbtest/sbtest47.frm to <STDOUT>
160418 20:04:37 [01]        ...done
160418 20:04:37 [01] Streaming ./sbtest/sbtest2.frm to <STDOUT>
160418 20:04:37 [01]        ...done
160418 20:04:37 [01] Streaming ./sbtest/sbtest12.frm to <STDOUT>
160418 20:04:37 [01]        ...done
160418 20:04:37 [01] Streaming ./sbtest/db.opt to <STDOUT>
160418 20:04:37 [01]        ...done
160418 20:04:37 [01] Streaming ./sbtest/sbtest27.frm to <STDOUT>
160418 20:04:37 [01]        ...done
160418 20:04:37 [01] Streaming ./sbtest/sbtest7.frm to <STDOUT>
160418 20:04:37 [01]        ...done
160418 20:04:37 [01] Streaming ./sbtest/sbtest31.frm to <STDOUT>
160418 20:04:37 [01]        ...done
160418 20:04:37 [01] Streaming ./sbtest/sbtest20.frm to <STDOUT>
160418 20:04:37 [01]        ...done
160418 20:04:37 [01] Streaming ./sbtest/sbtest11.frm to <STDOUT>
160418 20:04:37 [01]        ...done
160418 20:04:37 [01] Streaming ./sbtest/sbtest26.frm to <STDOUT>
160418 20:04:37 [01]        ...done
160418 20:04:37 [01] Streaming ./sbtest/sbtest4.frm to <STDOUT>
160418 20:04:37 [01]        ...done
160418 20:04:37 [01] Streaming ./sbtest/sbtest39.frm to <STDOUT>
160418 20:04:37 [01]        ...done
160418 20:04:37 [01] Streaming ./sbtest/sbtest32.frm to <STDOUT>
160418 20:04:37 [01]        ...done
160418 20:04:37 [01] Streaming ./sbtest/sbtest57.frm to <STDOUT>
160418 20:04:37 [01]        ...done
160418 20:04:37 [01] Streaming ./sbtest/sbtest59.frm to <STDOUT>
160418 20:04:37 [01]        ...done
160418 20:04:37 [01] Streaming ./sbtest/sbtest25.frm to <STDOUT>
160418 20:04:37 [01]        ...done
160418 20:04:37 [01] Streaming ./sbtest/sbtest23.frm to <STDOUT>
160418 20:04:37 [01]        ...done
160418 20:04:37 [01] Streaming ./sbtest/sbtest28.frm to <STDOUT>
160418 20:04:37 [01]        ...done
160418 20:04:37 [01] Streaming ./sbtest/sbtest24.frm to <STDOUT>
160418 20:04:37 [01]        ...done
160418 20:04:37 [01] Streaming ./sbtest/sbtest3.frm to <STDOUT>
160418 20:04:37 [01]        ...done
160418 20:04:37 [01] Streaming ./sbtest/sbtest33.frm to <STDOUT>
160418 20:04:37 [01]        ...done
160418 20:04:37 [01] Streaming ./sbtest/sbtest53.frm to <STDOUT>
160418 20:04:37 [01]        ...done
160418 20:04:37 [01] Streaming ./sbtest/sbtest14.frm to <STDOUT>
160418 20:04:37 [01]        ...done
160418 20:04:37 [01] Streaming ./sbtest/sbtest49.frm to <STDOUT>
160418 20:04:37 [01]        ...done
160418 20:04:37 [01] Streaming ./sbtest/sbtest55.frm to <STDOUT>
160418 20:04:37 [01]        ...done
160418 20:04:37 [01] Streaming ./sbtest/sbtest36.frm to <STDOUT>
160418 20:04:37 [01]        ...done
160418 20:04:37 [01] Streaming ./sbtest/sbtest30.frm to <STDOUT>
160418 20:04:37 [01]        ...done
160418 20:04:37 [01] Streaming ./sbtest/sbtest40.frm to <STDOUT>
160418 20:04:37 [01]        ...done
160418 20:04:37 [01] Streaming ./sbtest/sbtest13.frm to <STDOUT>
160418 20:04:37 [01]        ...done
160418 20:04:37 [01] Streaming ./sbtest/sbtest56.frm to <STDOUT>
160418 20:04:37 [01]        ...done
160418 20:04:37 [01] Streaming ./sbtest/sbtest19.frm to <STDOUT>
160418 20:04:37 [01]        ...done
160418 20:04:37 [01] Streaming ./sbtest/sbtest46.frm to <STDOUT>
160418 20:04:37 [01]        ...done
160418 20:04:37 [01] Streaming ./sbtest/sbtest9.frm to <STDOUT>
160418 20:04:37 [01]        ...done
160418 20:04:37 [01] Streaming ./sbtest/sbtest50.frm to <STDOUT>
160418 20:04:37 [01]        ...done
160418 20:04:37 [01] Streaming ./sbtest/sbtest6.frm to <STDOUT>
160418 20:04:37 [01]        ...done
160418 20:04:37 [01] Streaming ./sbtest/sbtest29.frm to <STDOUT>
160418 20:04:37 [01]        ...done
160418 20:04:37 [01] Streaming ./sbtest/sbtest48.frm to <STDOUT>
160418 20:04:37 [01]        ...done
160418 20:04:37 [01] Streaming ./sbtest/sbtest41.frm to <STDOUT>
160418 20:04:37 [01]        ...done
160418 20:04:37 [01] Streaming ./sbtest/sbtest10.frm to <STDOUT>
160418 20:04:37 [01]        ...done
160418 20:04:37 [01] Streaming ./sbtest/sbtest34.frm to <STDOUT>
160418 20:04:37 [01]        ...done
160418 20:04:37 [01] Streaming ./sbtest/sbtest60.frm to <STDOUT>
160418 20:04:37 [01]        ...done
160418 20:04:37 [01] Streaming ./sbtest/sbtest17.frm to <STDOUT>
160418 20:04:37 [01]        ...done
160418 20:04:37 [01] Streaming ./sbtest/sbtest15.frm to <STDOUT>
160418 20:04:37 [01]        ...done
160418 20:04:37 [01] Streaming ./sbtest/sbtest58.frm to <STDOUT>
160418 20:04:37 [01]        ...done
160418 20:04:37 [01] Streaming ./sbtest/sbtest45.frm to <STDOUT>
160418 20:04:37 [01]        ...done
160418 20:04:37 [01] Streaming ./sbtest/sbtest18.frm to <STDOUT>
160418 20:04:37 [01]        ...done
160418 20:04:37 [01] Streaming ./sbtest/sbtest44.frm to <STDOUT>
160418 20:04:37 [01]        ...done
160418 20:04:37 [01] Streaming ./sbtest/sbtest42.frm to <STDOUT>
160418 20:04:37 [01]        ...done
160418 20:04:37 [01] Streaming ./sbtest/sbtest54.frm to <STDOUT>
160418 20:04:37 [01]        ...done
160418 20:04:37 [01] Streaming ./sbtest/sbtest35.frm to <STDOUT>
160418 20:04:37 [01]        ...done
160418 20:04:37 [01] Streaming ./sbtest/sbtest21.frm to <STDOUT>
160418 20:04:37 [01]        ...done
160418 20:04:37 [01] Streaming ./sbtest/sbtest5.frm to <STDOUT>
160418 20:04:37 [01]        ...done
160418 20:04:37 [01] Streaming ./sbtest/sbtest16.frm to <STDOUT>
160418 20:04:37 [01]        ...done
160418 20:04:37 [01] Streaming ./lost@002bfound/db.opt to <STDOUT>
160418 20:04:37 [01]        ...done
160418 20:04:37 Finished backing up non-InnoDB tables and files
160418 20:04:37 Executing LOCK BINLOG FOR BACKUP...
160418 20:04:37 Executing FLUSH NO_WRITE_TO_BINLOG ENGINE LOGS...
xtrabackup: The latest check point (for incremental): '8070813042'
xtrabackup: Stopping log copying thread.
.160418 20:04:37 >> log scanned up to (8070813042)

160418 20:04:38 Executing UNLOCK BINLOG
160418 20:04:38 Executing UNLOCK TABLES
160418 20:04:38 All tables unlocked
160418 20:04:38 Backup created in directory '/tmp'
160418 20:04:38 [00] Streaming backup-my.cnf
160418 20:04:38 [00]        ...done
160418 20:04:38 [00] Streaming xtrabackup_info
160418 20:04:38 [00]        ...done
xtrabackup: Transaction log of lsn (8070813042) to (8070813042) was copied.
160418 20:04:38 completed OK!
/home/ubuntu
