mysql/innodb_table_stats.ibd.qp.xbcrypt
mysql/slave_relay_log_info.ibd.qp.xbcrypt
mysql/slave_worker_info.ibd.qp.xbcrypt
mysql/slave_master_info.ibd.qp.xbcrypt
mysql/innodb_index_stats.ibd.qp.xbcrypt
sbtest/sbtest52.ibd.qp.xbcrypt
sbtest/sbtest9.ibd.qp.xbcrypt
sbtest/sbtest47.ibd.qp.xbcrypt
ibdata1.qp.xbcrypt
sbtest/sbtest53.ibd.qp.xbcrypt
sbtest/sbtest27.ibd.qp.xbcrypt
sbtest/sbtest50.ibd.qp.xbcrypt
sbtest/sbtest16.ibd.qp.xbcrypt
sbtest/sbtest21.ibd.qp.xbcrypt
sbtest/sbtest48.ibd.qp.xbcrypt
sbtest/sbtest33.ibd.qp.xbcrypt
sbtest/sbtest5.ibd.qp.xbcrypt
sbtest/sbtest43.ibd.qp.xbcrypt
sbtest/sbtest31.ibd.qp.xbcrypt
sbtest/sbtest35.ibd.qp.xbcrypt
sbtest/sbtest26.ibd.qp.xbcrypt
sbtest/sbtest10.ibd.qp.xbcrypt
sbtest/sbtest23.ibd.qp.xbcrypt
sbtest/sbtest32.ibd.qp.xbcrypt
sbtest/sbtest60.ibd.qp.xbcrypt
sbtest/sbtest14.ibd.qp.xbcrypt
sbtest/sbtest51.ibd.qp.xbcrypt
sbtest/sbtest55.ibd.qp.xbcrypt
sbtest/sbtest37.ibd.qp.xbcrypt
sbtest/sbtest46.ibd.qp.xbcrypt
sbtest/sbtest30.ibd.qp.xbcrypt
sbtest/sbtest17.ibd.qp.xbcrypt
sbtest/sbtest42.ibd.qp.xbcrypt
sbtest/sbtest41.ibd.qp.xbcrypt
sbtest/sbtest20.ibd.qp.xbcrypt
sbtest/sbtest34.ibd.qp.xbcrypt
sbtest/sbtest12.ibd.qp.xbcrypt
sbtest/sbtest19.ibd.qp.xbcrypt
sbtest/sbtest29.ibd.qp.xbcrypt
sbtest/sbtest45.ibd.qp.xbcrypt
sbtest/sbtest13.ibd.qp.xbcrypt
sbtest/sbtest11.ibd.qp.xbcrypt
sbtest/sbtest1.ibd.qp.xbcrypt
sbtest/sbtest28.ibd.qp.xbcrypt
sbtest/sbtest25.ibd.qp.xbcrypt
sbtest/sbtest59.ibd.qp.xbcrypt
sbtest/sbtest7.ibd.qp.xbcrypt
sbtest/sbtest40.ibd.qp.xbcrypt
sbtest/sbtest58.ibd.qp.xbcrypt
sbtest/sbtest18.ibd.qp.xbcrypt
sbtest/sbtest4.ibd.qp.xbcrypt
sbtest/sbtest49.ibd.qp.xbcrypt
sbtest/sbtest2.ibd.qp.xbcrypt
sbtest/sbtest8.ibd.qp.xbcrypt
sbtest/sbtest56.ibd.qp.xbcrypt
sbtest/sbtest57.ibd.qp.xbcrypt
sbtest/sbtest39.ibd.qp.xbcrypt
sbtest/sbtest38.ibd.qp.xbcrypt
sbtest/sbtest3.ibd.qp.xbcrypt
sbtest/sbtest24.ibd.qp.xbcrypt
sbtest/sbtest15.ibd.qp.xbcrypt
sbtest/sbtest44.ibd.qp.xbcrypt
sbtest/sbtest6.ibd.qp.xbcrypt
sbtest/sbtest22.ibd.qp.xbcrypt
sbtest/sbtest54.ibd.qp.xbcrypt
sbtest/sbtest36.ibd.qp.xbcrypt
performance_schema/events_stages_current.frm.qp.xbcrypt
performance_schema/events_waits_summary_by_account_by_event_name.frm.qp.xbcrypt
performance_schema/events_waits_summary_by_thread_by_event_name.frm.qp.xbcrypt
performance_schema/performance_timers.frm.qp.xbcrypt
performance_schema/events_stages_summary_by_host_by_event_name.frm.qp.xbcrypt
performance_schema/socket_summary_by_event_name.frm.qp.xbcrypt
performance_schema/users.frm.qp.xbcrypt
performance_schema/table_io_waits_summary_by_index_usage.frm.qp.xbcrypt
performance_schema/db.opt.qp.xbcrypt
performance_schema/events_waits_history_long.frm.qp.xbcrypt
performance_schema/events_statements_summary_by_account_by_event_name.frm.qp.xbcrypt
performance_schema/events_waits_summary_global_by_event_name.frm.qp.xbcrypt
performance_schema/events_waits_summary_by_user_by_event_name.frm.qp.xbcrypt
performance_schema/events_stages_summary_global_by_event_name.frm.qp.xbcrypt
performance_schema/events_statements_summary_by_user_by_event_name.frm.qp.xbcrypt
performance_schema/events_stages_history_long.frm.qp.xbcrypt
performance_schema/events_statements_summary_by_digest.frm.qp.xbcrypt
performance_schema/file_instances.frm.qp.xbcrypt
performance_schema/setup_actors.frm.qp.xbcrypt
performance_schema/cond_instances.frm.qp.xbcrypt
performance_schema/socket_summary_by_instance.frm.qp.xbcrypt
performance_schema/events_statements_history_long.frm.qp.xbcrypt
performance_schema/host_cache.frm.qp.xbcrypt
performance_schema/setup_objects.frm.qp.xbcrypt
performance_schema/rwlock_instances.frm.qp.xbcrypt
performance_schema/setup_instruments.frm.qp.xbcrypt
performance_schema/session_account_connect_attrs.frm.qp.xbcrypt
performance_schema/events_statements_current.frm.qp.xbcrypt
performance_schema/file_summary_by_event_name.frm.qp.xbcrypt
performance_schema/threads.frm.qp.xbcrypt
performance_schema/session_connect_attrs.frm.qp.xbcrypt
performance_schema/events_stages_history.frm.qp.xbcrypt
performance_schema/events_statements_summary_by_thread_by_event_name.frm.qp.xbcrypt
performance_schema/events_statements_history.frm.qp.xbcrypt
performance_schema/table_lock_waits_summary_by_table.frm.qp.xbcrypt
performance_schema/events_waits_history.frm.qp.xbcrypt
performance_schema/setup_consumers.frm.qp.xbcrypt
performance_schema/events_statements_summary_by_host_by_event_name.frm.qp.xbcrypt
performance_schema/events_waits_summary_by_instance.frm.qp.xbcrypt
performance_schema/hosts.frm.qp.xbcrypt
performance_schema/events_stages_summary_by_thread_by_event_name.frm.qp.xbcrypt
performance_schema/events_statements_summary_global_by_event_name.frm.qp.xbcrypt
performance_schema/file_summary_by_instance.frm.qp.xbcrypt
performance_schema/events_waits_summary_by_host_by_event_name.frm.qp.xbcrypt
performance_schema/mutex_instances.frm.qp.xbcrypt
performance_schema/objects_summary_global_by_type.frm.qp.xbcrypt
performance_schema/events_waits_current.frm.qp.xbcrypt
performance_schema/table_io_waits_summary_by_table.frm.qp.xbcrypt
performance_schema/socket_instances.frm.qp.xbcrypt
performance_schema/events_stages_summary_by_user_by_event_name.frm.qp.xbcrypt
performance_schema/setup_timers.frm.qp.xbcrypt
performance_schema/events_stages_summary_by_account_by_event_name.frm.qp.xbcrypt
performance_schema/accounts.frm.qp.xbcrypt
mysql/event.frm.qp.xbcrypt
mysql/time_zone.frm.qp.xbcrypt
mysql/help_keyword.MYD.qp.xbcrypt
mysql/time_zone_transition_type.MYD.qp.xbcrypt
mysql/help_category.MYI.qp.xbcrypt
mysql/procs_priv.frm.qp.xbcrypt
mysql/tables_priv.frm.qp.xbcrypt
mysql/plugin.frm.qp.xbcrypt
mysql/help_category.frm.qp.xbcrypt
mysql/proxies_priv.frm.qp.xbcrypt
mysql/user.MYI.qp.xbcrypt
mysql/slave_master_info.frm.qp.xbcrypt
mysql/help_topic.MYI.qp.xbcrypt
mysql/db.MYI.qp.xbcrypt
mysql/help_keyword.MYI.qp.xbcrypt
mysql/time_zone_leap_second.MYI.qp.xbcrypt
mysql/help_topic.MYD.qp.xbcrypt
mysql/slave_relay_log_info.frm.qp.xbcrypt
mysql/user.MYD.qp.xbcrypt
mysql/func.MYI.qp.xbcrypt
mysql/help_keyword.frm.qp.xbcrypt
mysql/time_zone_name.MYI.qp.xbcrypt
mysql/time_zone_name.MYD.qp.xbcrypt
mysql/columns_priv.frm.qp.xbcrypt
mysql/time_zone.MYD.qp.xbcrypt
mysql/slow_log.CSM.qp.xbcrypt
mysql/time_zone_leap_second.frm.qp.xbcrypt
mysql/servers.MYI.qp.xbcrypt
mysql/time_zone_transition_type.frm.qp.xbcrypt
mysql/procs_priv.MYI.qp.xbcrypt
mysql/time_zone.MYI.qp.xbcrypt
mysql/innodb_index_stats.frm.qp.xbcrypt
mysql/help_category.MYD.qp.xbcrypt
mysql/time_zone_name.frm.qp.xbcrypt
mysql/proc.MYI.qp.xbcrypt
mysql/plugin.MYD.qp.xbcrypt
mysql/ndb_binlog_index.MYI.qp.xbcrypt
mysql/help_relation.MYD.qp.xbcrypt
mysql/servers.frm.qp.xbcrypt
mysql/slave_worker_info.frm.qp.xbcrypt
mysql/tables_priv.MYI.qp.xbcrypt
mysql/ndb_binlog_index.MYD.qp.xbcrypt
mysql/ndb_binlog_index.frm.qp.xbcrypt
mysql/event.MYD.qp.xbcrypt
mysql/proxies_priv.MYI.qp.xbcrypt
mysql/innodb_table_stats.frm.qp.xbcrypt
mysql/time_zone_transition.MYI.qp.xbcrypt
mysql/slow_log.frm.qp.xbcrypt
mysql/event.MYI.qp.xbcrypt
mysql/time_zone_leap_second.MYD.qp.xbcrypt
mysql/proc.frm.qp.xbcrypt
mysql/db.frm.qp.xbcrypt
mysql/general_log.frm.qp.xbcrypt
mysql/help_topic.frm.qp.xbcrypt
mysql/proxies_priv.MYD.qp.xbcrypt
mysql/help_relation.frm.qp.xbcrypt
mysql/general_log.CSV.qp.xbcrypt
mysql/general_log.CSM.qp.xbcrypt
mysql/proc.MYD.qp.xbcrypt
mysql/slow_log.CSV.qp.xbcrypt
mysql/columns_priv.MYD.qp.xbcrypt
mysql/columns_priv.MYI.qp.xbcrypt
mysql/tables_priv.MYD.qp.xbcrypt
mysql/help_relation.MYI.qp.xbcrypt
mysql/time_zone_transition.MYD.qp.xbcrypt
mysql/servers.MYD.qp.xbcrypt
mysql/user.frm.qp.xbcrypt
mysql/func.frm.qp.xbcrypt
mysql/func.MYD.qp.xbcrypt
mysql/plugin.MYI.qp.xbcrypt
mysql/time_zone_transition_type.MYI.qp.xbcrypt
mysql/db.MYD.qp.xbcrypt
mysql/procs_priv.MYD.qp.xbcrypt
mysql/time_zone_transition.frm.qp.xbcrypt
test/db.opt.qp.xbcrypt
sbtest/sbtest38.frm.qp.xbcrypt
sbtest/sbtest37.frm.qp.xbcrypt
sbtest/sbtest1.frm.qp.xbcrypt
sbtest/sbtest22.frm.qp.xbcrypt
sbtest/sbtest8.frm.qp.xbcrypt
sbtest/sbtest43.frm.qp.xbcrypt
sbtest/sbtest51.frm.qp.xbcrypt
sbtest/sbtest52.frm.qp.xbcrypt
sbtest/sbtest47.frm.qp.xbcrypt
sbtest/sbtest2.frm.qp.xbcrypt
sbtest/sbtest12.frm.qp.xbcrypt
sbtest/db.opt.qp.xbcrypt
sbtest/sbtest27.frm.qp.xbcrypt
sbtest/sbtest7.frm.qp.xbcrypt
sbtest/sbtest31.frm.qp.xbcrypt
sbtest/sbtest20.frm.qp.xbcrypt
sbtest/sbtest11.frm.qp.xbcrypt
sbtest/sbtest26.frm.qp.xbcrypt
sbtest/sbtest4.frm.qp.xbcrypt
sbtest/sbtest39.frm.qp.xbcrypt
sbtest/sbtest32.frm.qp.xbcrypt
sbtest/sbtest57.frm.qp.xbcrypt
sbtest/sbtest59.frm.qp.xbcrypt
sbtest/sbtest25.frm.qp.xbcrypt
sbtest/sbtest23.frm.qp.xbcrypt
sbtest/sbtest28.frm.qp.xbcrypt
sbtest/sbtest24.frm.qp.xbcrypt
sbtest/sbtest3.frm.qp.xbcrypt
sbtest/sbtest33.frm.qp.xbcrypt
sbtest/sbtest53.frm.qp.xbcrypt
sbtest/sbtest14.frm.qp.xbcrypt
sbtest/sbtest49.frm.qp.xbcrypt
sbtest/sbtest55.frm.qp.xbcrypt
sbtest/sbtest36.frm.qp.xbcrypt
sbtest/sbtest30.frm.qp.xbcrypt
sbtest/sbtest40.frm.qp.xbcrypt
sbtest/sbtest13.frm.qp.xbcrypt
sbtest/sbtest56.frm.qp.xbcrypt
sbtest/sbtest19.frm.qp.xbcrypt
sbtest/sbtest46.frm.qp.xbcrypt
sbtest/sbtest9.frm.qp.xbcrypt
sbtest/sbtest50.frm.qp.xbcrypt
sbtest/sbtest6.frm.qp.xbcrypt
sbtest/sbtest29.frm.qp.xbcrypt
sbtest/sbtest48.frm.qp.xbcrypt
sbtest/sbtest41.frm.qp.xbcrypt
sbtest/sbtest10.frm.qp.xbcrypt
sbtest/sbtest34.frm.qp.xbcrypt
sbtest/sbtest60.frm.qp.xbcrypt
sbtest/sbtest17.frm.qp.xbcrypt
sbtest/sbtest15.frm.qp.xbcrypt
sbtest/sbtest58.frm.qp.xbcrypt
sbtest/sbtest45.frm.qp.xbcrypt
sbtest/sbtest18.frm.qp.xbcrypt
sbtest/sbtest44.frm.qp.xbcrypt
sbtest/sbtest42.frm.qp.xbcrypt
sbtest/sbtest54.frm.qp.xbcrypt
sbtest/sbtest35.frm.qp.xbcrypt
sbtest/sbtest21.frm.qp.xbcrypt
sbtest/sbtest5.frm.qp.xbcrypt
sbtest/sbtest16.frm.qp.xbcrypt
lost@002bfound/db.opt.qp.xbcrypt
xtrabackup_logfile.qp.xbcrypt
xtrabackup_checkpoints.xbcrypt
backup-my.cnf.qp.xbcrypt
xtrabackup_info.qp.xbcrypt
160418 21:22:45 innobackupex: Starting the decrypt and decompress operation

IMPORTANT: Please check that the decrypt and decompress run completes successfully.
           At the end of a successful decrypt and decompress run innobackupex
           prints "completed OK!".

innobackupex version 2.4.2 based on MySQL server 5.7.11 Linux (x86_64) (revision id: 8e86a84)
160418 21:22:45 [01] decrypting ./test/db.opt.qp.xbcrypt
160418 21:22:45 [01] decrypting ./xtrabackup_info.qp.xbcrypt
160418 21:22:45 [01] decrypting ./backup-my.cnf.qp.xbcrypt
160418 21:22:45 [01] decrypting ./xtrabackup_logfile.qp.xbcrypt
160418 21:22:45 [01] decrypting ./lost@002bfound/db.opt.qp.xbcrypt
160418 21:22:45 [01] decrypting ./xtrabackup_checkpoints.xbcrypt
160418 21:22:45 [01] decrypting ./sbtest/sbtest22.frm.qp.xbcrypt
160418 21:22:45 [01] decrypting ./sbtest/sbtest5.frm.qp.xbcrypt
160418 21:22:45 [01] decrypting ./sbtest/sbtest51.ibd.qp.xbcrypt
160418 21:22:46 [01] decrypting ./sbtest/sbtest23.frm.qp.xbcrypt
160418 21:22:46 [01] decrypting ./sbtest/sbtest31.ibd.qp.xbcrypt
160418 21:22:47 [01] decrypting ./sbtest/sbtest41.ibd.qp.xbcrypt
160418 21:22:48 [01] decrypting ./sbtest/sbtest20.ibd.qp.xbcrypt
160418 21:22:48 [01] decrypting ./sbtest/sbtest35.frm.qp.xbcrypt
160418 21:22:48 [01] decrypting ./sbtest/sbtest60.frm.qp.xbcrypt
160418 21:22:48 [01] decrypting ./sbtest/sbtest45.ibd.qp.xbcrypt
160418 21:22:49 [01] decrypting ./sbtest/sbtest46.ibd.qp.xbcrypt
160418 21:22:50 [01] decrypting ./sbtest/sbtest8.frm.qp.xbcrypt
160418 21:22:50 [01] decrypting ./sbtest/sbtest47.frm.qp.xbcrypt
160418 21:22:50 [01] decrypting ./sbtest/sbtest25.ibd.qp.xbcrypt
160418 21:22:51 [01] decrypting ./sbtest/sbtest10.ibd.qp.xbcrypt
160418 21:22:52 [01] decrypting ./sbtest/sbtest28.ibd.qp.xbcrypt
160418 21:22:53 [01] decrypting ./sbtest/sbtest18.frm.qp.xbcrypt
160418 21:22:53 [01] decrypting ./sbtest/sbtest17.frm.qp.xbcrypt
160418 21:22:53 [01] decrypting ./sbtest/sbtest44.frm.qp.xbcrypt
160418 21:22:53 [01] decrypting ./sbtest/sbtest51.frm.qp.xbcrypt
160418 21:22:53 [01] decrypting ./sbtest/sbtest56.ibd.qp.xbcrypt
160418 21:22:53 [01] decrypting ./sbtest/sbtest42.frm.qp.xbcrypt
160418 21:22:53 [01] decrypting ./sbtest/sbtest34.ibd.qp.xbcrypt
160418 21:22:54 [01] decrypting ./sbtest/sbtest49.ibd.qp.xbcrypt
160418 21:22:55 [01] decrypting ./sbtest/sbtest38.frm.qp.xbcrypt
160418 21:22:55 [01] decrypting ./sbtest/sbtest54.frm.qp.xbcrypt
160418 21:22:55 [01] decrypting ./sbtest/sbtest15.ibd.qp.xbcrypt
160418 21:22:56 [01] decrypting ./sbtest/sbtest4.ibd.qp.xbcrypt
160418 21:22:57 [01] decrypting ./sbtest/sbtest19.ibd.qp.xbcrypt
160418 21:22:58 [01] decrypting ./sbtest/sbtest55.frm.qp.xbcrypt
160418 21:22:58 [01] decrypting ./sbtest/sbtest29.ibd.qp.xbcrypt
160418 21:22:58 [01] decrypting ./sbtest/sbtest9.frm.qp.xbcrypt
160418 21:22:59 [01] decrypting ./sbtest/sbtest6.ibd.qp.xbcrypt
160418 21:22:59 [01] decrypting ./sbtest/sbtest40.ibd.qp.xbcrypt
160418 21:23:00 [01] decrypting ./sbtest/sbtest7.frm.qp.xbcrypt
160418 21:23:00 [01] decrypting ./sbtest/sbtest57.frm.qp.xbcrypt
160418 21:23:00 [01] decrypting ./sbtest/sbtest32.ibd.qp.xbcrypt
160418 21:23:01 [01] decrypting ./sbtest/sbtest48.frm.qp.xbcrypt
160418 21:23:01 [01] decrypting ./sbtest/sbtest36.frm.qp.xbcrypt
160418 21:23:01 [01] decrypting ./sbtest/db.opt.qp.xbcrypt
160418 21:23:01 [01] decrypting ./sbtest/sbtest9.ibd.qp.xbcrypt
160418 21:23:02 [01] decrypting ./sbtest/sbtest47.ibd.qp.xbcrypt
160418 21:23:08 [01] decrypting ./sbtest/sbtest27.frm.qp.xbcrypt
160418 21:23:08 [01] decrypting ./sbtest/sbtest13.frm.qp.xbcrypt
160418 21:23:08 [01] decrypting ./sbtest/sbtest2.frm.qp.xbcrypt
160418 21:23:08 [01] decrypting ./sbtest/sbtest38.ibd.qp.xbcrypt
160418 21:23:09 [01] decrypting ./sbtest/sbtest7.ibd.qp.xbcrypt
160418 21:23:10 [01] decrypting ./sbtest/sbtest39.ibd.qp.xbcrypt
160418 21:23:11 [01] decrypting ./sbtest/sbtest24.ibd.qp.xbcrypt
160418 21:23:12 [01] decrypting ./sbtest/sbtest20.frm.qp.xbcrypt
160418 21:23:12 [01] decrypting ./sbtest/sbtest17.ibd.qp.xbcrypt
160418 21:23:13 [01] decrypting ./sbtest/sbtest35.ibd.qp.xbcrypt
160418 21:23:13 [01] decrypting ./sbtest/sbtest16.ibd.qp.xbcrypt
160418 21:23:14 [01] decrypting ./sbtest/sbtest26.ibd.qp.xbcrypt
160418 21:23:15 [01] decrypting ./sbtest/sbtest31.frm.qp.xbcrypt
160418 21:23:15 [01] decrypting ./sbtest/sbtest3.ibd.qp.xbcrypt
160418 21:23:16 [01] decrypting ./sbtest/sbtest11.frm.qp.xbcrypt
160418 21:23:16 [01] decrypting ./sbtest/sbtest55.ibd.qp.xbcrypt
160418 21:23:17 [01] decrypting ./sbtest/sbtest11.ibd.qp.xbcrypt
160418 21:23:18 [01] decrypting ./sbtest/sbtest58.ibd.qp.xbcrypt
160418 21:23:19 [01] decrypting ./sbtest/sbtest46.frm.qp.xbcrypt
160418 21:23:19 [01] decrypting ./sbtest/sbtest29.frm.qp.xbcrypt
160418 21:23:19 [01] decrypting ./sbtest/sbtest12.ibd.qp.xbcrypt
160418 21:23:19 [01] decrypting ./sbtest/sbtest45.frm.qp.xbcrypt
160418 21:23:19 [01] decrypting ./sbtest/sbtest13.ibd.qp.xbcrypt
160418 21:23:20 [01] decrypting ./sbtest/sbtest37.frm.qp.xbcrypt
160418 21:23:20 [01] decrypting ./sbtest/sbtest1.ibd.qp.xbcrypt
160418 21:23:21 [01] decrypting ./sbtest/sbtest48.ibd.qp.xbcrypt
160418 21:23:22 [01] decrypting ./sbtest/sbtest59.frm.qp.xbcrypt
160418 21:23:22 [01] decrypting ./sbtest/sbtest27.ibd.qp.xbcrypt
160418 21:23:23 [01] decrypting ./sbtest/sbtest3.frm.qp.xbcrypt
160418 21:23:23 [01] decrypting ./sbtest/sbtest53.ibd.qp.xbcrypt
160418 21:23:24 [01] decrypting ./sbtest/sbtest36.ibd.qp.xbcrypt
160418 21:23:31 [01] decrypting ./sbtest/sbtest39.frm.qp.xbcrypt
160418 21:23:31 [01] decrypting ./sbtest/sbtest41.frm.qp.xbcrypt
160418 21:23:31 [01] decrypting ./sbtest/sbtest8.ibd.qp.xbcrypt
160418 21:23:32 [01] decrypting ./sbtest/sbtest56.frm.qp.xbcrypt
160418 21:23:32 [01] decrypting ./sbtest/sbtest15.frm.qp.xbcrypt
160418 21:23:32 [01] decrypting ./sbtest/sbtest43.ibd.qp.xbcrypt
160418 21:23:33 [01] decrypting ./sbtest/sbtest21.frm.qp.xbcrypt
160418 21:23:33 [01] decrypting ./sbtest/sbtest33.frm.qp.xbcrypt
160418 21:23:33 [01] decrypting ./sbtest/sbtest6.frm.qp.xbcrypt
160418 21:23:33 [01] decrypting ./sbtest/sbtest5.ibd.qp.xbcrypt
160418 21:23:34 [01] decrypting ./sbtest/sbtest30.ibd.qp.xbcrypt
160418 21:23:35 [01] decrypting ./sbtest/sbtest2.ibd.qp.xbcrypt
160418 21:23:35 [01] decrypting ./sbtest/sbtest18.ibd.qp.xbcrypt
160418 21:23:36 [01] decrypting ./sbtest/sbtest21.ibd.qp.xbcrypt
160418 21:23:37 [01] decrypting ./sbtest/sbtest4.frm.qp.xbcrypt
160418 21:23:37 [01] decrypting ./sbtest/sbtest60.ibd.qp.xbcrypt
160418 21:23:38 [01] decrypting ./sbtest/sbtest34.frm.qp.xbcrypt
160418 21:23:38 [01] decrypting ./sbtest/sbtest50.frm.qp.xbcrypt
160418 21:23:38 [01] decrypting ./sbtest/sbtest44.ibd.qp.xbcrypt
160418 21:23:39 [01] decrypting ./sbtest/sbtest49.frm.qp.xbcrypt
160418 21:23:39 [01] decrypting ./sbtest/sbtest12.frm.qp.xbcrypt
160418 21:23:39 [01] decrypting ./sbtest/sbtest52.frm.qp.xbcrypt
160418 21:23:39 [01] decrypting ./sbtest/sbtest57.ibd.qp.xbcrypt
160418 21:23:40 [01] decrypting ./sbtest/sbtest25.frm.qp.xbcrypt
160418 21:23:40 [01] decrypting ./sbtest/sbtest43.frm.qp.xbcrypt
160418 21:23:40 [01] decrypting ./sbtest/sbtest14.ibd.qp.xbcrypt
160418 21:23:40 [01] decrypting ./sbtest/sbtest28.frm.qp.xbcrypt
160418 21:23:40 [01] decrypting ./sbtest/sbtest59.ibd.qp.xbcrypt
160418 21:23:41 [01] decrypting ./sbtest/sbtest14.frm.qp.xbcrypt
160418 21:23:41 [01] decrypting ./sbtest/sbtest33.ibd.qp.xbcrypt
160418 21:23:42 [01] decrypting ./sbtest/sbtest50.ibd.qp.xbcrypt
160418 21:23:43 [01] decrypting ./sbtest/sbtest53.frm.qp.xbcrypt
160418 21:23:43 [01] decrypting ./sbtest/sbtest26.frm.qp.xbcrypt
160418 21:23:43 [01] decrypting ./sbtest/sbtest42.ibd.qp.xbcrypt
160418 21:23:44 [01] decrypting ./sbtest/sbtest30.frm.qp.xbcrypt
160418 21:23:44 [01] decrypting ./sbtest/sbtest58.frm.qp.xbcrypt
160418 21:23:44 [01] decrypting ./sbtest/sbtest54.ibd.qp.xbcrypt
160418 21:23:45 [01] decrypting ./sbtest/sbtest23.ibd.qp.xbcrypt
160418 21:23:46 [01] decrypting ./sbtest/sbtest24.frm.qp.xbcrypt
160418 21:23:46 [01] decrypting ./sbtest/sbtest19.frm.qp.xbcrypt
160418 21:23:46 [01] decrypting ./sbtest/sbtest37.ibd.qp.xbcrypt
160418 21:23:47 [01] decrypting ./sbtest/sbtest40.frm.qp.xbcrypt
160418 21:23:47 [01] decrypting ./sbtest/sbtest52.ibd.qp.xbcrypt
160418 21:23:54 [01] decrypting ./sbtest/sbtest16.frm.qp.xbcrypt
160418 21:23:54 [01] decrypting ./sbtest/sbtest10.frm.qp.xbcrypt
160418 21:23:54 [01] decrypting ./sbtest/sbtest1.frm.qp.xbcrypt
160418 21:23:54 [01] decrypting ./sbtest/sbtest32.frm.qp.xbcrypt
160418 21:23:54 [01] decrypting ./sbtest/sbtest22.ibd.qp.xbcrypt
160418 21:23:54 [01] decrypting ./ibdata1.qp.xbcrypt
160418 21:23:54 [01] decrypting ./performance_schema/events_waits_summary_by_account_by_event_name.frm.qp.xbcrypt
160418 21:23:54 [01] decrypting ./performance_schema/file_summary_by_event_name.frm.qp.xbcrypt
160418 21:23:54 [01] decrypting ./performance_schema/events_waits_summary_by_host_by_event_name.frm.qp.xbcrypt
160418 21:23:54 [01] decrypting ./performance_schema/users.frm.qp.xbcrypt
160418 21:23:54 [01] decrypting ./performance_schema/hosts.frm.qp.xbcrypt
160418 21:23:54 [01] decrypting ./performance_schema/socket_instances.frm.qp.xbcrypt
160418 21:23:54 [01] decrypting ./performance_schema/performance_timers.frm.qp.xbcrypt
160418 21:23:54 [01] decrypting ./performance_schema/setup_objects.frm.qp.xbcrypt
160418 21:23:54 [01] decrypting ./performance_schema/events_stages_history_long.frm.qp.xbcrypt
160418 21:23:54 [01] decrypting ./performance_schema/host_cache.frm.qp.xbcrypt
160418 21:23:54 [01] decrypting ./performance_schema/events_statements_summary_by_digest.frm.qp.xbcrypt
160418 21:23:54 [01] decrypting ./performance_schema/events_stages_summary_global_by_event_name.frm.qp.xbcrypt
160418 21:23:54 [01] decrypting ./performance_schema/mutex_instances.frm.qp.xbcrypt
160418 21:23:54 [01] decrypting ./performance_schema/setup_actors.frm.qp.xbcrypt
160418 21:23:54 [01] decrypting ./performance_schema/events_statements_summary_by_host_by_event_name.frm.qp.xbcrypt
160418 21:23:54 [01] decrypting ./performance_schema/events_waits_summary_by_thread_by_event_name.frm.qp.xbcrypt
160418 21:23:54 [01] decrypting ./performance_schema/accounts.frm.qp.xbcrypt
160418 21:23:54 [01] decrypting ./performance_schema/events_waits_summary_by_instance.frm.qp.xbcrypt
160418 21:23:54 [01] decrypting ./performance_schema/setup_instruments.frm.qp.xbcrypt
160418 21:23:54 [01] decrypting ./performance_schema/cond_instances.frm.qp.xbcrypt
160418 21:23:54 [01] decrypting ./performance_schema/db.opt.qp.xbcrypt
160418 21:23:54 [01] decrypting ./performance_schema/session_connect_attrs.frm.qp.xbcrypt
160418 21:23:54 [01] decrypting ./performance_schema/file_instances.frm.qp.xbcrypt
160418 21:23:54 [01] decrypting ./performance_schema/events_waits_summary_by_user_by_event_name.frm.qp.xbcrypt
160418 21:23:54 [01] decrypting ./performance_schema/threads.frm.qp.xbcrypt
160418 21:23:54 [01] decrypting ./performance_schema/events_statements_current.frm.qp.xbcrypt
160418 21:23:54 [01] decrypting ./performance_schema/events_waits_summary_global_by_event_name.frm.qp.xbcrypt
160418 21:23:54 [01] decrypting ./performance_schema/events_statements_summary_by_thread_by_event_name.frm.qp.xbcrypt
160418 21:23:54 [01] decrypting ./performance_schema/socket_summary_by_instance.frm.qp.xbcrypt
160418 21:23:54 [01] decrypting ./performance_schema/socket_summary_by_event_name.frm.qp.xbcrypt
160418 21:23:54 [01] decrypting ./performance_schema/events_stages_summary_by_user_by_event_name.frm.qp.xbcrypt
160418 21:23:54 [01] decrypting ./performance_schema/setup_consumers.frm.qp.xbcrypt
160418 21:23:54 [01] decrypting ./performance_schema/events_waits_history.frm.qp.xbcrypt
160418 21:23:54 [01] decrypting ./performance_schema/table_io_waits_summary_by_table.frm.qp.xbcrypt
160418 21:23:54 [01] decrypting ./performance_schema/session_account_connect_attrs.frm.qp.xbcrypt
160418 21:23:54 [01] decrypting ./performance_schema/events_waits_current.frm.qp.xbcrypt
160418 21:23:54 [01] decrypting ./performance_schema/events_stages_summary_by_host_by_event_name.frm.qp.xbcrypt
160418 21:23:54 [01] decrypting ./performance_schema/events_statements_summary_by_account_by_event_name.frm.qp.xbcrypt
160418 21:23:54 [01] decrypting ./performance_schema/events_statements_summary_global_by_event_name.frm.qp.xbcrypt
160418 21:23:54 [01] decrypting ./performance_schema/table_lock_waits_summary_by_table.frm.qp.xbcrypt
160418 21:23:54 [01] decrypting ./performance_schema/file_summary_by_instance.frm.qp.xbcrypt
160418 21:23:54 [01] decrypting ./performance_schema/events_statements_history.frm.qp.xbcrypt
160418 21:23:54 [01] decrypting ./performance_schema/events_waits_history_long.frm.qp.xbcrypt
160418 21:23:54 [01] decrypting ./performance_schema/events_stages_summary_by_thread_by_event_name.frm.qp.xbcrypt
160418 21:23:54 [01] decrypting ./performance_schema/table_io_waits_summary_by_index_usage.frm.qp.xbcrypt
160418 21:23:54 [01] decrypting ./performance_schema/rwlock_instances.frm.qp.xbcrypt
160418 21:23:55 [01] decrypting ./performance_schema/events_stages_current.frm.qp.xbcrypt
160418 21:23:55 [01] decrypting ./performance_schema/events_stages_summary_by_account_by_event_name.frm.qp.xbcrypt
160418 21:23:55 [01] decrypting ./performance_schema/objects_summary_global_by_type.frm.qp.xbcrypt
160418 21:23:55 [01] decrypting ./performance_schema/setup_timers.frm.qp.xbcrypt
160418 21:23:55 [01] decrypting ./performance_schema/events_statements_history_long.frm.qp.xbcrypt
160418 21:23:55 [01] decrypting ./performance_schema/events_stages_history.frm.qp.xbcrypt
160418 21:23:55 [01] decrypting ./performance_schema/events_statements_summary_by_user_by_event_name.frm.qp.xbcrypt
160418 21:23:55 [01] decrypting ./mysql/tables_priv.MYI.qp.xbcrypt
160418 21:23:55 [01] decrypting ./mysql/help_relation.MYI.qp.xbcrypt
160418 21:23:55 [01] decrypting ./mysql/tables_priv.frm.qp.xbcrypt
160418 21:23:55 [01] decrypting ./mysql/tables_priv.MYD.qp.xbcrypt
160418 21:23:55 [01] decrypting ./mysql/innodb_index_stats.frm.qp.xbcrypt
160418 21:23:55 [01] decrypting ./mysql/db.MYI.qp.xbcrypt
160418 21:23:55 [01] decrypting ./mysql/slave_worker_info.frm.qp.xbcrypt
160418 21:23:55 [01] decrypting ./mysql/ndb_binlog_index.frm.qp.xbcrypt
160418 21:23:55 [01] decrypting ./mysql/time_zone_leap_second.MYI.qp.xbcrypt
160418 21:23:55 [01] decrypting ./mysql/event.frm.qp.xbcrypt
160418 21:23:55 [01] decrypting ./mysql/db.frm.qp.xbcrypt
160418 21:23:55 [01] decrypting ./mysql/time_zone_transition.MYD.qp.xbcrypt
160418 21:23:55 [01] decrypting ./mysql/func.MYI.qp.xbcrypt
160418 21:23:55 [01] decrypting ./mysql/func.frm.qp.xbcrypt
160418 21:23:55 [01] decrypting ./mysql/general_log.CSM.qp.xbcrypt
160418 21:23:55 [01] decrypting ./mysql/event.MYI.qp.xbcrypt
160418 21:23:55 [01] decrypting ./mysql/time_zone_transition_type.MYD.qp.xbcrypt
160418 21:23:55 [01] decrypting ./mysql/ndb_binlog_index.MYD.qp.xbcrypt
160418 21:23:55 [01] decrypting ./mysql/slave_master_info.frm.qp.xbcrypt
160418 21:23:55 [01] decrypting ./mysql/func.MYD.qp.xbcrypt
160418 21:23:55 [01] decrypting ./mysql/help_category.frm.qp.xbcrypt
160418 21:23:55 [01] decrypting ./mysql/general_log.frm.qp.xbcrypt
160418 21:23:55 [01] decrypting ./mysql/plugin.MYI.qp.xbcrypt
160418 21:23:55 [01] decrypting ./mysql/servers.MYI.qp.xbcrypt
160418 21:23:55 [01] decrypting ./mysql/general_log.CSV.qp.xbcrypt
160418 21:23:55 [01] decrypting ./mysql/time_zone_name.MYD.qp.xbcrypt
160418 21:23:55 [01] decrypting ./mysql/slave_relay_log_info.ibd.qp.xbcrypt
160418 21:23:55 [01] decrypting ./mysql/time_zone_transition.MYI.qp.xbcrypt
160418 21:23:55 [01] decrypting ./mysql/help_relation.frm.qp.xbcrypt
160418 21:23:55 [01] decrypting ./mysql/slow_log.CSM.qp.xbcrypt
160418 21:23:55 [01] decrypting ./mysql/db.MYD.qp.xbcrypt
160418 21:23:55 [01] decrypting ./mysql/proc.frm.qp.xbcrypt
160418 21:23:55 [01] decrypting ./mysql/innodb_table_stats.frm.qp.xbcrypt
160418 21:23:55 [01] decrypting ./mysql/innodb_index_stats.ibd.qp.xbcrypt
160418 21:23:55 [01] decrypting ./mysql/procs_priv.MYI.qp.xbcrypt
160418 21:23:55 [01] decrypting ./mysql/time_zone_leap_second.frm.qp.xbcrypt
160418 21:23:55 [01] decrypting ./mysql/proxies_priv.frm.qp.xbcrypt
160418 21:23:55 [01] decrypting ./mysql/help_category.MYI.qp.xbcrypt
160418 21:23:55 [01] decrypting ./mysql/time_zone.MYI.qp.xbcrypt
160418 21:23:55 [01] decrypting ./mysql/proc.MYD.qp.xbcrypt
160418 21:23:55 [01] decrypting ./mysql/columns_priv.MYI.qp.xbcrypt
160418 21:23:55 [01] decrypting ./mysql/slow_log.CSV.qp.xbcrypt
160418 21:23:55 [01] decrypting ./mysql/innodb_table_stats.ibd.qp.xbcrypt
160418 21:23:55 [01] decrypting ./mysql/columns_priv.MYD.qp.xbcrypt
160418 21:23:55 [01] decrypting ./mysql/plugin.MYD.qp.xbcrypt
160418 21:23:55 [01] decrypting ./mysql/procs_priv.MYD.qp.xbcrypt
160418 21:23:55 [01] decrypting ./mysql/time_zone_transition_type.MYI.qp.xbcrypt
160418 21:23:55 [01] decrypting ./mysql/user.MYD.qp.xbcrypt
160418 21:23:55 [01] decrypting ./mysql/time_zone_name.MYI.qp.xbcrypt
160418 21:23:55 [01] decrypting ./mysql/time_zone_transition_type.frm.qp.xbcrypt
160418 21:23:55 [01] decrypting ./mysql/time_zone_name.frm.qp.xbcrypt
160418 21:23:55 [01] decrypting ./mysql/help_keyword.frm.qp.xbcrypt
160418 21:23:55 [01] decrypting ./mysql/slow_log.frm.qp.xbcrypt
160418 21:23:55 [01] decrypting ./mysql/time_zone.frm.qp.xbcrypt
160418 21:23:55 [01] decrypting ./mysql/proxies_priv.MYI.qp.xbcrypt
160418 21:23:55 [01] decrypting ./mysql/help_category.MYD.qp.xbcrypt
160418 21:23:55 [01] decrypting ./mysql/help_topic.frm.qp.xbcrypt
160418 21:23:55 [01] decrypting ./mysql/servers.frm.qp.xbcrypt
160418 21:23:55 [01] decrypting ./mysql/plugin.frm.qp.xbcrypt
160418 21:23:55 [01] decrypting ./mysql/event.MYD.qp.xbcrypt
160418 21:23:55 [01] decrypting ./mysql/ndb_binlog_index.MYI.qp.xbcrypt
160418 21:23:55 [01] decrypting ./mysql/user.frm.qp.xbcrypt
160418 21:23:55 [01] decrypting ./mysql/help_topic.MYD.qp.xbcrypt
160418 21:23:55 [01] decrypting ./mysql/slave_master_info.ibd.qp.xbcrypt
160418 21:23:55 [01] decrypting ./mysql/help_topic.MYI.qp.xbcrypt
160418 21:23:55 [01] decrypting ./mysql/proc.MYI.qp.xbcrypt
160418 21:23:55 [01] decrypting ./mysql/help_relation.MYD.qp.xbcrypt
160418 21:23:55 [01] decrypting ./mysql/help_keyword.MYD.qp.xbcrypt
160418 21:23:55 [01] decrypting ./mysql/help_keyword.MYI.qp.xbcrypt
160418 21:23:55 [01] decrypting ./mysql/slave_worker_info.ibd.qp.xbcrypt
160418 21:23:55 [01] decrypting ./mysql/time_zone_leap_second.MYD.qp.xbcrypt
160418 21:23:55 [01] decrypting ./mysql/user.MYI.qp.xbcrypt
160418 21:23:55 [01] decrypting ./mysql/time_zone.MYD.qp.xbcrypt
160418 21:23:55 [01] decrypting ./mysql/columns_priv.frm.qp.xbcrypt
160418 21:23:55 [01] decrypting ./mysql/proxies_priv.MYD.qp.xbcrypt
160418 21:23:55 [01] decrypting ./mysql/time_zone_transition.frm.qp.xbcrypt
160418 21:23:55 [01] decrypting ./mysql/slave_relay_log_info.frm.qp.xbcrypt
160418 21:23:55 [01] decrypting ./mysql/procs_priv.frm.qp.xbcrypt
160418 21:23:55 [01] decrypting ./mysql/servers.MYD.qp.xbcrypt
160418 21:23:55 completed OK!
160418 21:23:55 innobackupex: Starting the decrypt and decompress operation

IMPORTANT: Please check that the decrypt and decompress run completes successfully.
           At the end of a successful decrypt and decompress run innobackupex
           prints "completed OK!".

innobackupex version 2.4.2 based on MySQL server 5.7.11 Linux (x86_64) (revision id: 8e86a84)
160418 21:23:55 [01] decompressing ./test/db.opt.qp
160418 21:23:55 [01] decompressing ./ibdata1.qp
160418 21:23:55 [01] decompressing ./lost@002bfound/db.opt.qp
160418 21:23:55 [01] decompressing ./backup-my.cnf.qp
160418 21:23:55 [01] decompressing ./xtrabackup_info.qp
160418 21:23:55 [01] decompressing ./sbtest/sbtest60.frm.qp
160418 21:23:55 [01] decompressing ./sbtest/sbtest7.frm.qp
160418 21:23:55 [01] decompressing ./sbtest/sbtest46.ibd.qp
160418 21:23:55 [01] decompressing ./sbtest/sbtest8.frm.qp
160418 21:23:55 [01] decompressing ./sbtest/sbtest58.ibd.qp
160418 21:23:55 [01] decompressing ./sbtest/sbtest29.ibd.qp
160418 21:23:55 [01] decompressing ./sbtest/sbtest41.frm.qp
160418 21:23:55 [01] decompressing ./sbtest/sbtest25.ibd.qp
160418 21:23:56 [01] decompressing ./sbtest/sbtest39.ibd.qp
160418 21:23:56 [01] decompressing ./sbtest/sbtest2.frm.qp
160418 21:23:56 [01] decompressing ./sbtest/sbtest51.frm.qp
160418 21:23:56 [01] decompressing ./sbtest/sbtest23.frm.qp
160418 21:23:56 [01] decompressing ./sbtest/sbtest9.ibd.qp
160418 21:23:56 [01] decompressing ./sbtest/sbtest36.frm.qp
160418 21:23:56 [01] decompressing ./sbtest/sbtest28.ibd.qp
160418 21:23:57 [01] decompressing ./sbtest/sbtest34.frm.qp
160418 21:23:57 [01] decompressing ./sbtest/sbtest34.ibd.qp
160418 21:23:57 [01] decompressing ./sbtest/sbtest48.frm.qp
160418 21:23:57 [01] decompressing ./sbtest/sbtest21.ibd.qp
160418 21:23:57 [01] decompressing ./sbtest/sbtest17.ibd.qp
160418 21:23:57 [01] decompressing ./sbtest/sbtest54.ibd.qp
160418 21:23:57 [01] decompressing ./sbtest/sbtest24.ibd.qp
160418 21:23:58 [01] decompressing ./sbtest/sbtest28.frm.qp
160418 21:23:58 [01] decompressing ./sbtest/sbtest56.frm.qp
160418 21:23:58 [01] decompressing ./sbtest/sbtest47.frm.qp
160418 21:23:58 [01] decompressing ./sbtest/sbtest14.frm.qp
160418 21:23:58 [01] decompressing ./sbtest/sbtest25.frm.qp
160418 21:23:58 [01] decompressing ./sbtest/sbtest33.ibd.qp
160418 21:23:58 [01] decompressing ./sbtest/sbtest1.frm.qp
160418 21:23:58 [01] decompressing ./sbtest/sbtest37.ibd.qp
160418 21:23:58 [01] decompressing ./sbtest/sbtest54.frm.qp
160418 21:23:58 [01] decompressing ./sbtest/sbtest8.ibd.qp
160418 21:23:59 [01] decompressing ./sbtest/sbtest9.frm.qp
160418 21:23:59 [01] decompressing ./sbtest/sbtest22.frm.qp
160418 21:23:59 [01] decompressing ./sbtest/sbtest30.frm.qp
160418 21:23:59 [01] decompressing ./sbtest/sbtest44.ibd.qp
160418 21:23:59 [01] decompressing ./sbtest/sbtest1.ibd.qp
160418 21:23:59 [01] decompressing ./sbtest/sbtest29.frm.qp
160418 21:23:59 [01] decompressing ./sbtest/sbtest45.frm.qp
160418 21:23:59 [01] decompressing ./sbtest/sbtest10.ibd.qp
160418 21:23:59 [01] decompressing ./sbtest/sbtest38.ibd.qp
160418 21:24:00 [01] decompressing ./sbtest/sbtest57.ibd.qp
160418 21:24:00 [01] decompressing ./sbtest/sbtest27.ibd.qp
160418 21:24:01 [01] decompressing ./sbtest/sbtest17.frm.qp
160418 21:24:01 [01] decompressing ./sbtest/sbtest27.frm.qp
160418 21:24:01 [01] decompressing ./sbtest/sbtest22.ibd.qp
160418 21:24:01 [01] decompressing ./sbtest/sbtest12.frm.qp
160418 21:24:01 [01] decompressing ./sbtest/sbtest35.ibd.qp
160418 21:24:02 [01] decompressing ./sbtest/sbtest4.ibd.qp
160418 21:24:02 [01] decompressing ./sbtest/sbtest18.ibd.qp
160418 21:24:03 [01] decompressing ./sbtest/sbtest19.frm.qp
160418 21:24:03 [01] decompressing ./sbtest/sbtest52.frm.qp
160418 21:24:03 [01] decompressing ./sbtest/sbtest49.frm.qp
160418 21:24:03 [01] decompressing ./sbtest/db.opt.qp
160418 21:24:03 [01] decompressing ./sbtest/sbtest57.frm.qp
160418 21:24:03 [01] decompressing ./sbtest/sbtest14.ibd.qp
160418 21:24:03 [01] decompressing ./sbtest/sbtest40.ibd.qp
160418 21:24:04 [01] decompressing ./sbtest/sbtest43.ibd.qp
160418 21:24:04 [01] decompressing ./sbtest/sbtest20.frm.qp
160418 21:24:04 [01] decompressing ./sbtest/sbtest13.frm.qp
160418 21:24:04 [01] decompressing ./sbtest/sbtest3.frm.qp
160418 21:24:04 [01] decompressing ./sbtest/sbtest31.ibd.qp
160418 21:24:05 [01] decompressing ./sbtest/sbtest32.ibd.qp
160418 21:24:06 [01] decompressing ./sbtest/sbtest43.frm.qp
160418 21:24:06 [01] decompressing ./sbtest/sbtest47.ibd.qp
160418 21:24:06 [01] decompressing ./sbtest/sbtest46.frm.qp
160418 21:24:06 [01] decompressing ./sbtest/sbtest5.frm.qp
160418 21:24:06 [01] decompressing ./sbtest/sbtest45.ibd.qp
160418 21:24:07 [01] decompressing ./sbtest/sbtest21.frm.qp
160418 21:24:07 [01] decompressing ./sbtest/sbtest53.frm.qp
160418 21:24:07 [01] decompressing ./sbtest/sbtest39.frm.qp
160418 21:24:07 [01] decompressing ./sbtest/sbtest23.ibd.qp
160418 21:24:08 [01] decompressing ./sbtest/sbtest53.ibd.qp
160418 21:24:08 [01] decompressing ./sbtest/sbtest50.ibd.qp
160418 21:24:09 [01] decompressing ./sbtest/sbtest55.ibd.qp
160418 21:24:10 [01] decompressing ./sbtest/sbtest10.frm.qp
160418 21:24:10 [01] decompressing ./sbtest/sbtest42.ibd.qp
160418 21:24:10 [01] decompressing ./sbtest/sbtest36.ibd.qp
160418 21:24:11 [01] decompressing ./sbtest/sbtest20.ibd.qp
160418 21:24:12 [01] decompressing ./sbtest/sbtest11.frm.qp
160418 21:24:12 [01] decompressing ./sbtest/sbtest56.ibd.qp
160418 21:24:12 [01] decompressing ./sbtest/sbtest16.frm.qp
160418 21:24:12 [01] decompressing ./sbtest/sbtest41.ibd.qp
160418 21:24:13 [01] decompressing ./sbtest/sbtest52.ibd.qp
160418 21:24:14 [01] decompressing ./sbtest/sbtest12.ibd.qp
160418 21:24:15 [01] decompressing ./sbtest/sbtest50.frm.qp
160418 21:24:15 [01] decompressing ./sbtest/sbtest7.ibd.qp
160418 21:24:15 [01] decompressing ./sbtest/sbtest2.ibd.qp
160418 21:24:16 [01] decompressing ./sbtest/sbtest59.frm.qp
160418 21:24:16 [01] decompressing ./sbtest/sbtest48.ibd.qp
160418 21:24:16 [01] decompressing ./sbtest/sbtest6.frm.qp
160418 21:24:16 [01] decompressing ./sbtest/sbtest49.ibd.qp
160418 21:24:22 [01] decompressing ./sbtest/sbtest32.frm.qp
160418 21:24:22 [01] decompressing ./sbtest/sbtest18.frm.qp
160418 21:24:22 [01] decompressing ./sbtest/sbtest60.ibd.qp
160418 21:24:22 [01] decompressing ./sbtest/sbtest58.frm.qp
160418 21:24:22 [01] decompressing ./sbtest/sbtest11.ibd.qp
160418 21:24:22 [01] decompressing ./sbtest/sbtest5.ibd.qp
160418 21:24:22 [01] decompressing ./sbtest/sbtest37.frm.qp
160418 21:24:22 [01] decompressing ./sbtest/sbtest42.frm.qp
160418 21:24:22 [01] decompressing ./sbtest/sbtest16.ibd.qp
160418 21:24:23 [01] decompressing ./sbtest/sbtest15.frm.qp
160418 21:24:23 [01] decompressing ./sbtest/sbtest44.frm.qp
160418 21:24:23 [01] decompressing ./sbtest/sbtest51.ibd.qp
160418 21:24:27 [01] decompressing ./sbtest/sbtest35.frm.qp
160418 21:24:27 [01] decompressing ./sbtest/sbtest6.ibd.qp
160418 21:24:34 [01] decompressing ./sbtest/sbtest24.frm.qp
160418 21:24:34 [01] decompressing ./sbtest/sbtest13.ibd.qp
160418 21:24:34 [01] decompressing ./sbtest/sbtest4.frm.qp
160418 21:24:34 [01] decompressing ./sbtest/sbtest30.ibd.qp
160418 21:24:34 [01] decompressing ./sbtest/sbtest3.ibd.qp
160418 21:24:34 [01] decompressing ./sbtest/sbtest55.frm.qp
160418 21:24:34 [01] decompressing ./sbtest/sbtest15.ibd.qp
160418 21:24:35 [01] decompressing ./sbtest/sbtest59.ibd.qp
160418 21:24:35 [01] decompressing ./sbtest/sbtest40.frm.qp
160418 21:24:35 [01] decompressing ./sbtest/sbtest26.frm.qp
160418 21:24:35 [01] decompressing ./sbtest/sbtest33.frm.qp
160418 21:24:35 [01] decompressing ./sbtest/sbtest19.ibd.qp
160418 21:24:36 [01] decompressing ./sbtest/sbtest31.frm.qp
160418 21:24:36 [01] decompressing ./sbtest/sbtest26.ibd.qp
160418 21:24:36 [01] decompressing ./sbtest/sbtest38.frm.qp
160418 21:24:36 [01] decompressing ./performance_schema/socket_summary_by_instance.frm.qp
160418 21:24:36 [01] decompressing ./performance_schema/events_waits_summary_by_instance.frm.qp
160418 21:24:36 [01] decompressing ./performance_schema/events_waits_summary_by_account_by_event_name.frm.qp
160418 21:24:36 [01] decompressing ./performance_schema/threads.frm.qp
160418 21:24:36 [01] decompressing ./performance_schema/events_statements_summary_by_account_by_event_name.frm.qp
160418 21:24:36 [01] decompressing ./performance_schema/events_waits_summary_by_host_by_event_name.frm.qp
160418 21:24:36 [01] decompressing ./performance_schema/events_stages_history_long.frm.qp
160418 21:24:36 [01] decompressing ./performance_schema/socket_summary_by_event_name.frm.qp
160418 21:24:36 [01] decompressing ./performance_schema/table_io_waits_summary_by_table.frm.qp
160418 21:24:36 [01] decompressing ./performance_schema/events_waits_summary_by_user_by_event_name.frm.qp
160418 21:24:36 [01] decompressing ./performance_schema/events_statements_summary_by_thread_by_event_name.frm.qp
160418 21:24:36 [01] decompressing ./performance_schema/events_stages_summary_by_thread_by_event_name.frm.qp
160418 21:24:36 [01] decompressing ./performance_schema/file_summary_by_instance.frm.qp
160418 21:24:36 [01] decompressing ./performance_schema/file_instances.frm.qp
160418 21:24:36 [01] decompressing ./performance_schema/events_statements_summary_by_host_by_event_name.frm.qp
160418 21:24:36 [01] decompressing ./performance_schema/setup_consumers.frm.qp
160418 21:24:36 [01] decompressing ./performance_schema/table_io_waits_summary_by_index_usage.frm.qp
160418 21:24:36 [01] decompressing ./performance_schema/table_lock_waits_summary_by_table.frm.qp
160418 21:24:36 [01] decompressing ./performance_schema/users.frm.qp
160418 21:24:36 [01] decompressing ./performance_schema/events_statements_summary_by_user_by_event_name.frm.qp
160418 21:24:36 [01] decompressing ./performance_schema/events_waits_history.frm.qp
160418 21:24:36 [01] decompressing ./performance_schema/objects_summary_global_by_type.frm.qp
160418 21:24:36 [01] decompressing ./performance_schema/events_waits_summary_global_by_event_name.frm.qp
160418 21:24:36 [01] decompressing ./performance_schema/file_summary_by_event_name.frm.qp
160418 21:24:36 [01] decompressing ./performance_schema/events_waits_current.frm.qp
160418 21:24:36 [01] decompressing ./performance_schema/socket_instances.frm.qp
160418 21:24:36 [01] decompressing ./performance_schema/hosts.frm.qp
160418 21:24:36 [01] decompressing ./performance_schema/db.opt.qp
160418 21:24:36 [01] decompressing ./performance_schema/session_account_connect_attrs.frm.qp
160418 21:24:36 [01] decompressing ./performance_schema/performance_timers.frm.qp
160418 21:24:36 [01] decompressing ./performance_schema/host_cache.frm.qp
160418 21:24:36 [01] decompressing ./performance_schema/events_statements_history_long.frm.qp
160418 21:24:36 [01] decompressing ./performance_schema/accounts.frm.qp
160418 21:24:36 [01] decompressing ./performance_schema/events_stages_summary_by_account_by_event_name.frm.qp
160418 21:24:36 [01] decompressing ./performance_schema/setup_objects.frm.qp
160418 21:24:36 [01] decompressing ./performance_schema/events_statements_history.frm.qp
160418 21:24:36 [01] decompressing ./performance_schema/events_statements_summary_global_by_event_name.frm.qp
160418 21:24:36 [01] decompressing ./performance_schema/events_stages_summary_by_host_by_event_name.frm.qp
160418 21:24:36 [01] decompressing ./performance_schema/cond_instances.frm.qp
160418 21:24:36 [01] decompressing ./performance_schema/events_waits_summary_by_thread_by_event_name.frm.qp
160418 21:24:36 [01] decompressing ./performance_schema/events_stages_history.frm.qp
160418 21:24:36 [01] decompressing ./performance_schema/events_statements_summary_by_digest.frm.qp
160418 21:24:36 [01] decompressing ./performance_schema/setup_instruments.frm.qp
160418 21:24:36 [01] decompressing ./performance_schema/setup_timers.frm.qp
160418 21:24:36 [01] decompressing ./performance_schema/events_stages_current.frm.qp
160418 21:24:36 [01] decompressing ./performance_schema/events_stages_summary_by_user_by_event_name.frm.qp
160418 21:24:36 [01] decompressing ./performance_schema/mutex_instances.frm.qp
160418 21:24:36 [01] decompressing ./performance_schema/events_waits_history_long.frm.qp
160418 21:24:36 [01] decompressing ./performance_schema/setup_actors.frm.qp
160418 21:24:36 [01] decompressing ./performance_schema/rwlock_instances.frm.qp
160418 21:24:36 [01] decompressing ./performance_schema/session_connect_attrs.frm.qp
160418 21:24:36 [01] decompressing ./performance_schema/events_stages_summary_global_by_event_name.frm.qp
160418 21:24:36 [01] decompressing ./performance_schema/events_statements_current.frm.qp
160418 21:24:36 [01] decompressing ./xtrabackup_logfile.qp
160418 21:24:36 [01] decompressing ./mysql/help_relation.frm.qp
160418 21:24:36 [01] decompressing ./mysql/help_keyword.MYI.qp
160418 21:24:36 [01] decompressing ./mysql/slave_master_info.ibd.qp
160418 21:24:36 [01] decompressing ./mysql/plugin.frm.qp
160418 21:24:36 [01] decompressing ./mysql/time_zone_transition_type.MYD.qp
160418 21:24:36 [01] decompressing ./mysql/func.frm.qp
160418 21:24:36 [01] decompressing ./mysql/user.frm.qp
160418 21:24:36 [01] decompressing ./mysql/procs_priv.MYI.qp
160418 21:24:36 [01] decompressing ./mysql/help_keyword.MYD.qp
160418 21:24:36 [01] decompressing ./mysql/time_zone_name.frm.qp
160418 21:24:36 [01] decompressing ./mysql/slow_log.CSV.qp
160418 21:24:36 [01] decompressing ./mysql/proxies_priv.frm.qp
160418 21:24:36 [01] decompressing ./mysql/proxies_priv.MYD.qp
160418 21:24:36 [01] decompressing ./mysql/procs_priv.MYD.qp
160418 21:24:36 [01] decompressing ./mysql/slow_log.frm.qp
160418 21:24:36 [01] decompressing ./mysql/general_log.CSM.qp
160418 21:24:36 [01] decompressing ./mysql/help_topic.MYI.qp
160418 21:24:36 [01] decompressing ./mysql/time_zone.frm.qp
160418 21:24:36 [01] decompressing ./mysql/servers.MYD.qp
160418 21:24:36 [01] decompressing ./mysql/time_zone.MYI.qp
160418 21:24:36 [01] decompressing ./mysql/columns_priv.frm.qp
160418 21:24:36 [01] decompressing ./mysql/ndb_binlog_index.MYI.qp
160418 21:24:36 [01] decompressing ./mysql/general_log.CSV.qp
160418 21:24:36 [01] decompressing ./mysql/event.frm.qp
160418 21:24:36 [01] decompressing ./mysql/help_keyword.frm.qp
160418 21:24:36 [01] decompressing ./mysql/help_relation.MYI.qp
160418 21:24:36 [01] decompressing ./mysql/innodb_table_stats.frm.qp
160418 21:24:36 [01] decompressing ./mysql/servers.MYI.qp
160418 21:24:36 [01] decompressing ./mysql/time_zone_transition.frm.qp
160418 21:24:36 [01] decompressing ./mysql/tables_priv.MYI.qp
160418 21:24:36 [01] decompressing ./mysql/servers.frm.qp
160418 21:24:36 [01] decompressing ./mysql/time_zone_transition_type.frm.qp
160418 21:24:36 [01] decompressing ./mysql/time_zone_name.MYD.qp
160418 21:24:36 [01] decompressing ./mysql/slave_relay_log_info.frm.qp
160418 21:24:36 [01] decompressing ./mysql/tables_priv.MYD.qp
160418 21:24:36 [01] decompressing ./mysql/time_zone_transition.MYI.qp
160418 21:24:36 [01] decompressing ./mysql/event.MYD.qp
160418 21:24:36 [01] decompressing ./mysql/help_category.MYD.qp
160418 21:24:36 [01] decompressing ./mysql/proc.frm.qp
160418 21:24:36 [01] decompressing ./mysql/ndb_binlog_index.MYD.qp
160418 21:24:36 [01] decompressing ./mysql/slave_master_info.frm.qp
160418 21:24:36 [01] decompressing ./mysql/slave_relay_log_info.ibd.qp
160418 21:24:36 [01] decompressing ./mysql/time_zone_leap_second.frm.qp
160418 21:24:36 [01] decompressing ./mysql/tables_priv.frm.qp
160418 21:24:36 [01] decompressing ./mysql/time_zone_transition_type.MYI.qp
160418 21:24:36 [01] decompressing ./mysql/user.MYD.qp
160418 21:24:36 [01] decompressing ./mysql/proc.MYI.qp
160418 21:24:36 [01] decompressing ./mysql/time_zone.MYD.qp
160418 21:24:36 [01] decompressing ./mysql/help_relation.MYD.qp
160418 21:24:36 [01] decompressing ./mysql/db.MYI.qp
160418 21:24:36 [01] decompressing ./mysql/slave_worker_info.frm.qp
160418 21:24:36 [01] decompressing ./mysql/time_zone_leap_second.MYD.qp
160418 21:24:36 [01] decompressing ./mysql/procs_priv.frm.qp
160418 21:24:36 [01] decompressing ./mysql/ndb_binlog_index.frm.qp
160418 21:24:36 [01] decompressing ./mysql/db.frm.qp
160418 21:24:36 [01] decompressing ./mysql/columns_priv.MYI.qp
160418 21:24:36 [01] decompressing ./mysql/plugin.MYI.qp
160418 21:24:36 [01] decompressing ./mysql/db.MYD.qp
160418 21:24:36 [01] decompressing ./mysql/plugin.MYD.qp
160418 21:24:36 [01] decompressing ./mysql/proc.MYD.qp
160418 21:24:36 [01] decompressing ./mysql/time_zone_leap_second.MYI.qp
160418 21:24:36 [01] decompressing ./mysql/proxies_priv.MYI.qp
160418 21:24:36 [01] decompressing ./mysql/innodb_index_stats.ibd.qp
160418 21:24:36 [01] decompressing ./mysql/user.MYI.qp
160418 21:24:36 [01] decompressing ./mysql/general_log.frm.qp
160418 21:24:36 [01] decompressing ./mysql/help_topic.MYD.qp
160418 21:24:36 [01] decompressing ./mysql/columns_priv.MYD.qp
160418 21:24:36 [01] decompressing ./mysql/slave_worker_info.ibd.qp
160418 21:24:36 [01] decompressing ./mysql/help_category.frm.qp
160418 21:24:36 [01] decompressing ./mysql/innodb_index_stats.frm.qp
160418 21:24:36 [01] decompressing ./mysql/help_topic.frm.qp
160418 21:24:36 [01] decompressing ./mysql/time_zone_transition.MYD.qp
160418 21:24:36 [01] decompressing ./mysql/time_zone_name.MYI.qp
160418 21:24:36 [01] decompressing ./mysql/slow_log.CSM.qp
160418 21:24:36 [01] decompressing ./mysql/help_category.MYI.qp
160418 21:24:36 [01] decompressing ./mysql/innodb_table_stats.ibd.qp
160418 21:24:36 [01] decompressing ./mysql/func.MYD.qp
160418 21:24:36 [01] decompressing ./mysql/event.MYI.qp
160418 21:24:36 [01] decompressing ./mysql/func.MYI.qp
160418 21:24:36 completed OK!
160418 21:24:36 innobackupex: Starting the apply-log operation

IMPORTANT: Please check that the apply-log run completes successfully.
           At the end of a successful apply-log run innobackupex
           prints "completed OK!".

innobackupex version 2.4.2 based on MySQL server 5.7.11 Linux (x86_64) (revision id: 8e86a84)
xtrabackup: cd to /var/tmp/backup_dir
xtrabackup: This target seems to be not prepared yet.
InnoDB: Number of pools: 1
xtrabackup: xtrabackup_logfile detected: size=8388608, start_lsn=(8070813042)
xtrabackup: using the following InnoDB configuration for recovery:
xtrabackup:   innodb_data_home_dir = .
xtrabackup:   innodb_data_file_path = ibdata1:12M:autoextend
xtrabackup:   innodb_log_group_home_dir = .
xtrabackup:   innodb_log_files_in_group = 1
xtrabackup:   innodb_log_file_size = 8388608
xtrabackup: using the following InnoDB configuration for recovery:
xtrabackup:   innodb_data_home_dir = .
xtrabackup:   innodb_data_file_path = ibdata1:12M:autoextend
xtrabackup:   innodb_log_group_home_dir = .
xtrabackup:   innodb_log_files_in_group = 1
xtrabackup:   innodb_log_file_size = 8388608
xtrabackup: Starting InnoDB instance for recovery.
xtrabackup: Using 104857600 bytes for buffer pool (set by --use-memory parameter)
InnoDB: PUNCH HOLE support available
InnoDB: Mutexes and rw_locks use GCC atomic builtins
InnoDB: Uses event mutexes
InnoDB: GCC builtin __atomic_thread_fence() is used for memory barrier
InnoDB: Compressed tables use zlib 1.2.8
InnoDB: Number of pools: 1
InnoDB: Using CPU crc32 instructions
InnoDB: Initializing buffer pool, total size = 100M, instances = 1, chunk size = 100M
InnoDB: Completed initialization of buffer pool
InnoDB: page_cleaner coordinator priority: -20
InnoDB: Highest supported file format is Barracuda.
InnoDB: The log sequence number 1625997 in the system tablespace does not match the log sequence number 8070813042 in the ib_logfiles!
InnoDB: Database was not shutdown normally!
InnoDB: Starting crash recovery.
InnoDB: Doing recovery: scanned up to log sequence number 8070813042 (0%)
InnoDB: Creating shared tablespace for temporary tables
InnoDB: Setting file './ibtmp1' size to 12 MB. Physically writing the file full; Please wait ...
InnoDB: File './ibtmp1' size is now 12 MB.
InnoDB: 96 redo rollback segment(s) found. 1 redo rollback segment(s) are active.
InnoDB: 32 non-redo rollback segment(s) are active.
InnoDB: 5.7.11 started; log sequence number 8070813042

xtrabackup: starting shutdown with innodb_fast_shutdown = 1
InnoDB: FTS optimize thread exiting.
InnoDB: Starting shutdown...
InnoDB: Shutdown completed; log sequence number 8070814564
InnoDB: Number of pools: 1
xtrabackup: using the following InnoDB configuration for recovery:
xtrabackup:   innodb_data_home_dir = .
xtrabackup:   innodb_data_file_path = ibdata1:12M:autoextend
xtrabackup:   innodb_log_group_home_dir = .
xtrabackup:   innodb_log_files_in_group = 2
xtrabackup:   innodb_log_file_size = 50331648
InnoDB: PUNCH HOLE support available
InnoDB: Mutexes and rw_locks use GCC atomic builtins
InnoDB: Uses event mutexes
InnoDB: GCC builtin __atomic_thread_fence() is used for memory barrier
InnoDB: Compressed tables use zlib 1.2.8
InnoDB: Number of pools: 1
InnoDB: Using CPU crc32 instructions
InnoDB: Initializing buffer pool, total size = 100M, instances = 1, chunk size = 100M
InnoDB: Completed initialization of buffer pool
InnoDB: page_cleaner coordinator priority: -20
InnoDB: Setting log file ./ib_logfile101 size to 48 MB
InnoDB: Setting log file ./ib_logfile1 size to 48 MB
InnoDB: Renaming log file ./ib_logfile101 to ./ib_logfile0
InnoDB: New log files created, LSN=8070814564
InnoDB: Highest supported file format is Barracuda.
InnoDB: Log scan progressed past the checkpoint lsn 8070814732
InnoDB: Doing recovery: scanned up to log sequence number 8070814741 (0%)
InnoDB: Doing recovery: scanned up to log sequence number 8070814741 (0%)
InnoDB: Database was not shutdown normally!
InnoDB: Starting crash recovery.
InnoDB: Removed temporary tablespace data file: "ibtmp1"
InnoDB: Creating shared tablespace for temporary tables
InnoDB: Setting file './ibtmp1' size to 12 MB. Physically writing the file full; Please wait ...
InnoDB: File './ibtmp1' size is now 12 MB.
InnoDB: 96 redo rollback segment(s) found. 1 redo rollback segment(s) are active.
InnoDB: 32 non-redo rollback segment(s) are active.
InnoDB: 5.7.11 started; log sequence number 8070814741
xtrabackup: starting shutdown with innodb_fast_shutdown = 1
InnoDB: FTS optimize thread exiting.
InnoDB: Starting shutdown...
InnoDB: Shutdown completed; log sequence number 8070816043
160418 21:24:40 completed OK!
/home/ubuntu
